[I 2026-09-28 23:11:45,160] Trial 6 finished with value: 0.17998087803796872 and parameters: {'hidden_dim': 64, 'num_layers': 3, 'dropout': 0.27606099749584057, 'lr': 0.00017541893487450815, 'weight_decay': 9.7803370166594e-05}. Best is trial 2 with value: 0.46784012514641937.
[I 2026-09-28 23:11:51,178] Trial 7 finished with value: 0.43853825821728587 and parameters: {'hidden_dim': 128, 'num_layers': 3, 'dropout': 0.2246844304357644, 'lr': 0.001096821720752952, 'weight_decay': 0.00012399967836846095}. Best is trial 2 with value: 0.46784012514641937.
                                                Train matrix:  33%|███▎      | 1/3 [01:05<00:54]                                                Train matrix:  33%|███▎      | 1/3 [01:21<00:54]                                                Train matrix:  33%|███▎      | 1/3 [01:21<00:54]                                                Train matrix:  33%|███▎      | 1/3 [01:21<00:54]                                                Train matrix:  33%|███▎      | 1/3 [01:21<00:54]Train matrix:  67%|██████▋   | 2/3 [01:21<00:43]Train matrix:  67%|██████▋   | 2/3 [01:21<00:43]                                                Train matrix:  67%|██████▋   | 2/3 [01:21<00:43]                                                Train matrix:  67%|██████▋   | 2/3 [01:21<00:43][I 2026-09-28 23:12:07,486] A new study created in memory with name: GraphSAGE_focal_loss_pr_auc
[I 2026-09-28 23:12:11,379] Trial 0 finished with value: 0.3703760277530828 and parameters: {'hidden_dim': 148, 'num_layers': 2, 'dropout': 0.1135, 'lr': 0.0005302, 'weight_decay': 0.0005}. Best is trial 0 with value: 0.3703760277530828.
[I 2026-09-28 23:12:17,004] Trial 1 finished with value: 0.1433801322141196 and parameters: {'hidden_dim': 128, 'num_layers': 3, 'dropout': 0.1624074561769746, 'lr': 0.00020511104188433984, 'weight_decay': 1.3066739238053272e-05}. Best is trial 0 with value: 0.3703760277530828.
[I 2026-09-28 23:12:19,388] Trial 2 finished with value: 0.34593106519923694 and parameters: {'hidden_dim': 64, 'num_layers': 2, 'dropout': 0.4879639408647978, 'lr': 0.004622589001020831, 'weight_decay': 2.6587543983272695e-05}. Best is trial 0 with value: 0.3703760277530828.
[I 2026-09-28 23:12:26,091] Trial 3 finished with value: 0.3763283574041154 and parameters: {'hidden_dim': 148, 'num_layers': 3, 'dropout': 0.2727780074568463, 'lr': 0.0003823475224675188, 'weight_decay': 0.00016738085788752134}. Best is trial 3 with value: 0.3763283574041154.
[I 2026-09-28 23:12:30,964] Trial 4 finished with value: 0.28127761188088946 and parameters: {'hidden_dim': 148, 'num_layers': 2, 'dropout': 0.41407038455720546, 'lr': 0.00025081156860452336, 'weight_decay': 0.00010677482709481354}. Best is trial 3 with value: 0.3763283574041154.
[I 2026-09-28 23:12:32,828] Trial 5 finished with value: 0.2705242868138065 and parameters: {'hidden_dim': 148, 'num_layers': 2, 'dropout': 0.12602063719411183, 'lr': 0.007902619549708232, 'weight_decay': 0.0008536189862866829}. Best is trial 3 with value: 0.3763283574041154.
[I 2026-09-28 23:12:37,355] Trial 6 finished with value: 0.0603253405059673 and parameters: {'hidden_dim': 64, 'num_layers': 3, 'dropout': 0.27606099749584057, 'lr': 0.00017541893487450815, 'weight_decay': 9.7803370166594e-05}. Best is trial 3 with value: 0.3763283574041154.
