[I 2026-09-28 23:03:59,552] Trial 7 finished with value: 0.8190690903689032 and parameters: {'hidden_dim': 128, 'num_layers': 3, 'dropout': 0.2246844304357644, 'lr': 0.001096821720752952, 'weight_decay': 0.00012399967836846095}. Best is trial 0 with value: 0.8415863043873237.
                                                Train matrix:  67%|██████▋   | 2/3 [02:24<00:54]                                                
======================================================================
CONFIG: native_GraphSAGE_none
======================================================================
  [v4 scenario native | licit] illicit=3,462 negatives=26,432 {'licit': 26432, 'unknown': 0} ratio=1:7.6 (subsample_seed=2026, idx sha1=e66c2a5c9b)
  Optuna: 8 trials x <= 50 epochs, metric=pr_auc, warm_start=True
  Warm-start hidden_dim snapped 140→148 (config limited to [64, 128, 148])
  Warm-start trial enqueued for GraphSAGE: {'hidden_dim': 148, 'num_layers': 2, 'dropout': 0.1135, 'lr': 0.0005302, 'weight_decay': 0.0005}

  Best trial (val pr_auc=0.8241):
    hidden_dim: 148
    num_layers: 2
    dropout: 0.1135
    lr: 0.0005302
    weight_decay: 0.0005
  Best Optuna val pr_auc=0.8241: {'hidden_dim': 148, 'num_layers': 2, 'dropout': 0.1135, 'lr': 0.0005302, 'weight_decay': 0.0005}
  Epoch  10 | Train Loss: 0.2881 | Val Loss: 0.2341 | Val F1: 0.2590 | Val MCC: 0.3308 | Val PR-AUC: 0.4703
  Epoch  20 | Train Loss: 0.1912 | Val Loss: 0.1904 | Val F1: 0.6485 | Val MCC: 0.6151 | Val PR-AUC: 0.6906
  Epoch  30 | Train Loss: 0.1560 | Val Loss: 0.1820 | Val F1: 0.6774 | Val MCC: 0.6457 | Val PR-AUC: 0.7792
  Epoch  40 | Train Loss: 0.1333 | Val Loss: 0.1487 | Val F1: 0.7410 | Val MCC: 0.7148 | Val PR-AUC: 0.8118
  Epoch  50 | Train Loss: 0.1215 | Val Loss: 0.1355 | Val F1: 0.7575 | Val MCC: 0.7341 | Val PR-AUC: 0.8241
  Epoch  60 | Train Loss: 0.1126 | Val Loss: 0.1290 | Val F1: 0.7791 | Val MCC: 0.7574 | Val PR-AUC: 0.8370
  Epoch  70 | Train Loss: 0.1063 | Val Loss: 0.1268 | Val F1: 0.7764 | Val MCC: 0.7549 | Val PR-AUC: 0.8392
  Epoch  80 | Train Loss: 0.0998 | Val Loss: 0.1243 | Val F1: 0.7812 | Val MCC: 0.7599 | Val PR-AUC: 0.8438
  Epoch  90 | Train Loss: 0.0951 | Val Loss: 0.1236 | Val F1: 0.7864 | Val MCC: 0.7654 | Val PR-AUC: 0.8476
  Epoch 100 | Train Loss: 0.0892 | Val Loss: 0.1228 | Val F1: 0.7822 | Val MCC: 0.7608 | Val PR-AUC: 0.8498
  Epoch 110 | Train Loss: 0.0861 | Val Loss: 0.1219 | Val F1: 0.7881 | Val MCC: 0.7670 | Val PR-AUC: 0.8518
  Epoch 120 | Train Loss: 0.0810 | Val Loss: 0.1210 | Val F1: 0.7919 | Val MCC: 0.7710 | Val PR-AUC: 0.8538
  Epoch 130 | Train Loss: 0.0782 | Val Loss: 0.1198 | Val F1: 0.7905 | Val MCC: 0.7697 | Val PR-AUC: 0.8547
  Epoch 140 | Train Loss: 0.0750 | Val Loss: 0.1185 | Val F1: 0.7982 | Val MCC: 0.7782 | Val PR-AUC: 0.8567
  Epoch 150 | Train Loss: 0.0722 | Val Loss: 0.1176 | Val F1: 0.7989 | Val MCC: 0.7788 | Val PR-AUC: 0.8589
  Val (argmax): F1=0.7989 MCC=0.7788 PR-AUC=0.8589 | Test PR-AUC=0.0387
  Calibrated on val (t=0.61): val F1=0.8002 | test F1=0.0217 MCC=0.0022
  Cross-label test PR-AUC: vs licit=0.0387 vs unknown=0.0054 vs all=0.0047 | unknown flagged=12.645%
  Quality gate (val F1>=0.3, val MCC>=0.15): PASSED
  Saved metadata: results_models_v4_labels/licit/native_GraphSAGE_none_meta.json (55s)

======================================================================
CONFIG: native_GraphSAGE_class_weighting
======================================================================
  [v4 scenario native | licit] illicit=3,462 negatives=26,432 {'licit': 26432, 'unknown': 0} ratio=1:7.6 (subsample_seed=2026, idx sha1=e66c2a5c9b)
  Optuna: 8 trials x <= 50 epochs, metric=pr_auc, warm_start=True
  Warm-start hidden_dim snapped 140→148 (config limited to [64, 128, 148])
  Warm-start trial enqueued for GraphSAGE: {'hidden_dim': 148, 'num_layers': 2, 'dropout': 0.1135, 'lr': 0.0005302, 'weight_decay': 0.0005}
  Class weights: [0.5654888153076172, 4.317446708679199]
  Class weights: [0.5654888153076172, 4.317446708679199]
  Class weights: [0.5654888153076172, 4.317446708679199]
  Class weights: [0.5654888153076172, 4.317446708679199]
  Class weights: [0.5654888153076172, 4.317446708679199]
  Class weights: [0.5654888153076172, 4.317446708679199]
  Class weights: [0.5654888153076172, 4.317446708679199]
  Class weights: [0.5654888153076172, 4.317446708679199]

  Best trial (val pr_auc=0.8441):
    hidden_dim: 148
    num_layers: 2
    dropout: 0.1135
    lr: 0.0005302
    weight_decay: 0.0005
  Best Optuna val pr_auc=0.8441: {'hidden_dim': 148, 'num_layers': 2, 'dropout': 0.1135, 'lr': 0.0005302, 'weight_decay': 0.0005}
  Class weights: [0.5654888153076172, 4.317446708679199]
  Epoch  10 | Train Loss: 0.3281 | Val Loss: 0.4111 | Val F1: 0.3990 | Val MCC: 0.3929 | Val PR-AUC: 0.6040
  Epoch  20 | Train Loss: 0.2416 | Val Loss: 0.3183 | Val F1: 0.4847 | Val MCC: 0.4774 | Val PR-AUC: 0.7942
  Epoch  30 | Train Loss: 0.2065 | Val Loss: 0.3002 | Val F1: 0.5085 | Val MCC: 0.5010 | Val PR-AUC: 0.8250
  Epoch  40 | Train Loss: 0.1832 | Val Loss: 0.2783 | Val F1: 0.5535 | Val MCC: 0.5428 | Val PR-AUC: 0.8356
  Epoch  50 | Train Loss: 0.1663 | Val Loss: 0.2641 | Val F1: 0.5817 | Val MCC: 0.5699 | Val PR-AUC: 0.8441
  Epoch  60 | Train Loss: 0.1524 | Val Loss: 0.2576 | Val F1: 0.5947 | Val MCC: 0.5831 | Val PR-AUC: 0.8469
  Epoch  70 | Train Loss: 0.1417 | Val Loss: 0.2529 | Val F1: 0.6026 | Val MCC: 0.5905 | Val PR-AUC: 0.8511
  Epoch  80 | Train Loss: 0.1309 | Val Loss: 0.2491 | Val F1: 0.6188 | Val MCC: 0.6063 | Val PR-AUC: 0.8529
  Epoch  90 | Train Loss: 0.1234 | Val Loss: 0.2472 | Val F1: 0.6230 | Val MCC: 0.6103 | Val PR-AUC: 0.8550
  Epoch 100 | Train Loss: 0.1156 | Val Loss: 0.2466 | Val F1: 0.6330 | Val MCC: 0.6196 | Val PR-AUC: 0.8543
  Epoch 110 | Train Loss: 0.1093 | Val Loss: 0.2447 | Val F1: 0.6412 | Val MCC: 0.6276 | Val PR-AUC: 0.8561
  Epoch 120 | Train Loss: 0.1029 | Val Loss: 0.2442 | Val F1: 0.6508 | Val MCC: 0.6364 | Val PR-AUC: 0.8567
  Epoch 130 | Train Loss: 0.0977 | Val Loss: 0.2460 | Val F1: 0.6581 | Val MCC: 0.6422 | Val PR-AUC: 0.8550
  Epoch 140 | Train Loss: 0.0926 | Val Loss: 0.2459 | Val F1: 0.6664 | Val MCC: 0.6499 | Val PR-AUC: 0.8559
  Epoch 150 | Train Loss: 0.0882 | Val Loss: 0.2463 | Val F1: 0.6733 | Val MCC: 0.6563 | Val PR-AUC: 0.8561
  Val (argmax): F1=0.6755 MCC=0.6585 PR-AUC=0.8555 | Test PR-AUC=0.0503
  Calibrated on val (t=0.85): val F1=0.7966 | test F1=0.0381 MCC=0.0151
  Cross-label test PR-AUC: vs licit=0.0503 vs unknown=0.0062 vs all=0.0054 | unknown flagged=13.945%
  Quality gate (val F1>=0.3, val MCC>=0.15): PASSED
  Saved metadata: results_models_v4_labels/licit/native_GraphSAGE_class_weighting_meta.json (53s)

======================================================================
CONFIG: native_GraphSAGE_focal_loss
======================================================================
  [v4 scenario native | licit] illicit=3,462 negatives=26,432 {'licit': 26432, 'unknown': 0} ratio=1:7.6 (subsample_seed=2026, idx sha1=e66c2a5c9b)
  Optuna: 8 trials x <= 50 epochs, metric=pr_auc, warm_start=True
  Warm-start hidden_dim snapped 140→148 (config limited to [64, 128, 148])
  Warm-start trial enqueued for GraphSAGE: {'hidden_dim': 148, 'num_layers': 2, 'dropout': 0.1135, 'lr': 0.0005302, 'weight_decay': 0.0005}
  Focal Loss: gamma=2.0, alpha=0.75
  Focal Loss: gamma=2.0, alpha=0.75
  Focal Loss: gamma=2.0, alpha=0.75
  Focal Loss: gamma=2.0, alpha=0.75
  Focal Loss: gamma=2.0, alpha=0.75
  Focal Loss: gamma=2.0, alpha=0.75
  Focal Loss: gamma=2.0, alpha=0.75
  Focal Loss: gamma=2.0, alpha=0.75

  Best trial (val pr_auc=0.8416):
    hidden_dim: 148
    num_layers: 2
    dropout: 0.1135
    lr: 0.0005302
    weight_decay: 0.0005
  Best Optuna val pr_auc=0.8416: {'hidden_dim': 148, 'num_layers': 2, 'dropout': 0.1135, 'lr': 0.0005302, 'weight_decay': 0.0005}
  Focal Loss: gamma=2.0, alpha=0.75
  Epoch  10 | Train Loss: 0.0257 | Val Loss: 0.0324 | Val F1: 0.4876 | Val MCC: 0.4734 | Val PR-AUC: 0.6263
  Epoch  20 | Train Loss: 0.0184 | Val Loss: 0.0205 | Val F1: 0.6564 | Val MCC: 0.6329 | Val PR-AUC: 0.8150
  Epoch  30 | Train Loss: 0.0157 | Val Loss: 0.0193 | Val F1: 0.6804 | Val MCC: 0.6576 | Val PR-AUC: 0.8287
  Epoch  40 | Train Loss: 0.0137 | Val Loss: 0.0179 | Val F1: 0.7135 | Val MCC: 0.6890 | Val PR-AUC: 0.8341
  Epoch  50 | Train Loss: 0.0125 | Val Loss: 0.0171 | Val F1: 0.7153 | Val MCC: 0.6916 | Val PR-AUC: 0.8416
  Epoch  60 | Train Loss: 0.0114 | Val Loss: 0.0168 | Val F1: 0.7132 | Val MCC: 0.6903 | Val PR-AUC: 0.8448
  Early stopping at epoch 66 (best: 46)
  Val (argmax): F1=0.7233 MCC=0.6990 PR-AUC=0.8360 | Test PR-AUC=0.0392
  Calibrated on val (t=0.60): val F1=0.7732 | test F1=0.0292 MCC=0.0038Train matrix:  67%|██████▋   | 2/3 [02:32<00:54]                                                Train matrix:  67%|██████▋   | 2/3 [02:32<00:54]                                                Train matrix:  67%|██████▋   | 2/3 [02:32<00:54]                                                Train matrix:  67%|██████▋   | 2/3 [02:32<00:54]Train matrix: 100%|██████████| 3/3 [02:32<00:00]Train matrix: 100%|██████████| 3/3 [02:32<00:00]

  Cross-label test PR-AUC: vs licit=0.0392 vs unknown=0.0055 vs all=0.0048 | unknown flagged=17.263%
  Quality gate (val F1>=0.3, val MCC>=0.15): PASSED
  Saved metadata: results_models_v4_labels/licit/native_GraphSAGE_focal_loss_meta.json (44s)

======================================================================
TRAIN MATRIX SUMMARY
======================================================================
  Passed (val F1>=0.3, MCC>=0.15): 3
    + native_GraphSAGE_none
    + native_GraphSAGE_class_weighting
    + native_GraphSAGE_focal_loss
  Failed quality gate:                        0
  Errors (OOM / timeout / exception):         0

  Total time: 0.04 h
  Checkpoints + metadata in: results_models_v4_labels/licit
  Progress log: runs_v4_labels/licit/progress.jsonl
Device: cuda | config configs/experiment_v4.yaml (version v4, sha256 7441cc42d796)
  MLflow experiment: xai-gnn-stability-v4
  Tracking URI: sqlite:///mlruns.db

======================================================================
LOADING ELLIPTIC DATASET
======================================================================
============================================================
Elliptic Bitcoin Dataset Statistics
============================================================
Total nodes:      203,769
Total edges:      234,355
Node features:    165
Labeled nodes:    46,564
  Licit (0):      42,019
  Illicit (1):    4,545
  Unknown (-1):   157,205
Illicit ratio:    0.0976
============================================================
  Label mode: licit (negatives = licit)
Preprocessing Elliptic dataset...
Creating time-based splits:
  Train: 29,894 nodes (3,462 illicit, 26,432 licit, ratio 1:7.6)
  Val  :  9,983 nodes (914 illicit, 9,069 licit, ratio 1:9.9)
  Test :  6,687 nodes (169 illicit, 6,518 licit, ratio 1:38.6)
  Split counts validated against the official Elliptic release.
Normalizing features (fit on every node of the train timesteps):
  Features normalized (RobustScaler + clip[-10,10]): mean~0.7023, std~2.3916, clipped=4.69% of values
Preprocessing complete.
  Data loaded + validated in 2.2s: {'train': {'illicit': 3462, 'licit': 26432}, 'val': {'illicit': 914, 'licit': 9069}, 'test': {'illicit': 169, 'licit': 6518}}

Training matrix: 3 configs (1 seed(s): 42)
Train matrix:   0%|          | 0/3 [00:00<?]Train matrix:   0%|          | 0/3 [00:00<?]                                            Train matrix:   0%|          | 0/3 [00:00<?]                                            Train matrix:   0%|          | 0/3 [00:00<?][I 2026-09-28 23:04:13,551] A new study created in memory with name: GAT_none_pr_auc
[W 2026-09-28 23:04:14,103] Trial 0 failed with parameters: {'hidden_dim': 148, 'num_layers': 2, 'dropout': 0.2522, 'lr': 0.0006999, 'weight_decay': 0.0005, 'heads': 8} because of the following error: OutOfMemoryError('CUDA out of memory. Tried to allocate 1.93 GiB. GPU 0 has a total capacity of 7.62 GiB of which 1.70 GiB is free. Process 6266 has 96.00 MiB memory in use. Process 11793 has 13.16 MiB memory in use. Process 12049 has 68.41 MiB memory in use. Including non-PyTorch memory, this process has 5.16 GiB memory in use. Of the allocated memory 4.97 GiB is allocated by PyTorch, and 73.44 MiB is reserved by PyTorch but unallocated. If reserved but unallocated memory is large try setting PYTORCH_CUDA_ALLOC_CONF=expandable_segments:True to avoid fragmentation.  See documentation for Memory Management  (https://pytorch.org/docs/stable/notes/cuda.html#environment-variables)').
Traceback (most recent call last):
  File "/home/juan/Escritorio/gnn_thesis/gnns_thesis/.venv/lib/python3.12/site-packages/optuna/study/_optimize.py", line 206, in _run_trial
    value_or_values = func(trial)
                      ^^^^^^^^^^^
  File "/home/juan/Escritorio/gnn_thesis/gnns_thesis/src/training/hyperopt.py", line 260, in <lambda>
    lambda trial: objective(
                  ^^^^^^^^^^
  File "/home/juan/Escritorio/gnn_thesis/gnns_thesis/src/training/hyperopt.py", line 175, in objective
    results = trainer.train(
              ^^^^^^^^^^^^^^
  File "/home/juan/Escritorio/gnn_thesis/gnns_thesis/src/training/trainer.py", line 270, in train
    train_loss = self.train_epoch(data)
                 ^^^^^^^^^^^^^^^^^^^^^^
  File "/home/juan/Escritorio/gnn_thesis/gnns_thesis/src/training/trainer.py", line 121, in train_epoch
    loss.backward()
  File "/home/juan/Escritorio/gnn_thesis/gnns_thesis/.venv/lib/python3.12/site-packages/torch/_tensor.py", line 626, in backward
    torch.autograd.backward(
  File "/home/juan/Escritorio/gnn_thesis/gnns_thesis/.venv/lib/python3.12/site-packages/torch/autograd/__init__.py", line 347, in backward
    _engine_run_backward(
  File "/home/juan/Escritorio/gnn_thesis/gnns_thesis/.venv/lib/python3.12/site-packages/torch/autograd/graph.py", line 823, in _engine_run_backward
    return Variable._execution_engine.run_backward(  # Calls into the C++ engine to run the backward pass
           ^^^^^^^^^^^^^^^^^^^^^^^^^^^^^^^^^^^^^^^^^^^^^^^^^^^^^^^^^^^^^^^^^^^^^^^^^^^^^^^^^^^^^^^^^^^^^^
torch.OutOfMemoryError: CUDA out of memory. Tried to allocate 1.93 GiB. GPU 0 has a total capacity of 7.62 GiB of which 1.70 GiB is free. Process 6266 has 96.00 MiB memory in use. Process 11793 has 13.16 MiB memory in use. Process 12049 has 68.41 MiB memory in use. Including non-PyTorch memory, this process has 5.16 GiB memory in use. Of the allocated memory 4.97 GiB is allocated by PyTorch, and 73.44 MiB is reserved by PyTorch but unallocated. If reserved but unallocated memory is large try setting PYTORCH_CUDA_ALLOC_CONF=expandable_segments:True to avoid fragmentation.  See documentation for Memory Management  (https://pytorch.org/docs/stable/notes/cuda.html#environment-variables)
[W 2026-09-28 23:04:14,104] Trial 0 failed with value None.
                                            Train matrix:   0%|          | 0/3 [00:00<?]Train matrix:  33%|███▎      | 1/3 [00:00<00:01]Train matrix:  33%|███▎      | 1/3 [00:00<00:01]                                                Train matrix:  33%|███▎      | 1/3 [00:00<00:01]                                                Train matrix:  33%|███▎      | 1/3 [00:00<00:01][I 2026-09-28 23:04:14,431] A new study created in memory with name: GAT_class_weighting_pr_auc
[W 2026-09-28 23:04:14,708] Trial 0 failed with parameters: {'hidden_dim': 148, 'num_layers': 2, 'dropout': 0.2522, 'lr': 0.0006999, 'weight_decay': 0.0005, 'heads': 8} because of the following error: OutOfMemoryError('CUDA out of memory. Tried to allocate 1.93 GiB. GPU 0 has a total capacity of 7.62 GiB of which 1.70 GiB is free. Process 6266 has 96.00 MiB memory in use. Process 11793 has 13.16 MiB memory in use. Process 12049 has 68.41 MiB memory in use. Including non-PyTorch memory, this process has 5.16 GiB memory in use. Of the allocated memory 4.97 GiB is allocated by PyTorch, and 73.44 MiB is reserved by PyTorch but unallocated. If reserved but unallocated memory is large try setting PYTORCH_CUDA_ALLOC_CONF=expandable_segments:True to avoid fragmentation.  See documentation for Memory Management  (https://pytorch.org/docs/stable/notes/cuda.html#environment-variables)').
Traceback (most recent call last):
  File "/home/juan/Escritorio/gnn_thesis/gnns_thesis/.venv/lib/python3.12/site-packages/optuna/study/_optimize.py", line 206, in _run_trial
    value_or_values = func(trial)
                      ^^^^^^^^^^^
  File "/home/juan/Escritorio/gnn_thesis/gnns_thesis/src/training/hyperopt.py", line 260, in <lambda>
    lambda trial: objective(
                  ^^^^^^^^^^
  File "/home/juan/Escritorio/gnn_thesis/gnns_thesis/src/training/hyperopt.py", line 175, in objective
    results = trainer.train(
              ^^^^^^^^^^^^^^
  File "/home/juan/Escritorio/gnn_thesis/gnns_thesis/src/training/trainer.py", line 270, in train
    train_loss = self.train_epoch(data)
                 ^^^^^^^^^^^^^^^^^^^^^^
  File "/home/juan/Escritorio/gnn_thesis/gnns_thesis/src/training/trainer.py", line 121, in train_epoch
    loss.backward()
  File "/home/juan/Escritorio/gnn_thesis/gnns_thesis/.venv/lib/python3.12/site-packages/torch/_tensor.py", line 626, in backward
    torch.autograd.backward(
  File "/home/juan/Escritorio/gnn_thesis/gnns_thesis/.venv/lib/python3.12/site-packages/torch/autograd/__init__.py", line 347, in backward
    _engine_run_backward(
  File "/home/juan/Escritorio/gnn_thesis/gnns_thesis/.venv/lib/python3.12/site-packages/torch/autograd/graph.py", line 823, in _engine_run_backward
    return Variable._execution_engine.run_backward(  # Calls into the C++ engine to run the backward pass
           ^^^^^^^^^^^^^^^^^^^^^^^^^^^^^^^^^^^^^^^^^^^^^^^^^^^^^^^^^^^^^^^^^^^^^^^^^^^^^^^^^^^^^^^^^^^^^^
torch.OutOfMemoryError: CUDA out of memory. Tried to allocate 1.93 GiB. GPU 0 has a total capacity of 7.62 GiB of which 1.70 GiB is free. Process 6266 has 96.00 MiB memory in use. Process 11793 has 13.16 MiB memory in use. Process 12049 has 68.41 MiB memory in use. Including non-PyTorch memory, this process has 5.16 GiB memory in use. Of the allocated memory 4.97 GiB is allocated by PyTorch, and 73.44 MiB is reserved by PyTorch but unallocated. If reserved but unallocated memory is large try setting PYTORCH_CUDA_ALLOC_CONF=expandable_segments:True to avoid fragmentation.  See documentation for Memory Management  (https://pytorch.org/docs/stable/notes/cuda.html#environment-variables)
[W 2026-09-28 23:04:14,709] Trial 0 failed with value None.
                                                Train matrix:  33%|███▎      | 1/3 [00:01<00:01]Train matrix:  67%|██████▋   | 2/3 [00:01<00:00]Train matrix:  67%|██████▋   | 2/3 [00:01<00:00]                                                Train matrix:  67%|██████▋   | 2/3 [00:01<00:00]                                                Train matrix:  67%|██████▋   | 2/3 [00:01<00:00][I 2026-09-28 23:04:15,031] A new study created in memory with name: GAT_focal_loss_pr_auc
[W 2026-09-28 23:04:15,308] Trial 0 failed with parameters: {'hidden_dim': 148, 'num_layers': 2, 'dropout': 0.2522, 'lr': 0.0006999, 'weight_decay': 0.0005, 'heads': 8} because of the following error: OutOfMemoryError('CUDA out of memory. Tried to allocate 1.93 GiB. GPU 0 has a total capacity of 7.62 GiB of which 1.70 GiB is free. Process 6266 has 96.00 MiB memory in use. Process 11793 has 13.16 MiB memory in use. Process 12049 has 68.41 MiB memory in use. Including non-PyTorch memory, this process has 5.16 GiB memory in use. Of the allocated memory 4.97 GiB is allocated by PyTorch, and 75.44 MiB is reserved by PyTorch but unallocated. If reserved but unallocated memory is large try setting PYTORCH_CUDA_ALLOC_CONF=expandable_segments:True to avoid fragmentation.  See documentation for Memory Management  (https://pytorch.org/docs/stable/notes/cuda.html#environment-variables)').
Traceback (most recent call last):
  File "/home/juan/Escritorio/gnn_thesis/gnns_thesis/.venv/lib/python3.12/site-packages/optuna/study/_optimize.py", line 206, in _run_trial
    value_or_values = func(trial)
                      ^^^^^^^^^^^
  File "/home/juan/Escritorio/gnn_thesis/gnns_thesis/src/training/hyperopt.py", line 260, in <lambda>
    lambda trial: objective(
                  ^^^^^^^^^^
  File "/home/juan/Escritorio/gnn_thesis/gnns_thesis/src/training/hyperopt.py", line 175, in objective
    results = trainer.train(
              ^^^^^^^^^^^^^^
  File "/home/juan/Escritorio/gnn_thesis/gnns_thesis/src/training/trainer.py", line 270, in train
    train_loss = self.train_epoch(data)
                 ^^^^^^^^^^^^^^^^^^^^^^
  File "/home/juan/Escritorio/gnn_thesis/gnns_thesis/src/training/trainer.py", line 121, in train_epoch
    loss.backward()
  File "/home/juan/Escritorio/gnn_thesis/gnns_thesis/.venv/lib/python3.12/site-packages/torch/_tensor.py", line 626, in backward
    torch.autograd.backward(
  File "/home/juan/Escritorio/gnn_thesis/gnns_thesis/.venv/lib/python3.12/site-packages/torch/autograd/__init__.py", line 347, in backward
    _engine_run_backward(
  File "/home/juan/Escritorio/gnn_thesis/gnns_thesis/.venv/lib/python3.12/site-packages/torch/autograd/graph.py", line 823, in _engine_run_backward
    return Variable._execution_engine.run_backward(  # Calls into the C++ engine to run the backward pass
           ^^^^^^^^^^^^^^^^^^^^^^^^^^^^^^^^^^^^^^^^^^^^^^^^^^^^^^^^^^^^^^^^^^^^^^^^^^^^^^^^^^^^^^^^^^^^^^
torch.OutOfMemoryError: CUDA out of memory. Tried to allocate 1.93 GiB. GPU 0 has a total capacity of 7.62 GiB of which 1.70 GiB is free. Process 6266 has 96.00 MiB memory in use. Process 11793 has 13.16 MiB memory in use. Process 12049 has 68.41 MiB memory in use. Including non-PyTorch memory, this process has 5.16 GiB memory in use. Of the allocated memory 4.97 GiB is allocated by PyTorch, a