[I 2026-09-28 23:03:42,626] Trial 3 finished with value: 0.8316405059262555 and parameters: {'hidden_dim': 148, 'num_layers': 3, 'dropout': 0.2727780074568463, 'lr': 0.0003823475224675188, 'weight_decay': 0.00016738085788752134}. Best is trial 0 with value: 0.8415863043873237.
[I 2026-09-28 23:03:47,398] Trial 4 finished with value: 0.7790536452733507 and parameters: {'hidden_dim': 148, 'num_layers': 2, 'dropout': 0.41407038455720546, 'lr': 0.00025081156860452336, 'weight_decay': 0.00010677482709481354}. Best is trial 0 with value: 0.8415863043873237.
[I 2026-09-28 23:03:49,513] Trial 5 finished with value: 0.786001810452372 and parameters: {'hidden_dim': 148, 'num_layers': 2, 'dropout': 0.12602063719411183, 'lr': 0.007902619549708232, 'weight_decay': 0.0008536189862866829}. Best is trial 0 with value: 0.8415863043873237.
[I 2026-09-28 23:03:53,995] Trial 6 finished with value: 0.511870638992533 and parameters: {'hidden_dim': 64, 'num_layers': 3, 'dropout': 0.27606099749584057, 'lr': 0.00017541893487450815, 'weight_decay': 9.7803370166594e-05}. Best is trial 0 with value: 0.8415863043873237.
