[I 2026-09-28 22:53:05,996] Trial 7 finished with value: 0.26623400850882467 and parameters: {'hidden_dim': 128, 'num_layers': 3, 'dropout': 0.2246844304357644, 'lr': 0.001096821720752952, 'weight_decay': 0.00012399967836846095}. Best is trial 2 with value: 0.28047490943595915.
                                            Train matrix:   0%|          | 0/3 [00:36<?]                                            Train matrix:   0%|          | 0/3 [00:41<?]                                            Train matrix:   0%|          | 0/3 [00:41<?]                                            Train matrix:   0%|          | 0/3 [00:41<?]                                            Train matrix:   0%|          | 0/3 [00:41<?]Train matrix:  33%|███▎      | 1/3 [00:41<01:22]Train matrix:  33%|███▎      | 1/3 [00:41<01:22]                                                Train matrix:  33%|███▎      | 1/3 [00:41<01:22]                                                Train matrix:  33%|███▎      | 1/3 [00:41<01:22][I 2026-09-28 22:53:10,875] A new study created in memory with name: GraphSAGE_class_weighting_pr_auc
[I 2026-09-28 22:53:15,994] Trial 0 finished with value: 0.4040799994587712 and parameters: {'hidden_dim': 148, 'num_layers': 2, 'dropout': 0.1135, 'lr': 0.0005302, 'weight_decay': 0.0005}. Best is trial 0 with value: 0.4040799994587712.
[I 2026-09-28 22:53:22,123] Trial 1 finished with value: 0.1855148373517369 and parameters: {'hidden_dim': 128, 'num_layers': 3, 'dropout': 0.1624074561769746, 'lr': 0.00020511104188433984, 'weight_decay': 1.3066739238053272e-05}. Best is trial 0 with value: 0.4040799994587712.
[I 2026-09-28 22:53:24,531] Trial 2 finished with value: 0.4446771846241492 and parameters: {'hidden_dim': 64, 'num_layers': 2, 'dropout': 0.4879639408647978, 'lr': 0.004622589001020831, 'weight_decay': 2.6587543983272695e-05}. Best is trial 2 with value: 0.4446771846241492.
[I 2026-09-28 22:53:31,359] Trial 3 finished with value: 0.33729128623640026 and parameters: {'hidden_dim': 148, 'num_layers': 3, 'dropout': 0.2727780074568463, 'lr': 0.0003823475224675188, 'weight_decay': 0.00016738085788752134}. Best is trial 2 with value: 0.4446771846241492.
[I 2026-09-28 22:53:36,384] Trial 4 finished with value: 0.2601272292542722 and parameters: {'hidden_dim': 148, 'num_layers': 2, 'dropout': 0.41407038455720546, 'lr': 0.00025081156860452336, 'weight_decay': 0.00010677482709481354}. Best is trial 2 with value: 0.4446771846241492.
[I 2026-09-28 22:53:40,119] Trial 5 finished with value: 0.413667589838979 and parameters: {'hidden_dim': 148, 'num_layers': 2, 'dropout': 0.12602063719411183, 'lr': 0.007902619549708232, 'weight_decay': 0.0008536189862866829}. Best is trial 2 with value: 0.4446771846241492.
[I 2026-09-28 22:53:44,813] Trial 6 finished with value: 0.15337879297611387 and parameters: {'hidden_dim': 64, 'num_layers': 3, 'dropout': 0.27606099749584057, 'lr': 0.00017541893487450815, 'weight_decay': 9.7803370166594e-05}. Best is trial 2 with value: 0.4446771846241492.
[I 2026-09-28 22:53:50,902] Trial 7 finished with value: 0.3912679858844356 and parameters: {'hidden_dim': 128, 'num_layers': 3, 'dropout': 0.2246844304357644, 'lr': 0.001096821720752952, 'weight_decay': 0.00012399967836846095}. Best is trial 2 with value: 0.4446771846241492.
                                                Train matrix:  33%|███▎      | 1/3 [01:21<01:22]                                                Train matrix:  33%|███▎      | 1/3 [01:37<01:22]                                                Train matrix:  33%|███▎      | 1/3 [01:37<01:22]                                                Train matrix:  33%|███▎      | 1/3 [01:37<01:22]                                                Train matrix:  33%|███▎      | 1/3 [01:37<01:22]Train matrix:  67%|██████▋   | 2/3 [01:37<00:50]Train matrix:  67%|██████▋   | 2/3 [01:37<00:50]                                                Train matrix:  67%|██████▋   | 2/3 [01:37<00:50]                                                Train matrix:  67%|██████▋   | 2/3 [01:37<00:50][I 2026-09-28 22:54:07,168] A new study created in memory with name: GraphSAGE_focal_loss_pr_auc
[I 2026-09-28 22:54:10,925] Trial 0 finished with value: 0.34596374193427687 and parameters: {'hidden_dim': 148, 'num_layers': 2, 'dropout': 0.1135, 'lr': 0.0005302, 'weight_decay': 0.0005}. Best is trial 0 with value: 0.34596374193427687.
[I 2026-09-28 22:54:17,011] Trial 1 finished with value: 0.099324302148694 and parameters: {'hidden_dim': 128, 'num_layers': 3, 'dropout': 0.1624074561769746, 'lr': 0.00020511104188433984, 'weight_decay': 1.3066739238053272e-05}. Best is trial 0 with value: 0.34596374193427687.
[I 2026-09-28 22:54:19,459] Trial 2 finished with value: 0.2976248076768775 and parameters: {'hidden_dim': 64, 'num_layers': 2, 'dropout': 0.4879639408647978, 'lr': 0.004622589001020831, 'weight_decay': 2.6587543983272695e-05}. Best is trial 0 with value: 0.34596374193427687.
[I 2026-09-28 22:54:26,190] Trial 3 finished with value: 0.31171168274784644 and parameters: {'hidden_dim': 148, 'num_layers': 3, 'dropout': 0.2727780074568463, 'lr': 0.0003823475224675188, 'weight_decay': 0.00016738085788752134}. Best is trial 0 with value: 0.34596374193427687.
[I 2026-09-28 22:54:31,140] Trial 4 finished with value: 0.16859513819547417 and parameters: {'hidden_dim': 148, 'num_layers': 2, 'dropout': 0.41407038455720546, 'lr': 0.00025081156860452336, 'weight_decay': 0.00010677482709481354}. Best is trial 0 with value: 0.34596374193427687.
[I 2026-09-28 22:54:33,839] Trial 5 finished with value: 0.21037697911948483 and parameters: {'hidden_dim': 148, 'num_layers': 2, 'dropout': 0.12602063719411183, 'lr': 0.007902619549708232, 'weight_decay': 0.0008536189862866829}. Best is trial 0 with value: 0.34596374193427687.
[I 2026-09-28 22:54:38,440] Trial 6 finished with value: 0.04179920080703094 and parameters: {'hidden_dim': 64, 'num_layers': 3, 'dropout': 0.27606099749584057, 'lr': 0.00017541893487450815, 'weight_decay': 9.7803370166594e-05}. Best is trial 0 with value: 0.34596374193427687.
