[I 2026-09-28 23:09:10,888] Trial 5 finished with value: 0.11112410108686382 and parameters: {'hidden_dim': 148, 'num_layers': 2, 'dropout': 0.12602063719411183, 'lr': 0.007902619549708232, 'weight_decay': 0.0008536189862866829}. Best is trial 5 with value: 0.11112410108686382.
[I 2026-09-28 23:09:12,558] Trial 6 finished with value: 0.07621683546500164 and parameters: {'hidden_dim': 64, 'num_layers': 3, 'dropout': 0.27606099749584057, 'lr': 0.00017541893487450815, 'weight_decay': 9.7803370166594e-05}. Best is trial 5 with value: 0.11112410108686382.
[I 2026-09-28 23:09:18,075] Trial 7 finished with value: 0.08300123186894298 and parameters: {'hidden_dim': 128, 'num_layers': 3, 'dropout': 0.2246844304357644, 'lr': 0.001096821720752952, 'weight_decay': 0.00012399967836846095}. Best is trial 5 with value: 0.11112410108686382.
                                            Train matrix:   0%|          | 0/3 [00:24<?]                                            Train matrix:   0%|          | 0/3 [00:30<?]                                            Train matrix:   0%|          | 0/3 [00:30<?]                                            Train matrix:   0%|          | 0/3 [00:30<?]                                            Train matrix:   0%|          | 0/3 [00:30<?]Train matrix:  33%|███▎      | 1/3 [00:30<01:01]Train matrix:  33%|███▎      | 1/3 [00:30<01:01]                                                Train matrix:  33%|███▎      | 1/3 [00:30<01:01]                                                Train matrix:  33%|███▎      | 1/3 [00:30<01:01][I 2026-09-28 23:09:24,035] A new study created in memory with name: GCN_class_weighting_pr_auc
[I 2026-09-28 23:09:28,266] Trial 0 finished with value: 0.14857830498517563 and parameters: {'hidden_dim': 148, 'num_layers': 2, 'dropout': 0.2361, 'lr': 0.0008475, 'weight_decay': 0.0005}. Best is trial 0 with value: 0.14857830498517563.
[I 2026-09-28 23:09:33,825] Trial 1 finished with value: 0.08529822571492401 and parameters: {'hidden_dim': 128, 'num_layers': 3, 'dropout': 0.1624074561769746, 'lr': 0.00020511104188433984, 'weight_decay': 1.3066739238053272e-05}. Best is trial 0 with value: 0.14857830498517563.
[I 2026-09-28 23:09:36,966] Trial 2 finished with value: 0.1906479328523848 and parameters: {'hidden_dim': 64, 'num_layers': 2, 'dropout': 0.4879639408647978, 'lr': 0.004622589001020831, 'weight_decay': 2.6587543983272695e-05}. Best is trial 2 with value: 0.1906479328523848.
[I 2026-09-28 23:09:43,115] Trial 3 finished with value: 0.12406671149648708 and parameters: {'hidden_dim': 148, 'num_layers': 3, 'dropout': 0.2727780074568463, 'lr': 0.0003823475224675188, 'weight_decay': 0.00016738085788752134}. Best is trial 2 with value: 0.1906479328523848.
[I 2026-09-28 23:09:47,319] Trial 4 finished with value: 0.10935085788246354 and parameters: {'hidden_dim': 148, 'num_layers': 2, 'dropout': 0.41407038455720546, 'lr': 0.00025081156860452336, 'weight_decay': 0.00010677482709481354}. Best is trial 2 with value: 0.1906479328523848.
[I 2026-09-28 23:09:49,532] Trial 5 finished with value: 0.1423993717487689 and parameters: {'hidden_dim': 148, 'num_layers': 2, 'dropout': 0.12602063719411183, 'lr': 0.007902619549708232, 'weight_decay': 0.0008536189862866829}. Best is trial 2 with value: 0.1906479328523848.
[I 2026-09-28 23:09:53,474] Trial 6 finished with value: 0.0863624614007102 and parameters: {'hidden_dim': 64, 'num_layers': 3, 'dropout': 0.27606099749584057, 'lr': 0.00017541893487450815, 'weight_decay': 9.7803370166594e-05}. Best is trial 2 with value: 0.1906479328523848.
[I 2026-09-28 23:09:59,010] Trial 7 finished with value: 0.1370004917639756 and parameters: {'hidden_dim': 128, 'num_layers': 3, 'dropout': 0.2246844304357644, 'lr': 0.001096821720752952, 'weight_decay': 0.00012399967836846095}. Best is trial 2 with value: 0.1906479328523848.
                                                Train matrix:  33%|███▎      | 1/3 [01:05<01:01]                                                Train matrix:  33%|███▎      | 1/3 [01:19<01:01]                                                Train matrix:  33%|███▎      | 1/3 [01:19<01:01]                                                Train matrix:  33%|███▎      | 1/3 [01:19<01:01]                                                Train matrix:  33%|███▎      | 1/3 [01:19<01:01]Train matrix:  67%|██████▋   | 2/3 [01:19<00:41]Train matrix:  67%|██████▋   | 2/3 [01:19<00:41]                                                Train matrix:  67%|██████▋   | 2/3 [01:19<00:41]                                                Train matrix:  67%|██████▋   | 2/3 [01:19<00:41][I 2026-09-28 23:10:12,917] A new study created in memory with name: GCN_focal_loss_pr_auc
[I 2026-09-28 23:10:17,106] Trial 0 finished with value: 0.10222378099149411 and parameters: {'hidden_dim': 148, 'num_layers': 2, 'dropout': 0.2361, 'lr': 0.0008475, 'weight_decay': 0.0005}. Best is trial 0 with value: 0.10222378099149411.
[I 2026-09-28 23:10:19,207] Trial 1 finished with value: 0.05427043596995793 and parameters: {'hidden_dim': 128, 'num_layers': 3, 'dropout': 0.1624074561769746, 'lr': 0.00020511104188433984, 'weight_decay': 1.3066739238053272e-05}. Best is trial 0 with value: 0.10222378099149411.
[I 2026-09-28 23:10:20,576] Trial 2 finished with value: 0.10795053477668683 and parameters: {'hidden_dim': 64, 'num_layers': 2, 'dropout': 0.4879639408647978, 'lr': 0.004622589001020831, 'weight_decay': 2.6587543983272695e-05}. Best is trial 2 with value: 0.10795053477668683.
[I 2026-09-28 23:10:24,747] Trial 3 finished with value: 0.08905929642889304 and parameters: {'hidden_dim': 148, 'num_layers': 3, 'dropout': 0.2727780074568463, 'lr': 0.0003823475224675188, 'weight_decay': 0.00016738085788752134}. Best is trial 2 with value: 0.10795053477668683.
[I 2026-09-28 23:10:28,912] Trial 4 finished with value: 0.057358536457521245 and parameters: {'hidden_dim': 148, 'num_layers': 2, 'dropout': 0.41407038455720546, 'lr': 0.00025081156860452336, 'weight_decay': 0.00010677482709481354}. Best is trial 2 with value: 0.10795053477668683.
[I 2026-09-28 23:10:30,357] Trial 5 finished with value: 0.11579079969174791 and parameters: {'hidden_dim': 148, 'num_layers': 2, 'dropout': 0.12602063719411183, 'lr': 0.007902619549708232, 'weight_decay': 0.0008536189862866829}. Best is trial 5 with value: 0.11579079969174791.
[I 2026-09-28 23:10:32,004] Trial 6 finished with value: 0.07625373721076752 and parameters: {'hidden_dim': 64, 'num_layers': 3, 'dropout': 0.27606099749584057, 'lr': 0.00017541893487450815, 'weight_decay': 9.7803370166594e-05}. Best is trial 5 with value: 0.11579079969174791.
[I 2026-09-28 23:10:35,734] Trial 7 finished with value: 0.08956150714752664 and parameters: {'hidden_dim': 128, 'num_layers': 3, 'dropout': 0.2246844304357644, 'lr': 0.001096821720752952, 'weight_decay': 0.00012399967836846095}. Best is trial 5 with value: 0.11579079969174791.
                                                Train matrix:  67%|██████▋   | 2/3 [01:42<00:41]                                                Train matrix:  67%|██████▋   | 2/3 [01:45<00:41]                                                Train matrix:  67%|██████▋   | 2/3 [01:46<00:41]                                                Train matrix:  67%|██████▋   | 2/3 [01:46<00:41]                                                Train matrix:  67%|██████▋   | 2/3 [01:46<00:41]Train matrix: 100%|██████████| 3/3 [01:46<00:00]Train matrix: 100%|██████████| 3/3 [01:46<00:00]

======================================================================
CONFIG: native_GCN_none
======================================================================
  [v4 scenario native | unknown] illicit=3,462 negatives=106,371 {'licit': 0, 'unknown': 106371} ratio=1:30.7 (subsample_seed=2026, idx sha1=b1e2af40d9)
  Optuna: 8 trials x <= 50 epochs, metric=pr_auc, warm_start=True
  Warm-start hidden_dim snapped 211→148 (config limited to [64, 128, 148])
  Warm-start trial enqueued for GCN: {'hidden_dim': 148, 'num_layers': 2, 'dropout': 0.2361, 'lr': 0.0008475, 'weight_decay': 0.0005}

  Best trial (val pr_auc=0.1111):
    hidden_dim: 148
    num_layers: 2
    dropout: 0.12602063719411183
    lr: 0.007902619549708232
    weight_decay: 0.0008536189862866829
  Best Optuna val pr_auc=0.1111: {'hidden_dim': 148, 'num_layers': 2, 'dropout': 0.12602063719411183, 'lr': 0.007902619549708232, 'weight_decay': 0.0008536189862866829}
  Epoch  10 | Train Loss: 0.8074 | Val Loss: 0.8557 | Val F1: 0.0000 | Val MCC: 0.0000 | Val PR-AUC: 0.0373
  Epoch  20 | Train Loss: 0.4512 | Val Loss: 0.3691 | Val F1: 0.0537 | Val MCC: 0.0713 | Val PR-AUC: 0.0613
  Epoch  30 | Train Loss: 0.2354 | Val Loss: 0.2590 | Val F1: 0.1762 | Val MCC: 0.1514 | Val PR-AUC: 0.0931
  Epoch  40 | Train Loss: 0.1504 | Val Loss: 0.1726 | Val F1: 0.0000 | Val MCC: 0.0000 | Val PR-AUC: 0.0787
  Early stopping at epoch 48 (best: 28)
  Val (argmax): F1=0.1840 MCC=0.1579 PR-AUC=0.0917 | Test PR-AUC=0.0104
  Calibrated on val (t=0.50): val F1=0.1840 | test F1=0.0318 MCC=0.0259
  Cross-label test PR-AUC: vs licit=0.0810 vs unknown=0.0104 vs all=0.0092 | unknown flagged=3.035%
  Quality gate (val F1>=0.3, val MCC>=0.15): FAILED
  Saved metadata: results_models_v4_labels/unknown/native_GCN_none_meta.json (30s)

======================================================================
CONFIG: native_GCN_class_weighting
======================================================================
  [v4 scenario native | unknown] illicit=3,462 negatives=106,371 {'licit': 0, 'unknown': 106371} ratio=1:30.7 (subsample_seed=2026, idx sha1=b1e2af40d9)
  Optuna: 8 trials x <= 50 epochs, metric=pr_auc, warm_start=True
  Warm-start hidden_dim snapped 211→148 (config limited to [64, 128, 148])
  Warm-start trial enqueued for GCN: {'hidden_dim': 148, 'num_layers': 2, 'dropout': 0.2361, 'lr': 0.0008475, 'weight_decay': 0.0005}
  Class weights: [0.5162732601165771, 15.862651824951172]
  Class weights: [0.5162732601165771, 15.862651824951172]
  Class weights: [0.5162732601165771, 15.862651824951172]
  Class weights: [0.5162732601165771, 15.862651824951172]
  Class weights: [0.5162732601165771, 15.862651824951172]
  Class weights: [0.5162732601165771, 15.862651824951172]
  Class weights: [0.5162732601165771, 15.862651824951172]
  Class weights: [0.5162732601165771, 15.862651824951172]

  Best trial (val pr_auc=0.1906):
    hidden_dim: 64
    num_layers: 2
    dropout: 0.4879639408647978
    lr: 0.004622589001020831
    weight_decay: 2.6587543983272695e-05
  Best Optuna val pr_auc=0.1906: {'hidden_dim': 64, 'num_layers': 2, 'dropout': 0.4879639408647978, 'lr': 0.004622589001020831, 'weight_decay': 2.6587543983272695e-05}
  Class weights: [0.5162732601165771, 15.862651824951172]
  Epoch  10 | Train Loss: 0.7235 | Val Loss: 1.1441 | Val F1: 0.0781 | Val MCC: 0.0899 | Val PR-AUC: 0.1048
  Epoch  20 | Train Loss: 0.5076 | Val Loss: 0.6853 | Val F1: 0.0838 | Val MCC: 0.1006 | Val PR-AUC: 0.1176
  Epoch  30 | Train Loss: 0.4376 | Val Loss: 0.5903 | Val F1: 0.0946 | Val MCC: 0.1200 | Val PR-AUC: 0.1327
  Epoch  40 | Train Loss: 0.3963 | Val Loss: 0.5750 | Val F1: 0.0940 | Val MCC: 0.1199 | Val PR-AUC: 0.1615
  Epoch  50 | Train Loss: 0.3668 | Val Loss: 0.5528 | Val F1: 0.1060 | Val MCC: 0.1380 | Val PR-AUC: 0.1822
  Epoch  60 | Train Loss: 0.3520 | Val Loss: 0.5307 | Val F1: 0.1230 | Val MCC: 0.1634 | Val PR-AUC: 0.1940
  Epoch  70 | Train Loss: 0.3348 | Val Loss: 0.5170 | Val F1: 0.1380 | Val MCC: 0.1840 | Val PR-AUC: 0.2048
  Epoch  80 | Train Loss: 0.3254 | Val Loss: 0.5125 | Val F1: 0.1596 | Val MCC: 0.2078 | Val PR-AUC: 0.2102
  Epoch  90 | Train Loss: 0.3168 | Val Loss: 0.4976 | Val F1: 0.1777 | Val MCC: 0.2279 | Val PR-AUC: 0.2207
  Epoch 100 | Train Loss: 0.3052 | Val Loss: 0.4976 | Val F1: 0.1944 | Val MCC: 0.2416 | Val PR-AUC: 0.2240
  Epoch 110 | Train Loss: 0.2930 | Val Loss: 0.4930 | Val F1: 0.2136 | Val MCC: 0.2570 | Val PR-AUC: 0.2337
  Epoch 120 | Train Loss: 0.2952 | Val Loss: 0.4998 | Val F1: 0.2251 | Val MCC: 0.2661 | Val PR-AUC: 0.2305
  Epoch 130 | Train Loss: 0.2836 | Val Loss: 0.4996 | Val F1: 0.2313 | Val MCC: 0.2713 | Val PR-AUC: 0.2391
  Epoch 140 | Train Loss: 0.2811 | Val Loss: 0.5004 | Val F1: 0.2410 | Val MCC: 0.2763 | Val PR-AUC: 0.2420
  Epoch 150 | Train Loss: 0.2747 | Val Loss: 0.5059 | Val F1: 0.2403 | Val MCC: 0.2748 | Val PR-AUC: 0.2455
  Val (argmax): F1=0.2430 MCC=0.2774 PR-AUC=0.2418 | Test PR-AUC=0.0082
  Calibrated on val (t=0.81): val F1=0.3180 | test F1=0.0139 MCC=0.0052
  Cross-label test PR-AUC: vs licit=0.0254 vs unknown=0.0082 vs all=0.0061 | unknown flagged=1.126%
  Quality gate (val F1>=0.3, val MCC>=0.15): FAILED
  Saved metadata: results_models_v4_labels/unknown/native_GCN_class_weighting_meta.json (49s)

======================================================================
CONFIG: native_GCN_focal_loss
======================================================================
  [v4 scenario native | unknown] illicit=3,462 negatives=106,371 {'licit': 0, 'unknown': 106371} ratio=1:30.7 (subsample_seed=2026, idx sha1=b1e2af40d9)
  Optuna: 8 trials x <= 50 epochs, metric=pr_auc, warm_start=True
  Warm-start hidden_dim snapped 211→148 (config limited to [64, 128, 148])
  Warm-start trial enqueued for GCN: {'hidden_dim': 148, 'num_layers': 2, 'dropout': 0.2361, 'lr': 0.0008475, 'weight_decay': 0.0005}
  Focal Loss: gamma=2.0, alpha=0.75
  Focal Loss: gamma=2.0, alpha=0.75
  Focal Loss: gamma=2.0, alpha=0.75
  Focal Loss: gamma=2.0, alpha=0.75
  Focal Loss: gamma=2.0, alpha=0.75
  Focal Loss: gamma=2.0, alpha=0.75
  Focal Loss: gamma=2.0, alpha=0.75
  Focal Loss: gamma=2.0, alpha=0.75

  Best trial (val pr_auc=0.1158):
    hidden_dim: 148
    num_layers: 2
    dropout: 0.12602063719411183
    lr: 0.007902619549708232
    weight_decay: 0.0008536189862866829
  Best Optuna val pr_auc=0.1158: {'hidden_dim': 148, 'num_layers': 2, 'dropout': 0.12602063719411183, 'lr': 0.007902619549708232, 'weight_decay': 0.0008536189862866829}
  Focal Loss: gamma=2.0, alpha=0.75
  Epoch  10 | Train Loss: 0.2532 | Val Loss: 0.1850 | Val F1: 0.1542 | Val MCC: 0.1237 | Val PR-AUC: 0.0832
  Epoch  20 | Train Loss: 0.0593 | Val Loss: 0.0812 | Val F1: 0.1002 | Val MCC: 0.1073 | Val PR-AUC: 0.0989
  Epoch  30 | Train Loss: 0.0269 | Val Loss: 0.0361 | Val F1: 0.0227 | Val MCC: -0.0126 | Val PR-AUC: 0.0282
  Early stopping at epoch 30 (best: 10)
  Val (argmax): F1=0.1542 MCC=0.1237 PR-AUC=0.0832 | Test PR-AUC=0.0072
  Calibrated on val (t=0.54): val F1=0.1572 | test F1=0.0050 MCC=-0.0110
  Cross-label test PR-AUC: vs licit=0.0496 vs unknown=0.0072 vs all=0.0063 | unknown flagged=4.444%
  Quality gate (val F1>=0.3, val MCC>=0.15): FAILED
  Saved metadata: results_models_v4_labels/unknown/native_GCN_focal_loss_meta.json (26s)

======================================================================
TRAIN MATRIX SUMMARY
======================================================================
  Passed (val F1>=0.3, MCC>=0.15): 0
  Failed quality gate:                        3
    - native_GCN_none
    - native_GCN_class_weighting
    - native_GCN_focal_loss
  Errors (OOM / timeout / exception):         0

  Total time: 0.03 h
  Checkpoints + metadata in: results_models_v4_labels/unknown
  Progress log: runs_v4_labels/unknown/progress.jsonl
Device: cuda | config configs/experiment_v4.yaml (version v4, sha256 7441cc42d796)
  MLflow experiment: xai-gnn-stability-v4
  Tracking URI: sqlite:///mlruns.db

======================================================================
LOADING ELLIPTIC DATASET
======================================================================
============================================================
Elliptic Bitcoin Dataset Statistics
============================================================
Total nodes:      203,769
Total edges:      234,355
Node features:    165
Labeled nodes:    46,564
  Licit (0):      42,019
  Illicit (1):    4,545
  Unknown (-1):   157,205
Illicit ratio:    0.0976
============================================================
  Label mode: unknown (negatives = unknown)
Preprocessing Elliptic dataset...
Creating time-based splits:
  Train: 109,833 nodes (3,462 illicit, 106,371 licit, ratio 1:30.7)
  Val  : 28,751 nodes (914 illicit, 27,837 licit, ratio 1:30.5)
  Test : 23,166 nodes (169 illicit, 22,997 licit, ratio 1:136.1)
  Split counts validated against the official Elliptic release.
Normalizing features (fit on every node of the train timesteps):
  Features normalized (RobustScaler + clip[-10,10]): mean~0.7023, std~2.3916, clipped=4.69% of values
Preprocessing complete.
  Data loaded + validated in 2.3s: {'train': {'illicit': 3462, 'licit': 106371}, 'val': {'illicit': 914, 'licit': 27837}, 'test': {'illicit': 169, 'licit': 22997}}

Training matrix: 3 configs (1 seed(s): 42)
Train matrix:   0%|          | 0/3 [00:00<?]Train matrix:   0%|          | 0/3 [00:00<?]                                            Train matrix:   0%|          | 0/3 [00:00<?]                                            Train matrix:   0%|          | 0/3 [00:00<?][I 2026-09-28 23:10:45,521] A new study created in memory with name: GraphSAGE_none_pr_auc
[I 2026-09-28 23:10:46,894] Trial 0 finished with value: 0.05694943255702702 and parameters: {'hidden_dim': 148, 'num_layers': 2, 'dropout': 0.1135, 'lr': 0.0005302, 'weight_decay': 0.0005}. Best is trial 0 with value: 0.05694943255702702.
[I 2026-09-28 23:10:52,736] Trial 1 finished with value: 0.03242573223099732 and parameters: {'hidden_dim': 128, 'num_layers': 3, 'dropout': 0.1624074561769746, 'lr': 0.00020511104188433984, 'weight_decay': 1.3066739238053272e-05}. Best is trial 0 with value: 0.05694943255702702.
[I 2026-09-28 23:10:55,754] Trial 2 finished with value: 0.2989602631783698 and parameters: {'hidden_dim': 64, 'num_layers': 2, 'dropout': 0.4879639408647978, 'lr': 0.004622589001020831, 'weight_decay': 2.6587543983272695e-05}. Best is trial 2 with value: 0.2989602631783698.
[I 2026-09-28 23:10:57,244] Trial 3 finished with value: 0.031072904681204033 and parameters: {'hidden_dim': 148, 'num_layers': 3, 'dropout': 0.2727780074568463, 'lr': 0.0003823475224675188, 'weight_decay': 0.00016738085788752134}. Best is trial 2 with value: 0.2989602631783698.
[I 2026-09-28 23:10:58,338] Trial 4 finished with value: 0.03691824203423192 and parameters: {'hidden_dim': 148, 'num_layers': 2, 'dropout': 0.41407038455720546, 'lr': 0.00025081156860452336, 'weight_decay': 0.00010677482709481354}. Best is trial 2 with value: 0.2989602631783698.
[I 2026-09-28 23:11:00,859] Trial 5 finished with value: 0.1689257763177923 and parameters: {'hidden_dim': 148, 'num_layers': 2, 'dropout': 0.12602063719411183, 'lr': 0.007902619549708232, 'weight_decay': 0.0008536189862866829}. Best is trial 2 with value: 0.2989602631783698.
[I 2026-09-28 23:11:03,010] Trial 6 finished with value: 0.032296631426529616 and parameters: {'hidden_dim': 64, 'num_layers': 3, 'dropout': 0.27606099749584057, 'lr': 0.00017541893487450815, 'weight_decay': 9.7803370166594e-05}. Best is trial 2 with value: 0.2989602631783698.
[I 2026-09-28 23:11:08,856] Trial 7 finished with value: 0.3100121569123436 and parameters: {'hidden_dim': 128, 'num_layers': 3, 'dropout': 0.2246844304357644, 'lr': 0.001096821720752952, 'weight_decay': 0.00012399967836846095}. Best is trial 7 with value: 0.3100121569123436.
                                            Train matrix:   0%|          | 0/3 [00:23<?]                                            Train matrix:   0%|          | 0/3 [00:26<?]                                            Train matrix:   0%|          | 0/3 [00:26<?]                                            Train matrix:   0%|          | 0/3 [00:27<?]                                            Train matrix:   0%|          | 0/3 [00:27<?]Train matrix:  33%|███▎      | 1/3 [00:27<00:54]Train matrix:  33%|███▎      | 1/3 [00:27<00:54]                                                Train matrix:  33%|███▎      | 1/3 [00:27<00:54]                                                Train matrix:  33%|███▎      | 1/3 [00:27<00:54][I 2026-09-28 23:11:12,660] A new study created in memory with name: GraphSAGE_class_weighting_pr_auc
[I 2026-09-28 23:11:17,479] Trial 0 finished with value: 0.4261737741538946 and parameters: {'hidden_dim': 148, 'num_layers': 2, 'dropout': 0.1135, 'lr': 0.0005302, 'weight_decay': 0.0005}. Best is trial 0 with value: 0.4261737741538946.
[I 2026-09-28 23:11:23,427] Trial 1 finished with value: 0.21382682032920386 and parameters: {'hidden_dim': 128, 'num_layers': 3, 'dropout': 0.1624074561769746, 'lr': 0.00020511104188433984, 'weight_decay': 1.3066739238053272e-05}. Best is trial 0 with value: 0.4261737741538946.
[I 2026-09-28 23:11:25,682] Trial 2 finished with value: 0.46784012514641937 and parameters: {'hidden_dim': 64, 'num_layers': 2, 'dropout': 0.4879639408647978, 'lr': 0.004622589001020831, 'weight_decay': 2.6587543983272695e-05}. Best is trial 2 with value: 0.46784012514641937.
[I 2026-09-28 23:11:32,493] Trial 3 finished with value: 0.37061953755039223 and parameters: {'hidden_dim': 148, 'num_layers': 3, 'dropout': 0.2727780074568463, 'lr': 0.0003823475224675188, 'weight_decay': 0.00016738085788752134}. Best is trial 2 with value: 0.46784012514641937.
[I 2026-09-28 23:11:37,294] Trial 4 finished with value: 0.2973690219084395 and parameters: {'hidden_dim': 148, 'num_layers': 2, 'dropout': 0.41407038455720546, 'lr': 0.00025081156860452336, 'weight_decay': 0.00010677482709481354}. Best is trial 2 with value: 0.46784012514641937.
[I 2026-09-28 23:11:40,672] Trial 5 finished with value: 0.4586531665150941 and parameters: {'hidden_dim': 148, 'num_layers': 2, 'dropout': 0.12602063719411183, 'lr': 0.007902619549708232, 'weight_decay': 0.0008536189862866829}. Best is trial 2 with value: 0.46784012514641937.
