Device: cuda | config configs/experiment_v4.yaml (version v4, sha256 7441cc42d796)
  MLflow experiment: xai-gnn-stability-v4
  Tracking URI: sqlite:///mlruns.db

======================================================================
LOADING ELLIPTIC DATASET
======================================================================
============================================================
Elliptic Bitcoin Dataset Statistics
============================================================
Total nodes:      203,769
Total edges:      234,355
Node features:    165
Labeled nodes:    46,564
  Licit (0):      42,019
  Illicit (1):    4,545
  Unknown (-1):   157,205
Illicit ratio:    0.0976
============================================================
  Label mode: licit (negatives = licit)
Preprocessing Elliptic dataset...
Creating time-based splits:
  Train: 29,894 nodes (3,462 illicit, 26,432 licit, ratio 1:7.6)
  Val  :  9,983 nodes (914 illicit, 9,069 licit, ratio 1:9.9)
  Test :  6,687 nodes (169 illicit, 6,518 licit, ratio 1:38.6)
  Split counts validated against the official Elliptic release.
Normalizing features (fit on every node of the train timesteps):
  Features normalized (RobustScaler + clip[-10,10]): mean~0.7023, std~2.3916, clipped=4.69% of values
Preprocessing complete.
  Data loaded + validated in 2.3s: {'train': {'illicit': 3462, 'licit': 26432}, 'val': {'illicit': 914, 'licit': 9069}, 'test': {'illicit': 169, 'licit': 6518}}

Training matrix: 3 configs (1 seed(s): 42)
Train matrix:   0%|          | 0/3 [00:00<?]Train matrix:   0%|          | 0/3 [00:00<?]                                            Train matrix:   0%|          | 0/3 [00:00<?]                                            Train matrix:   0%|          | 0/3 [00:00<?][I 2026-09-28 23:01:35,211] A new study created in memory with name: GraphSAGE_none_pr_auc
[I 2026-09-28 23:01:40,539] Trial 0 finished with value: 0.8240858753859447 and parameters: {'hidden_dim': 148, 'num_layers': 2, 'dropout': 0.1135, 'lr': 0.0005302, 'weight_decay': 0.0005}. Best is trial 0 with value: 0.8240858753859447.
[I 2026-09-28 23:01:46,383] Trial 1 finished with value: 0.5127580905007636 and parameters: {'hidden_dim': 128, 'num_layers': 3, 'dropout': 0.1624074561769746, 'lr': 0.00020511104188433984, 'weight_decay': 1.3066739238053272e-05}. Best is trial 0 with value: 0.8240858753859447.
[I 2026-09-28 23:01:48,257] Trial 2 finished with value: 0.7781651286783746 and parameters: {'hidden_dim': 64, 'num_layers': 2, 'dropout': 0.4879639408647978, 'lr': 0.004622589001020831, 'weight_decay': 2.6587543983272695e-05}. Best is trial 0 with value: 0.8240858753859447.
[I 2026-09-28 23:01:54,821] Trial 3 finished with value: 0.8030546980921104 and parameters: {'hidden_dim': 148, 'num_layers': 3, 'dropout': 0.2727780074568463, 'lr': 0.0003823475224675188, 'weight_decay': 0.00016738085788752134}. Best is trial 0 with value: 0.8240858753859447.
[I 2026-09-28 23:01:59,573] Trial 4 finished with value: 0.6746001038903031 and parameters: {'hidden_dim': 148, 'num_layers': 2, 'dropout': 0.41407038455720546, 'lr': 0.00025081156860452336, 'weight_decay': 0.00010677482709481354}. Best is trial 0 with value: 0.8240858753859447.
[I 2026-09-28 23:02:01,412] Trial 5 finished with value: 0.767225064242196 and parameters: {'hidden_dim': 148, 'num_layers': 2, 'dropout': 0.12602063719411183, 'lr': 0.007902619549708232, 'weight_decay': 0.0008536189862866829}. Best is trial 0 with value: 0.8240858753859447.
[I 2026-09-28 23:02:05,819] Trial 6 finished with value: 0.31231533572854 and parameters: {'hidden_dim': 64, 'num_layers': 3, 'dropout': 0.27606099749584057, 'lr': 0.00017541893487450815, 'weight_decay': 9.7803370166594e-05}. Best is trial 0 with value: 0.8240858753859447.
[I 2026-09-28 23:02:11,647] Trial 7 finished with value: 0.7945737456686359 and parameters: {'hidden_dim': 128, 'num_layers': 3, 'dropout': 0.2246844304357644, 'lr': 0.001096821720752952, 'weight_decay': 0.00012399967836846095}. Best is trial 0 with value: 0.8240858753859447.
                                            Train matrix:   0%|          | 0/3 [00:36<?]                                            Train matrix:   0%|          | 0/3 [00:54<?]                                            Train matrix:   0%|          | 0/3 [00:55<?]                                            Train matrix:   0%|          | 0/3 [00:55<?]                                            Train matrix:   0%|          | 0/3 [00:55<?]Train matrix:  33%|███▎      | 1/3 [00:55<01:50]Train matrix:  33%|███▎      | 1/3 [00:55<01:50]                                                Train matrix:  33%|███▎      | 1/3 [00:55<01:50]                                                Train matrix:  33%|███▎      | 1/3 [00:55<01:50][I 2026-09-28 23:02:30,370] A new study created in memory with name: GraphSAGE_class_weighting_pr_auc
[I 2026-09-28 23:02:35,112] Trial 0 finished with value: 0.8440606212237917 and parameters: {'hidden_dim': 148, 'num_layers': 2, 'dropout': 0.1135, 'lr': 0.0005302, 'weight_decay': 0.0005}. Best is trial 0 with value: 0.8440606212237917.
[I 2026-09-28 23:02:41,151] Trial 1 finished with value: 0.6304270761446659 and parameters: {'hidden_dim': 128, 'num_layers': 3, 'dropout': 0.1624074561769746, 'lr': 0.00020511104188433984, 'weight_decay': 1.3066739238053272e-05}. Best is trial 0 with value: 0.8440606212237917.
[I 2026-09-28 23:02:43,764] Trial 2 finished with value: 0.8351743500914749 and parameters: {'hidden_dim': 64, 'num_layers': 2, 'dropout': 0.4879639408647978, 'lr': 0.004622589001020831, 'weight_decay': 2.6587543983272695e-05}. Best is trial 0 with value: 0.8440606212237917.
[I 2026-09-28 23:02:50,366] Trial 3 finished with value: 0.813410432608801 and parameters: {'hidden_dim': 148, 'num_layers': 3, 'dropout': 0.2727780074568463, 'lr': 0.0003823475224675188, 'weight_decay': 0.00016738085788752134}. Best is trial 0 with value: 0.8440606212237917.
[I 2026-09-28 23:02:55,143] Trial 4 finished with value: 0.7689281845398406 and parameters: {'hidden_dim': 148, 'num_layers': 2, 'dropout': 0.41407038455720546, 'lr': 0.00025081156860452336, 'weight_decay': 0.00010677482709481354}. Best is trial 0 with value: 0.8440606212237917.
[I 2026-09-28 23:02:56,881] Trial 5 finished with value: 0.8062782452806199 and parameters: {'hidden_dim': 148, 'num_layers': 2, 'dropout': 0.12602063719411183, 'lr': 0.007902619549708232, 'weight_decay': 0.0008536189862866829}. Best is trial 0 with value: 0.8440606212237917.
[I 2026-09-28 23:02:59,535] Trial 6 finished with value: 0.35940710854909386 and parameters: {'hidden_dim': 64, 'num_layers': 3, 'dropout': 0.27606099749584057, 'lr': 0.00017541893487450815, 'weight_decay': 9.7803370166594e-05}. Best is trial 0 with value: 0.8440606212237917.
[I 2026-09-28 23:03:05,006] Trial 7 finished with value: 0.8198804791158752 and parameters: {'hidden_dim': 128, 'num_layers': 3, 'dropout': 0.2246844304357644, 'lr': 0.001096821720752952, 'weight_decay': 0.00012399967836846095}. Best is trial 0 with value: 0.8440606212237917.
                                                Train matrix:  33%|███▎      | 1/3 [01:29<01:50]                                                Train matrix:  33%|███▎      | 1/3 [01:48<01:50]                                                Train matrix:  33%|███▎      | 1/3 [01:48<01:50]                                                Train matrix:  33%|███▎      | 1/3 [01:48<01:50]                                                Train matrix:  33%|███▎      | 1/3 [01:48<01:50]Train matrix:  67%|██████▋   | 2/3 [01:48<00:54]Train matrix:  67%|██████▋   | 2/3 [01:48<00:54]                                                Train matrix:  67%|██████▋   | 2/3 [01:48<00:54]                                                Train matrix:  67%|██████▋   | 2/3 [01:48<00:54][I 2026-09-28 23:03:23,714] A new study created in memory with name: GraphSAGE_focal_loss_pr_auc
[I 2026-09-28 23:03:28,501] Trial 0 finished with value: 0.8415863043873237 and parameters: {'hidden_dim': 148, 'num_layers': 2, 'dropout': 0.1135, 'lr': 0.0005302, 'weight_decay': 0.0005}. Best is trial 0 with value: 0.8415863043873237.
[I 2026-09-28 23:03:34,320] Trial 1 finished with value: 0.6145880352535317 and parameters: {'hidden_dim': 128, 'num_layers': 3, 'dropout': 0.1624074561769746, 'lr': 0.00020511104188433984, 'weight_decay': 1.3066739238053272e-05}. Best is trial 0 with value: 0.8415863043873237.
[I 2026-09-28 23:03:36,052] Trial 2 finished with value: 0.8245126283409656 and parameters: {'hidden_dim': 64, 'num_layers': 2, 'dropout': 0.4879639408647978, 'lr': 0.004622589001020831, 'weight_decay': 2.6587543983272695e-05}. Best is trial 0 with value: 0.8415863043873237.
[I 2026-09-28 23:03:42,626] Trial 3 finished with value: 0.8316405059262555 and parameters: {'hidden_dim': 148, 'num_layers': 3, 'dropout': 0.2727780074568463, 'lr': 0.0003823475224675188, 'weight_decay': 0.00016738085788752134}. Best is trial 0 with value: 0.8415863043873237.
[I 2026-09-28 23:03:47,398] Trial 4 finished with value: 0.7790536452733507 and parameters: {'hidden_dim': 148, 'num_layers': 2, 'dropout': 0.41407038455720546, 'lr': 0.00025081156860452336, 'weight_decay': 0.00010677482709481354}. Best is trial 0 with value: 0.8415863043873237.
[I 2026-09-28 23:03:49,513] Trial 5 finished with value: 0.786001810452372 and parameters: {'hidden_dim': 148, 'num_layers': 2, 'dropout': 0.12602063719411183, 'lr': 0.007902619549708232, 'weight_decay': 0.0008536189862866829}. Best is trial 0 with value: 0.8415863043873237.
[I 2026-09-28 23:03:53,995] Trial 6 finished with value: 0.511870638992533 and parameters: {'hidden_dim': 64, 'num_layers': 3, 'dropout': 0.27606099749584057, 'lr': 0.00017541893487450815, 'weight_decay': 9.7803370166594e-05}. Best is trial 0 with value: 0.8415863043873237.
[I 2026-09-28 23:03:59,552] Trial 7 finished with value: 0.8190690903689032 and parameters: {'hidden_dim': 128, 'num_layers': 3, 'dropout': 0.2246844304357644, 'lr': 0.001096821720752952, 'weight_decay': 0.00012399967836846095}. Best is trial 0 with value: 0.8415863043873237.
                                                Train matrix:  67%|██████▋   | 2/3 [02:24<00:54]                                                
======================================================================
CONFIG: native_GraphSAGE_none
======================================================================
  [v4 scenario native | licit] illicit=3,462 negatives=26,432 {'licit': 26432, 'unknown': 0} ratio=1:7.6 (subsample_seed=2026, idx sha1=e66c2a5c9b)
  Optuna: 8 trials x <= 50 epochs, metric=pr_auc, warm_start=True
  Warm-start hidden_dim snapped 140→148 (config limited to [64, 128, 148])
  Warm-start trial enqueued for GraphSAGE: {'hidden_dim': 148, 'num_layers': 2, 'dropout': 0.1135, 'lr': 0.0005302, 'weight_decay': 0.0005}

  Best trial (val pr_auc=0.8241):
    hidden_dim: 148
    num_layers: 2
    dropout: 0.1135
    lr: 0.0005302
    weight_decay: 0.0005
  Best Optuna val pr_auc=0.8241: {'hidden_dim': 148, 'num_layers': 2, 'dropout': 0.1135, 'lr': 0.0005302, 'weight_decay': 0.0005}
  Epoch  10 | Train Loss: 0.2881 | Val Loss: 0.2341 | Val F1: 0.2590 | Val MCC: 0.3308 | Val PR-AUC: 0.4703
  Epoch  20 | Train Loss: 0.1912 | Val Loss: 0.1904 | Val F1: 0.6485 | Val MCC: 0.6151 | Val PR-AUC: 0.6906
  Epoch  30 | Train Loss: 0.1560 | Val Loss: 0.1820 | Val F1: 0.6774 | Val MCC: 0.6457 | Val PR-AUC: 0.7792
  Epoch  40 | Train Loss: 0.1333 | Val Loss: 0.1487 | Val F1: 0.7410 | Val MCC: 0.7148 | Val PR-AUC: 0.8118
  Epoch  50 | Train Loss: 0.1215 | Val Loss: 0.1355 | Val F1: 0.7575 | Val MCC: 0.7341 | Val PR-AUC: 0.8241
  Epoch  60 | Train Loss: 0.1126 | Val Loss: 0.1290 | Val F1: 0.7791 | Val MCC: 0.7574 | Val PR-AUC: 0.8370
  Epoch  70 | Train Loss: 0.1063 | Val Loss: 0.1268 | Val F1: 0.7764 | Val MCC: 0.7549 | Val PR-AUC: 0.8392
  Epoch  80 | Train Loss: 0.0998 | Val Loss: 0.1243 | Val F1: 0.7812 | Val MCC: 0.7599 | Val PR-AUC: 0.8438
  Epoch  90 | Train Loss: 0.0951 | Val Loss: 0.1236 | Val F1: 0.7864 | Val MCC: 0.7654 | Val PR-AUC: 0.8476
  Epoch 100 | Train Loss: 0.0892 | Val Loss: 0.1228 | Val F1: 0.7822 | Val MCC: 0.7608 | Val PR-AUC: 0.8498
  Epoch 110 | Train Loss: 0.0861 | Val Loss: 0.1219 | Val F1: 0.7881 | Val MCC: 0.7670 | Val PR-AUC: 0.8518
  Epoch 120 | Train Loss: 0.0810 | Val Loss: 0.1210 | Val F1: 0.7919 | Val MCC: 0.7710 | Val PR-AUC: 0.8538
  Epoch 130 | Train Loss: 0.0782 | Val Loss: 0.1198 | Val F1: 0.7905 | Val MCC: 0.7697 | Val PR-AUC: 0.8547
  Epoch 140 | Train Loss: 0.0750 | Val Loss: 0.1185 | Val F1: 0.7982 | Val MCC: 0.7782 | Val PR-AUC: 0.8567
  Epoch 150 | Train Loss: 0.0722 | Val Loss: 0.1176 | Val F1: 0.7989 | Val MCC: 0.7788 | Val PR-AUC: 0.8589
  Val (argmax): F1=0.7989 MCC=0.7788 PR-AUC=0.8589 | Test PR-AUC=0.0387
  Calibrated on val (t=0.61): val F1=0.8002 | test F1=0.0217 MCC=0.0022
  Cross-label test PR-AUC: vs licit=0.0387 vs unknown=0.0054 vs all=0.0047 | unknown flagged=12.645%
  Quality gate (val F1>=0.3, val MCC>=0.15): PASSED
  Saved metadata: results_models_v4_labels/licit/native_GraphSAGE_none_meta.json (55s)

======================================================================
CONFIG: native_GraphSAGE_class_weighting
======================================================================
  [v4 scenario native | licit] illicit=3,462 negatives=26,432 {'licit': 26432, 'unknown': 0} ratio=1:7.6 (subsample_seed=2026, idx sha1=e66c2a5c9b)
  Optuna: 8 trials x <= 50 epochs, metric=pr_auc, warm_start=True
  Warm-start hidden_dim snapped 140→148 (config limited to [64, 128, 148])
  Warm-start trial enqueued for GraphSAGE: {'hidden_dim': 148, 'num_layers': 2, 'dropout': 0.1135, 'lr': 0.0005302, 'weight_decay': 0.0005}
  Class weights: [0.5654888153076172, 4.317446708679199]
  Class weights: [0.5654888153076172, 4.317446708679199]
  Class weights: [0.5654888153076172, 4.317446708679199]
  Class weights: [0.5654888153076172, 4.317446708679199]
  Class weights: [0.5654888153076172, 4.317446708679199]
  Class weights: [0.5654888153076172, 4.317446708679199]
  Class weights: [0.5654888153076172, 4.317446708679199]
  Class weights: [0.5654888153076172, 4.317446708679199]

  Best trial (val pr_auc=0.8441):
    hidden_dim: 148
    num_layers: 2
    dropout: 0.1135
    lr: 0.0005302
    weight_decay: 0.0005
  Best Optuna val pr_auc=0.8441: {'hidden_dim': 148, 'num_layers': 2, 'dropout': 0.1135, 'lr': 0.0005302, 'weight_decay': 0.0005}
  Class weights: [0.5654888153076172, 4.317446708679199]
  Epoch  10 | Train Loss: 0.3281 | Val Loss: 0.4111 | Val F1: 0.3990 | Val MCC: 0.3929 | Val PR-AUC: 0.6040
  Epoch  20 | Train Loss: 0.2416 | Val Loss: 0.3183 | Val F1: 0.4847 | Val MCC: 0.4774 | Val PR-AUC: 0.7942
  Epoch  30 | Train Loss: 0.2065 | Val Loss: 0.3002 | Val F1: 0.5085 | Val MCC: 0.5010 | Val PR-AUC: 0.8250
  Epoch  40 | Train Loss: 0.1832 | Val Loss: 0.2783 | Val F1: 0.5535 | Val MCC: 0.5428 | Val PR-AUC: 0.8356
  Epoch  50 | Train Loss: 0.1663 | Val Loss: 0.2641 | Val F1: 0.5817 | Val MCC: 0.5699 | Val PR-AUC: 0.8441
  Epoch  60 | Train Loss: 0.1524 | Val Loss: 0.2576 | Val F1: 0.5947 | Val MCC: 0.5831 | Val PR-AUC: 0.8469
  Epoch  70 | Train Loss: 0.1417 | Val Loss: 0.2529 | Val F1: 0.6026 | Val MCC: 0.5905 | Val PR-AUC: 0.8511
  Epoch  80 | Train Loss: 0.1309 | Val Loss: 0.2491 | Val F1: 0.6188 | Val MCC: 0.6063 | Val PR-AUC: 0.8529
  Epoch  90 | Train Loss: 0.1234 | Val Loss: 0.2472 | Val F1: 0.6230 | Val MCC: 0.6103 | Val PR-AUC: 0.8550
  Epoch 100 | Train Loss: 0.1156 | Val Loss: 0.2466 | Val F1: 0.6330 | Val MCC: 0.6196 | Val PR-AUC: 0.8543
  Epoch 110 | Train Loss: 0.1093 | Val Loss: 0.2447 | Val F1: 0.6412 | Val MCC: 0.6276 | Val PR-AUC: 0.8561
  Epoch 120 | Train Loss: 0.1029 | Val Loss: 0.2442 | Val F1: 0.6508 | Val MCC: 0.6364 | Val PR-AUC: 0.8567
  Epoch 130 | Train Loss: 0.0977 | Val Loss: 0.2460 | Val F1: 0.6581 | Val MCC: 0.6422 | Val PR-AUC: 0.8550
  Epoch 140 | Train Loss: 0.0926 | Val Loss: 0.2459 | Val F1: 0.6664 | Val MCC: 0.6499 | Val PR-AUC: 0.8559
  Epoch 150 | Train Loss: 0.0882 | Val Loss: 0.2463 | Val F1: 0.6733 | Val MCC: 0.6563 | Val PR-AUC: 0.8561
  Val (argmax): F1=0.6755 MCC=0.6585 PR-AUC=0.8555 | Test PR-AUC=0.0503
  Calibrated on val (t=0.85): val F1=0.7966 | test F1=0.0381 MCC=0.0151
  Cross-label test PR-AUC: vs licit=0.0503 vs unknown=0.0062 vs all=0.0054 | unknown flagged=13.945%
  Quality gate (val F1>=0.3, val MCC>=0.15): PASSED
  Saved metadata: results_models_v4_labels/licit/native_GraphSAGE_class_weighting_meta.json (53s)

======================================================================
CONFIG: native_GraphSAGE_focal_loss
======================================================================
  [v4 scenario native | licit] illicit=3,462 negatives=26,432 {'licit': 26432, 'unknown': 0} ratio=1:7.6 (subsample_seed=2026, idx sha1=e66c2a5c9b)
  Optuna: 8 trials x <= 50 epochs, metric=pr_auc, warm_start=True
  Warm-start hidden_dim snapped 140→148 (config limited to [64, 128, 148])
  Warm-start trial enqueued for GraphSAGE: {'hidden_dim': 148, 'num_layers': 2, 'dropout': 0.1135, 'lr': 0.0005302, 'weight_decay': 0.0005}
  Focal Loss: gamma=2.0, alpha=0.75
  Focal Loss: gamma=2.0, alpha=0.75
  Focal Loss: gamma=2.0, alpha=0.75
  Focal Loss: gamma=2.0, alpha=0.75
  Focal Loss: gamma=2.0, alpha=0.75
  Focal Loss: gamma=2.0, alpha=0.75
  Focal Loss: gamma=2.0, alpha=0.75
  Focal Loss: gamma=2.0, alpha=0.75

  Best trial (val pr_auc=0.8416):
    hidden_dim: 148
    num_layers: 2
    dropout: 0.1135
    lr: 0.0005302
    weight_decay: 0.0005
  Best Optuna val pr_auc=0.8416: {'hidden_dim': 148, 'num_layers': 2, 'dropout': 0.1135, 'lr': 0.0005302, 'weight_decay': 0.0005}
  Focal Loss: gamma=2.0, alpha=0.75
  Epoch  10 | Train Loss: 0.0257 | Val Loss: 0.0324 | Val F1: 0.4876 | Val MCC: 0.4734 | Val PR-AUC: 0.6263
  Epoch  20 | Train Loss: 0.0184 | Val Loss: 0.0205 | Val F1: 0.6564 | Val MCC: 0.6329 | Val PR-AUC: 0.8150
  Epoch  30 | Train Loss: 0.0157 | Val Loss: 0.0193 | Val F1: 0.6804 | Val MCC: 0.6576 | Val PR-AUC: 0.8287
  Epoch  40 | Train Loss: 0.0137 | Val Loss: 0.0179 | Val F1: 0.7135 | Val MCC: 0.6890 | Val PR-AUC: 0.8341
  Epoch  50 | Train Loss: 0.0125 | Val Loss: 0.0171 | Val F1: 0.7153 | Val MCC: 0.6916 | Val PR-AUC: 0.8416
  Epoch  60 | Train Loss: 0.0114 | Val Loss: 0.0168 | Val F1: 0.7132 | Val MCC: 0.6903 | Val PR-AUC: 0.8448
  Early stopping at epoch 66 (best: 46)
  Val (argmax): F1=0.7233 MCC=0.6990 PR-AUC=0.8360 | Test PR-AUC=0.0392
  Calibrated on val (t=0.60): val F1=0.7732 | test F1=0.0292 MCC=0.0038Train matrix:  67%|██████▋   | 2/3 [02:32<00:54]                                                Train matrix:  67%|██████▋   | 2/3 [02:32<00:54]                                                Train matrix:  67%|██████▋   | 2/3 [02:32<00:54]                                                Train matrix:  67%|██████▋   | 2/3 [02:32<00:54]Train matrix: 100%|██████████| 3/3 [02:32<00:00]Train matrix: 100%|██████████| 3/3 [02:32<00:00]

  Cross-label test PR-AUC: vs licit=0.0392 vs unknown=0.0055 vs all=0.0048 | unknown flagged=17.263%
  Quality gate (val F1>=0.3, val MCC>=0.15): PASSED
  Saved metadata: results_models_v4_labels/licit/native_GraphSAGE_focal_loss_meta.json (44s)

======================================================================
TRAIN MATRIX SUMMARY
======================================================================
  Passed (val F1>=0.3, MCC>=0.15): 3
    + native_GraphSAGE_none
    + native_GraphSAGE_class_weighting
    + native_GraphSAGE_focal_loss
  Failed quality gate:                        0
  Errors (OOM / timeout / exception):         0

  Total time: 0.04 h
  Checkpoints + metadata in: results_models_v4_labels/licit
  Progress log: runs_v4_labels/licit/progress.jsonl
