Device: cuda | config configs/experiment_v4.yaml (version v4, sha256 7441cc42d796)
  MLflow experiment: xai-gnn-stability-v4
  Tracking URI: sqlite:///mlruns.db

======================================================================
LOADING ELLIPTIC DATASET
======================================================================
============================================================
Elliptic Bitcoin Dataset Statistics
============================================================
Total nodes:      203,769
Total edges:      234,355
Node features:    165
Labeled nodes:    46,564
  Licit (0):      42,019
  Illicit (1):    4,545
  Unknown (-1):   157,205
Illicit ratio:    0.0976
============================================================
  Label mode: unknown (negatives = unknown)
Preprocessing Elliptic dataset...
Creating time-based splits:
  Train: 109,833 nodes (3,462 illicit, 106,371 licit, ratio 1:30.7)
  Val  : 28,751 nodes (914 illicit, 27,837 licit, ratio 1:30.5)
  Test : 23,166 nodes (169 illicit, 22,997 licit, ratio 1:136.1)
  Split counts validated against the official Elliptic release.
Normalizing features (fit on every node of the train timesteps):
  Features normalized (RobustScaler + clip[-10,10]): mean~0.7023, std~2.3916, clipped=4.69% of values
Preprocessing complete.
  Data loaded + validated in 2.3s: {'train': {'illicit': 3462, 'licit': 106371}, 'val': {'illicit': 914, 'licit': 27837}, 'test': {'illicit': 169, 'licit': 22997}}

Training matrix: 3 configs (1 seed(s): 42)
Train matrix:   0%|          | 0/3 [00:00<?]Train matrix:   0%|          | 0/3 [00:00<?]                                            Train matrix:   0%|          | 0/3 [00:00<?]                                            Train matrix:   0%|          | 0/3 [00:00<?][I 2026-09-28 23:13:22,823] A new study created in memory with name: TAGCN_none_pr_auc
[I 2026-09-28 23:13:31,514] Trial 0 finished with value: 0.2519289418818376 and parameters: {'hidden_dim': 148, 'num_layers': 2, 'dropout': 0.3, 'lr': 0.0008475, 'weight_decay': 0.0005, 'K': 3}. Best is trial 0 with value: 0.2519289418818376.
[I 2026-09-28 23:13:45,038] Trial 1 finished with value: 0.04338026542123393 and parameters: {'hidden_dim': 128, 'num_layers': 3, 'dropout': 0.1624074561769746, 'lr': 0.00020511104188433984, 'weight_decay': 1.3066739238053272e-05, 'K': 4}. Best is trial 0 with value: 0.2519289418818376.
[I 2026-09-28 23:13:53,669] Trial 2 finished with value: 0.048270080665019977 and parameters: {'hidden_dim': 128, 'num_layers': 3, 'dropout': 0.4329770563201687, 'lr': 0.00026587543983272726, 'weight_decay': 2.3102018878452926e-05, 'K': 2}. Best is trial 0 with value: 0.2519289418818376.
[I 2026-09-28 23:13:57,414] Trial 3 finished with value: 0.03697018074005959 and parameters: {'hidden_dim': 128, 'num_layers': 2, 'dropout': 0.34474115788895177, 'lr': 0.00019010245319870352, 'weight_decay': 3.8396292998041685e-05, 'K': 3}. Best is trial 0 with value: 0.2519289418818376.
[I 2026-09-28 23:14:00,226] Trial 4 finished with value: 0.0537507764616994 and parameters: {'hidden_dim': 128, 'num_layers': 3, 'dropout': 0.33696582754481696, 'lr': 0.0001238513729886094, 'weight_decay': 0.000164092867306479, 'K': 2}. Best is trial 0 with value: 0.2519289418818376.
[I 2026-09-28 23:14:03,840] Trial 5 finished with value: 0.04847415738094844 and parameters: {'hidden_dim': 148, 'num_layers': 3, 'dropout': 0.2218455076693483, 'lr': 0.0001567993391672301, 'weight_decay': 0.000233596350262616, 'K': 3}. Best is trial 0 with value: 0.2519289418818376.
[I 2026-09-28 23:14:14,927] Trial 6 finished with value: 0.32865630107228544 and parameters: {'hidden_dim': 128, 'num_layers': 3, 'dropout': 0.20351199264000677, 'lr': 0.0021137059440645744, 'weight_decay': 4.201672054372529e-05, 'K': 3}. Best is trial 6 with value: 0.32865630107228544.
[I 2026-09-28 23:14:26,098] Trial 7 finished with value: 0.18560810406507305 and parameters: {'hidden_dim': 148, 'num_layers': 3, 'dropout': 0.4757995766256756, 'lr': 0.006161049539380964, 'weight_decay': 0.0001569639638866114, 'K': 4}. Best is trial 6 with value: 0.32865630107228544.
                                            Train matrix:   0%|          | 0/3 [01:03<?]                                            Train matrix:   0%|          | 0/3 [01:15<?]                                            Train matrix:   0%|          | 0/3 [01:15<?]                                            Train matrix:   0%|          | 0/3 [01:15<?]                                            Train matrix:   0%|          | 0/3 [01:15<?]Train matrix:  33%|███▎      | 1/3 [01:15<02:31]Train matrix:  33%|███▎      | 1/3 [01:15<02:31]                                                Train matrix:  33%|███▎      | 1/3 [01:15<02:31]                                                Train matrix:  33%|███▎      | 1/3 [01:15<02:31][I 2026-09-28 23:14:38,441] A new study created in memory with name: TAGCN_class_weighting_pr_auc
[I 2026-09-28 23:14:46,848] Trial 0 finished with value: 0.37645391783735277 and parameters: {'hidden_dim': 148, 'num_layers': 2, 'dropout': 0.3, 'lr': 0.0008475, 'weight_decay': 0.0005, 'K': 3}. Best is trial 0 with value: 0.37645391783735277.
[I 2026-09-28 23:15:00,718] Trial 1 finished with value: 0.15409639611568254 and parameters: {'hidden_dim': 128, 'num_layers': 3, 'dropout': 0.1624074561769746, 'lr': 0.00020511104188433984, 'weight_decay': 1.3066739238053272e-05, 'K': 4}. Best is trial 0 with value: 0.37645391783735277.
[I 2026-09-28 23:15:09,556] Trial 2 finished with value: 0.22196137371906355 and parameters: {'hidden_dim': 128, 'num_layers': 3, 'dropout': 0.4329770563201687, 'lr': 0.00026587543983272726, 'weight_decay': 2.3102018878452926e-05, 'K': 2}. Best is trial 0 with value: 0.37645391783735277.
[I 2026-09-28 23:15:17,275] Trial 3 finished with value: 0.21203899575383975 and parameters: {'hidden_dim': 128, 'num_layers': 2, 'dropout': 0.34474115788895177, 'lr': 0.00019010245319870352, 'weight_decay': 3.8396292998041685e-05, 'K': 3}. Best is trial 0 with value: 0.37645391783735277.
[I 2026-09-28 23:15:25,927] Trial 4 finished with value: 0.11247215838429099 and parameters: {'hidden_dim': 128, 'num_layers': 3, 'dropout': 0.33696582754481696, 'lr': 0.0001238513729886094, 'weight_decay': 0.000164092867306479, 'K': 2}. Best is trial 0 with value: 0.37645391783735277.
[I 2026-09-28 23:15:38,635] Trial 5 finished with value: 0.18169364310577793 and parameters: {'hidden_dim': 148, 'num_layers': 3, 'dropout': 0.2218455076693483, 'lr': 0.0001567993391672301, 'weight_decay': 0.000233596350262616, 'K': 3}. Best is trial 0 with value: 0.37645391783735277.
[I 2026-09-28 23:15:45,305] Trial 6 finished with value: 0.43298802916496987 and parameters: {'hidden_dim': 128, 'num_layers': 3, 'dropout': 0.20351199264000677, 'lr': 0.0021137059440645744, 'weight_decay': 4.201672054372529e-05, 'K': 3}. Best is trial 6 with value: 0.43298802916496987.
[I 2026-09-28 23:15:51,652] Trial 7 finished with value: 0.38489257822564593 and parameters: {'hidden_dim': 148, 'num_layers': 3, 'dropout': 0.4757995766256756, 'lr': 0.006161049539380964, 'weight_decay': 0.0001569639638866114, 'K': 4}. Best is trial 6 with value: 0.43298802916496987.
                                                Train matrix:  33%|███▎      | 1/3 [02:28<02:31]                                                Train matrix:  33%|███▎      | 1/3 [03:07<02:31]                                                Train matrix:  33%|███▎      | 1/3 [03:07<02:31]                                                Train matrix:  33%|███▎      | 1/3 [03:07<02:31]                                                Train matrix:  33%|███▎      | 1/3 [03:07<02:31]Train matrix:  67%|██████▋   | 2/3 [03:07<01:37]Train matrix:  67%|██████▋   | 2/3 [03:07<01:37]                                                Train matrix:  67%|██████▋   | 2/3 [03:07<01:37]                                                Train matrix:  67%|██████▋   | 2/3 [03:08<01:37][I 2026-09-28 23:16:30,780] A new study created in memory with name: TAGCN_focal_loss_pr_auc
[I 2026-09-28 23:16:36,697] Trial 0 finished with value: 0.2812646425075787 and parameters: {'hidden_dim': 148, 'num_layers': 2, 'dropout': 0.3, 'lr': 0.0008475, 'weight_decay': 0.0005, 'K': 3}. Best is trial 0 with value: 0.2812646425075787.
[I 2026-09-28 23:16:50,262] Trial 1 finished with value: 0.10541462184835304 and parameters: {'hidden_dim': 128, 'num_layers': 3, 'dropout': 0.1624074561769746, 'lr': 0.00020511104188433984, 'weight_decay': 1.3066739238053272e-05, 'K': 4}. Best is trial 0 with value: 0.2812646425075787.
[I 2026-09-28 23:16:58,919] Trial 2 finished with value: 0.1958303151010949 and parameters: {'hidden_dim': 128, 'num_layers': 3, 'dropout': 0.4329770563201687, 'lr': 0.00026587543983272726, 'weight_decay': 2.3102018878452926e-05, 'K': 2}. Best is trial 0 with value: 0.2812646425075787.
[I 2026-09-28 23:17:06,634] Trial 3 finished with value: 0.12259323008701882 and parameters: {'hidden_dim': 128, 'num_layers': 2, 'dropout': 0.34474115788895177, 'lr': 0.00019010245319870352, 'weight_decay': 3.8396292998041685e-05, 'K': 3}. Best is trial 0 with value: 0.2812646425075787.
[I 2026-09-28 23:17:09,606] Trial 4 finished with value: 0.05444362112558414 and parameters: {'hidden_dim': 128, 'num_layers': 3, 'dropout': 0.33696582754481696, 'lr': 0.0001238513729886094, 'weight_decay': 0.000164092867306479, 'K': 2}. Best is trial 0 with value: 0.2812646425075787.
[I 2026-09-28 23:17:13,201] Trial 5 finished with value: 0.0509593799126144 and parameters: {'hidden_dim': 148, 'num_layers': 3, 'dropout': 0.2218455076693483, 'lr': 0.0001567993391672301, 'weight_decay': 0.000233596350262616, 'K': 3}. Best is trial 0 with value: 0.2812646425075787.
[I 2026-09-28 23:17:22,220] Trial 6 finished with value: 0.38082881206468466 and parameters: {'hidden_dim': 128, 'num_layers': 3, 'dropout': 0.20351199264000677, 'lr': 0.0021137059440645744, 'weight_decay': 4.201672054372529e-05, 'K': 3}. Best is trial 6 with value: 0.38082881206468466.
[I 2026-09-28 23:17:27,839] Trial 7 finished with value: 0.057022912684387264 and parameters: {'hidden_dim': 148, 'num_layers': 3, 'dropout': 0.4757995766256756, 'lr': 0.006161049539380964, 'weight_decay': 0.0001569639638866114, 'K': 4}. Best is trial 6 with value: 0.38082881206468466.
                                                Train matrix:  67%|██████▋   | 2/3 [04:05<01:37]
======================================================================
CONFIG: native_TAGCN_none
======================================================================
  [v4 scenario native | unknown] illicit=3,462 negatives=106,371 {'licit': 0, 'unknown': 106371} ratio=1:30.7 (subsample_seed=2026, idx sha1=b1e2af40d9)
  Optuna: 8 trials x <= 50 epochs, metric=pr_auc, warm_start=True
  Warm-start hidden_dim snapped 211→148 (config limited to [64, 128, 148])
  Warm-start trial enqueued for TAGCN: {'hidden_dim': 148, 'num_layers': 2, 'dropout': 0.3, 'lr': 0.0008475, 'weight_decay': 0.0005, 'K': 3}

  Best trial (val pr_auc=0.3287):
    hidden_dim: 128
    num_layers: 3
    dropout: 0.20351199264000677
    lr: 0.0021137059440645744
    weight_decay: 4.201672054372529e-05
    K: 3
  Best Optuna val pr_auc=0.3287: {'hidden_dim': 128, 'num_layers': 3, 'dropout': 0.20351199264000677, 'lr': 0.0021137059440645744, 'weight_decay': 4.201672054372529e-05, 'K': 3}
  Epoch  10 | Train Loss: 0.1698 | Val Loss: 0.1732 | Val F1: 0.0000 | Val MCC: -0.0118 | Val PR-AUC: 0.0508
  Epoch  20 | Train Loss: 0.1102 | Val Loss: 0.1585 | Val F1: 0.0022 | Val MCC: 0.0147 | Val PR-AUC: 0.1452
  Epoch  30 | Train Loss: 0.0930 | Val Loss: 0.1175 | Val F1: 0.0000 | Val MCC: 0.0000 | Val PR-AUC: 0.2640
  Epoch  40 | Train Loss: 0.0832 | Val Loss: 0.1083 | Val F1: 0.0022 | Val MCC: 0.0223 | Val PR-AUC: 0.3191
  Early stopping at epoch 44 (best: 24)
  Val (argmax): F1=0.0022 MCC=0.0325 PR-AUC=0.2067 | Test PR-AUC=0.0056
  Calibrated on val (t=0.28): val F1=0.2671 | test F1=0.0000 MCC=-0.0104
  Cross-label test PR-AUC: vs licit=0.0249 vs unknown=0.0056 vs all=0.0046 | unknown flagged=1.457%
  Quality gate (val F1>=0.3, val MCC>=0.15): FAILED
  Saved metadata: results_models_v4_labels/unknown/native_TAGCN_none_meta.json (76s)

======================================================================
CONFIG: native_TAGCN_class_weighting
======================================================================
  [v4 scenario native | unknown] illicit=3,462 negatives=106,371 {'licit': 0, 'unknown': 106371} ratio=1:30.7 (subsample_seed=2026, idx sha1=b1e2af40d9)
  Optuna: 8 trials x <= 50 epochs, metric=pr_auc, warm_start=True
  Warm-start hidden_dim snapped 211→148 (config limited to [64, 128, 148])
  Warm-start trial enqueued for TAGCN: {'hidden_dim': 148, 'num_layers': 2, 'dropout': 0.3, 'lr': 0.0008475, 'weight_decay': 0.0005, 'K': 3}
  Class weights: [0.5162732601165771, 15.862651824951172]
  Class weights: [0.5162732601165771, 15.862651824951172]
  Class weights: [0.5162732601165771, 15.862651824951172]
  Class weights: [0.5162732601165771, 15.862651824951172]
  Class weights: [0.5162732601165771, 15.862651824951172]
  Class weights: [0.5162732601165771, 15.862651824951172]
  Class weights: [0.5162732601165771, 15.862651824951172]
  Class weights: [0.5162732601165771, 15.862651824951172]

  Best trial (val pr_auc=0.4330):
    hidden_dim: 128
    num_layers: 3
    dropout: 0.20351199264000677
    lr: 0.0021137059440645744
    weight_decay: 4.201672054372529e-05
    K: 3
  Best Optuna val pr_auc=0.4330: {'hidden_dim': 128, 'num_layers': 3, 'dropout': 0.20351199264000677, 'lr': 0.0021137059440645744, 'weight_decay': 4.201672054372529e-05, 'K': 3}
  Class weights: [0.5162732601165771, 15.862651824951172]
  Epoch  10 | Train Loss: 0.4420 | Val Loss: 0.4753 | Val F1: 0.1480 | Val MCC: 0.1992 | Val PR-AUC: 0.3028
  Epoch  20 | Train Loss: 0.3189 | Val Loss: 0.4169 | Val F1: 0.1774 | Val MCC: 0.2362 | Val PR-AUC: 0.3989
  Epoch  30 | Train Loss: 0.2636 | Val Loss: 0.4001 | Val F1: 0.2077 | Val MCC: 0.2678 | Val PR-AUC: 0.3624
  Epoch  40 | Train Loss: 0.2273 | Val Loss: 0.3937 | Val F1: 0.2258 | Val MCC: 0.2822 | Val PR-AUC: 0.3850
  Epoch  50 | Train Loss: 0.1967 | Val Loss: 0.3987 | Val F1: 0.2537 | Val MCC: 0.3098 | Val PR-AUC: 0.4085
  Epoch  60 | Train Loss: 0.1711 | Val Loss: 0.4239 | Val F1: 0.2887 | Val MCC: 0.3406 | Val PR-AUC: 0.4104
  Epoch  70 | Train Loss: 0.1497 | Val Loss: 0.4812 | Val F1: 0.3299 | Val MCC: 0.3708 | Val PR-AUC: 0.4032
  Epoch  80 | Train Loss: 0.1341 | Val Loss: 0.5131 | Val F1: 0.3458 | Val MCC: 0.3872 | Val PR-AUC: 0.4182
  Epoch  90 | Train Loss: 0.1220 | Val Loss: 0.6234 | Val F1: 0.3755 | Val MCC: 0.4004 | Val PR-AUC: 0.4049
  Epoch 100 | Train Loss: 0.1076 | Val Loss: 0.6991 | Val F1: 0.4132 | Val MCC: 0.4256 | Val PR-AUC: 0.4155
  Epoch 110 | Train Loss: 0.0996 | Val Loss: 0.7367 | Val F1: 0.4531 | Val MCC: 0.4584 | Val PR-AUC: 0.4352
  Epoch 120 | Train Loss: 0.0872 | Val Loss: 0.8288 | Val F1: 0.4551 | Val MCC: 0.4531 | Val PR-AUC: 0.4266
  Epoch 130 | Train Loss: 0.0834 | Val Loss: 0.8492 | Val F1: 0.4666 | Val MCC: 0.4620 | Val PR-AUC: 0.4339
  Epoch 140 | Train Loss: 0.0762 | Val Loss: 1.0112 | Val F1: 0.4787 | Val MCC: 0.4696 | Val PR-AUC: 0.4232
  Epoch 150 | Train Loss: 0.0718 | Val Loss: 1.0572 | Val F1: 0.4745 | Val MCC: 0.4640 | Val PR-AUC: 0.4245
  Val (argmax): F1=0.4815 MCC=0.4707 PR-AUC=0.4233 | Test PR-AUC=0.0131
  Calibrated on val (t=0.64): val F1=0.4993 | test F1=0.0117 MCC=0.0043
  Cross-label test PR-AUC: vs licit=0.0325 vs unknown=0.0131 vs all=0.0093 | unknown flagged=0.744%
  Quality gate (val F1>=0.3, val MCC>=0.15): PASSED
  Saved metadata: results_models_v4_labels/unknown/native_TAGCN_class_weighting_meta.json (112s)

======================================================================
CONFIG: native_TAGCN_focal_loss
======================================================================
  [v4 scenario native | unknown] illicit=3,462 negatives=106,371 {'licit': 0, 'unknown': 106371} ratio=1:30.7 (subsample_seed=2026, idx sha1=b1e2af40d9)
  Optuna: 8 trials x <= 50 epochs, metric=pr_auc, warm_start=True
  Warm-start hidden_dim snapped 211→148 (config limited to [64, 128, 148])
  Warm-start trial enqueued for TAGCN: {'hidden_dim': 148, 'num_layers': 2, 'dropout': 0.3, 'lr': 0.0008475, 'weight_decay': 0.0005, 'K': 3}
  Focal Loss: gamma=2.0, alpha=0.75
  Focal Loss: gamma=2.0, alpha=0.75
  Focal Loss: gamma=2.0, alpha=0.75
  Focal Loss: gamma=2.0, alpha=0.75
  Focal Loss: gamma=2.0, alpha=0.75
  Focal Loss: gamma=2.0, alpha=0.75
  Focal Loss: gamma=2.0, alpha=0.75
  Focal Loss: gamma=2.0, alpha=0.75

  Best trial (val pr_auc=0.3808):
    hidden_dim: 128
    num_layers: 3
    dropout: 0.20351199264000677
    lr: 0.0021137059440645744
    weight_decay: 4.201672054372529e-05
    K: 3
  Best Optuna val pr_auc=0.3808: {'hidden_dim': 128, 'num_layers': 3, 'dropout': 0.20351199264000677, 'lr': 0.0021137059440645744, 'weight_decay': 4.201672054372529e-05, 'K': 3}
  Focal Loss: gamma=2.0, alpha=0.75
  Epoch  10 | Train Loss: 0.0218 | Val Loss: 0.0216 | Val F1: 0.3068 | Val MCC: 0.2856 | Val PR-AUC: 0.1870
  Epoch  20 | Train Loss: 0.0145 | Val Loss: 0.0191 | Val F1: 0.3147 | Val MCC: 0.2931 | Val PR-AUC: 0.2016
  Epoch  30 | Train Loss: 0.0119 | Val Loss: 0.0174 | Val F1: 0.3488 | Val MCC: 0.3267 | Val PR-AUC: 0.2738
  Epoch  40 | Train Loss: 0.0104 | Val Loss: 0.0157 | Val F1: 0.3626 | Val MCC: 0.3450 | Val PR-AUC: 0.3130
  Epoch  50 | Train Loss: 0.0093 | Val Loss: 0.0152 | Val F1: 0.3677 | Val MCC: 0.3569 | Val PR-AUC: 0.3327
  Epoch  60 | Train Loss: 0.0084 | Val Loss: 0.0146 | Val F1: 0.3908 | Val MCC: 0.3750 | Val PR-AUC: 0.3535
  Epoch  70 | Train Loss: 0.0077 | Val Loss: 0.0144 | Val F1: 0.3988 | Val MCC: 0.3843 | Val PR-AUC: 0.3707
  Epoch  80 | Train Loss: 0.0072 | Val Loss: 0.0144 | Val F1: 0.4029 | Val MCC: 0.3877 | Val PR-AUC: 0.3729
  Epoch  90 | Train Loss: 0.0068 | Val Loss: 0.0146 | Val F1: 0.4071 | Val MCC: 0.3926 | Val PR-AUC: 0.3773
  Epoch 100 | Train Loss: 0.0063 | Val Loss: 0.0150 | Val F1: 0.4189 | Val MCC: 0.4033 | Val PR-AUC: 0.3813
  Epoch 110 | Train Loss: 0.0059 | Val Loss: 0.0156 | Val F1: 0.4200 | Val MCC: 0.4046 | Val PR-AUC: 0.3880
  Epoch 120 | Train Loss: 0.0055 | Val Loss: 0.0164 | Val F1: 0.4268 | Val MCC: 0.4131 | Val PR-AUC: 0.3942
  Epoch 130 | Train Loss: 0.0052 | Val Loss: 0.0176 | Val F1: 0.4342 | Val MCC: 0.4223 | Val PR-AUC: 0.3996
  Epoch 140 | Train Loss: 0.0049 | Val Loss: 0.0187 | Val F1: 0.4101 | Val MCC: 0.4010 | Val PR-AUC: 0.3876
  Early stopping at epoch 149 (best: 129)
                                                Train matrix:  67%|██████▋   | 2/3 [04:43<01:37]                                                Train matrix:  67%|██████▋   | 2/3 [04:43<01:37]                                                Train matrix:  67%|██████▋   | 2/3 [04:43<01:37]                                                Train matrix:  67%|██████▋   | 2/3 [04:43<01:37]Train matrix: 100%|██████████| 3/3 [04:43<00:00]Train matrix: 100%|██████████| 3/3 [04:43<00:00]
  Val (argmax): F1=0.4494 MCC=0.4352 PR-AUC=0.4033 | Test PR-AUC=0.0151
  Calibrated on val (t=0.45): val F1=0.4553 | test F1=0.0054 MCC=-0.0026
  Cross-label test PR-AUC: vs licit=0.0328 vs unknown=0.0151 vs all=0.0104 | unknown flagged=0.874%
  Quality gate (val F1>=0.3, val MCC>=0.15): PASSED
  Saved metadata: results_models_v4_labels/unknown/native_TAGCN_focal_loss_meta.json (96s)

======================================================================
TRAIN MATRIX SUMMARY
======================================================================
  Passed (val F1>=0.3, MCC>=0.15): 2
    + native_TAGCN_class_weighting
    + native_TAGCN_focal_loss
  Failed quality gate:                        1
    - native_TAGCN_none
  Errors (OOM / timeout / exception):         0

  Total time: 0.08 h
  Checkpoints + metadata in: results_models_v4_labels/unknown
  Progress log: runs_v4_labels/unknown/progress.jsonl
