Device: cuda | config configs/experiment_v4.yaml (version v4, sha256 7441cc42d796)
  MLflow experiment: xai-gnn-stability-v4
  Tracking URI: sqlite:///mlruns.db

======================================================================
LOADING ELLIPTIC DATASET
======================================================================
============================================================
Elliptic Bitcoin Dataset Statistics
============================================================
Total nodes:      203,769
Total edges:      234,355
Node features:    165
Labeled nodes:    46,564
  Licit (0):      42,019
  Illicit (1):    4,545
  Unknown (-1):   157,205
Illicit ratio:    0.0976
============================================================
  Label mode: licit (negatives = licit)
Preprocessing Elliptic dataset...
Creating time-based splits:
  Train: 29,894 nodes (3,462 illicit, 26,432 licit, ratio 1:7.6)
  Val  :  9,983 nodes (914 illicit, 9,069 licit, ratio 1:9.9)
  Test :  6,687 nodes (169 illicit, 6,518 licit, ratio 1:38.6)
  Split counts validated against the official Elliptic release.
Normalizing features (fit on every node of the train timesteps):
  Features normalized (RobustScaler + clip[-10,10]): mean~0.7023, std~2.3916, clipped=4.69% of values
Preprocessing complete.
  Data loaded + validated in 2.3s: {'train': {'illicit': 3462, 'licit': 26432}, 'val': {'illicit': 914, 'licit': 9069}, 'test': {'illicit': 169, 'licit': 6518}}

Training matrix: 3 configs (1 seed(s): 42)
Train matrix:   0%|          | 0/3 [00:00<?]Train matrix:   0%|          | 0/3 [00:00<?]                                            Train matrix:   0%|          | 0/3 [00:00<?]                                            Train matrix:   0%|          | 0/3 [00:00<?][I 2026-09-28 23:04:21,600] A new study created in memory with name: TAGCN_none_pr_auc
[I 2026-09-28 23:04:30,168] Trial 0 finished with value: 0.780748056460261 and parameters: {'hidden_dim': 148, 'num_layers': 2, 'dropout': 0.3, 'lr': 0.0008475, 'weight_decay': 0.0005, 'K': 3}. Best is trial 0 with value: 0.780748056460261.
[I 2026-09-28 23:04:36,800] Trial 1 finished with value: 0.2549462206393857 and parameters: {'hidden_dim': 128, 'num_layers': 3, 'dropout': 0.1624074561769746, 'lr': 0.00020511104188433984, 'weight_decay': 1.3066739238053272e-05, 'K': 4}. Best is trial 0 with value: 0.780748056460261.
[I 2026-09-28 23:04:45,261] Trial 2 finished with value: 0.554247024506869 and parameters: {'hidden_dim': 128, 'num_layers': 3, 'dropout': 0.4329770563201687, 'lr': 0.00026587543983272726, 'weight_decay': 2.3102018878452926e-05, 'K': 2}. Best is trial 0 with value: 0.780748056460261.
[I 2026-09-28 23:04:52,629] Trial 3 finished with value: 0.4998594532017863 and parameters: {'hidden_dim': 128, 'num_layers': 2, 'dropout': 0.34474115788895177, 'lr': 0.00019010245319870352, 'weight_decay': 3.8396292998041685e-05, 'K': 3}. Best is trial 0 with value: 0.780748056460261.
[I 2026-09-28 23:04:56,258] Trial 4 finished with value: 0.26887581945346567 and parameters: {'hidden_dim': 128, 'num_layers': 3, 'dropout': 0.33696582754481696, 'lr': 0.0001238513729886094, 'weight_decay': 0.000164092867306479, 'K': 2}. Best is trial 0 with value: 0.780748056460261.
[I 2026-09-28 23:05:03,752] Trial 5 finished with value: 0.2892295575002439 and parameters: {'hidden_dim': 148, 'num_layers': 3, 'dropout': 0.2218455076693483, 'lr': 0.0001567993391672301, 'weight_decay': 0.000233596350262616, 'K': 3}. Best is trial 0 with value: 0.780748056460261.
[I 2026-09-28 23:05:14,467] Trial 6 finished with value: 0.8238395872888236 and parameters: {'hidden_dim': 128, 'num_layers': 3, 'dropout': 0.20351199264000677, 'lr': 0.0021137059440645744, 'weight_decay': 4.201672054372529e-05, 'K': 3}. Best is trial 6 with value: 0.8238395872888236.
[I 2026-09-28 23:05:25,907] Trial 7 finished with value: 0.749458307516517 and parameters: {'hidden_dim': 148, 'num_layers': 3, 'dropout': 0.4757995766256756, 'lr': 0.006161049539380964, 'weight_decay': 0.0001569639638866114, 'K': 4}. Best is trial 6 with value: 0.8238395872888236.
                                            Train matrix:   0%|          | 0/3 [01:04<?]                                            Train matrix:   0%|          | 0/3 [01:22<?]                                            Train matrix:   0%|          | 0/3 [01:22<?]                                            Train matrix:   0%|          | 0/3 [01:22<?]                                            Train matrix:   0%|          | 0/3 [01:22<?]Train matrix:  33%|███▎      | 1/3 [01:22<02:45]Train matrix:  33%|███▎      | 1/3 [01:22<02:45]                                                Train matrix:  33%|███▎      | 1/3 [01:22<02:45]                                                Train matrix:  33%|███▎      | 1/3 [01:22<02:45][I 2026-09-28 23:05:44,141] A new study created in memory with name: TAGCN_class_weighting_pr_auc
[I 2026-09-28 23:05:52,383] Trial 0 finished with value: 0.8106384888629594 and parameters: {'hidden_dim': 148, 'num_layers': 2, 'dropout': 0.3, 'lr': 0.0008475, 'weight_decay': 0.0005, 'K': 3}. Best is trial 0 with value: 0.8106384888629594.
[I 2026-09-28 23:06:00,288] Trial 1 finished with value: 0.28771166925205505 and parameters: {'hidden_dim': 128, 'num_layers': 3, 'dropout': 0.1624074561769746, 'lr': 0.00020511104188433984, 'weight_decay': 1.3066739238053272e-05, 'K': 4}. Best is trial 0 with value: 0.8106384888629594.
[I 2026-09-28 23:06:08,683] Trial 2 finished with value: 0.6528319862071366 and parameters: {'hidden_dim': 128, 'num_layers': 3, 'dropout': 0.4329770563201687, 'lr': 0.00026587543983272726, 'weight_decay': 2.3102018878452926e-05, 'K': 2}. Best is trial 0 with value: 0.8106384888629594.
[I 2026-09-28 23:06:16,152] Trial 3 finished with value: 0.5794080516865308 and parameters: {'hidden_dim': 128, 'num_layers': 2, 'dropout': 0.34474115788895177, 'lr': 0.00019010245319870352, 'weight_decay': 3.8396292998041685e-05, 'K': 3}. Best is trial 0 with value: 0.8106384888629594.
[I 2026-09-28 23:06:22,222] Trial 4 finished with value: 0.29567931258776414 and parameters: {'hidden_dim': 128, 'num_layers': 3, 'dropout': 0.33696582754481696, 'lr': 0.0001238513729886094, 'weight_decay': 0.000164092867306479, 'K': 2}. Best is trial 0 with value: 0.8106384888629594.
[I 2026-09-28 23:06:26,249] Trial 5 finished with value: 0.33013020394005754 and parameters: {'hidden_dim': 148, 'num_layers': 3, 'dropout': 0.2218455076693483, 'lr': 0.0001567993391672301, 'weight_decay': 0.000233596350262616, 'K': 3}. Best is trial 0 with value: 0.8106384888629594.
[I 2026-09-28 23:06:32,783] Trial 6 finished with value: 0.7895967159116686 and parameters: {'hidden_dim': 128, 'num_layers': 3, 'dropout': 0.20351199264000677, 'lr': 0.0021137059440645744, 'weight_decay': 4.201672054372529e-05, 'K': 3}. Best is trial 0 with value: 0.8106384888629594.
[I 2026-09-28 23:06:40,431] Trial 7 finished with value: 0.7604132371091056 and parameters: {'hidden_dim': 148, 'num_layers': 3, 'dropout': 0.4757995766256756, 'lr': 0.006161049539380964, 'weight_decay': 0.0001569639638866114, 'K': 4}. Best is trial 0 with value: 0.8106384888629594.
                                                Train matrix:  33%|███▎      | 1/3 [02:18<02:45]                                                Train matrix:  33%|███▎      | 1/3 [02:48<02:45]                                                Train matrix:  33%|███▎      | 1/3 [02:48<02:45]                                                Train matrix:  33%|███▎      | 1/3 [02:48<02:45]                                                Train matrix:  33%|███▎      | 1/3 [02:48<02:45]Train matrix:  67%|██████▋   | 2/3 [02:48<01:24]Train matrix:  67%|██████▋   | 2/3 [02:48<01:24]                                                Train matrix:  67%|██████▋   | 2/3 [02:48<01:24]                                                Train matrix:  67%|██████▋   | 2/3 [02:48<01:24][I 2026-09-28 23:07:10,164] A new study created in memory with name: TAGCN_focal_loss_pr_auc
[I 2026-09-28 23:07:13,986] Trial 0 finished with value: 0.6012242094673774 and parameters: {'hidden_dim': 148, 'num_layers': 2, 'dropout': 0.3, 'lr': 0.0008475, 'weight_decay': 0.0005, 'K': 3}. Best is trial 0 with value: 0.6012242094673774.
[I 2026-09-28 23:07:23,331] Trial 1 finished with value: 0.32834988624936223 and parameters: {'hidden_dim': 128, 'num_layers': 3, 'dropout': 0.1624074561769746, 'lr': 0.00020511104188433984, 'weight_decay': 1.3066739238053272e-05, 'K': 4}. Best is trial 0 with value: 0.6012242094673774.
[I 2026-09-28 23:07:31,736] Trial 2 finished with value: 0.676479147596786 and parameters: {'hidden_dim': 128, 'num_layers': 3, 'dropout': 0.4329770563201687, 'lr': 0.00026587543983272726, 'weight_decay': 2.3102018878452926e-05, 'K': 2}. Best is trial 2 with value: 0.676479147596786.
[I 2026-09-28 23:07:39,209] Trial 3 finished with value: 0.5619921578395525 and parameters: {'hidden_dim': 128, 'num_layers': 2, 'dropout': 0.34474115788895177, 'lr': 0.00019010245319870352, 'weight_decay': 3.8396292998041685e-05, 'K': 3}. Best is trial 2 with value: 0.676479147596786.
[I 2026-09-28 23:07:42,606] Trial 4 finished with value: 0.2843147803152278 and parameters: {'hidden_dim': 128, 'num_layers': 3, 'dropout': 0.33696582754481696, 'lr': 0.0001238513729886094, 'weight_decay': 0.000164092867306479, 'K': 2}. Best is trial 2 with value: 0.676479147596786.
[I 2026-09-28 23:07:47,627] Trial 5 finished with value: 0.3851471393817373 and parameters: {'hidden_dim': 148, 'num_layers': 3, 'dropout': 0.2218455076693483, 'lr': 0.0001567993391672301, 'weight_decay': 0.000233596350262616, 'K': 3}. Best is trial 2 with value: 0.676479147596786.
[I 2026-09-28 23:07:54,399] Trial 6 finished with value: 0.790268870071124 and parameters: {'hidden_dim': 128, 'num_layers': 3, 'dropout': 0.20351199264000677, 'lr': 0.0021137059440645744, 'weight_decay': 4.201672054372529e-05, 'K': 3}. Best is trial 6 with value: 0.790268870071124.
[I 2026-09-28 23:08:09,653] Trial 7 finished with value: 0.7791520065507701 and parameters: {'hidden_dim': 148, 'num_layers': 3, 'dropout': 0.4757995766256756, 'lr': 0.006161049539380964, 'weight_decay': 0.0001569639638866114, 'K': 4}. Best is trial 6 with value: 0.790268870071124.
                                                Train matrix:  67%|██████▋   | 2/3 [03:48<01:24]
======================================================================
CONFIG: native_TAGCN_none
======================================================================
  [v4 scenario native | licit] illicit=3,462 negatives=26,432 {'licit': 26432, 'unknown': 0} ratio=1:7.6 (subsample_seed=2026, idx sha1=e66c2a5c9b)
  Optuna: 8 trials x <= 50 epochs, metric=pr_auc, warm_start=True
  Warm-start hidden_dim snapped 211→148 (config limited to [64, 128, 148])
  Warm-start trial enqueued for TAGCN: {'hidden_dim': 148, 'num_layers': 2, 'dropout': 0.3, 'lr': 0.0008475, 'weight_decay': 0.0005, 'K': 3}

  Best trial (val pr_auc=0.8238):
    hidden_dim: 128
    num_layers: 3
    dropout: 0.20351199264000677
    lr: 0.0021137059440645744
    weight_decay: 4.201672054372529e-05
    K: 3
  Best Optuna val pr_auc=0.8238: {'hidden_dim': 128, 'num_layers': 3, 'dropout': 0.20351199264000677, 'lr': 0.0021137059440645744, 'weight_decay': 4.201672054372529e-05, 'K': 3}
  Epoch  10 | Train Loss: 0.1976 | Val Loss: 0.2613 | Val F1: 0.4365 | Val MCC: 0.3920 | Val PR-AUC: 0.3485
  Epoch  20 | Train Loss: 0.1409 | Val Loss: 0.1956 | Val F1: 0.6095 | Val MCC: 0.5688 | Val PR-AUC: 0.6631
  Epoch  30 | Train Loss: 0.1092 | Val Loss: 0.1730 | Val F1: 0.6685 | Val MCC: 0.6346 | Val PR-AUC: 0.7412
  Epoch  40 | Train Loss: 0.0889 | Val Loss: 0.1514 | Val F1: 0.7052 | Val MCC: 0.6859 | Val PR-AUC: 0.7680
  Epoch  50 | Train Loss: 0.0718 | Val Loss: 0.1348 | Val F1: 0.7435 | Val MCC: 0.7232 | Val PR-AUC: 0.8059
  Epoch  60 | Train Loss: 0.0615 | Val Loss: 0.1374 | Val F1: 0.7453 | Val MCC: 0.7244 | Val PR-AUC: 0.8014
  Epoch  70 | Train Loss: 0.0525 | Val Loss: 0.1392 | Val F1: 0.7452 | Val MCC: 0.7265 | Val PR-AUC: 0.8021
  Early stopping at epoch 71 (best: 51)
  Val (argmax): F1=0.7506 MCC=0.7300 PR-AUC=0.8062 | Test PR-AUC=0.0353
  Calibrated on val (t=0.46): val F1=0.7538 | test F1=0.0224 MCC=-0.0043
  Cross-label test PR-AUC: vs licit=0.0353 vs unknown=0.0057 vs all=0.0049 | unknown flagged=13.984%
  Quality gate (val F1>=0.3, val MCC>=0.15): PASSED
  Saved metadata: results_models_v4_labels/licit/native_TAGCN_none_meta.json (82s)

======================================================================
CONFIG: native_TAGCN_class_weighting
======================================================================
  [v4 scenario native | licit] illicit=3,462 negatives=26,432 {'licit': 26432, 'unknown': 0} ratio=1:7.6 (subsample_seed=2026, idx sha1=e66c2a5c9b)
  Optuna: 8 trials x <= 50 epochs, metric=pr_auc, warm_start=True
  Warm-start hidden_dim snapped 211→148 (config limited to [64, 128, 148])
  Warm-start trial enqueued for TAGCN: {'hidden_dim': 148, 'num_layers': 2, 'dropout': 0.3, 'lr': 0.0008475, 'weight_decay': 0.0005, 'K': 3}
  Class weights: [0.5654888153076172, 4.317446708679199]
  Class weights: [0.5654888153076172, 4.317446708679199]
  Class weights: [0.5654888153076172, 4.317446708679199]
  Class weights: [0.5654888153076172, 4.317446708679199]
  Class weights: [0.5654888153076172, 4.317446708679199]
  Class weights: [0.5654888153076172, 4.317446708679199]
  Class weights: [0.5654888153076172, 4.317446708679199]
  Class weights: [0.5654888153076172, 4.317446708679199]

  Best trial (val pr_auc=0.8106):
    hidden_dim: 148
    num_layers: 2
    dropout: 0.3
    lr: 0.0008475
    weight_decay: 0.0005
    K: 3
  Best Optuna val pr_auc=0.8106: {'hidden_dim': 148, 'num_layers': 2, 'dropout': 0.3, 'lr': 0.0008475, 'weight_decay': 0.0005, 'K': 3}
  Class weights: [0.5654888153076172, 4.317446708679199]
  Epoch  10 | Train Loss: 0.3859 | Val Loss: 0.4561 | Val F1: 0.4974 | Val MCC: 0.4765 | Val PR-AUC: 0.4949
  Epoch  20 | Train Loss: 0.2560 | Val Loss: 0.3946 | Val F1: 0.4905 | Val MCC: 0.4762 | Val PR-AUC: 0.6352
  Epoch  30 | Train Loss: 0.2120 | Val Loss: 0.3315 | Val F1: 0.5342 | Val MCC: 0.5211 | Val PR-AUC: 0.7167
  Epoch  40 | Train Loss: 0.1767 | Val Loss: 0.2988 | Val F1: 0.5671 | Val MCC: 0.5518 | Val PR-AUC: 0.7881
  Epoch  50 | Train Loss: 0.1581 | Val Loss: 0.2839 | Val F1: 0.5863 | Val MCC: 0.5708 | Val PR-AUC: 0.8106
  Epoch  60 | Train Loss: 0.1475 | Val Loss: 0.2733 | Val F1: 0.5988 | Val MCC: 0.5839 | Val PR-AUC: 0.8199
  Epoch  70 | Train Loss: 0.1332 | Val Loss: 0.2666 | Val F1: 0.6133 | Val MCC: 0.5973 | Val PR-AUC: 0.8245
  Epoch  80 | Train Loss: 0.1235 | Val Loss: 0.2651 | Val F1: 0.6221 | Val MCC: 0.6052 | Val PR-AUC: 0.8262
  Epoch  90 | Train Loss: 0.1195 | Val Loss: 0.2661 | Val F1: 0.6342 | Val MCC: 0.6168 | Val PR-AUC: 0.8257
  Epoch 100 | Train Loss: 0.1095 | Val Loss: 0.2620 | Val F1: 0.6386 | Val MCC: 0.6215 | Val PR-AUC: 0.8277
  Epoch 110 | Train Loss: 0.1047 | Val Loss: 0.2617 | Val F1: 0.6446 | Val MCC: 0.6262 | Val PR-AUC: 0.8288
  Epoch 120 | Train Loss: 0.0996 | Val Loss: 0.2630 | Val F1: 0.6480 | Val MCC: 0.6278 | Val PR-AUC: 0.8279
  Epoch 130 | Train Loss: 0.0944 | Val Loss: 0.2653 | Val F1: 0.6470 | Val MCC: 0.6249 | Val PR-AUC: 0.8279
  Epoch 140 | Train Loss: 0.0907 | Val Loss: 0.2712 | Val F1: 0.6513 | Val MCC: 0.6271 | Val PR-AUC: 0.8254
  Epoch 150 | Train Loss: 0.0886 | Val Loss: 0.2724 | Val F1: 0.6535 | Val MCC: 0.6290 | Val PR-AUC: 0.8263
  Val (argmax): F1=0.6544 MCC=0.6302 PR-AUC=0.8253 | Test PR-AUC=0.0493
  Calibrated on val (t=0.87): val F1=0.7568 | test F1=0.0329 MCC=0.0108
  Cross-label test PR-AUC: vs licit=0.0493 vs unknown=0.0065 vs all=0.0057 | unknown flagged=11.371%
  Quality gate (val F1>=0.3, val MCC>=0.15): PASSED
  Saved metadata: results_models_v4_labels/licit/native_TAGCN_class_weighting_meta.json (86s)

======================================================================
CONFIG: native_TAGCN_focal_loss
======================================================================
  [v4 scenario native | licit] illicit=3,462 negatives=26,432 {'licit': 26432, 'unknown': 0} ratio=1:7.6 (subsample_seed=2026, idx sha1=e66c2a5c9b)
  Optuna: 8 trials x <= 50 epochs, metric=pr_auc, warm_start=True
  Warm-start hidden_dim snapped 211→148 (config limited to [64, 128, 148])
  Warm-start trial enqueued for TAGCN: {'hidden_dim': 148, 'num_layers': 2, 'dropout': 0.3, 'lr': 0.0008475, 'weight_decay': 0.0005, 'K': 3}
  Focal Loss: gamma=2.0, alpha=0.75
  Focal Loss: gamma=2.0, alpha=0.75
  Focal Loss: gamma=2.0, alpha=0.75
  Focal Loss: gamma=2.0, alpha=0.75
  Focal Loss: gamma=2.0, alpha=0.75
  Focal Loss: gamma=2.0, alpha=0.75
  Focal Loss: gamma=2.0, alpha=0.75
  Focal Loss: gamma=2.0, alpha=0.75

  Best trial (val pr_auc=0.7903):
    hidden_dim: 128
    num_layers: 3
    dropout: 0.20351199264000677
    lr: 0.0021137059440645744
    weight_decay: 4.201672054372529e-05
    K: 3
  Best Optuna val pr_auc=0.7903: {'hidden_dim': 128, 'num_layers': 3, 'dropout': 0.20351199264000677, 'lr': 0.0021137059440645744, 'weight_decay': 4.201672054372529e-05, 'K': 3}
  Focal Loss: gamma=2.0, alpha=0.75
  Epoch  10 | Train Loss: 0.0277 | Val Loss: 0.0336 | Val F1: 0.4599 | Val MCC: 0.4365 | Val PR-AUC: 0.5119
  Epoch  20 | Train Loss: 0.0176 | Val Loss: 0.0221 | Val F1: 0.6146 | Val MCC: 0.5754 | Val PR-AUC: 0.7158
  Epoch  30 | Train Loss: 0.0133 | Val Loss: 0.0220 | Val F1: 0.5871 | Val MCC: 0.5552 | Val PR-AUC: 0.7493
  Epoch  40 | Train Loss: 0.0114 | Val Loss: 0.0212 | Val F1: 0.6370 | Val MCC: 0.6017 | Val PR-AUC: 0.7437
  Epoch  50 | Train Loss: 0.0093 | Val Loss: 0.0192 | Val F1: 0.6692 | Val MCC: 0.6373 | Val PR-AUC: 0.7825
  Epoch  60 | Train Loss: 0.0082 | Val Loss: 0.0195 | Val F1: 0.6869 | Val MCC: 0.6562 | Val PR-AUC: 0.7842
  Epoch  70 | Train Loss: 0.0069 | Val Loss: 0.0205 | Val F1: 0.6958 | Val MCC: 0.6648 | Val PR-AUC: 0.7779
  Epoch  80 | Train Loss: 0.0061 | Val Loss: 0.0204 | Val F1: 0.7155 | Val MCC: 0.6867 | Val PR-AUC: 0.7950
  Epoch  90 | Train Loss: 0.0054 | Val Loss: 0.0218 | Val F1: 0.7309 | Val MCC: 0.7033 | Val PR-AUC: 0.7934
  Epoch 100 | Train Loss: 0.0048 | Val Loss: 0.0230 | Val F1: 0.7420 | Val MCC: 0.7158 | Val PR-AUC: 0.8043
  Epoch 110 | Train Loss: 0.0044 | Val Loss: 0.0239 | Val F1: 0.7472 | Val MCC: 0.7214 | Val PR-AUC: 0.8080
  Epoch 120 | Train Loss: 0.0039 | Val Loss: 0.0246 | Val F1: 0.7609 | Val MCC: 0.7365 | Val PR-AUC: 0.8159
  Epoch 130 | Train Loss: 0.0035 | Val Loss: 0.0273 | Val F1: 0.7571 | Val MCC: 0.7325 | Val PR-AUC: 0.8132                                                Train matrix:  67%|██████▋   | 2/3 [04:25<01:24]                                                Train matrix:  67%|██████▋   | 2/3 [04:25<01:24]                                                Train matrix:  67%|██████▋   | 2/3 [04:25<01:24]                                                Train matrix:  67%|██████▋   | 2/3 [04:25<01:24]Train matrix: 100%|██████████| 3/3 [04:25<00:00]Train matrix: 100%|██████████| 3/3 [04:25<00:00]

  Epoch 140 | Train Loss: 0.0032 | Val Loss: 0.0299 | Val F1: 0.7587 | Val MCC: 0.7354 | Val PR-AUC: 0.8115
  Epoch 150 | Train Loss: 0.0029 | Val Loss: 0.0290 | Val F1: 0.7611 | Val MCC: 0.7369 | Val PR-AUC: 0.8190
  Val (argmax): F1=0.7714 MCC=0.7495 PR-AUC=0.8181 | Test PR-AUC=0.0442
  Calibrated on val (t=0.58): val F1=0.7767 | test F1=0.0221 MCC=0.0033
  Cross-label test PR-AUC: vs licit=0.0442 vs unknown=0.0063 vs all=0.0054 | unknown flagged=9.553%
  Quality gate (val F1>=0.3, val MCC>=0.15): PASSED
  Saved metadata: results_models_v4_labels/licit/native_TAGCN_focal_loss_meta.json (97s)

======================================================================
TRAIN MATRIX SUMMARY
======================================================================
  Passed (val F1>=0.3, MCC>=0.15): 3
    + native_TAGCN_none
    + native_TAGCN_class_weighting
    + native_TAGCN_focal_loss
  Failed quality gate:                        0
  Errors (OOM / timeout / exception):         0

  Total time: 0.07 h
  Checkpoints + metadata in: results_models_v4_labels/licit
  Progress log: runs_v4_labels/licit/progress.jsonl
