Device: cuda | config configs/experiment_v4.yaml (version v4, sha256 6ce9fd4dc4e8)
  MLflow experiment: xai-gnn-stability-v4
  Tracking URI: sqlite:///mlruns.db

======================================================================
LOADING ELLIPTIC DATASET
======================================================================
============================================================
Elliptic Bitcoin Dataset Statistics
============================================================
Total nodes:      203,769
Total edges:      234,355
Node features:    165
Labeled nodes:    46,564
  Licit (0):      42,019
  Illicit (1):    4,545
  Unknown (-1):   157,205
Illicit ratio:    0.0976
============================================================
  Label mode: licit_unknown (negatives = licit + unknown)
Preprocessing Elliptic dataset...
Creating time-based splits:
  Train: 136,265 nodes (3,462 illicit, 132,803 licit, ratio 1:38.4)
  Val  : 37,820 nodes (914 illicit, 36,906 licit, ratio 1:40.4)
  Test : 29,684 nodes (169 illicit, 29,515 licit, ratio 1:174.6)
  Split counts validated against the official Elliptic release.
Normalizing features (fit on every node of the train timesteps):
  Features normalized (RobustScaler + clip[-10,10]): mean~0.7023, std~2.3916, clipped=4.69% of values
Preprocessing complete.
  Data loaded + validated in 2.1s: {'train': {'illicit': 3462, 'licit': 132803}, 'val': {'illicit': 914, 'licit': 36906}, 'test': {'illicit': 169, 'licit': 29515}}

Training matrix: 3 configs (1 seed(s): 42)
Train matrix:   0%|          | 0/3 [00:00<?]Train matrix:   0%|          | 0/3 [00:00<?]                                            Train matrix:   0%|          | 0/3 [00:00<?]                                            Train matrix:   0%|          | 0/3 [00:00<?][I 2026-10-10 12:42:24,000] A new study created in memory with name: TAGCN_none_pr_auc
[I 2026-10-10 12:42:26,431] Trial 0 finished with value: 0.0335567643538722 and parameters: {'hidden_dim': 148, 'num_layers': 2, 'dropout': 0.3, 'lr': 0.0008475, 'weight_decay': 0.0005, 'K': 3}. Best is trial 0 with value: 0.0335567643538722.
[I 2026-10-10 12:42:40,033] Trial 1 finished with value: 0.03237739167443327 and parameters: {'hidden_dim': 128, 'num_layers': 3, 'dropout': 0.1624074561769746, 'lr': 0.00020511104188433984, 'weight_decay': 1.3066739238053272e-05, 'K': 4}. Best is trial 0 with value: 0.0335567643538722.
[I 2026-10-10 12:42:48,728] Trial 2 finished with value: 0.031628385874254275 and parameters: {'hidden_dim': 128, 'num_layers': 3, 'dropout': 0.4329770563201687, 'lr': 0.00026587543983272726, 'weight_decay': 2.3102018878452926e-05, 'K': 2}. Best is trial 0 with value: 0.0335567643538722.
[I 2026-10-10 12:42:52,975] Trial 3 finished with value: 0.02993319456948965 and parameters: {'hidden_dim': 128, 'num_layers': 2, 'dropout': 0.34474115788895177, 'lr': 0.00019010245319870352, 'weight_decay': 3.8396292998041685e-05, 'K': 3}. Best is trial 0 with value: 0.0335567643538722.
[I 2026-10-10 12:42:55,889] Trial 4 finished with value: 0.0458295737098391 and parameters: {'hidden_dim': 128, 'num_layers': 3, 'dropout': 0.33696582754481696, 'lr': 0.0001238513729886094, 'weight_decay': 0.000164092867306479, 'K': 2}. Best is trial 4 with value: 0.0458295737098391.
[I 2026-10-10 12:42:59,619] Trial 5 finished with value: 0.04066118633348963 and parameters: {'hidden_dim': 148, 'num_layers': 3, 'dropout': 0.2218455076693483, 'lr': 0.0001567993391672301, 'weight_decay': 0.000233596350262616, 'K': 3}. Best is trial 4 with value: 0.0458295737098391.
[I 2026-10-10 12:43:10,744] Trial 6 finished with value: 0.17286152244713973 and parameters: {'hidden_dim': 128, 'num_layers': 3, 'dropout': 0.20351199264000677, 'lr': 0.0021137059440645744, 'weight_decay': 4.201672054372529e-05, 'K': 3}. Best is trial 6 with value: 0.17286152244713973.
[I 2026-10-10 12:43:26,328] Trial 7 finished with value: 0.16155363722559665 and parameters: {'hidden_dim': 148, 'num_layers': 3, 'dropout': 0.4757995766256756, 'lr': 0.006161049539380964, 'weight_decay': 0.0001569639638866114, 'K': 4}. Best is trial 6 with value: 0.17286152244713973.
                                            Train matrix:   0%|          | 0/3 [01:02<?]                                            Train matrix:   0%|          | 0/3 [01:08<?]                                            Train matrix:   0%|          | 0/3 [01:08<?]                                            Train matrix:   0%|          | 0/3 [01:08<?]                                            Train matrix:   0%|          | 0/3 [01:08<?]Train matrix:  33%|███▎      | 1/3 [01:08<02:17]Train matrix:  33%|███▎      | 1/3 [01:08<02:17]                                                Train matrix:  33%|███▎      | 1/3 [01:08<02:17]                                                Train matrix:  33%|███▎      | 1/3 [01:08<02:17][I 2026-10-10 12:43:32,568] A new study created in memory with name: TAGCN_class_weighting_pr_auc
[I 2026-10-10 12:43:41,015] Trial 0 finished with value: 0.33361169682443387 and parameters: {'hidden_dim': 148, 'num_layers': 2, 'dropout': 0.3, 'lr': 0.0008475, 'weight_decay': 0.0005, 'K': 3}. Best is trial 0 with value: 0.33361169682443387.
[I 2026-10-10 12:43:54,653] Trial 1 finished with value: 0.12483884135858535 and parameters: {'hidden_dim': 128, 'num_layers': 3, 'dropout': 0.1624074561769746, 'lr': 0.00020511104188433984, 'weight_decay': 1.3066739238053272e-05, 'K': 4}. Best is trial 0 with value: 0.33361169682443387.
[I 2026-10-10 12:44:03,346] Trial 2 finished with value: 0.1724180414175359 and parameters: {'hidden_dim': 128, 'num_layers': 3, 'dropout': 0.4329770563201687, 'lr': 0.00026587543983272726, 'weight_decay': 2.3102018878452926e-05, 'K': 2}. Best is trial 0 with value: 0.33361169682443387.
[I 2026-10-10 12:44:11,096] Trial 3 finished with value: 0.17190995611566182 and parameters: {'hidden_dim': 128, 'num_layers': 2, 'dropout': 0.34474115788895177, 'lr': 0.00019010245319870352, 'weight_decay': 3.8396292998041685e-05, 'K': 3}. Best is trial 0 with value: 0.33361169682443387.
[I 2026-10-10 12:44:19,819] Trial 4 finished with value: 0.08530560899472409 and parameters: {'hidden_dim': 128, 'num_layers': 3, 'dropout': 0.33696582754481696, 'lr': 0.0001238513729886094, 'weight_decay': 0.000164092867306479, 'K': 2}. Best is trial 0 with value: 0.33361169682443387.
[I 2026-10-10 12:44:28,784] Trial 5 finished with value: 0.11162328485256895 and parameters: {'hidden_dim': 148, 'num_layers': 3, 'dropout': 0.2218455076693483, 'lr': 0.0001567993391672301, 'weight_decay': 0.000233596350262616, 'K': 3}. Best is trial 0 with value: 0.33361169682443387.
[I 2026-10-10 12:44:35,573] Trial 6 finished with value: 0.37774008918831387 and parameters: {'hidden_dim': 128, 'num_layers': 3, 'dropout': 0.20351199264000677, 'lr': 0.0021137059440645744, 'weight_decay': 4.201672054372529e-05, 'K': 3}. Best is trial 6 with value: 0.37774008918831387.
[I 2026-10-10 12:44:42,284] Trial 7 finished with value: 0.36321438241580295 and parameters: {'hidden_dim': 148, 'num_layers': 3, 'dropout': 0.4757995766256756, 'lr': 0.006161049539380964, 'weight_decay': 0.0001569639638866114, 'K': 4}. Best is trial 6 with value: 0.37774008918831387.
                                                Train matrix:  33%|███▎      | 1/3 [02:18<02:17]                                                Train matrix:  33%|███▎      | 1/3 [02:56<02:17]                                                Train matrix:  33%|███▎      | 1/3 [02:56<02:17]                                                Train matrix:  33%|███▎      | 1/3 [02:56<02:17]                                                Train matrix:  33%|███▎      | 1/3 [02:56<02:17]Train matrix:  67%|██████▋   | 2/3 [02:56<01:31]Train matrix:  67%|██████▋   | 2/3 [02:56<01:31]                                                Train matrix:  67%|██████▋   | 2/3 [02:56<01:31]                                                Train matrix:  67%|██████▋   | 2/3 [02:56<01:31][I 2026-10-10 12:45:20,405] A new study created in memory with name: TAGCN_focal_loss_pr_auc
[I 2026-10-10 12:45:28,799] Trial 0 finished with value: 0.16369500946019286 and parameters: {'hidden_dim': 148, 'num_layers': 2, 'dropout': 0.3, 'lr': 0.0008475, 'weight_decay': 0.0005, 'K': 3}. Best is trial 0 with value: 0.16369500946019286.
[I 2026-10-10 12:45:42,343] Trial 1 finished with value: 0.042246377305504096 and parameters: {'hidden_dim': 128, 'num_layers': 3, 'dropout': 0.1624074561769746, 'lr': 0.00020511104188433984, 'weight_decay': 1.3066739238053272e-05, 'K': 4}. Best is trial 0 with value: 0.16369500946019286.
[I 2026-10-10 12:45:50,964] Trial 2 finished with value: 0.043137582727094094 and parameters: {'hidden_dim': 128, 'num_layers': 3, 'dropout': 0.4329770563201687, 'lr': 0.00026587543983272726, 'weight_decay': 2.3102018878452926e-05, 'K': 2}. Best is trial 0 with value: 0.16369500946019286.
[I 2026-10-10 12:45:58,623] Trial 3 finished with value: 0.03410671745072173 and parameters: {'hidden_dim': 128, 'num_layers': 2, 'dropout': 0.34474115788895177, 'lr': 0.00019010245319870352, 'weight_decay': 3.8396292998041685e-05, 'K': 3}. Best is trial 0 with value: 0.16369500946019286.
[I 2026-10-10 12:46:01,519] Trial 4 finished with value: 0.04541798356854373 and parameters: {'hidden_dim': 128, 'num_layers': 3, 'dropout': 0.33696582754481696, 'lr': 0.0001238513729886094, 'weight_decay': 0.000164092867306479, 'K': 2}. Best is trial 0 with value: 0.16369500946019286.
[I 2026-10-10 12:46:05,228] Trial 5 finished with value: 0.041436020689391714 and parameters: {'hidden_dim': 148, 'num_layers': 3, 'dropout': 0.2218455076693483, 'lr': 0.0001567993391672301, 'weight_decay': 0.000233596350262616, 'K': 3}. Best is trial 0 with value: 0.16369500946019286.
[I 2026-10-10 12:46:11,966] Trial 6 finished with value: 0.14480859189844017 and parameters: {'hidden_dim': 128, 'num_layers': 3, 'dropout': 0.20351199264000677, 'lr': 0.0021137059440645744, 'weight_decay': 4.201672054372529e-05, 'K': 3}. Best is trial 0 with value: 0.16369500946019286.
[I 2026-10-10 12:46:17,685] Trial 7 finished with value: 0.037578284802274604 and parameters: {'hidden_dim': 148, 'num_layers': 3, 'dropout': 0.4757995766256756, 'lr': 0.006161049539380964, 'weight_decay': 0.0001569639638866114, 'K': 4}. Best is trial 0 with value: 0.16369500946019286.
                                                Train matrix:  67%|██████▋   | 2/3 [03:53<01:31]                                                Train matrix:  67%|██████▋   | 2/3 [03:58<01:31]                                                Train matrix:  67%|██████▋   | 2/3 [03:58<01:31]                                                Train matrix:  67%|██████▋   | 2/3 [03:58<01:31]                                                Train matrix:  67%|██████▋   | 2/3 [03:58<01:31]Train matrix: 100%|██████████| 3/3 [03:58<00:00]Train matrix: 100%|██████████| 3/3 [03:58<00:00]

======================================================================
CONFIG: 1:200_subil_TAGCN_none
======================================================================
  [v4 scenario 1:200_subil | licit_unknown] illicit=664 negatives=132,803 {'licit': 26432, 'unknown': 106371} ratio=1:200.0 (subsample_seed=2026, idx sha1=9c5d7e599a)
  Optuna: 8 trials x <= 50 epochs, metric=pr_auc, warm_start=True
  Warm-start hidden_dim snapped 211→148 (config limited to [64, 128, 148])
  Warm-start trial enqueued for TAGCN: {'hidden_dim': 148, 'num_layers': 2, 'dropout': 0.3, 'lr': 0.0008475, 'weight_decay': 0.0005, 'K': 3}

  Best trial (val pr_auc=0.1729):
    hidden_dim: 128
    num_layers: 3
    dropout: 0.20351199264000677
    lr: 0.0021137059440645744
    weight_decay: 4.201672054372529e-05
    K: 3
  Best Optuna val pr_auc=0.1729: {'hidden_dim': 128, 'num_layers': 3, 'dropout': 0.20351199264000677, 'lr': 0.0021137059440645744, 'weight_decay': 4.201672054372529e-05, 'K': 3}
  Epoch  10 | Train Loss: 0.0975 | Val Loss: 0.3881 | Val F1: 0.0000 | Val MCC: 0.0000 | Val PR-AUC: 0.0362
  Epoch  20 | Train Loss: 0.0490 | Val Loss: 0.2165 | Val F1: 0.0000 | Val MCC: 0.0000 | Val PR-AUC: 0.0371
  Early stopping at epoch 21 (best: 1)
  Val (argmax): F1=0.0000 MCC=-0.0011 PR-AUC=0.0508 | Test PR-AUC=0.0068
  Calibrated on val (t=0.39): val F1=0.0902 | test F1=0.0016 MCC=-0.0233
  Cross-label test PR-AUC: vs licit=0.0372 vs unknown=0.0083 vs all=0.0068 | unknown flagged=13.315%
  Quality gate (val F1>=0.3, val MCC>=0.15): FAILED
  Saved metadata: results_models_v4/1-200_subil_TAGCN_none_meta.json (68s)

======================================================================
CONFIG: 1:200_subil_TAGCN_class_weighting
======================================================================
  [v4 scenario 1:200_subil | licit_unknown] illicit=664 negatives=132,803 {'licit': 26432, 'unknown': 106371} ratio=1:200.0 (subsample_seed=2026, idx sha1=9c5d7e599a)
  Optuna: 8 trials x <= 50 epochs, metric=pr_auc, warm_start=True
  Warm-start hidden_dim snapped 211→148 (config limited to [64, 128, 148])
  Warm-start trial enqueued for TAGCN: {'hidden_dim': 148, 'num_layers': 2, 'dropout': 0.3, 'lr': 0.0008475, 'weight_decay': 0.0005, 'K': 3}
  Class weights: [0.5024999380111694, 100.50225830078125]
  Class weights: [0.5024999380111694, 100.50225830078125]
  Class weights: [0.5024999380111694, 100.50225830078125]
  Class weights: [0.5024999380111694, 100.50225830078125]
  Class weights: [0.5024999380111694, 100.50225830078125]
  Class weights: [0.5024999380111694, 100.50225830078125]
  Class weights: [0.5024999380111694, 100.50225830078125]
  Class weights: [0.5024999380111694, 100.50225830078125]

  Best trial (val pr_auc=0.3777):
    hidden_dim: 128
    num_layers: 3
    dropout: 0.20351199264000677
    lr: 0.0021137059440645744
    weight_decay: 4.201672054372529e-05
    K: 3
  Best Optuna val pr_auc=0.3777: {'hidden_dim': 128, 'num_layers': 3, 'dropout': 0.20351199264000677, 'lr': 0.0021137059440645744, 'weight_decay': 4.201672054372529e-05, 'K': 3}
  Class weights: [0.5024999380111694, 100.50225830078125]
  Epoch  10 | Train Loss: 0.3667 | Val Loss: 0.4820 | Val F1: 0.1202 | Val MCC: 0.1773 | Val PR-AUC: 0.2603
  Epoch  20 | Train Loss: 0.2810 | Val Loss: 0.4316 | Val F1: 0.1508 | Val MCC: 0.2174 | Val PR-AUC: 0.3704
  Epoch  30 | Train Loss: 0.2199 | Val Loss: 0.5384 | Val F1: 0.1816 | Val MCC: 0.2438 | Val PR-AUC: 0.3147
  Epoch  40 | Train Loss: 0.1784 | Val Loss: 0.6554 | Val F1: 0.1993 | Val MCC: 0.2574 | Val PR-AUC: 0.3277
  Epoch  50 | Train Loss: 0.1431 | Val Loss: 0.8144 | Val F1: 0.2155 | Val MCC: 0.2713 | Val PR-AUC: 0.3199
  Epoch  60 | Train Loss: 0.1144 | Val Loss: 1.2453 | Val F1: 0.2420 | Val MCC: 0.2837 | Val PR-AUC: 0.2898
  Epoch  70 | Train Loss: 0.0963 | Val Loss: 1.2662 | Val F1: 0.2796 | Val MCC: 0.3149 | Val PR-AUC: 0.3194
  Epoch  80 | Train Loss: 0.0771 | Val Loss: 1.6907 | Val F1: 0.3194 | Val MCC: 0.3418 | Val PR-AUC: 0.3387
  Epoch  90 | Train Loss: 0.0687 | Val Loss: 2.2068 | Val F1: 0.3348 | Val MCC: 0.3416 | Val PR-AUC: 0.3031
  Epoch 100 | Train Loss: 0.0617 | Val Loss: 2.4594 | Val F1: 0.3510 | Val MCC: 0.3564 | Val PR-AUC: 0.3333
  Epoch 110 | Train Loss: 0.0605 | Val Loss: 2.3169 | Val F1: 0.3405 | Val MCC: 0.3512 | Val PR-AUC: 0.3014
  Epoch 120 | Train Loss: 0.0483 | Val Loss: 2.7481 | Val F1: 0.3895 | Val MCC: 0.3832 | Val PR-AUC: 0.3347
  Epoch 130 | Train Loss: 0.0464 | Val Loss: 3.2116 | Val F1: 0.4109 | Val MCC: 0.4024 | Val PR-AUC: 0.3466
  Epoch 140 | Train Loss: 0.0397 | Val Loss: 3.5381 | Val F1: 0.4030 | Val MCC: 0.3934 | Val PR-AUC: 0.3475
  Epoch 150 | Train Loss: 0.0357 | Val Loss: 3.6963 | Val F1: 0.4252 | Val MCC: 0.4126 | Val PR-AUC: 0.3713
  Val (argmax): F1=0.4267 MCC=0.4138 PR-AUC=0.3695 | Test PR-AUC=0.0072
  Calibrated on val (t=0.68): val F1=0.4374 | test F1=0.0000 MCC=-0.0072
  Cross-label test PR-AUC: vs licit=0.0369 vs unknown=0.0089 vs all=0.0072 | unknown flagged=0.631%
  Quality gate (val F1>=0.3, val MCC>=0.15): PASSED
  Saved metadata: results_models_v4/1-200_subil_TAGCN_class_weighting_meta.json (108s)

======================================================================
CONFIG: 1:200_subil_TAGCN_focal_loss
======================================================================
  [v4 scenario 1:200_subil | licit_unknown] illicit=664 negatives=132,803 {'licit': 26432, 'unknown': 106371} ratio=1:200.0 (subsample_seed=2026, idx sha1=9c5d7e599a)
  Optuna: 8 trials x <= 50 epochs, metric=pr_auc, warm_start=True
  Warm-start hidden_dim snapped 211→148 (config limited to [64, 128, 148])
  Warm-start trial enqueued for TAGCN: {'hidden_dim': 148, 'num_layers': 2, 'dropout': 0.3, 'lr': 0.0008475, 'weight_decay': 0.0005, 'K': 3}
  Focal Loss: gamma=2.0, alpha=0.75
  Focal Loss: gamma=2.0, alpha=0.75
  Focal Loss: gamma=2.0, alpha=0.75
  Focal Loss: gamma=2.0, alpha=0.75
  Focal Loss: gamma=2.0, alpha=0.75
  Focal Loss: gamma=2.0, alpha=0.75
  Focal Loss: gamma=2.0, alpha=0.75
  Focal Loss: gamma=2.0, alpha=0.75

  Best trial (val pr_auc=0.1637):
    hidden_dim: 148
    num_layers: 2
    dropout: 0.3
    lr: 0.0008475
    weight_decay: 0.0005
    K: 3
  Best Optuna val pr_auc=0.1637: {'hidden_dim': 148, 'num_layers': 2, 'dropout': 0.3, 'lr': 0.0008475, 'weight_decay': 0.0005, 'K': 3}
  Focal Loss: gamma=2.0, alpha=0.75
  Epoch  10 | Train Loss: 0.0283 | Val Loss: 0.0848 | Val F1: 0.0000 | Val MCC: 0.0000 | Val PR-AUC: 0.0372
  Epoch  20 | Train Loss: 0.0237 | Val Loss: 0.0632 | Val F1: 0.0000 | Val MCC: -0.0008 | Val PR-AUC: 0.0529
  Early stopping at epoch 21 (best: 1)
  Val (argmax): F1=0.0499 MCC=0.0160 PR-AUC=0.0331 | Test PR-AUC=0.0136
  Calibrated on val (t=0.32): val F1=0.0716 | test F1=0.0226 MCC=0.0622
  Cross-label test PR-AUC: vs licit=0.0533 vs unknown=0.0181 vs all=0.0136 | unknown flagged=39.183%
  Quality gate (val F1>=0.3, val MCC>=0.15): FAILED
  Saved metadata: results_models_v4/1-200_subil_TAGCN_focal_loss_meta.json (62s)

======================================================================
TRAIN MATRIX SUMMARY
======================================================================
  Passed (val F1>=0.3, MCC>=0.15): 1
    + 1:200_subil_TAGCN_class_weighting
  Failed quality gate:                        2
    - 1:200_subil_TAGCN_none
    - 1:200_subil_TAGCN_focal_loss
  Errors (OOM / timeout / exception):         0

  Total time: 0.07 h
  Checkpoints + metadata in: results_models_v4
  Progress log: runs_v4/progress.jsonl
