Device: cuda | config configs/experiment_v4.yaml (version v4, sha256 6ce9fd4dc4e8)
  MLflow experiment: xai-gnn-stability-v4
  Tracking URI: sqlite:///mlruns.db

======================================================================
LOADING ELLIPTIC DATASET
======================================================================
============================================================
Elliptic Bitcoin Dataset Statistics
============================================================
Total nodes:      203,769
Total edges:      234,355
Node features:    165
Labeled nodes:    46,564
  Licit (0):      42,019
  Illicit (1):    4,545
  Unknown (-1):   157,205
Illicit ratio:    0.0976
============================================================
  Label mode: licit_unknown (negatives = licit + unknown)
Preprocessing Elliptic dataset...
Creating time-based splits:
  Train: 136,265 nodes (3,462 illicit, 132,803 licit, ratio 1:38.4)
  Val  : 37,820 nodes (914 illicit, 36,906 licit, ratio 1:40.4)
  Test : 29,684 nodes (169 illicit, 29,515 licit, ratio 1:174.6)
  Split counts validated against the official Elliptic release.
Normalizing features (fit on every node of the train timesteps):
  Features normalized (RobustScaler + clip[-10,10]): mean~0.7023, std~2.3916, clipped=4.69% of values
Preprocessing complete.
  Data loaded + validated in 2.3s: {'train': {'illicit': 3462, 'licit': 132803}, 'val': {'illicit': 914, 'licit': 36906}, 'test': {'illicit': 169, 'licit': 29515}}

Training matrix: 3 configs (1 seed(s): 42)
Train matrix:   0%|          | 0/3 [00:00<?]Train matrix:   0%|          | 0/3 [00:00<?]                                            Train matrix:   0%|          | 0/3 [00:00<?]                                            Train matrix:   0%|          | 0/3 [00:00<?][I 2026-10-10 12:35:32,336] A new study created in memory with name: GraphSAGE_none_pr_auc
[I 2026-10-10 12:35:33,974] Trial 0 finished with value: 0.0426231230928139 and parameters: {'hidden_dim': 148, 'num_layers': 2, 'dropout': 0.1135, 'lr': 0.0005302, 'weight_decay': 0.0005}. Best is trial 0 with value: 0.0426231230928139.
[I 2026-10-10 12:35:40,550] Trial 1 finished with value: 0.024804791741093336 and parameters: {'hidden_dim': 128, 'num_layers': 3, 'dropout': 0.1624074561769746, 'lr': 0.00020511104188433984, 'weight_decay': 1.3066739238053272e-05}. Best is trial 0 with value: 0.0426231230928139.
[I 2026-10-10 12:35:41,648] Trial 2 finished with value: 0.03445759576600929 and parameters: {'hidden_dim': 64, 'num_layers': 2, 'dropout': 0.4879639408647978, 'lr': 0.004622589001020831, 'weight_decay': 2.6587543983272695e-05}. Best is trial 0 with value: 0.0426231230928139.
[I 2026-10-10 12:35:43,422] Trial 3 finished with value: 0.02520624325951432 and parameters: {'hidden_dim': 148, 'num_layers': 3, 'dropout': 0.2727780074568463, 'lr': 0.0003823475224675188, 'weight_decay': 0.00016738085788752134}. Best is trial 0 with value: 0.0426231230928139.
[I 2026-10-10 12:35:48,863] Trial 4 finished with value: 0.027944578768702738 and parameters: {'hidden_dim': 148, 'num_layers': 2, 'dropout': 0.41407038455720546, 'lr': 0.00025081156860452336, 'weight_decay': 0.00010677482709481354}. Best is trial 0 with value: 0.0426231230928139.
[I 2026-10-10 12:35:53,821] Trial 5 finished with value: 0.08019506014458612 and parameters: {'hidden_dim': 148, 'num_layers': 2, 'dropout': 0.12602063719411183, 'lr': 0.007902619549708232, 'weight_decay': 0.0008536189862866829}. Best is trial 5 with value: 0.08019506014458612.
[I 2026-10-10 12:35:56,561] Trial 6 finished with value: 0.02594854648213801 and parameters: {'hidden_dim': 64, 'num_layers': 3, 'dropout': 0.27606099749584057, 'lr': 0.00017541893487450815, 'weight_decay': 9.7803370166594e-05}. Best is trial 5 with value: 0.08019506014458612.
[I 2026-10-10 12:36:03,192] Trial 7 finished with value: 0.049747048624856724 and parameters: {'hidden_dim': 128, 'num_layers': 3, 'dropout': 0.2246844304357644, 'lr': 0.001096821720752952, 'weight_decay': 0.00012399967836846095}. Best is trial 5 with value: 0.08019506014458612.
                                            Train matrix:   0%|          | 0/3 [00:30<?]                                            Train matrix:   0%|          | 0/3 [00:34<?]                                            Train matrix:   0%|          | 0/3 [00:34<?]                                            Train matrix:   0%|          | 0/3 [00:34<?]                                            Train matrix:   0%|          | 0/3 [00:34<?]Train matrix:  33%|███▎      | 1/3 [00:34<01:08]Train matrix:  33%|███▎      | 1/3 [00:34<01:08]                                                Train matrix:  33%|███▎      | 1/3 [00:34<01:08]                                                Train matrix:  33%|███▎      | 1/3 [00:34<01:08][I 2026-10-10 12:36:06,810] A new study created in memory with name: GraphSAGE_class_weighting_pr_auc
[I 2026-10-10 12:36:12,137] Trial 0 finished with value: 0.38486345324075427 and parameters: {'hidden_dim': 148, 'num_layers': 2, 'dropout': 0.1135, 'lr': 0.0005302, 'weight_decay': 0.0005}. Best is trial 0 with value: 0.38486345324075427.
[I 2026-10-10 12:36:18,611] Trial 1 finished with value: 0.16956915925789395 and parameters: {'hidden_dim': 128, 'num_layers': 3, 'dropout': 0.1624074561769746, 'lr': 0.00020511104188433984, 'weight_decay': 1.3066739238053272e-05}. Best is trial 0 with value: 0.38486345324075427.
[I 2026-10-10 12:36:21,006] Trial 2 finished with value: 0.43461138655122683 and parameters: {'hidden_dim': 64, 'num_layers': 2, 'dropout': 0.4879639408647978, 'lr': 0.004622589001020831, 'weight_decay': 2.6587543983272695e-05}. Best is trial 2 with value: 0.43461138655122683.
[I 2026-10-10 12:36:28,265] Trial 3 finished with value: 0.3109475016947431 and parameters: {'hidden_dim': 148, 'num_layers': 3, 'dropout': 0.2727780074568463, 'lr': 0.0003823475224675188, 'weight_decay': 0.00016738085788752134}. Best is trial 2 with value: 0.43461138655122683.
[I 2026-10-10 12:36:33,646] Trial 4 finished with value: 0.2509497943314739 and parameters: {'hidden_dim': 148, 'num_layers': 2, 'dropout': 0.41407038455720546, 'lr': 0.00025081156860452336, 'weight_decay': 0.00010677482709481354}. Best is trial 2 with value: 0.43461138655122683.
[I 2026-10-10 12:36:37,241] Trial 5 finished with value: 0.4483860427003183 and parameters: {'hidden_dim': 148, 'num_layers': 2, 'dropout': 0.12602063719411183, 'lr': 0.007902619549708232, 'weight_decay': 0.0008536189862866829}. Best is trial 5 with value: 0.4483860427003183.
[I 2026-10-10 12:36:42,264] Trial 6 finished with value: 0.14272043810032273 and parameters: {'hidden_dim': 64, 'num_layers': 3, 'dropout': 0.27606099749584057, 'lr': 0.00017541893487450815, 'weight_decay': 9.7803370166594e-05}. Best is trial 5 with value: 0.4483860427003183.
[I 2026-10-10 12:36:47,253] Trial 7 finished with value: 0.35706819054742955 and parameters: {'hidden_dim': 128, 'num_layers': 3, 'dropout': 0.2246844304357644, 'lr': 0.001096821720752952, 'weight_decay': 0.00012399967836846095}. Best is trial 5 with value: 0.4483860427003183.
                                                Train matrix:  33%|███▎      | 1/3 [01:14<01:08]                                                Train matrix:  33%|███▎      | 1/3 [01:35<01:08]                                                Train matrix:  33%|███▎      | 1/3 [01:35<01:08]                                                Train matrix:  33%|███▎      | 1/3 [01:35<01:08]                                                Train matrix:  33%|███▎      | 1/3 [01:35<01:08]Train matrix:  67%|██████▋   | 2/3 [01:35<00:50]Train matrix:  67%|██████▋   | 2/3 [01:35<00:50]                                                Train matrix:  67%|██████▋   | 2/3 [01:35<00:50]                                                Train matrix:  67%|██████▋   | 2/3 [01:35<00:50][I 2026-10-10 12:37:07,964] A new study created in memory with name: GraphSAGE_focal_loss_pr_auc
[I 2026-10-10 12:37:09,318] Trial 0 finished with value: 0.04301804280870762 and parameters: {'hidden_dim': 148, 'num_layers': 2, 'dropout': 0.1135, 'lr': 0.0005302, 'weight_decay': 0.0005}. Best is trial 0 with value: 0.04301804280870762.
[I 2026-10-10 12:37:15,725] Trial 1 finished with value: 0.029156649724369068 and parameters: {'hidden_dim': 128, 'num_layers': 3, 'dropout': 0.1624074561769746, 'lr': 0.00020511104188433984, 'weight_decay': 1.3066739238053272e-05}. Best is trial 0 with value: 0.04301804280870762.
[I 2026-10-10 12:37:16,740] Trial 2 finished with value: 0.0343006394924707 and parameters: {'hidden_dim': 64, 'num_layers': 2, 'dropout': 0.4879639408647978, 'lr': 0.004622589001020831, 'weight_decay': 2.6587543983272695e-05}. Best is trial 0 with value: 0.04301804280870762.
[I 2026-10-10 12:37:23,871] Trial 3 finished with value: 0.14428643788458098 and parameters: {'hidden_dim': 148, 'num_layers': 3, 'dropout': 0.2727780074568463, 'lr': 0.0003823475224675188, 'weight_decay': 0.00016738085788752134}. Best is trial 3 with value: 0.14428643788458098.
[I 2026-10-10 12:37:29,107] Trial 4 finished with value: 0.07295705278742115 and parameters: {'hidden_dim': 148, 'num_layers': 2, 'dropout': 0.41407038455720546, 'lr': 0.00025081156860452336, 'weight_decay': 0.00010677482709481354}. Best is trial 3 with value: 0.14428643788458098.
[I 2026-10-10 12:37:32,549] Trial 5 finished with value: 0.10577722373495442 and parameters: {'hidden_dim': 148, 'num_layers': 2, 'dropout': 0.12602063719411183, 'lr': 0.007902619549708232, 'weight_decay': 0.0008536189862866829}. Best is trial 3 with value: 0.14428643788458098.
[I 2026-10-10 12:37:37,380] Trial 6 finished with value: 0.02750463120745779 and parameters: {'hidden_dim': 64, 'num_layers': 3, 'dropout': 0.27606099749584057, 'lr': 0.00017541893487450815, 'weight_decay': 9.7803370166594e-05}. Best is trial 3 with value: 0.14428643788458098.
[I 2026-10-10 12:37:43,751] Trial 7 finished with value: 0.158623448797042 and parameters: {'hidden_dim': 128, 'num_layers': 3, 'dropout': 0.2246844304357644, 'lr': 0.001096821720752952, 'weight_decay': 0.00012399967836846095}. Best is trial 7 with value: 0.158623448797042.
                                                Train matrix:  67%|██████▋   | 2/3 [02:11<00:50]                                                Train matrix:  67%|██████▋   | 2/3 [02:15<00:50]                                                Train matrix:  67%|██████▋   | 2/3 [02:15<00:50]                                                Train matrix:  67%|██████▋   | 2/3 [02:15<00:50]                                                Train matrix:  67%|██████▋   | 2/3 [02:15<00:50]Train matrix: 100%|██████████| 3/3 [02:15<00:00]Train matrix: 100%|██████████| 3/3 [02:15<00:00]

======================================================================
CONFIG: 1:200_subil_GraphSAGE_none
======================================================================
  [v4 scenario 1:200_subil | licit_unknown] illicit=664 negatives=132,803 {'licit': 26432, 'unknown': 106371} ratio=1:200.0 (subsample_seed=2026, idx sha1=9c5d7e599a)
  Optuna: 8 trials x <= 50 epochs, metric=pr_auc, warm_start=True
  Warm-start hidden_dim snapped 140→148 (config limited to [64, 128, 148])
  Warm-start trial enqueued for GraphSAGE: {'hidden_dim': 148, 'num_layers': 2, 'dropout': 0.1135, 'lr': 0.0005302, 'weight_decay': 0.0005}

  Best trial (val pr_auc=0.0802):
    hidden_dim: 148
    num_layers: 2
    dropout: 0.12602063719411183
    lr: 0.007902619549708232
    weight_decay: 0.0008536189862866829
  Best Optuna val pr_auc=0.0802: {'hidden_dim': 148, 'num_layers': 2, 'dropout': 0.12602063719411183, 'lr': 0.007902619549708232, 'weight_decay': 0.0008536189862866829}
  Epoch  10 | Train Loss: 0.2425 | Val Loss: 1.0313 | Val F1: 0.0000 | Val MCC: 0.0000 | Val PR-AUC: 0.0303
  Epoch  20 | Train Loss: 0.1140 | Val Loss: 0.3726 | Val F1: 0.0000 | Val MCC: 0.0000 | Val PR-AUC: 0.0445
  Early stopping at epoch 21 (best: 1)
  Val (argmax): F1=0.0000 MCC=0.0000 PR-AUC=0.0265 | Test PR-AUC=0.0091
  Calibrated on val (t=0.01): val F1=0.0473 | test F1=0.0213 MCC=0.0377
  Cross-label test PR-AUC: vs licit=0.0565 vs unknown=0.0108 vs all=0.0091 | unknown flagged=24.921%
  Quality gate (val F1>=0.3, val MCC>=0.15): FAILED
  Saved metadata: results_models_v4/1-200_subil_GraphSAGE_none_meta.json (34s)

======================================================================
CONFIG: 1:200_subil_GraphSAGE_class_weighting
======================================================================
  [v4 scenario 1:200_subil | licit_unknown] illicit=664 negatives=132,803 {'licit': 26432, 'unknown': 106371} ratio=1:200.0 (subsample_seed=2026, idx sha1=9c5d7e599a)
  Optuna: 8 trials x <= 50 epochs, metric=pr_auc, warm_start=True
  Warm-start hidden_dim snapped 140→148 (config limited to [64, 128, 148])
  Warm-start trial enqueued for GraphSAGE: {'hidden_dim': 148, 'num_layers': 2, 'dropout': 0.1135, 'lr': 0.0005302, 'weight_decay': 0.0005}
  Class weights: [0.5024999380111694, 100.50225830078125]
  Class weights: [0.5024999380111694, 100.50225830078125]
  Class weights: [0.5024999380111694, 100.50225830078125]
  Class weights: [0.5024999380111694, 100.50225830078125]
  Class weights: [0.5024999380111694, 100.50225830078125]
  Class weights: [0.5024999380111694, 100.50225830078125]
  Class weights: [0.5024999380111694, 100.50225830078125]
  Class weights: [0.5024999380111694, 100.50225830078125]

  Best trial (val pr_auc=0.4484):
    hidden_dim: 148
    num_layers: 2
    dropout: 0.12602063719411183
    lr: 0.007902619549708232
    weight_decay: 0.0008536189862866829
  Best Optuna val pr_auc=0.4484: {'hidden_dim': 148, 'num_layers': 2, 'dropout': 0.12602063719411183, 'lr': 0.007902619549708232, 'weight_decay': 0.0008536189862866829}
  Class weights: [0.5024999380111694, 100.50225830078125]
  Epoch  10 | Train Loss: 0.5489 | Val Loss: 0.3212 | Val F1: 0.0828 | Val MCC: 0.1281 | Val PR-AUC: 0.2451
  Epoch  20 | Train Loss: 0.2668 | Val Loss: 0.3618 | Val F1: 0.1586 | Val MCC: 0.2275 | Val PR-AUC: 0.3706
  Epoch  30 | Train Loss: 0.1956 | Val Loss: 0.4294 | Val F1: 0.2270 | Val MCC: 0.2914 | Val PR-AUC: 0.3492
  Epoch  40 | Train Loss: 0.1484 | Val Loss: 0.5694 | Val F1: 0.2821 | Val MCC: 0.3329 | Val PR-AUC: 0.3850
  Epoch  50 | Train Loss: 0.1170 | Val Loss: 0.6963 | Val F1: 0.3127 | Val MCC: 0.3556 | Val PR-AUC: 0.3957
  Epoch  60 | Train Loss: 0.0967 | Val Loss: 0.8413 | Val F1: 0.3423 | Val MCC: 0.3738 | Val PR-AUC: 0.3961
  Epoch  70 | Train Loss: 0.0815 | Val Loss: 0.9592 | Val F1: 0.3865 | Val MCC: 0.4072 | Val PR-AUC: 0.4032
  Epoch  80 | Train Loss: 0.0709 | Val Loss: 1.0865 | Val F1: 0.4244 | Val MCC: 0.4322 | Val PR-AUC: 0.4074
  Epoch  90 | Train Loss: 0.0666 | Val Loss: 1.1355 | Val F1: 0.4186 | Val MCC: 0.4255 | Val PR-AUC: 0.4090
  Epoch 100 | Train Loss: 0.0601 | Val Loss: 1.2684 | Val F1: 0.4353 | Val MCC: 0.4358 | Val PR-AUC: 0.4226
  Epoch 110 | Train Loss: 0.0561 | Val Loss: 1.3052 | Val F1: 0.4370 | Val MCC: 0.4377 | Val PR-AUC: 0.4070
  Epoch 120 | Train Loss: 0.0533 | Val Loss: 1.3720 | Val F1: 0.4422 | Val MCC: 0.4416 | Val PR-AUC: 0.4164
  Epoch 130 | Train Loss: 0.0499 | Val Loss: 1.7256 | Val F1: 0.4511 | Val MCC: 0.4393 | Val PR-AUC: 0.3984
  Epoch 140 | Train Loss: 0.0484 | Val Loss: 1.6023 | Val F1: 0.4556 | Val MCC: 0.4474 | Val PR-AUC: 0.4066
  Epoch 150 | Train Loss: 0.0458 | Val Loss: 1.4908 | Val F1: 0.4733 | Val MCC: 0.4687 | Val PR-AUC: 0.4283
  Val (argmax): F1=0.4733 MCC=0.4687 PR-AUC=0.4283 | Test PR-AUC=0.0073
  Calibrated on val (t=0.57): val F1=0.4784 | test F1=0.0040 MCC=-0.0038
  Cross-label test PR-AUC: vs licit=0.0369 vs unknown=0.0090 vs all=0.0073 | unknown flagged=1.091%
  Quality gate (val F1>=0.3, val MCC>=0.15): PASSED
  Saved metadata: results_models_v4/1-200_subil_GraphSAGE_class_weighting_meta.json (61s)

======================================================================
CONFIG: 1:200_subil_GraphSAGE_focal_loss
======================================================================
  [v4 scenario 1:200_subil | licit_unknown] illicit=664 negatives=132,803 {'licit': 26432, 'unknown': 106371} ratio=1:200.0 (subsample_seed=2026, idx sha1=9c5d7e599a)
  Optuna: 8 trials x <= 50 epochs, metric=pr_auc, warm_start=True
  Warm-start hidden_dim snapped 140→148 (config limited to [64, 128, 148])
  Warm-start trial enqueued for GraphSAGE: {'hidden_dim': 148, 'num_layers': 2, 'dropout': 0.1135, 'lr': 0.0005302, 'weight_decay': 0.0005}
  Focal Loss: gamma=2.0, alpha=0.75
  Focal Loss: gamma=2.0, alpha=0.75
  Focal Loss: gamma=2.0, alpha=0.75
  Focal Loss: gamma=2.0, alpha=0.75
  Focal Loss: gamma=2.0, alpha=0.75
  Focal Loss: gamma=2.0, alpha=0.75
  Focal Loss: gamma=2.0, alpha=0.75
  Focal Loss: gamma=2.0, alpha=0.75

  Best trial (val pr_auc=0.1586):
    hidden_dim: 128
    num_layers: 3
    dropout: 0.2246844304357644
    lr: 0.001096821720752952
    weight_decay: 0.00012399967836846095
  Best Optuna val pr_auc=0.1586: {'hidden_dim': 128, 'num_layers': 3, 'dropout': 0.2246844304357644, 'lr': 0.001096821720752952, 'weight_decay': 0.00012399967836846095}
  Focal Loss: gamma=2.0, alpha=0.75
  Epoch  10 | Train Loss: 0.0192 | Val Loss: 0.0815 | Val F1: 0.0000 | Val MCC: 0.0000 | Val PR-AUC: 0.0263
  Epoch  20 | Train Loss: 0.0112 | Val Loss: 0.0401 | Val F1: 0.0000 | Val MCC: 0.0000 | Val PR-AUC: 0.0378
  Early stopping at epoch 21 (best: 1)
  Val (argmax): F1=0.0265 MCC=-0.0166 PR-AUC=0.0247 | Test PR-AUC=0.0261
  Calibrated on val (t=0.12): val F1=0.0550 | test F1=0.0141 MCC=0.0374
  Cross-label test PR-AUC: vs licit=0.1230 vs unknown=0.0316 vs all=0.0261 | unknown flagged=81.267%
  Quality gate (val F1>=0.3, val MCC>=0.15): FAILED
  Saved metadata: results_models_v4/1-200_subil_GraphSAGE_focal_loss_meta.json (40s)

======================================================================
TRAIN MATRIX SUMMARY
======================================================================
  Passed (val F1>=0.3, MCC>=0.15): 1
    + 1:200_subil_GraphSAGE_class_weighting
  Failed quality gate:                        2
    - 1:200_subil_GraphSAGE_none
    - 1:200_subil_GraphSAGE_focal_loss
  Errors (OOM / timeout / exception):         0

  Total time: 0.04 h
  Checkpoints + metadata in: results_models_v4
  Progress log: runs_v4/progress.jsonl
