Device: cuda | config configs/experiment_v4.yaml (version v4, sha256 6ce9fd4dc4e8)
  MLflow experiment: xai-gnn-stability-v4
  Tracking URI: sqlite:///mlruns.db

======================================================================
LOADING ELLIPTIC DATASET
======================================================================
============================================================
Elliptic Bitcoin Dataset Statistics
============================================================
Total nodes:      203,769
Total edges:      234,355
Node features:    165
Labeled nodes:    46,564
  Licit (0):      42,019
  Illicit (1):    4,545
  Unknown (-1):   157,205
Illicit ratio:    0.0976
============================================================
  Label mode: licit_unknown (negatives = licit + unknown)
Preprocessing Elliptic dataset...
Creating time-based splits:
  Train: 136,265 nodes (3,462 illicit, 132,803 licit, ratio 1:38.4)
  Val  : 37,820 nodes (914 illicit, 36,906 licit, ratio 1:40.4)
  Test : 29,684 nodes (169 illicit, 29,515 licit, ratio 1:174.6)
  Split counts validated against the official Elliptic release.
Normalizing features (fit on every node of the train timesteps):
  Features normalized (RobustScaler + clip[-10,10]): mean~0.7023, std~2.3916, clipped=4.69% of values
Preprocessing complete.
  Data loaded + validated in 2.1s: {'train': {'illicit': 3462, 'licit': 132803}, 'val': {'illicit': 914, 'licit': 36906}, 'test': {'illicit': 169, 'licit': 29515}}

Training matrix: 3 configs (1 seed(s): 42)
Train matrix:   0%|          | 0/3 [00:00<?]Train matrix:   0%|          | 0/3 [00:00<?]                                            Train matrix:   0%|          | 0/3 [00:00<?]                                            Train matrix:   0%|          | 0/3 [00:00<?][I 2026-10-10 07:41:09,123] A new study created in memory with name: GCN_none_pr_auc
[I 2026-10-10 07:41:11,414] Trial 0 finished with value: 0.03076960174209366 and parameters: {'hidden_dim': 148, 'num_layers': 2, 'dropout': 0.2361, 'lr': 0.0008475, 'weight_decay': 0.0005}. Best is trial 0 with value: 0.03076960174209366.
[I 2026-10-10 07:41:13,913] Trial 1 finished with value: 0.03464075849840599 and parameters: {'hidden_dim': 128, 'num_layers': 3, 'dropout': 0.1624074561769746, 'lr': 0.00020511104188433984, 'weight_decay': 1.3066739238053272e-05}. Best is trial 1 with value: 0.03464075849840599.
[I 2026-10-10 07:41:17,192] Trial 2 finished with value: 0.07828599377761933 and parameters: {'hidden_dim': 64, 'num_layers': 2, 'dropout': 0.4879639408647978, 'lr': 0.004622589001020831, 'weight_decay': 2.6587543983272695e-05}. Best is trial 2 with value: 0.07828599377761933.
[I 2026-10-10 07:41:19,977] Trial 3 finished with value: 0.029424741961917786 and parameters: {'hidden_dim': 148, 'num_layers': 3, 'dropout': 0.2727780074568463, 'lr': 0.0003823475224675188, 'weight_decay': 0.00016738085788752134}. Best is trial 2 with value: 0.07828599377761933.
[I 2026-10-10 07:41:23,018] Trial 4 finished with value: 0.034140780873814565 and parameters: {'hidden_dim': 148, 'num_layers': 2, 'dropout': 0.41407038455720546, 'lr': 0.00025081156860452336, 'weight_decay': 0.00010677482709481354}. Best is trial 2 with value: 0.07828599377761933.
[I 2026-10-10 07:41:26,217] Trial 5 finished with value: 0.07230858114440418 and parameters: {'hidden_dim': 148, 'num_layers': 2, 'dropout': 0.12602063719411183, 'lr': 0.007902619549708232, 'weight_decay': 0.0008536189862866829}. Best is trial 2 with value: 0.07828599377761933.
[I 2026-10-10 07:41:28,431] Trial 6 finished with value: 0.05859159847054468 and parameters: {'hidden_dim': 64, 'num_layers': 3, 'dropout': 0.27606099749584057, 'lr': 0.00017541893487450815, 'weight_decay': 9.7803370166594e-05}. Best is trial 2 with value: 0.07828599377761933.
[I 2026-10-10 07:41:34,153] Trial 7 finished with value: 0.033221412541513416 and parameters: {'hidden_dim': 128, 'num_layers': 3, 'dropout': 0.2246844304357644, 'lr': 0.001096821720752952, 'weight_decay': 0.00012399967836846095}. Best is trial 2 with value: 0.07828599377761933.
                                            Train matrix:   0%|          | 0/3 [00:25<?]                                            Train matrix:   0%|          | 0/3 [00:27<?]                                            Train matrix:   0%|          | 0/3 [00:27<?]                                            Train matrix:   0%|          | 0/3 [00:27<?]                                            Train matrix:   0%|          | 0/3 [00:27<?]Train matrix:  33%|███▎      | 1/3 [00:27<00:55]Train matrix:  33%|███▎      | 1/3 [00:27<00:55]                                                Train matrix:  33%|███▎      | 1/3 [00:27<00:55]                                                Train matrix:  33%|███▎      | 1/3 [00:27<00:55][I 2026-10-10 07:41:36,763] A new study created in memory with name: GCN_class_weighting_pr_auc
[I 2026-10-10 07:41:41,155] Trial 0 finished with value: 0.11453751865467932 and parameters: {'hidden_dim': 148, 'num_layers': 2, 'dropout': 0.2361, 'lr': 0.0008475, 'weight_decay': 0.0005}. Best is trial 0 with value: 0.11453751865467932.
[I 2026-10-10 07:41:45,003] Trial 1 finished with value: 0.04352456467198525 and parameters: {'hidden_dim': 128, 'num_layers': 3, 'dropout': 0.1624074561769746, 'lr': 0.00020511104188433984, 'weight_decay': 1.3066739238053272e-05}. Best is trial 0 with value: 0.11453751865467932.
[I 2026-10-10 07:41:48,298] Trial 2 finished with value: 0.16117843669158022 and parameters: {'hidden_dim': 64, 'num_layers': 2, 'dropout': 0.4879639408647978, 'lr': 0.004622589001020831, 'weight_decay': 2.6587543983272695e-05}. Best is trial 2 with value: 0.16117843669158022.
[I 2026-10-10 07:41:54,705] Trial 3 finished with value: 0.10054871966087173 and parameters: {'hidden_dim': 148, 'num_layers': 3, 'dropout': 0.2727780074568463, 'lr': 0.0003823475224675188, 'weight_decay': 0.00016738085788752134}. Best is trial 2 with value: 0.16117843669158022.
[I 2026-10-10 07:41:59,114] Trial 4 finished with value: 0.07946017831856017 and parameters: {'hidden_dim': 148, 'num_layers': 2, 'dropout': 0.41407038455720546, 'lr': 0.00025081156860452336, 'weight_decay': 0.00010677482709481354}. Best is trial 2 with value: 0.16117843669158022.
[I 2026-10-10 07:42:03,514] Trial 5 finished with value: 0.15179394829325102 and parameters: {'hidden_dim': 148, 'num_layers': 2, 'dropout': 0.12602063719411183, 'lr': 0.007902619549708232, 'weight_decay': 0.0008536189862866829}. Best is trial 2 with value: 0.16117843669158022.
[I 2026-10-10 07:42:07,633] Trial 6 finished with value: 0.06218417962396871 and parameters: {'hidden_dim': 64, 'num_layers': 3, 'dropout': 0.27606099749584057, 'lr': 0.00017541893487450815, 'weight_decay': 9.7803370166594e-05}. Best is trial 2 with value: 0.16117843669158022.
[I 2026-10-10 07:42:13,369] Trial 7 finished with value: 0.10075524038239769 and parameters: {'hidden_dim': 128, 'num_layers': 3, 'dropout': 0.2246844304357644, 'lr': 0.001096821720752952, 'weight_decay': 0.00012399967836846095}. Best is trial 2 with value: 0.16117843669158022.
                                                Train matrix:  33%|███▎      | 1/3 [01:04<00:55]                                                Train matrix:  33%|███▎      | 1/3 [01:18<00:55]                                                Train matrix:  33%|███▎      | 1/3 [01:18<00:55]                                                Train matrix:  33%|███▎      | 1/3 [01:18<00:55]                                                Train matrix:  33%|███▎      | 1/3 [01:18<00:55]Train matrix:  67%|██████▋   | 2/3 [01:18<00:41]Train matrix:  67%|██████▋   | 2/3 [01:18<00:41]                                                Train matrix:  67%|██████▋   | 2/3 [01:18<00:41]                                                Train matrix:  67%|██████▋   | 2/3 [01:18<00:41][I 2026-10-10 07:42:27,564] A new study created in memory with name: GCN_focal_loss_pr_auc
[I 2026-10-10 07:42:29,508] Trial 0 finished with value: 0.031052284688607802 and parameters: {'hidden_dim': 148, 'num_layers': 2, 'dropout': 0.2361, 'lr': 0.0008475, 'weight_decay': 0.0005}. Best is trial 0 with value: 0.031052284688607802.
[I 2026-10-10 07:42:31,971] Trial 1 finished with value: 0.03460630856588774 and parameters: {'hidden_dim': 128, 'num_layers': 3, 'dropout': 0.1624074561769746, 'lr': 0.00020511104188433984, 'weight_decay': 1.3066739238053272e-05}. Best is trial 1 with value: 0.03460630856588774.
[I 2026-10-10 07:42:33,954] Trial 2 finished with value: 0.0870218084101902 and parameters: {'hidden_dim': 64, 'num_layers': 2, 'dropout': 0.4879639408647978, 'lr': 0.004622589001020831, 'weight_decay': 2.6587543983272695e-05}. Best is trial 2 with value: 0.0870218084101902.
[I 2026-10-10 07:42:40,231] Trial 3 finished with value: 0.06096558677228598 and parameters: {'hidden_dim': 148, 'num_layers': 3, 'dropout': 0.2727780074568463, 'lr': 0.0003823475224675188, 'weight_decay': 0.00016738085788752134}. Best is trial 2 with value: 0.0870218084101902.
[I 2026-10-10 07:42:43,464] Trial 4 finished with value: 0.03472778077763544 and parameters: {'hidden_dim': 148, 'num_layers': 2, 'dropout': 0.41407038455720546, 'lr': 0.00025081156860452336, 'weight_decay': 0.00010677482709481354}. Best is trial 2 with value: 0.0870218084101902.
[I 2026-10-10 07:42:45,331] Trial 5 finished with value: 0.09616798680753479 and parameters: {'hidden_dim': 148, 'num_layers': 2, 'dropout': 0.12602063719411183, 'lr': 0.007902619549708232, 'weight_decay': 0.0008536189862866829}. Best is trial 5 with value: 0.09616798680753479.
[I 2026-10-10 07:42:47,532] Trial 6 finished with value: 0.058501595760451094 and parameters: {'hidden_dim': 64, 'num_layers': 3, 'dropout': 0.27606099749584057, 'lr': 0.00017541893487450815, 'weight_decay': 9.7803370166594e-05}. Best is trial 5 with value: 0.09616798680753479.
[I 2026-10-10 07:42:53,198] Trial 7 finished with value: 0.06480244061461243 and parameters: {'hidden_dim': 128, 'num_layers': 3, 'dropout': 0.2246844304357644, 'lr': 0.001096821720752952, 'weight_decay': 0.00012399967836846095}. Best is trial 5 with value: 0.09616798680753479.
                                                Train matrix:  67%|██████▋   | 2/3 [01:44<00:41]                                                Train matrix:  67%|██████▋   | 2/3 [01:50<00:41]                                                Train matrix:  67%|██████▋   | 2/3 [01:50<00:41]                                                Train matrix:  67%|██████▋   | 2/3 [01:50<00:41]                                                Train matrix:  67%|██████▋   | 2/3 [01:50<00:41]Train matrix: 100%|██████████| 3/3 [01:50<00:00]Train matrix: 100%|██████████| 3/3 [01:50<00:00]

======================================================================
CONFIG: 1:100_subil_GCN_none
======================================================================
  [v4 scenario 1:100_subil | licit_unknown] illicit=1,328 negatives=132,803 {'licit': 26432, 'unknown': 106371} ratio=1:100.0 (subsample_seed=2026, idx sha1=2469211f42)
  Optuna: 8 trials x <= 50 epochs, metric=pr_auc, warm_start=True
  Warm-start hidden_dim snapped 211→148 (config limited to [64, 128, 148])
  Warm-start trial enqueued for GCN: {'hidden_dim': 148, 'num_layers': 2, 'dropout': 0.2361, 'lr': 0.0008475, 'weight_decay': 0.0005}

  Best trial (val pr_auc=0.0783):
    hidden_dim: 64
    num_layers: 2
    dropout: 0.4879639408647978
    lr: 0.004622589001020831
    weight_decay: 2.6587543983272695e-05
  Best Optuna val pr_auc=0.0783: {'hidden_dim': 64, 'num_layers': 2, 'dropout': 0.4879639408647978, 'lr': 0.004622589001020831, 'weight_decay': 2.6587543983272695e-05}
  Epoch  10 | Train Loss: 0.2039 | Val Loss: 0.5933 | Val F1: 0.0000 | Val MCC: 0.0000 | Val PR-AUC: 0.0303
  Epoch  20 | Train Loss: 0.2341 | Val Loss: 0.6382 | Val F1: 0.0000 | Val MCC: 0.0000 | Val PR-AUC: 0.0318
  Early stopping at epoch 21 (best: 1)
  Val (argmax): F1=0.0215 MCC=-0.0500 PR-AUC=0.0175 | Test PR-AUC=0.0059
  Calibrated on val (t=0.01): val F1=0.0451 | test F1=0.0104 MCC=-0.0162
  Cross-label test PR-AUC: vs licit=0.0298 vs unknown=0.0073 vs all=0.0059 | unknown flagged=92.090%
  Quality gate (val F1>=0.3, val MCC>=0.15): FAILED
  Saved metadata: results_models_v4/1-100_subil_GCN_none_meta.json (28s)

======================================================================
CONFIG: 1:100_subil_GCN_class_weighting
======================================================================
  [v4 scenario 1:100_subil | licit_unknown] illicit=1,328 negatives=132,803 {'licit': 26432, 'unknown': 106371} ratio=1:100.0 (subsample_seed=2026, idx sha1=2469211f42)
  Optuna: 8 trials x <= 50 epochs, metric=pr_auc, warm_start=True
  Warm-start hidden_dim snapped 211→148 (config limited to [64, 128, 148])
  Warm-start trial enqueued for GCN: {'hidden_dim': 148, 'num_layers': 2, 'dropout': 0.2361, 'lr': 0.0008475, 'weight_decay': 0.0005}
  Class weights: [0.5049998760223389, 50.501129150390625]
  Class weights: [0.5049998760223389, 50.501129150390625]
  Class weights: [0.5049998760223389, 50.501129150390625]
  Class weights: [0.5049998760223389, 50.501129150390625]
  Class weights: [0.5049998760223389, 50.501129150390625]
  Class weights: [0.5049998760223389, 50.501129150390625]
  Class weights: [0.5049998760223389, 50.501129150390625]
  Class weights: [0.5049998760223389, 50.501129150390625]

  Best trial (val pr_auc=0.1612):
    hidden_dim: 64
    num_layers: 2
    dropout: 0.4879639408647978
    lr: 0.004622589001020831
    weight_decay: 2.6587543983272695e-05
  Best Optuna val pr_auc=0.1612: {'hidden_dim': 64, 'num_layers': 2, 'dropout': 0.4879639408647978, 'lr': 0.004622589001020831, 'weight_decay': 2.6587543983272695e-05}
  Class weights: [0.5049998760223389, 50.501129150390625]
  Epoch  10 | Train Loss: 0.7403 | Val Loss: 0.7836 | Val F1: 0.0617 | Val MCC: 0.0812 | Val PR-AUC: 0.0691
  Epoch  20 | Train Loss: 0.5250 | Val Loss: 0.5374 | Val F1: 0.0638 | Val MCC: 0.0814 | Val PR-AUC: 0.0870
  Epoch  30 | Train Loss: 0.4313 | Val Loss: 0.5110 | Val F1: 0.0725 | Val MCC: 0.1014 | Val PR-AUC: 0.0948
  Epoch  40 | Train Loss: 0.3900 | Val Loss: 0.5100 | Val F1: 0.0769 | Val MCC: 0.1083 | Val PR-AUC: 0.1163
  Epoch  50 | Train Loss: 0.3638 | Val Loss: 0.5104 | Val F1: 0.0847 | Val MCC: 0.1201 | Val PR-AUC: 0.1410
  Epoch  60 | Train Loss: 0.3400 | Val Loss: 0.5138 | Val F1: 0.0962 | Val MCC: 0.1384 | Val PR-AUC: 0.1518
  Epoch  70 | Train Loss: 0.3271 | Val Loss: 0.5143 | Val F1: 0.1033 | Val MCC: 0.1482 | Val PR-AUC: 0.1628
  Epoch  80 | Train Loss: 0.3102 | Val Loss: 0.5534 | Val F1: 0.1174 | Val MCC: 0.1617 | Val PR-AUC: 0.1667
  Epoch  90 | Train Loss: 0.3018 | Val Loss: 0.5643 | Val F1: 0.1293 | Val MCC: 0.1756 | Val PR-AUC: 0.1780
  Epoch 100 | Train Loss: 0.2826 | Val Loss: 0.5965 | Val F1: 0.1464 | Val MCC: 0.1923 | Val PR-AUC: 0.1823
  Epoch 110 | Train Loss: 0.2748 | Val Loss: 0.5997 | Val F1: 0.1604 | Val MCC: 0.2081 | Val PR-AUC: 0.1926
  Epoch 120 | Train Loss: 0.2709 | Val Loss: 0.6338 | Val F1: 0.1687 | Val MCC: 0.2115 | Val PR-AUC: 0.1933
  Epoch 130 | Train Loss: 0.2563 | Val Loss: 0.6732 | Val F1: 0.1791 | Val MCC: 0.2187 | Val PR-AUC: 0.1919
  Epoch 140 | Train Loss: 0.2586 | Val Loss: 0.7229 | Val F1: 0.1894 | Val MCC: 0.2231 | Val PR-AUC: 0.1953
  Epoch 150 | Train Loss: 0.2456 | Val Loss: 0.7411 | Val F1: 0.1966 | Val MCC: 0.2302 | Val PR-AUC: 0.1944
  Val (argmax): F1=0.1966 MCC=0.2302 PR-AUC=0.1944 | Test PR-AUC=0.0059
  Calibrated on val (t=0.74): val F1=0.2786 | test F1=0.0056 MCC=-0.0037
  Cross-label test PR-AUC: vs licit=0.0314 vs unknown=0.0072 vs all=0.0059 | unknown flagged=1.887%
  Quality gate (val F1>=0.3, val MCC>=0.15): FAILED
  Saved metadata: results_models_v4/1-100_subil_GCN_class_weighting_meta.json (51s)

======================================================================
CONFIG: 1:100_subil_GCN_focal_loss
======================================================================
  [v4 scenario 1:100_subil | licit_unknown] illicit=1,328 negatives=132,803 {'licit': 26432, 'unknown': 106371} ratio=1:100.0 (subsample_seed=2026, idx sha1=2469211f42)
  Optuna: 8 trials x <= 50 epochs, metric=pr_auc, warm_start=True
  Warm-start hidden_dim snapped 211→148 (config limited to [64, 128, 148])
  Warm-start trial enqueued for GCN: {'hidden_dim': 148, 'num_layers': 2, 'dropout': 0.2361, 'lr': 0.0008475, 'weight_decay': 0.0005}
  Focal Loss: gamma=2.0, alpha=0.75
  Focal Loss: gamma=2.0, alpha=0.75
  Focal Loss: gamma=2.0, alpha=0.75
  Focal Loss: gamma=2.0, alpha=0.75
  Focal Loss: gamma=2.0, alpha=0.75
  Focal Loss: gamma=2.0, alpha=0.75
  Focal Loss: gamma=2.0, alpha=0.75
  Focal Loss: gamma=2.0, alpha=0.75

  Best trial (val pr_auc=0.0962):
    hidden_dim: 148
    num_layers: 2
    dropout: 0.12602063719411183
    lr: 0.007902619549708232
    weight_decay: 0.0008536189862866829
  Best Optuna val pr_auc=0.0962: {'hidden_dim': 148, 'num_layers': 2, 'dropout': 0.12602063719411183, 'lr': 0.007902619549708232, 'weight_decay': 0.0008536189862866829}
  Focal Loss: gamma=2.0, alpha=0.75
  Epoch  10 | Train Loss: 0.1938 | Val Loss: 0.5182 | Val F1: 0.0000 | Val MCC: 0.0000 | Val PR-AUC: 0.0339
  Epoch  20 | Train Loss: 0.1236 | Val Loss: 0.2475 | Val F1: 0.0702 | Val MCC: 0.0735 | Val PR-AUC: 0.0533
  Epoch  30 | Train Loss: 0.0592 | Val Loss: 0.0885 | Val F1: 0.1695 | Val MCC: 0.1475 | Val PR-AUC: 0.0829
  Epoch  40 | Train Loss: 0.0270 | Val Loss: 0.0376 | Val F1: 0.0227 | Val MCC: 0.0237 | Val PR-AUC: 0.0504
  Epoch  50 | Train Loss: 0.0130 | Val Loss: 0.0246 | Val F1: 0.0000 | Val MCC: -0.0030 | Val PR-AUC: 0.0275
  Early stopping at epoch 52 (best: 32)
  Val (argmax): F1=0.1759 MCC=0.1551 PR-AUC=0.0824 | Test PR-AUC=0.0082
  Calibrated on val (t=0.49): val F1=0.1761 | test F1=0.0223 MCC=0.0177
  Cross-label test PR-AUC: vs licit=0.0754 vs unknown=0.0092 vs all=0.0082 | unknown flagged=3.574%
  Quality gate (val F1>=0.3, val MCC>=0.15): FAILED
  Saved metadata: results_models_v4/1-100_subil_GCN_focal_loss_meta.json (32s)

======================================================================
TRAIN MATRIX SUMMARY
======================================================================
  Passed (val F1>=0.3, MCC>=0.15): 0
  Failed quality gate:                        3
    - 1:100_subil_GCN_none
    - 1:100_subil_GCN_class_weighting
    - 1:100_subil_GCN_focal_loss
  Errors (OOM / timeout / exception):         0

  Total time: 0.03 h
  Checkpoints + metadata in: results_models_v4
  Progress log: runs_v4/progress.jsonl
Device: cuda | config configs/experiment_v4.yaml (version v4, sha256 6ce9fd4dc4e8)
  MLflow experiment: xai-gnn-stability-v4
  Tracking URI: sqlite:///mlruns.db

======================================================================
LOADING ELLIPTIC DATASET
======================================================================
============================================================
Elliptic Bitcoin Dataset Statistics
============================================================
Total nodes:      203,769
Total edges:      234,355
Node features:    165
Labeled nodes:    46,564
  Licit (0):      42,019
  Illicit (1):    4,545
  Unknown (-1):   157,205
Illicit ratio:    0.0976
============================================================
  Label mode: licit_unknown (negatives = licit + unknown)
Preprocessing Elliptic dataset...
Creating time-based splits:
  Train: 136,265 nodes (3,462 illicit, 132,803 licit, ratio 1:38.4)
  Val  : 37,820 nodes (914 illicit, 36,906 licit, ratio 1:40.4)
  Test : 29,684 nodes (169 illicit, 29,515 licit, ratio 1:174.6)
  Split counts validated against the official Elliptic release.
Normalizing features (fit on every node of the train timesteps):
  Features normalized (RobustScaler + clip[-10,10]): mean~0.7023, std~2.3916, clipped=4.69% of values
Preprocessing complete.
  Data loaded + validated in 2.6s: {'train': {'illicit': 3462, 'licit': 132803}, 'val': {'illicit': 914, 'licit': 36906}, 'test': {'illicit': 169, 'licit': 29515}}

Training matrix: 3 configs (1 seed(s): 42)
Train matrix:   0%|          | 0/3 [00:00<?]Train matrix:   0%|          | 0/3 [00:00<?]                                            Train matrix:   0%|          | 0/3 [00:00<?]Train matrix:   0%|          | 0/3 [00:00<?]                                            Train matrix:   0%|          | 0/3 [00:00<?]Train matrix:   0%|          | 0/3 [00:00<?]                                            Train matrix:   0%|          | 0/3 [00:00<?]Train matrix: 100%|██████████| 3/3 [00:00<00:00]
  SKIP (resume — 1-100_subil_GCN_none_meta.json exists): 1:100_subil_GCN_none
  SKIP (resume — 1-100_subil_GCN_class_weighting_meta.json exists): 1:100_subil_GCN_class_weighting
  SKIP (resume — 1-100_subil_GCN_focal_loss_meta.json exists): 1:100_subil_GCN_focal_loss

======================================================================
TRAIN MATRIX SUMMARY
======================================================================
  Passed (val F1>=0.3, MCC>=0.15): 0
  Failed quality gate:                        0
  Errors (OOM / timeout / exception):         0
  Skipped (resume):                           3

  Total time: 0.00 h
  Checkpoints + metadata in: results_models_v4
  Progress log: runs_v4/progress.jsonl
