Device: cuda | config configs/experiment_v4.yaml (version v4, sha256 6ce9fd4dc4e8)
  MLflow experiment: xai-gnn-stability-v4
  Tracking URI: sqlite:///mlruns.db

======================================================================
LOADING ELLIPTIC DATASET
======================================================================
============================================================
Elliptic Bitcoin Dataset Statistics
============================================================
Total nodes:      203,769
Total edges:      234,355
Node features:    165
Labeled nodes:    46,564
  Licit (0):      42,019
  Illicit (1):    4,545
  Unknown (-1):   157,205
Illicit ratio:    0.0976
============================================================
  Label mode: licit_unknown (negatives = licit + unknown)
Preprocessing Elliptic dataset...
Creating time-based splits:
  Train: 136,265 nodes (3,462 illicit, 132,803 licit, ratio 1:38.4)
  Val  : 37,820 nodes (914 illicit, 36,906 licit, ratio 1:40.4)
  Test : 29,684 nodes (169 illicit, 29,515 licit, ratio 1:174.6)
  Split counts validated against the official Elliptic release.
Normalizing features (fit on every node of the train timesteps):
  Features normalized (RobustScaler + clip[-10,10]): mean~0.7023, std~2.3916, clipped=4.69% of values
Preprocessing complete.
  Data loaded + validated in 2.2s: {'train': {'illicit': 3462, 'licit': 132803}, 'val': {'illicit': 914, 'licit': 36906}, 'test': {'illicit': 169, 'licit': 29515}}

Training matrix: 3 configs (1 seed(s): 42)
Train matrix:   0%|          | 0/3 [00:00<?]Train matrix:   0%|          | 0/3 [00:00<?]                                            Train matrix:   0%|          | 0/3 [00:00<?]                                            Train matrix:   0%|          | 0/3 [00:00<?][I 2026-10-10 12:33:25,871] A new study created in memory with name: GCN_none_pr_auc
[I 2026-10-10 12:33:28,206] Trial 0 finished with value: 0.030726501106421812 and parameters: {'hidden_dim': 148, 'num_layers': 2, 'dropout': 0.2361, 'lr': 0.0008475, 'weight_decay': 0.0005}. Best is trial 0 with value: 0.030726501106421812.
[I 2026-10-10 12:33:30,931] Trial 1 finished with value: 0.034636772594979104 and parameters: {'hidden_dim': 128, 'num_layers': 3, 'dropout': 0.1624074561769746, 'lr': 0.00020511104188433984, 'weight_decay': 1.3066739238053272e-05}. Best is trial 1 with value: 0.034636772594979104.
[I 2026-10-10 12:33:34,448] Trial 2 finished with value: 0.047571843784629045 and parameters: {'hidden_dim': 64, 'num_layers': 2, 'dropout': 0.4879639408647978, 'lr': 0.004622589001020831, 'weight_decay': 2.6587543983272695e-05}. Best is trial 2 with value: 0.047571843784629045.
[I 2026-10-10 12:33:37,430] Trial 3 finished with value: 0.029355585951924317 and parameters: {'hidden_dim': 148, 'num_layers': 3, 'dropout': 0.2727780074568463, 'lr': 0.0003823475224675188, 'weight_decay': 0.00016738085788752134}. Best is trial 2 with value: 0.047571843784629045.
[I 2026-10-10 12:33:40,793] Trial 4 finished with value: 0.03395186410847277 and parameters: {'hidden_dim': 148, 'num_layers': 2, 'dropout': 0.41407038455720546, 'lr': 0.00025081156860452336, 'weight_decay': 0.00010677482709481354}. Best is trial 2 with value: 0.047571843784629045.
[I 2026-10-10 12:33:45,773] Trial 5 finished with value: 0.04717119210957498 and parameters: {'hidden_dim': 148, 'num_layers': 2, 'dropout': 0.12602063719411183, 'lr': 0.007902619549708232, 'weight_decay': 0.0008536189862866829}. Best is trial 2 with value: 0.047571843784629045.
[I 2026-10-10 12:33:48,278] Trial 6 finished with value: 0.05856779717945714 and parameters: {'hidden_dim': 64, 'num_layers': 3, 'dropout': 0.27606099749584057, 'lr': 0.00017541893487450815, 'weight_decay': 9.7803370166594e-05}. Best is trial 6 with value: 0.05856779717945714.
[I 2026-10-10 12:33:54,666] Trial 7 finished with value: 0.029998700149387925 and parameters: {'hidden_dim': 128, 'num_layers': 3, 'dropout': 0.2246844304357644, 'lr': 0.001096821720752952, 'weight_decay': 0.00012399967836846095}. Best is trial 6 with value: 0.05856779717945714.
                                            Train matrix:   0%|          | 0/3 [00:28<?]                                            Train matrix:   0%|          | 0/3 [00:33<?]                                            Train matrix:   0%|          | 0/3 [00:33<?]                                            Train matrix:   0%|          | 0/3 [00:33<?]                                            Train matrix:   0%|          | 0/3 [00:33<?]Train matrix:  33%|███▎      | 1/3 [00:33<01:07]Train matrix:  33%|███▎      | 1/3 [00:33<01:07]                                                Train matrix:  33%|███▎      | 1/3 [00:33<01:07]                                                Train matrix:  33%|███▎      | 1/3 [00:33<01:07][I 2026-10-10 12:33:59,756] A new study created in memory with name: GCN_class_weighting_pr_auc
[I 2026-10-10 12:34:04,556] Trial 0 finished with value: 0.11666805689032897 and parameters: {'hidden_dim': 148, 'num_layers': 2, 'dropout': 0.2361, 'lr': 0.0008475, 'weight_decay': 0.0005}. Best is trial 0 with value: 0.11666805689032897.
[I 2026-10-10 12:34:08,679] Trial 1 finished with value: 0.041134958228730346 and parameters: {'hidden_dim': 128, 'num_layers': 3, 'dropout': 0.1624074561769746, 'lr': 0.00020511104188433984, 'weight_decay': 1.3066739238053272e-05}. Best is trial 0 with value: 0.11666805689032897.
[I 2026-10-10 12:34:12,402] Trial 2 finished with value: 0.1665903718264507 and parameters: {'hidden_dim': 64, 'num_layers': 2, 'dropout': 0.4879639408647978, 'lr': 0.004622589001020831, 'weight_decay': 2.6587543983272695e-05}. Best is trial 2 with value: 0.1665903718264507.
[I 2026-10-10 12:34:19,310] Trial 3 finished with value: 0.09058541188261117 and parameters: {'hidden_dim': 148, 'num_layers': 3, 'dropout': 0.2727780074568463, 'lr': 0.0003823475224675188, 'weight_decay': 0.00016738085788752134}. Best is trial 2 with value: 0.1665903718264507.
[I 2026-10-10 12:34:24,168] Trial 4 finished with value: 0.08091481828343791 and parameters: {'hidden_dim': 148, 'num_layers': 2, 'dropout': 0.41407038455720546, 'lr': 0.00025081156860452336, 'weight_decay': 0.00010677482709481354}. Best is trial 2 with value: 0.1665903718264507.
[I 2026-10-10 12:34:26,852] Trial 5 finished with value: 0.1251565818549437 and parameters: {'hidden_dim': 148, 'num_layers': 2, 'dropout': 0.12602063719411183, 'lr': 0.007902619549708232, 'weight_decay': 0.0008536189862866829}. Best is trial 2 with value: 0.1665903718264507.
[I 2026-10-10 12:34:31,371] Trial 6 finished with value: 0.06230083870258683 and parameters: {'hidden_dim': 64, 'num_layers': 3, 'dropout': 0.27606099749584057, 'lr': 0.00017541893487450815, 'weight_decay': 9.7803370166594e-05}. Best is trial 2 with value: 0.1665903718264507.
[I 2026-10-10 12:34:37,803] Trial 7 finished with value: 0.1004793949492156 and parameters: {'hidden_dim': 128, 'num_layers': 3, 'dropout': 0.2246844304357644, 'lr': 0.001096821720752952, 'weight_decay': 0.00012399967836846095}. Best is trial 2 with value: 0.1665903718264507.
                                                Train matrix:  33%|███▎      | 1/3 [01:11<01:07]                                                Train matrix:  33%|███▎      | 1/3 [01:27<01:07]                                                Train matrix:  33%|███▎      | 1/3 [01:27<01:07]                                                Train matrix:  33%|███▎      | 1/3 [01:27<01:07]                                                Train matrix:  33%|███▎      | 1/3 [01:27<01:07]Train matrix:  67%|██████▋   | 2/3 [01:27<00:45]Train matrix:  67%|██████▋   | 2/3 [01:27<00:45]                                                Train matrix:  67%|██████▋   | 2/3 [01:27<00:45]                                                Train matrix:  67%|██████▋   | 2/3 [01:27<00:45][I 2026-10-10 12:34:53,518] A new study created in memory with name: GCN_focal_loss_pr_auc
[I 2026-10-10 12:34:55,587] Trial 0 finished with value: 0.030866391353424172 and parameters: {'hidden_dim': 148, 'num_layers': 2, 'dropout': 0.2361, 'lr': 0.0008475, 'weight_decay': 0.0005}. Best is trial 0 with value: 0.030866391353424172.
[I 2026-10-10 12:34:58,327] Trial 1 finished with value: 0.03459946146638268 and parameters: {'hidden_dim': 128, 'num_layers': 3, 'dropout': 0.1624074561769746, 'lr': 0.00020511104188433984, 'weight_decay': 1.3066739238053272e-05}. Best is trial 1 with value: 0.03459946146638268.
[I 2026-10-10 12:35:01,386] Trial 2 finished with value: 0.06980679823483592 and parameters: {'hidden_dim': 64, 'num_layers': 2, 'dropout': 0.4879639408647978, 'lr': 0.004622589001020831, 'weight_decay': 2.6587543983272695e-05}. Best is trial 2 with value: 0.06980679823483592.
[I 2026-10-10 12:35:08,305] Trial 3 finished with value: 0.04493465641312217 and parameters: {'hidden_dim': 148, 'num_layers': 3, 'dropout': 0.2727780074568463, 'lr': 0.0003823475224675188, 'weight_decay': 0.00016738085788752134}. Best is trial 2 with value: 0.06980679823483592.
[I 2026-10-10 12:35:11,750] Trial 4 finished with value: 0.03389099259495649 and parameters: {'hidden_dim': 148, 'num_layers': 2, 'dropout': 0.41407038455720546, 'lr': 0.00025081156860452336, 'weight_decay': 0.00010677482709481354}. Best is trial 2 with value: 0.06980679823483592.
[I 2026-10-10 12:35:14,247] Trial 5 finished with value: 0.08522891923741278 and parameters: {'hidden_dim': 148, 'num_layers': 2, 'dropout': 0.12602063719411183, 'lr': 0.007902619549708232, 'weight_decay': 0.0008536189862866829}. Best is trial 5 with value: 0.08522891923741278.
[I 2026-10-10 12:35:16,673] Trial 6 finished with value: 0.058500841688004394 and parameters: {'hidden_dim': 64, 'num_layers': 3, 'dropout': 0.27606099749584057, 'lr': 0.00017541893487450815, 'weight_decay': 9.7803370166594e-05}. Best is trial 5 with value: 0.08522891923741278.
[I 2026-10-10 12:35:23,053] Trial 7 finished with value: 0.038641651843882775 and parameters: {'hidden_dim': 128, 'num_layers': 3, 'dropout': 0.2246844304357644, 'lr': 0.001096821720752952, 'weight_decay': 0.00012399967836846095}. Best is trial 5 with value: 0.08522891923741278.
                                                Train matrix:  67%|██████▋   | 2/3 [01:57<00:45]                                                Train matrix:  67%|██████▋   | 2/3 [02:00<00:45]                                                Train matrix:  67%|██████▋   | 2/3 [02:00<00:45]                                                Train matrix:  67%|██████▋   | 2/3 [02:00<00:45]                                                Train matrix:  67%|██████▋   | 2/3 [02:00<00:45]Train matrix: 100%|██████████| 3/3 [02:00<00:00]Train matrix: 100%|██████████| 3/3 [02:00<00:00]

======================================================================
CONFIG: 1:200_subil_GCN_none
======================================================================
  [v4 scenario 1:200_subil | licit_unknown] illicit=664 negatives=132,803 {'licit': 26432, 'unknown': 106371} ratio=1:200.0 (subsample_seed=2026, idx sha1=9c5d7e599a)
  Optuna: 8 trials x <= 50 epochs, metric=pr_auc, warm_start=True
  Warm-start hidden_dim snapped 211→148 (config limited to [64, 128, 148])
  Warm-start trial enqueued for GCN: {'hidden_dim': 148, 'num_layers': 2, 'dropout': 0.2361, 'lr': 0.0008475, 'weight_decay': 0.0005}

  Best trial (val pr_auc=0.0586):
    hidden_dim: 64
    num_layers: 3
    dropout: 0.27606099749584057
    lr: 0.00017541893487450815
    weight_decay: 9.7803370166594e-05
  Best Optuna val pr_auc=0.0586: {'hidden_dim': 64, 'num_layers': 3, 'dropout': 0.27606099749584057, 'lr': 0.00017541893487450815, 'weight_decay': 9.7803370166594e-05}
  Epoch  10 | Train Loss: 0.5623 | Val Loss: 0.3702 | Val F1: 0.0807 | Val MCC: 0.0613 | Val PR-AUC: 0.0396
  Epoch  20 | Train Loss: 0.3061 | Val Loss: 0.2379 | Val F1: 0.0905 | Val MCC: 0.0671 | Val PR-AUC: 0.0506
  Epoch  30 | Train Loss: 0.2054 | Val Loss: 0.2059 | Val F1: 0.0669 | Val MCC: 0.0784 | Val PR-AUC: 0.0537
  Early stopping at epoch 35 (best: 15)
  Val (argmax): F1=0.0965 MCC=0.0717 PR-AUC=0.0444 | Test PR-AUC=0.0054
  Calibrated on val (t=0.50): val F1=0.0965 | test F1=0.0074 MCC=-0.0071
  Cross-label test PR-AUC: vs licit=0.0370 vs unknown=0.0063 vs all=0.0054 | unknown flagged=9.758%
  Quality gate (val F1>=0.3, val MCC>=0.15): FAILED
  Saved metadata: results_models_v4/1-200_subil_GCN_none_meta.json (34s)

======================================================================
CONFIG: 1:200_subil_GCN_class_weighting
======================================================================
  [v4 scenario 1:200_subil | licit_unknown] illicit=664 negatives=132,803 {'licit': 26432, 'unknown': 106371} ratio=1:200.0 (subsample_seed=2026, idx sha1=9c5d7e599a)
  Optuna: 8 trials x <= 50 epochs, metric=pr_auc, warm_start=True
  Warm-start hidden_dim snapped 211→148 (config limited to [64, 128, 148])
  Warm-start trial enqueued for GCN: {'hidden_dim': 148, 'num_layers': 2, 'dropout': 0.2361, 'lr': 0.0008475, 'weight_decay': 0.0005}
  Class weights: [0.5024999380111694, 100.50225830078125]
  Class weights: [0.5024999380111694, 100.50225830078125]
  Class weights: [0.5024999380111694, 100.50225830078125]
  Class weights: [0.5024999380111694, 100.50225830078125]
  Class weights: [0.5024999380111694, 100.50225830078125]
  Class weights: [0.5024999380111694, 100.50225830078125]
  Class weights: [0.5024999380111694, 100.50225830078125]
  Class weights: [0.5024999380111694, 100.50225830078125]

  Best trial (val pr_auc=0.1666):
    hidden_dim: 64
    num_layers: 2
    dropout: 0.4879639408647978
    lr: 0.004622589001020831
    weight_decay: 2.6587543983272695e-05
  Best Optuna val pr_auc=0.1666: {'hidden_dim': 64, 'num_layers': 2, 'dropout': 0.4879639408647978, 'lr': 0.004622589001020831, 'weight_decay': 2.6587543983272695e-05}
  Class weights: [0.5024999380111694, 100.50225830078125]
  Epoch  10 | Train Loss: 0.7304 | Val Loss: 0.5173 | Val F1: 0.0608 | Val MCC: 0.0793 | Val PR-AUC: 0.0710
  Epoch  20 | Train Loss: 0.4926 | Val Loss: 0.4091 | Val F1: 0.0649 | Val MCC: 0.0856 | Val PR-AUC: 0.0902
  Epoch  30 | Train Loss: 0.4103 | Val Loss: 0.4216 | Val F1: 0.0703 | Val MCC: 0.0984 | Val PR-AUC: 0.0987
  Epoch  40 | Train Loss: 0.3738 | Val Loss: 0.4548 | Val F1: 0.0731 | Val MCC: 0.1002 | Val PR-AUC: 0.1190
  Epoch  50 | Train Loss: 0.3361 | Val Loss: 0.4713 | Val F1: 0.0777 | Val MCC: 0.1075 | Val PR-AUC: 0.1392
  Epoch  60 | Train Loss: 0.3183 | Val Loss: 0.4703 | Val F1: 0.0852 | Val MCC: 0.1235 | Val PR-AUC: 0.1558
  Epoch  70 | Train Loss: 0.2913 | Val Loss: 0.5345 | Val F1: 0.0962 | Val MCC: 0.1371 | Val PR-AUC: 0.1641
  Epoch  80 | Train Loss: 0.2854 | Val Loss: 0.6046 | Val F1: 0.1094 | Val MCC: 0.1508 | Val PR-AUC: 0.1710
  Epoch  90 | Train Loss: 0.2727 | Val Loss: 0.6343 | Val F1: 0.1182 | Val MCC: 0.1623 | Val PR-AUC: 0.1767
  Epoch 100 | Train Loss: 0.2578 | Val Loss: 0.7247 | Val F1: 0.1314 | Val MCC: 0.1723 | Val PR-AUC: 0.1817
  Epoch 110 | Train Loss: 0.2420 | Val Loss: 0.7791 | Val F1: 0.1537 | Val MCC: 0.1959 | Val PR-AUC: 0.1926
  Epoch 120 | Train Loss: 0.2439 | Val Loss: 0.8161 | Val F1: 0.1581 | Val MCC: 0.1981 | Val PR-AUC: 0.1911
  Epoch 130 | Train Loss: 0.2314 | Val Loss: 0.8639 | Val F1: 0.1642 | Val MCC: 0.2023 | Val PR-AUC: 0.1923
  Epoch 140 | Train Loss: 0.2277 | Val Loss: 0.9414 | Val F1: 0.1674 | Val MCC: 0.1976 | Val PR-AUC: 0.1857
  Epoch 150 | Train Loss: 0.2267 | Val Loss: 0.9710 | Val F1: 0.1704 | Val MCC: 0.1993 | Val PR-AUC: 0.1920
  Val (argmax): F1=0.1723 MCC=0.1990 PR-AUC=0.1898 | Test PR-AUC=0.0046
  Calibrated on val (t=0.75): val F1=0.2671 | test F1=0.0051 MCC=-0.0047
  Cross-label test PR-AUC: vs licit=0.0256 vs unknown=0.0056 vs all=0.0046 | unknown flagged=2.035%
  Quality gate (val F1>=0.3, val MCC>=0.15): FAILED
  Saved metadata: results_models_v4/1-200_subil_GCN_class_weighting_meta.json (54s)

======================================================================
CONFIG: 1:200_subil_GCN_focal_loss
======================================================================
  [v4 scenario 1:200_subil | licit_unknown] illicit=664 negatives=132,803 {'licit': 26432, 'unknown': 106371} ratio=1:200.0 (subsample_seed=2026, idx sha1=9c5d7e599a)
  Optuna: 8 trials x <= 50 epochs, metric=pr_auc, warm_start=True
  Warm-start hidden_dim snapped 211→148 (config limited to [64, 128, 148])
  Warm-start trial enqueued for GCN: {'hidden_dim': 148, 'num_layers': 2, 'dropout': 0.2361, 'lr': 0.0008475, 'weight_decay': 0.0005}
  Focal Loss: gamma=2.0, alpha=0.75
  Focal Loss: gamma=2.0, alpha=0.75
  Focal Loss: gamma=2.0, alpha=0.75
  Focal Loss: gamma=2.0, alpha=0.75
  Focal Loss: gamma=2.0, alpha=0.75
  Focal Loss: gamma=2.0, alpha=0.75
  Focal Loss: gamma=2.0, alpha=0.75
  Focal Loss: gamma=2.0, alpha=0.75

  Best trial (val pr_auc=0.0852):
    hidden_dim: 148
    num_layers: 2
    dropout: 0.12602063719411183
    lr: 0.007902619549708232
    weight_decay: 0.0008536189862866829
  Best Optuna val pr_auc=0.0852: {'hidden_dim': 148, 'num_layers': 2, 'dropout': 0.12602063719411183, 'lr': 0.007902619549708232, 'weight_decay': 0.0008536189862866829}
  Focal Loss: gamma=2.0, alpha=0.75
  Epoch  10 | Train Loss: 0.1252 | Val Loss: 0.6619 | Val F1: 0.0000 | Val MCC: 0.0000 | Val PR-AUC: 0.0313
  Epoch  20 | Train Loss: 0.1084 | Val Loss: 0.4729 | Val F1: 0.0000 | Val MCC: 0.0000 | Val PR-AUC: 0.0351
  Early stopping at epoch 21 (best: 1)
  Val (argmax): F1=0.0119 MCC=0.0129 PR-AUC=0.0310 | Test PR-AUC=0.0051
  Calibrated on val (t=0.15): val F1=0.0594 | test F1=0.0036 MCC=-0.0137
  Cross-label test PR-AUC: vs licit=0.0391 vs unknown=0.0059 vs all=0.0051 | unknown flagged=8.175%
  Quality gate (val F1>=0.3, val MCC>=0.15): FAILED
  Saved metadata: results_models_v4/1-200_subil_GCN_focal_loss_meta.json (33s)

======================================================================
TRAIN MATRIX SUMMARY
======================================================================
  Passed (val F1>=0.3, MCC>=0.15): 0
  Failed quality gate:                        3
    - 1:200_subil_GCN_none
    - 1:200_subil_GCN_class_weighting
    - 1:200_subil_GCN_focal_loss
  Errors (OOM / timeout / exception):         0

  Total time: 0.03 h
  Checkpoints + metadata in: results_models_v4
  Progress log: runs_v4/progress.jsonl
