Device: cuda | config configs/experiment_v4.yaml (version v4, sha256 6ce9fd4dc4e8)
  MLflow experiment: xai-gnn-stability-v4
  Tracking URI: sqlite:///mlruns.db

======================================================================
LOADING ELLIPTIC DATASET
======================================================================
============================================================
Elliptic Bitcoin Dataset Statistics
============================================================
Total nodes:      203,769
Total edges:      234,355
Node features:    165
Labeled nodes:    46,564
  Licit (0):      42,019
  Illicit (1):    4,545
  Unknown (-1):   157,205
Illicit ratio:    0.0976
============================================================
  Label mode: licit_unknown (negatives = licit + unknown)
Preprocessing Elliptic dataset...
Creating time-based splits:
  Train: 136,265 nodes (3,462 illicit, 132,803 licit, ratio 1:38.4)
  Val  : 37,820 nodes (914 illicit, 36,906 licit, ratio 1:40.4)
  Test : 29,684 nodes (169 illicit, 29,515 licit, ratio 1:174.6)
  Split counts validated against the official Elliptic release.
Normalizing features (fit on every node of the train timesteps):
  Features normalized (RobustScaler + clip[-10,10]): mean~0.7023, std~2.3916, clipped=4.69% of values
Preprocessing complete.
  Data loaded + validated in 2.1s: {'train': {'illicit': 3462, 'licit': 132803}, 'val': {'illicit': 914, 'licit': 36906}, 'test': {'illicit': 169, 'licit': 29515}}

Training matrix: 3 configs (1 seed(s): 42)
Train matrix:   0%|          | 0/3 [00:00<?]Train matrix:   0%|          | 0/3 [00:00<?]                                            Train matrix:   0%|          | 0/3 [00:00<?]                                            Train matrix:   0%|          | 0/3 [00:00<?][I 2026-10-10 07:49:58,769] A new study created in memory with name: TAGCN_none_pr_auc
[I 2026-10-10 07:50:07,613] Trial 0 finished with value: 0.05957012948455642 and parameters: {'hidden_dim': 148, 'num_layers': 2, 'dropout': 0.3, 'lr': 0.0008475, 'weight_decay': 0.0005, 'K': 3}. Best is trial 0 with value: 0.05957012948455642.
[I 2026-10-10 07:50:21,524] Trial 1 finished with value: 0.03323106491690073 and parameters: {'hidden_dim': 128, 'num_layers': 3, 'dropout': 0.1624074561769746, 'lr': 0.00020511104188433984, 'weight_decay': 1.3066739238053272e-05, 'K': 4}. Best is trial 0 with value: 0.05957012948455642.
[I 2026-10-10 07:50:30,429] Trial 2 finished with value: 0.0329309216392693 and parameters: {'hidden_dim': 128, 'num_layers': 3, 'dropout': 0.4329770563201687, 'lr': 0.00026587543983272726, 'weight_decay': 2.3102018878452926e-05, 'K': 2}. Best is trial 0 with value: 0.05957012948455642.
[I 2026-10-10 07:50:34,842] Trial 3 finished with value: 0.03005721245505657 and parameters: {'hidden_dim': 128, 'num_layers': 2, 'dropout': 0.34474115788895177, 'lr': 0.00019010245319870352, 'weight_decay': 3.8396292998041685e-05, 'K': 3}. Best is trial 0 with value: 0.05957012948455642.
[I 2026-10-10 07:50:37,849] Trial 4 finished with value: 0.04586651029297314 and parameters: {'hidden_dim': 128, 'num_layers': 3, 'dropout': 0.33696582754481696, 'lr': 0.0001238513729886094, 'weight_decay': 0.000164092867306479, 'K': 2}. Best is trial 0 with value: 0.05957012948455642.
[I 2026-10-10 07:50:41,640] Trial 5 finished with value: 0.04073138580823657 and parameters: {'hidden_dim': 148, 'num_layers': 3, 'dropout': 0.2218455076693483, 'lr': 0.0001567993391672301, 'weight_decay': 0.000233596350262616, 'K': 3}. Best is trial 0 with value: 0.05957012948455642.
[I 2026-10-10 07:50:52,127] Trial 6 finished with value: 0.22320030574854557 and parameters: {'hidden_dim': 128, 'num_layers': 3, 'dropout': 0.20351199264000677, 'lr': 0.0021137059440645744, 'weight_decay': 4.201672054372529e-05, 'K': 3}. Best is trial 6 with value: 0.22320030574854557.
[I 2026-10-10 07:51:07,824] Trial 7 finished with value: 0.20431141820205043 and parameters: {'hidden_dim': 148, 'num_layers': 3, 'dropout': 0.4757995766256756, 'lr': 0.006161049539380964, 'weight_decay': 0.0001569639638866114, 'K': 4}. Best is trial 6 with value: 0.22320030574854557.
                                            Train matrix:   0%|          | 0/3 [01:09<?]                                            Train matrix:   0%|          | 0/3 [01:15<?]                                            Train matrix:   0%|          | 0/3 [01:15<?]                                            Train matrix:   0%|          | 0/3 [01:15<?]                                            Train matrix:   0%|          | 0/3 [01:15<?]Train matrix:  33%|███▎      | 1/3 [01:15<02:30]Train matrix:  33%|███▎      | 1/3 [01:15<02:30]                                                Train matrix:  33%|███▎      | 1/3 [01:15<02:30]                                                Train matrix:  33%|███▎      | 1/3 [01:15<02:30][I 2026-10-10 07:51:14,242] A new study created in memory with name: TAGCN_class_weighting_pr_auc
[I 2026-10-10 07:51:23,426] Trial 0 finished with value: 0.3464607036770967 and parameters: {'hidden_dim': 148, 'num_layers': 2, 'dropout': 0.3, 'lr': 0.0008475, 'weight_decay': 0.0005, 'K': 3}. Best is trial 0 with value: 0.3464607036770967.
[I 2026-10-10 07:51:38,236] Trial 1 finished with value: 0.14229140299600418 and parameters: {'hidden_dim': 128, 'num_layers': 3, 'dropout': 0.1624074561769746, 'lr': 0.00020511104188433984, 'weight_decay': 1.3066739238053272e-05, 'K': 4}. Best is trial 0 with value: 0.3464607036770967.
[I 2026-10-10 07:51:47,922] Trial 2 finished with value: 0.1906635592908563 and parameters: {'hidden_dim': 128, 'num_layers': 3, 'dropout': 0.4329770563201687, 'lr': 0.00026587543983272726, 'weight_decay': 2.3102018878452926e-05, 'K': 2}. Best is trial 0 with value: 0.3464607036770967.
[I 2026-10-10 07:51:56,232] Trial 3 finished with value: 0.17996736938562896 and parameters: {'hidden_dim': 128, 'num_layers': 2, 'dropout': 0.34474115788895177, 'lr': 0.00019010245319870352, 'weight_decay': 3.8396292998041685e-05, 'K': 3}. Best is trial 0 with value: 0.3464607036770967.
[I 2026-10-10 07:52:05,587] Trial 4 finished with value: 0.08907568725737425 and parameters: {'hidden_dim': 128, 'num_layers': 3, 'dropout': 0.33696582754481696, 'lr': 0.0001238513729886094, 'weight_decay': 0.000164092867306479, 'K': 2}. Best is trial 0 with value: 0.3464607036770967.
[I 2026-10-10 07:52:14,881] Trial 5 finished with value: 0.11681331358920309 and parameters: {'hidden_dim': 148, 'num_layers': 3, 'dropout': 0.2218455076693483, 'lr': 0.0001567993391672301, 'weight_decay': 0.000233596350262616, 'K': 3}. Best is trial 0 with value: 0.3464607036770967.
[I 2026-10-10 07:52:21,675] Trial 6 finished with value: 0.40379555040754983 and parameters: {'hidden_dim': 128, 'num_layers': 3, 'dropout': 0.20351199264000677, 'lr': 0.0021137059440645744, 'weight_decay': 4.201672054372529e-05, 'K': 3}. Best is trial 6 with value: 0.40379555040754983.
[I 2026-10-10 07:52:29,511] Trial 7 finished with value: 0.3463041071685038 and parameters: {'hidden_dim': 148, 'num_layers': 3, 'dropout': 0.4757995766256756, 'lr': 0.006161049539380964, 'weight_decay': 0.0001569639638866114, 'K': 4}. Best is trial 6 with value: 0.40379555040754983.
                                                Train matrix:  33%|███▎      | 1/3 [02:30<02:30]                                                Train matrix:  33%|███▎      | 1/3 [03:11<02:30]                                                Train matrix:  33%|███▎      | 1/3 [03:12<02:30]                                                Train matrix:  33%|███▎      | 1/3 [03:12<02:30]                                                Train matrix:  33%|███▎      | 1/3 [03:12<02:30]Train matrix:  67%|██████▋   | 2/3 [03:12<01:39]Train matrix:  67%|██████▋   | 2/3 [03:12<01:39]                                                Train matrix:  67%|██████▋   | 2/3 [03:12<01:39]                                                Train matrix:  67%|██████▋   | 2/3 [03:12<01:39][I 2026-10-10 07:53:11,094] A new study created in memory with name: TAGCN_focal_loss_pr_auc
[I 2026-10-10 07:53:19,984] Trial 0 finished with value: 0.22416460113648642 and parameters: {'hidden_dim': 148, 'num_layers': 2, 'dropout': 0.3, 'lr': 0.0008475, 'weight_decay': 0.0005, 'K': 3}. Best is trial 0 with value: 0.22416460113648642.
[I 2026-10-10 07:53:33,989] Trial 1 finished with value: 0.05080017260059503 and parameters: {'hidden_dim': 128, 'num_layers': 3, 'dropout': 0.1624074561769746, 'lr': 0.00020511104188433984, 'weight_decay': 1.3066739238053272e-05, 'K': 4}. Best is trial 0 with value: 0.22416460113648642.
[I 2026-10-10 07:53:43,596] Trial 2 finished with value: 0.0587429767975134 and parameters: {'hidden_dim': 128, 'num_layers': 3, 'dropout': 0.4329770563201687, 'lr': 0.00026587543983272726, 'weight_decay': 2.3102018878452926e-05, 'K': 2}. Best is trial 0 with value: 0.22416460113648642.
[I 2026-10-10 07:53:52,429] Trial 3 finished with value: 0.03930539226356055 and parameters: {'hidden_dim': 128, 'num_layers': 2, 'dropout': 0.34474115788895177, 'lr': 0.00019010245319870352, 'weight_decay': 3.8396292998041685e-05, 'K': 3}. Best is trial 0 with value: 0.22416460113648642.
[I 2026-10-10 07:53:55,720] Trial 4 finished with value: 0.04548657866687532 and parameters: {'hidden_dim': 128, 'num_layers': 3, 'dropout': 0.33696582754481696, 'lr': 0.0001238513729886094, 'weight_decay': 0.000164092867306479, 'K': 2}. Best is trial 0 with value: 0.22416460113648642.
[I 2026-10-10 07:53:59,793] Trial 5 finished with value: 0.04162185078632601 and parameters: {'hidden_dim': 148, 'num_layers': 3, 'dropout': 0.2218455076693483, 'lr': 0.0001567993391672301, 'weight_decay': 0.000233596350262616, 'K': 3}. Best is trial 0 with value: 0.22416460113648642.
[I 2026-10-10 07:54:11,873] Trial 6 finished with value: 0.34068803915999685 and parameters: {'hidden_dim': 128, 'num_layers': 3, 'dropout': 0.20351199264000677, 'lr': 0.0021137059440645744, 'weight_decay': 4.201672054372529e-05, 'K': 3}. Best is trial 6 with value: 0.34068803915999685.
