[I 2026-09-28 23:28:46,311] Trial 7 finished with value: 0.08766019238351741 and parameters: {'hidden_dim': 128, 'num_layers': 3, 'dropout': 0.2246844304357644, 'lr': 0.001096821720752952, 'weight_decay': 0.00012399967836846095}. Best is trial 2 with value: 0.1570781183278976.
  SKIP (resume — native_GCN_none_meta.json exists): native_GCN_none
  SKIP (resume — native_GCN_class_weighting_meta.json exists): native_GCN_class_weighting
  SKIP (resume — native_GCN_focal_loss_meta.json exists): native_GCN_focal_loss

======================================================================
CONFIG: 1:10_GCN_none
======================================================================
  [v4 scenario 1:10 | licit_unknown] illicit=3,462 negatives=34,620 {'licit': 6890, 'unknown': 27730} ratio=1:10.0 (subsample_seed=2026, idx sha1=c5923cc170)
  Optuna: 8 trials x <= 50 epochs, metric=pr_auc, warm_start=True
  Warm-start hidden_dim snapped 211→148 (config limited to [64, 128, 148])
  Warm-start trial enqueued for GCN: {'hidden_dim': 148, 'num_layers': 2, 'dropout': 0.2361, 'lr': 0.0008475, 'weight_decay': 0.0005}

  Best trial (val pr_auc=0.1172):
    hidden_dim: 148
    num_layers: 2
    dropout: 0.12602063719411183
    lr: 0.007902619549708232
    weight_decay: 0.0008536189862866829
  Best Optuna val pr_auc=0.1172: {'hidden_dim': 148, 'num_layers': 2, 'dropout': 0.12602063719411183, 'lr': 0.007902619549708232, 'weight_decay': 0.0008536189862866829}
  Epoch  10 | Train Loss: 1.2040 | Val Loss: 0.2950 | Val F1: 0.1233 | Val MCC: 0.1134 | Val PR-AUC: 0.0679
  Epoch  20 | Train Loss: 0.4171 | Val Loss: 0.4902 | Val F1: 0.0953 | Val MCC: 0.1142 | Val PR-AUC: 0.0900
  Epoch  30 | Train Loss: 0.3008 | Val Loss: 0.3905 | Val F1: 0.1487 | Val MCC: 0.1394 | Val PR-AUC: 0.0836
  Epoch  40 | Train Loss: 0.2409 | Val Loss: 0.1488 | Val F1: 0.0216 | Val MCC: 0.0939 | Val PR-AUC: 0.0755
  Early stopping at epoch 49 (best: 29)
  Val (argmax): F1=0.1527 MCC=0.1558 PR-AUC=0.0869 | Test PR-AUC=0.0277
  Calibrated on val (t=0.54): val F1=0.1620 | test F1=0.0579 MCC=0.0933
  Cross-label test PR-AUC: vs licit=0.1767 vs unknown=0.0318 vs all=0.0277 | unknown flagged=6.840%
  Quality gate (val F1>=0.3, val MCC>=0.15): FAILED
  Saved metadata: results_models_v4/1-10_GCN_none_meta.json (34s)

======================================================================
CONFIG: 1:10_GCN_class_weighting
======================================================================
  [v4 scenario 1:10 | licit_unknown] illicit=3,462 negatives=34,620 {'licit': 6890, 'unknown': 27730} ratio=1:10.0 (subsample_seed=2026, idx sha1=c5923cc170)
  Optuna: 8 trials x <= 50 epochs, metric=pr_auc, warm_start=True
  Warm-start hidden_dim snapped 211→148 (config limited to [64, 128, 148])
  Warm-start trial enqueued for GCN: {'hidden_dim': 148, 'num_layers': 2, 'dropout': 0.2361, 'lr': 0.0008475, 'weight_decay': 0.0005}
  Class weights: [0.550000011920929, 5.5]
  Class weights: [0.550000011920929, 5.5]
  Class weights: [0.550000011920929, 5.5]
  Class weights: [0.550000011920929, 5.5]
  Class weights: [0.550000011920929, 5.5]
  Class weights: [0.550000011920929, 5.5]
  Class weights: [0.550000011920929, 5.5]
  Class weights: [0.550000011920929, 5.5]

  Best trial (val pr_auc=0.1705):
    hidden_dim: 64
    num_layers: 2
    dropout: 0.4879639408647978
    lr: 0.004622589001020831
    weight_decay: 2.6587543983272695e-05
  Best Optuna val pr_auc=0.1705: {'hidden_dim': 64, 'num_layers': 2, 'dropout': 0.4879639408647978, 'lr': 0.004622589001020831, 'weight_decay': 2.6587543983272695e-05}
  Class weights: [0.550000011920929, 5.5]
  Epoch  10 | Train Loss: 0.7456 | Val Loss: 1.9474 | Val F1: 0.0614 | Val MCC: 0.0823 | Val PR-AUC: 0.0695
  Epoch  20 | Train Loss: 0.5239 | Val Loss: 1.0059 | Val F1: 0.0638 | Val MCC: 0.0831 | Val PR-AUC: 0.0870
  Epoch  30 | Train Loss: 0.4490 | Val Loss: 0.7347 | Val F1: 0.0728 | Val MCC: 0.1034 | Val PR-AUC: 0.0994
  Epoch  40 | Train Loss: 0.4009 | Val Loss: 0.6773 | Val F1: 0.0759 | Val MCC: 0.1089 | Val PR-AUC: 0.1313
  Epoch  50 | Train Loss: 0.3717 | Val Loss: 0.6544 | Val F1: 0.0805 | Val MCC: 0.1166 | Val PR-AUC: 0.1486
  Epoch  60 | Train Loss: 0.3571 | Val Loss: 0.6170 | Val F1: 0.0895 | Val MCC: 0.1327 | Val PR-AUC: 0.1603
  Epoch  70 | Train Loss: 0.3404 | Val Loss: 0.5877 | Val F1: 0.0979 | Val MCC: 0.1456 | Val PR-AUC: 0.1777
  Epoch  80 | Train Loss: 0.3291 | Val Loss: 0.5564 | Val F1: 0.1088 | Val MCC: 0.1573 | Val PR-AUC: 0.1808
  Epoch  90 | Train Loss: 0.3211 | Val Loss: 0.5250 | Val F1: 0.1261 | Val MCC: 0.1798 | Val PR-AUC: 0.1939
  Epoch 100 | Train Loss: 0.3088 | Val Loss: 0.5005 | Val F1: 0.1403 | Val MCC: 0.1947 | Val PR-AUC: 0.2022
  Epoch 110 | Train Loss: 0.2938 | Val Loss: 0.4844 | Val F1: 0.1506 | Val MCC: 0.2065 | Val PR-AUC: 0.2126
  Epoch 120 | Train Loss: 0.2972 | Val Loss: 0.4610 | Val F1: 0.1659 | Val MCC: 0.2187 | Val PR-AUC: 0.2120
  Epoch 130 | Train Loss: 0.2869 | Val Loss: 0.4505 | Val F1: 0.1727 | Val MCC: 0.2264 | Val PR-AUC: 0.2157
  Epoch 140 | Train Loss: 0.2832 | Val Loss: 0.4267 | Val F1: 0.1893 | Val MCC: 0.2389 | Val PR-AUC: 0.2183
  Epoch 150 | Train Loss: 0.2755 | Val Loss: 0.4253 | Val F1: 0.1887 | Val MCC: 0.2395 | Val PR-AUC: 0.2222
  Val (argmax): F1=0.1901 MCC=0.2397 PR-AUC=0.2191 | Test PR-AUC=0.0055
  Calibrated on val (t=0.82): val F1=0.2854 | test F1=0.0084 MCC=0.0012
  Cross-label test PR-AUC: vs licit=0.0277 vs unknown=0.0068 vs all=0.0055 | unknown flagged=0.991%
  Quality gate (val F1>=0.3, val MCC>=0.15): FAILED
  Saved metadata: results_models_v4/1-10_GCN_class_weighting_meta.json (46s)

======================================================================
CONFIG: 1:10_GCN_focal_loss
======================================================================
  [v4 scenario 1:10 | licit_unknown] illicit=3,462 negatives=34,620 {'licit': 6890, 'unknown': 27730} ratio=1:10.0 (subsample_seed=2026, idx sha1=c5923cc170)
  Optuna: 8 trials x <= 50 epochs, metric=pr_auc, warm_start=True
  Warm-start hidden_dim snapped 211→148 (config limited to [64, 128, 148])
  Warm-start trial enqueued for GCN: {'hidden_dim': 148, 'num_layers': 2, 'dropout': 0.2361, 'lr': 0.0008475, 'weight_decay': 0.0005}
  Focal Loss: gamma=2.0, alpha=0.75
  Focal Loss: gamma=2.0, alpha=0.75
  Focal Loss: gamma=2.0, alpha=0.75
  Focal Loss: gamma=2.0, alpha=0.75
  Focal Loss: gamma=2.0, alpha=0.75
  Focal Loss: gamma=2.0, alpha=0.75
  Focal Loss: gamma=2.0, alpha=0.75
  Focal Loss: gamma=2.0, alpha=0.75

  Best trial (val pr_auc=0.1173):
    hidden_dim: 148
    num_layers: 2
    dropout: 0.12602063719411183
    lr: 0.007902619549708232
    weight_decay: 0.0008536189862866829
  Best Optuna val pr_auc=0.1173: {'hidden_dim': 148, 'num_layers': 2, 'dropout': 0.12602063719411183, 'lr': 0.007902619549708232, 'weight_decay': 0.0008536189862866829}
  Focal Loss: gamma=2.0, alpha=0.75
  Epoch  10 | Train Loss: 0.1695 | Val Loss: 0.2914 | Val F1: 0.0727 | Val MCC: 0.1055 | Val PR-AUC: 0.0823
  Epoch  20 | Train Loss: 0.0563 | Val Loss: 0.0325 | Val F1: 0.1636 | Val MCC: 0.1777 | Val PR-AUC: 0.1159
  Epoch  30 | Train Loss: 0.0330 | Val Loss: 0.0320 | Val F1: 0.1123 | Val MCC: 0.1138 | Val PR-AUC: 0.0586
  Epoch  40 | Train Loss: 0.0293 | Val Loss: 0.0240 | Val F1: 0.1385 | Val MCC: 0.1248 | Val PR-AUC: 0.0718
  Early stopping at epoch 43 (best: 23)
  Val (argmax): F1=0.2083 MCC=0.1917 PR-AUC=0.1147 | Test PR-AUC=0.0107
  Calibrated on val (t=0.50): val F1=0.2083 | test F1=0.0452 MCC=0.0534
  Cross-label test PR-AUC: vs licit=0.0895 vs unknown=0.0120 vs all=0.0107 | unknown flagged=4.283%
  Quality gate (val F1>=0.3, val MCC>=0.15): FAILED
  Saved metadata: results_models_v4/1-10_GCN_focal_loss_meta.json (29s)

======================================================================
CONFIG: 1:1_GCN_none
======================================================================
  [v4 scenario 1:1 | licit_unknown] illicit=3,462 negatives=3,462 {'licit': 689, 'unknown': 2773} ratio=1:1.0 (subsample_seed=2026, idx sha1=9138b6a816)
  Optuna: 8 trials x <= 50 epochs, metric=pr_auc, warm_start=True
  Warm-start hidden_dim snapped 211→148 (config limited to [64, 128, 148])
  Warm-start trial enqueued for GCN: {'hidden_dim': 148, 'num_layers': 2, 'dropout': 0.2361, 'lr': 0.0008475, 'weight_decay': 0.0005}

  Best trial (val pr_auc=0.1571):
    hidden_dim: 64
    num_layers: 2
    dropout: 0.4879639408647978
    lr: 0.004622589001020831
    weight_decay: 2.6587543983272695e-05                                                 Train matrix:  50%|█████     | 6/12 [02:18<02:06]                                                 Train matrix:  50%|█████     | 6/12 [02:32<02:06]                                                 Train matrix:  50%|█████     | 6/12 [02:32<02:06]                                                 Train matrix:  50%|█████     | 6/12 [02:32<02:06]                                                 Train matrix:  50%|█████     | 6/12 [02:32<02:06]Train matrix:  58%|█████▊    | 7/12 [02:32<02:17]Train matrix:  58%|█████▊    | 7/12 [02:32<02:17]                                                 Train matrix:  58%|█████▊    | 7/12 [02:32<02:17]                                                 Train matrix:  58%|█████▊    | 7/12 [02:32<02:17][I 2026-09-28 23:28:59,822] A new study created in memory with name: GCN_class_weighting_pr_auc
[I 2026-09-28 23:29:03,988] Trial 0 finished with value: 0.11792269711671356 and parameters: {'hidden_dim': 148, 'num_layers': 2, 'dropout': 0.2361, 'lr': 0.0008475, 'weight_decay': 0.0005}. Best is trial 0 with value: 0.11792269711671356.
[I 2026-09-28 23:29:07,633] Trial 1 finished with value: 0.0427576339215823 and parameters: {'hidden_dim': 128, 'num_layers': 3, 'dropout': 0.1624074561769746, 'lr': 0.00020511104188433984, 'weight_decay': 1.3066739238053272e-05}. Best is trial 0 with value: 0.11792269711671356.
[I 2026-09-28 23:29:10,682] Trial 2 finished with value: 0.15707735949285836 and parameters: {'hidden_dim': 64, 'num_layers': 2, 'dropout': 0.4879639408647978, 'lr': 0.004622589001020831, 'weight_decay': 2.6587543983272695e-05}. Best is trial 2 with value: 0.15707735949285836.
[I 2026-09-28 23:29:16,817] Trial 3 finished with value: 0.10631235422748662 and parameters: {'hidden_dim': 148, 'num_layers': 3, 'dropout': 0.2727780074568463, 'lr': 0.0003823475224675188, 'weight_decay': 0.00016738085788752134}. Best is trial 2 with value: 0.15707735949285836.
[I 2026-09-28 23:29:20,990] Trial 4 finished with value: 0.08010208591495127 and parameters: {'hidden_dim': 148, 'num_layers': 2, 'dropout': 0.41407038455720546, 'lr': 0.00025081156860452336, 'weight_decay': 0.00010677482709481354}. Best is trial 2 with value: 0.15707735949285836.
[I 2026-09-28 23:29:23,256] Trial 5 finished with value: 0.11520994335875308 and parameters: {'hidden_dim': 148, 'num_layers': 2, 'dropout': 0.12602063719411183, 'lr': 0.007902619549708232, 'weight_decay': 0.0008536189862866829}. Best is trial 2 with value: 0.15707735949285836.
[I 2026-09-28 23:29:27,147] Trial 6 finished with value: 0.06310188899074898 and parameters: {'hidden_dim': 64, 'num_layers': 3, 'dropout': 0.27606099749584057, 'lr': 0.00017541893487450815, 'weight_decay': 9.7803370166594e-05}. Best is trial 2 with value: 0.15707735949285836.
[I 2026-09-28 23:29:30,253] Trial 7 finished with value: 0.0876602006050645 and parameters: {'hidden_dim': 128, 'num_layers': 3, 'dropout': 0.2246844304357644, 'lr': 0.001096821720752952, 'weight_decay': 0.00012399967836846095}. Best is trial 2 with value: 0.15707735949285836.
                                                 Train matrix:  58%|█████▊    | 7/12 [03:02<02:17]                                                 Train matrix:  58%|█████▊    | 7/12 [03:15<02:17]                                                 Train matrix:  58%|█████▊    | 7/12 [03:16<02:17]                                                 Train matrix:  58%|█████▊    | 7/12 [03:16<02:17]                                                 Train matrix:  58%|█████▊    | 7/12 [03:16<02:17]Train matrix:  67%|██████▋   | 8/12 [03:16<02:08]Train matrix:  67%|██████▋   | 8/12 [03:16<02:08]                                                 Train matrix:  67%|██████▋   | 8/12 [03:16<02:08]                                                 Train matrix:  67%|██████▋   | 8/12 [03:16<02:08][I 2026-09-28 23:29:43,687] A new study created in memory with name: GCN_focal_loss_pr_auc
[I 2026-09-28 23:29:47,856] Trial 0 finished with value: 0.10009594773652164 and parameters: {'hidden_dim': 148, 'num_layers': 2, 'dropout': 0.2361, 'lr': 0.0008475, 'weight_decay': 0.0005}. Best is trial 0 with value: 0.10009594773652164.
[I 2026-09-28 23:29:50,304] Trial 1 finished with value: 0.03345648568644729 and parameters: {'hidden_dim': 128, 'num_layers': 3, 'dropout': 0.1624074561769746, 'lr': 0.00020511104188433984, 'weight_decay': 1.3066739238053272e-05}. Best is trial 0 with value: 0.10009594773652164.
[I 2026-09-28 23:29:53,358] Trial 2 finished with value: 0.11565868605726833 and parameters: {'hidden_dim': 64, 'num_layers': 2, 'dropout': 0.4879639408647978, 'lr': 0.004622589001020831, 'weight_decay': 2.6587543983272695e-05}. Best is trial 2 with value: 0.11565868605726833.
[I 2026-09-28 23:29:56,939] Trial 3 finished with value: 0.0517233352753104 and parameters: {'hidden_dim': 148, 'num_layers': 3, 'dropout': 0.2727780074568463, 'lr': 0.0003823475224675188, 'weight_decay': 0.00016738085788752134}. Best is trial 2 with value: 0.11565868605726833.
[I 2026-09-28 23:30:01,099] Trial 4 finished with value: 0.06346866923441401 and parameters: {'hidden_dim': 148, 'num_layers': 2, 'dropout': 0.41407038455720546, 'lr': 0.00025081156860452336, 'weight_decay': 0.00010677482709481354}. Best is trial 2 with value: 0.11565868605726833.
[I 2026-09-28 23:30:02,124] Trial 5 finished with value: 0.12426120532551707 and parameters: {'hidden_dim': 148, 'num_layers': 2, 'dropout': 0.12602063719411183, 'lr': 0.007902619549708232, 'weight_decay': 0.0008536189862866829}. Best is trial 5 with value: 0.12426120532551707.
[I 2026-09-28 23:30:03,008] Trial 6 finished with value: 0.044848060101408876 and parameters: {'hidden_dim': 64, 'num_layers': 3, 'dropout': 0.27606099749584057, 'lr': 0.00017541893487450815, 'weight_decay': 9.7803370166594e-05}. Best is trial 5 with value: 0.12426120532551707.
[I 2026-09-28 23:30:05,351] Trial 7 finished with value: 0.0669883589093385 and parameters: {'hidden_dim': 128, 'num_layers': 3, 'dropout': 0.2246844304357644, 'lr': 0.001096821720752952, 'weight_decay': 0.00012399967836846095}. Best is trial 5 with value: 0.12426120532551707.
                                                 Train matrix:  67%|██████▋   | 8/12 [03:37<02:08]                                                 Train matrix:  67%|██████▋   | 8/12 [03:40<02:08]                                                 Train matrix:  67%|██████▋   | 8/12 [03:40<02:08]                                                 Train matrix:  67%|██████▋   | 8/12 [03:40<02:08]                                                 Train matrix:  67%|██████▋   | 8/12 [03:40<02:08]Train matrix:  75%|███████▌  | 9/12 [03:40<01:29]Train matrix:  75%|███████▌  | 9/12 [03:40<01:29]                                                 Train matrix:  75%|███████▌  | 9/12 [03:40<01:29]                                                 Train matrix:  75%|███████▌  | 9/12 [03:40<01:29][I 2026-09-28 23:30:08,286] A new study created in memory with name: GCN_none_pr_auc
[I 2026-09-28 23:30:12,346] Trial 0 finished with value: 0.10171171374243236 and parameters: {'hidden_dim': 148, 'num_layers': 2, 'dropout': 0.2361, 'lr': 0.0008475, 'weight_decay': 0.0005}. Best is trial 0 with value: 0.10171171374243236.
[I 2026-09-28 23:30:14,612] Trial 1 finished with value: 0.034705325644769525 and parameters: {'hidden_dim': 128, 'num_layers': 3, 'dropout': 0.1624074561769746, 'lr': 0.00020511104188433984, 'weight_decay': 1.3066739238053272e-05}. Best is trial 0 with value: 0.10171171374243236.
[I 2026-09-28 23:30:16,246] Trial 2 finished with value: 0.0928673603577341 and parameters: {'hidden_dim': 64, 'num_layers': 2, 'dropout': 0.4879639408647978, 'lr': 0.004622589001020831, 'weight_decay': 2.6587543983272695e-05}. Best is trial 0 with value: 0.10171171374243236.
[I 2026-09-28 23:30:22,160] Trial 3 finished with value: 0.09457995163438807 and parameters: {'hidden_dim': 148, 'num_layers': 3, 'dropout': 0.2727780074568463, 'lr': 0.0003823475224675188, 'weight_decay': 0.00016738085788752134}. Best is trial 0 with value: 0.10171171374243236.
[I 2026-09-28 23:30:26,218] Trial 4 finished with value: 0.0518475047227606 and parameters: {'hidden_dim': 148, 'num_layers': 2, 'dropout': 0.41407038455720546, 'lr': 0.00025081156860452336, 'weight_decay': 0.00010677482709481354}. Best is trial 0 with value: 0.10171171374243236.
[I 2026-09-28 23:30:27,860] Trial 5 finished with value: 0.11884058410646683 and parameters: {'hidden_dim': 148, 'num_layers': 2, 'dropout': 0.12602063719411183, 'lr': 0.007902619549708232, 'weight_decay': 0.0008536189862866829}. Best is trial 5 with value: 0.11884058410646683.
[I 2026-09-28 23:30:29,842] Trial 6 finished with value: 0.05857558640369964 and parameters: {'hidden_dim': 64, 'num_layers': 3, 'dropout': 0.27606099749584057, 'lr': 0.00017541893487450815, 'weight_decay': 9.7803370166594e-05}. Best is trial 5 with value: 0.11884058410646683.
