[I 2026-09-28 23:34:49,779] Trial 7 finished with value: 0.3827676927712092 and parameters: {'hidden_dim': 128, 'num_layers': 3, 'dropout': 0.2246844304357644, 'lr': 0.001096821720752952, 'weight_decay': 0.00012399967836846095}. Best is trial 2 with value: 0.4213722216157071.
                                                 Train matrix:  50%|█████     | 6/12 [02:52<02:46]                                                 Train matrix:  50%|█████     | 6/12 [03:06<02:46]                                                 Train matrix:  50%|█████     | 6/12 [03:07<02:46]                                                 Train matrix:  50%|█████     | 6/12 [03:07<02:46]                                                 Train matrix:  50%|█████     | 6/12 [03:07<02:46]Train matrix:  58%|█████▊    | 7/12 [03:07<02:49]Train matrix:  58%|█████▊    | 7/12 [03:07<02:49]                                                 Train matrix:  58%|█████▊    | 7/12 [03:07<02:49]                                                 Train matrix:  58%|█████▊    | 7/12 [03:07<02:49][I 2026-09-28 23:35:04,569] A new study created in memory with name: GraphSAGE_class_weighting_pr_auc
[I 2026-09-28 23:35:09,062] Trial 0 finished with value: 0.3914280204414709 and parameters: {'hidden_dim': 148, 'num_layers': 2, 'dropout': 0.1135, 'lr': 0.0005302, 'weight_decay': 0.0005}. Best is trial 0 with value: 0.3914280204414709.
[I 2026-09-28 23:35:14,561] Trial 1 finished with value: 0.1793815866082771 and parameters: {'hidden_dim': 128, 'num_layers': 3, 'dropout': 0.1624074561769746, 'lr': 0.00020511104188433984, 'weight_decay': 1.3066739238053272e-05}. Best is trial 0 with value: 0.3914280204414709.
[I 2026-09-28 23:35:16,552] Trial 2 finished with value: 0.42137210939676273 and parameters: {'hidden_dim': 64, 'num_layers': 2, 'dropout': 0.4879639408647978, 'lr': 0.004622589001020831, 'weight_decay': 2.6587543983272695e-05}. Best is trial 2 with value: 0.42137210939676273.
[I 2026-09-28 23:35:22,709] Trial 3 finished with value: 0.31923167600246266 and parameters: {'hidden_dim': 148, 'num_layers': 3, 'dropout': 0.2727780074568463, 'lr': 0.0003823475224675188, 'weight_decay': 0.00016738085788752134}. Best is trial 2 with value: 0.42137210939676273.
[I 2026-09-28 23:35:27,192] Trial 4 finished with value: 0.23677386364946035 and parameters: {'hidden_dim': 148, 'num_layers': 2, 'dropout': 0.41407038455720546, 'lr': 0.00025081156860452336, 'weight_decay': 0.00010677482709481354}. Best is trial 2 with value: 0.42137210939676273.
[I 2026-09-28 23:35:30,519] Trial 5 finished with value: 0.3874971059288327 and parameters: {'hidden_dim': 148, 'num_layers': 2, 'dropout': 0.12602063719411183, 'lr': 0.007902619549708232, 'weight_decay': 0.0008536189862866829}. Best is trial 2 with value: 0.42137210939676273.
[I 2026-09-28 23:35:34,685] Trial 6 finished with value: 0.16073817851592848 and parameters: {'hidden_dim': 64, 'num_layers': 3, 'dropout': 0.27606099749584057, 'lr': 0.00017541893487450815, 'weight_decay': 9.7803370166594e-05}. Best is trial 2 with value: 0.42137210939676273.
[I 2026-09-28 23:35:39,623] Trial 7 finished with value: 0.3827726597955944 and parameters: {'hidden_dim': 128, 'num_layers': 3, 'dropout': 0.2246844304357644, 'lr': 0.001096821720752952, 'weight_decay': 0.00012399967836846095}. Best is trial 2 with value: 0.42137210939676273.
                                                 Train matrix:  58%|█████▊    | 7/12 [03:42<02:49]                                                 Train matrix:  58%|█████▊    | 7/12 [03:56<02:49]                                                 Train matrix:  58%|█████▊    | 7/12 [03:56<02:49]                                                 Train matrix:  58%|█████▊    | 7/12 [03:56<02:49]                                                 Train matrix:  58%|█████▊    | 7/12 [03:56<02:49]Train matrix:  67%|██████▋   | 8/12 [03:57<02:34]Train matrix:  67%|██████▋   | 8/12 [03:57<02:34]                                                 Train matrix:  67%|██████▋   | 8/12 [03:57<02:34]                                                 Train matrix:  67%|██████▋   | 8/12 [03:57<02:34][I 2026-09-28 23:35:54,439] A new study created in memory with name: GraphSAGE_focal_loss_pr_auc
[I 2026-09-28 23:35:57,866] Trial 0 finished with value: 0.35981747913088963 and parameters: {'hidden_dim': 148, 'num_layers': 2, 'dropout': 0.1135, 'lr': 0.0005302, 'weight_decay': 0.0005}. Best is trial 0 with value: 0.35981747913088963.
[I 2026-09-28 23:36:03,352] Trial 1 finished with value: 0.20341446919099956 and parameters: {'hidden_dim': 128, 'num_layers': 3, 'dropout': 0.1624074561769746, 'lr': 0.00020511104188433984, 'weight_decay': 1.3066739238053272e-05}. Best is trial 0 with value: 0.35981747913088963.
[I 2026-09-28 23:36:05,061] Trial 2 finished with value: 0.4539306048559946 and parameters: {'hidden_dim': 64, 'num_layers': 2, 'dropout': 0.4879639408647978, 'lr': 0.004622589001020831, 'weight_decay': 2.6587543983272695e-05}. Best is trial 2 with value: 0.4539306048559946.
[I 2026-09-28 23:36:11,216] Trial 3 finished with value: 0.26059300882171216 and parameters: {'hidden_dim': 148, 'num_layers': 3, 'dropout': 0.2727780074568463, 'lr': 0.0003823475224675188, 'weight_decay': 0.00016738085788752134}. Best is trial 2 with value: 0.4539306048559946.
[I 2026-09-28 23:36:15,711] Trial 4 finished with value: 0.13669256638447663 and parameters: {'hidden_dim': 148, 'num_layers': 2, 'dropout': 0.41407038455720546, 'lr': 0.00025081156860452336, 'weight_decay': 0.00010677482709481354}. Best is trial 2 with value: 0.4539306048559946.
[I 2026-09-28 23:36:20,208] Trial 5 finished with value: 0.4119808239318335 and parameters: {'hidden_dim': 148, 'num_layers': 2, 'dropout': 0.12602063719411183, 'lr': 0.007902619549708232, 'weight_decay': 0.0008536189862866829}. Best is trial 2 with value: 0.4539306048559946.
[I 2026-09-28 23:36:24,381] Trial 6 finished with value: 0.15190960499810957 and parameters: {'hidden_dim': 64, 'num_layers': 3, 'dropout': 0.27606099749584057, 'lr': 0.00017541893487450815, 'weight_decay': 9.7803370166594e-05}. Best is trial 2 with value: 0.4539306048559946.
[I 2026-09-28 23:36:29,877] Trial 7 finished with value: 0.39299140829254375 and parameters: {'hidden_dim': 128, 'num_layers': 3, 'dropout': 0.2246844304357644, 'lr': 0.001096821720752952, 'weight_decay': 0.00012399967836846095}. Best is trial 2 with value: 0.4539306048559946.
                                                 Train matrix:  67%|██████▋   | 8/12 [04:32<02:34]
  Epoch 130 | Train Loss: 0.0139 | Val Loss: 0.0115 | Val F1: 0.4755 | Val MCC: 0.4815 | Val PR-AUC: 0.5013
  Epoch 140 | Train Loss: 0.0135 | Val Loss: 0.0116 | Val F1: 0.4729 | Val MCC: 0.4732 | Val PR-AUC: 0.4944
  Epoch 150 | Train Loss: 0.0129 | Val Loss: 0.0115 | Val F1: 0.4734 | Val MCC: 0.4763 | Val PR-AUC: 0.5087
  Val (argmax): F1=0.4765 MCC=0.4801 PR-AUC=0.5079 | Test PR-AUC=0.0090
  Calibrated on val (t=0.57): val F1=0.5179 | test F1=0.0158 MCC=0.0128
  Cross-label test PR-AUC: vs licit=0.0582 vs unknown=0.0109 vs all=0.0090 | unknown flagged=0.352%
  Quality gate (val F1>=0.3, val MCC>=0.15): PASSED
  Saved metadata: results_models_v4/1-10_GraphSAGE_focal_loss_meta.json (46s)

======================================================================
CONFIG: 1:1_GraphSAGE_none
======================================================================
  [v4 scenario 1:1 | licit_unknown] illicit=3,462 negatives=3,462 {'licit': 689, 'unknown': 2773} ratio=1:1.0 (subsample_seed=2026, idx sha1=9138b6a816)
  Optuna: 8 trials x <= 50 epochs, metric=pr_auc, warm_start=True
  Warm-start hidden_dim snapped 140→148 (config limited to [64, 128, 148])
  Warm-start trial enqueued for GraphSAGE: {'hidden_dim': 148, 'num_layers': 2, 'dropout': 0.1135, 'lr': 0.0005302, 'weight_decay': 0.0005}

  Best trial (val pr_auc=0.4214):
    hidden_dim: 64
    num_layers: 2
    dropout: 0.4879639408647978
    lr: 0.004622589001020831
    weight_decay: 2.6587543983272695e-05
  Best Optuna val pr_auc=0.4214: {'hidden_dim': 64, 'num_layers': 2, 'dropout': 0.4879639408647978, 'lr': 0.004622589001020831, 'weight_decay': 2.6587543983272695e-05}
  Epoch  10 | Train Loss: 0.3778 | Val Loss: 0.6386 | Val F1: 0.1179 | Val MCC: 0.1824 | Val PR-AUC: 0.3766
  Epoch  20 | Train Loss: 0.2987 | Val Loss: 0.4185 | Val F1: 0.1710 | Val MCC: 0.2429 | Val PR-AUC: 0.4299
  Epoch  30 | Train Loss: 0.2579 | Val Loss: 0.4054 | Val F1: 0.1897 | Val MCC: 0.2643 | Val PR-AUC: 0.4177
  Epoch  40 | Train Loss: 0.2327 | Val Loss: 0.4130 | Val F1: 0.1925 | Val MCC: 0.2701 | Val PR-AUC: 0.4203
  Epoch  50 | Train Loss: 0.2130 | Val Loss: 0.3842 | Val F1: 0.2087 | Val MCC: 0.2861 | Val PR-AUC: 0.4200
  Epoch  60 | Train Loss: 0.1865 | Val Loss: 0.3807 | Val F1: 0.2147 | Val MCC: 0.2932 | Val PR-AUC: 0.4209
  Epoch  70 | Train Loss: 0.1740 | Val Loss: 0.3671 | Val F1: 0.2215 | Val MCC: 0.2989 | Val PR-AUC: 0.4288
  Epoch  80 | Train Loss: 0.1685 | Val Loss: 0.3320 | Val F1: 0.2418 | Val MCC: 0.3180 | Val PR-AUC: 0.4205
  Epoch  90 | Train Loss: 0.1485 | Val Loss: 0.3287 | Val F1: 0.2425 | Val MCC: 0.3175 | Val PR-AUC: 0.4066
  Epoch 100 | Train Loss: 0.1408 | Val Loss: 0.3240 | Val F1: 0.2487 | Val MCC: 0.3229 | Val PR-AUC: 0.3880
  Epoch 110 | Train Loss: 0.1304 | Val Loss: 0.3367 | Val F1: 0.2482 | Val MCC: 0.3235 | Val PR-AUC: 0.3773
  Epoch 120 | Train Loss: 0.1282 | Val Loss: 0.3083 | Val F1: 0.2610 | Val MCC: 0.3325 | Val PR-AUC: 0.3775
  Epoch 130 | Train Loss: 0.1197 | Val Loss: 0.3337 | Val F1: 0.2512 | Val MCC: 0.3239 | Val PR-AUC: 0.3651
  Epoch 140 | Train Loss: 0.1099 | Val Loss: 0.3178 | Val F1: 0.2648 | Val MCC: 0.3352 | Val PR-AUC: 0.3612
  Epoch 150 | Train Loss: 0.1043 | Val Loss: 0.3183 | Val F1: 0.2646 | Val MCC: 0.3345 | Val PR-AUC: 0.3338
  Val (argmax): F1=0.2750 MCC=0.3414 PR-AUC=0.3549 | Test PR-AUC=0.0090
  Calibrated on val (t=0.97): val F1=0.4296 | test F1=0.0052 MCC=-0.0013
  Cross-label test PR-AUC: vs licit=0.0443 vs unknown=0.0111 vs all=0.0090 | unknown flagged=0.722%
  Quality gate (val F1>=0.3, val MCC>=0.15): FAILED
  Saved metadata: results_models_v4/1-1_GraphSAGE_none_meta.json (50s)

======================================================================
CONFIG: 1:1_GraphSAGE_class_weighting
======================================================================
  [v4 scenario 1:1 | licit_unknown] illicit=3,462 negatives=3,462 {'licit': 689, 'unknown': 2773} ratio=1:1.0 (subsample_seed=2026, idx sha1=9138b6a816)
  Optuna: 8 trials x <= 50 epochs, metric=pr_auc, warm_start=True
  Warm-start hidden_dim snapped 140→148 (config limited to [64, 128, 148])
  Warm-start trial enqueued for GraphSAGE: {'hidden_dim': 148, 'num_layers': 2, 'dropout': 0.1135, 'lr': 0.0005302, 'weight_decay': 0.0005}
  Class weights: [1.0, 1.0]
  Class weights: [1.0, 1.0]
  Class weights: [1.0, 1.0]
  Class weights: [1.0, 1.0]
  Class weights: [1.0, 1.0]
  Class weights: [1.0, 1.0]
  Class weights: [1.0, 1.0]
  Class weights: [1.0, 1.0]

  Best trial (val pr_auc=0.4214):
    hidden_dim: 64
    num_layers: 2
    dropout: 0.4879639408647978
    lr: 0.004622589001020831
    weight_decay: 2.6587543983272695e-05
  Best Optuna val pr_auc=0.4214: {'hidden_dim': 64, 'num_layers': 2, 'dropout': 0.4879639408647978, 'lr': 0.004622589001020831, 'weight_decay': 2.6587543983272695e-05}
  Class weights: [1.0, 1.0]
  Epoch  10 | Train Loss: 0.3778 | Val Loss: 0.6386 | Val F1: 0.1179 | Val MCC: 0.1824 | Val PR-AUC: 0.3766
  Epoch  20 | Train Loss: 0.2987 | Val Loss: 0.4185 | Val F1: 0.1710 | Val MCC: 0.2429 | Val PR-AUC: 0.4299
  Epoch  30 | Train Loss: 0.2579 | Val Loss: 0.4054 | Val F1: 0.1897 | Val MCC: 0.2643 | Val PR-AUC: 0.4177
  Epoch  40 | Train Loss: 0.2327 | Val Loss: 0.4130 | Val F1: 0.1925 | Val MCC: 0.2701 | Val PR-AUC: 0.4203
  Epoch  50 | Train Loss: 0.2130 | Val Loss: 0.3842 | Val F1: 0.2087 | Val MCC: 0.2861 | Val PR-AUC: 0.4200
  Epoch  60 | Train Loss: 0.1865 | Val Loss: 0.3807 | Val F1: 0.2147 | Val MCC: 0.2932 | Val PR-AUC: 0.4209
  Epoch  70 | Train Loss: 0.1740 | Val Loss: 0.3671 | Val F1: 0.2215 | Val MCC: 0.2989 | Val PR-AUC: 0.4288
  Epoch  80 | Train Loss: 0.1685 | Val Loss: 0.3320 | Val F1: 0.2418 | Val MCC: 0.3180 | Val PR-AUC: 0.4205
  Epoch  90 | Train Loss: 0.1485 | Val Loss: 0.3287 | Val F1: 0.2425 | Val MCC: 0.3175 | Val PR-AUC: 0.4066
  Epoch 100 | Train Loss: 0.1408 | Val Loss: 0.3240 | Val F1: 0.2487 | Val MCC: 0.3229 | Val PR-AUC: 0.3880
  Epoch 110 | Train Loss: 0.1304 | Val Loss: 0.3367 | Val F1: 0.2482 | Val MCC: 0.3235 | Val PR-AUC: 0.3773
  Epoch 120 | Train Loss: 0.1282 | Val Loss: 0.3083 | Val F1: 0.2610 | Val MCC: 0.3325 | Val PR-AUC: 0.3775
  Epoch 130 | Train Loss: 0.1197 | Val Loss: 0.3337 | Val F1: 0.2512 | Val MCC: 0.3239 | Val PR-AUC: 0.3651
  Epoch 140 | Train Loss: 0.1099 | Val Loss: 0.3178 | Val F1: 0.2648 | Val MCC: 0.3352 | Val PR-AUC: 0.3613
  Epoch 150 | Train Loss: 0.1043 | Val Loss: 0.3184 | Val F1: 0.2647 | Val MCC: 0.3345 | Val PR-AUC: 0.3339
  Val (argmax): F1=0.2750 MCC=0.3414 PR-AUC=0.3549 | Test PR-AUC=0.0090
  Calibrated on val (t=0.97): val F1=0.4296 | test F1=0.0052 MCC=-0.0013
  Cross-label test PR-AUC: vs licit=0.0443 vs unknown=0.0111 vs all=0.0090 | unknown flagged=0.722%
  Quality gate (val F1>=0.3, val MCC>=0.15): FAILED
  Saved metadata: results_models_v4/1-1_GraphSAGE_class_weighting_meta.json (50s)

======================================================================
CONFIG: 1:1_GraphSAGE_focal_loss
======================================================================
  [v4 scenario 1:1 | licit_unknown] illicit=3,462 negatives=3,462 {'licit': 689, 'unknown': 2773} ratio=1:1.0 (subsample_seed=2026, idx sha1=9138b6a816)
  Optuna: 8 trials x <= 50 epochs, metric=pr_auc, warm_start=True
  Warm-start hidden_dim snapped 140→148 (config limited to [64, 128, 148])
  Warm-start trial enqueued for GraphSAGE: {'hidden_dim': 148, 'num_layers': 2, 'dropout': 0.1135, 'lr': 0.0005302, 'weight_decay': 0.0005}
  Focal Loss: gamma=2.0, alpha=0.75
  Focal Loss: gamma=2.0, alpha=0.75
  Focal Loss: gamma=2.0, alpha=0.75
  Focal Loss: gamma=2.0, alpha=0.75
  Focal Loss: gamma=2.0, alpha=0.75
  Focal Loss: gamma=2.0, alpha=0.75
  Focal Loss: gamma=2.0, alpha=0.75
  Focal Loss: gamma=2.0, alpha=0.75

  Best trial (val pr_auc=0.4539):
    hidden_dim: 64
    num_layers: 2
    dropout: 0.4879639408647978
    lr: 0.004622589001020831
    weight_decay: 2.6587543983272695e-05
  Best Optuna val pr_auc=0.4539: {'hidden_dim': 64, 'num_layers': 2, 'dropout': 0.4879639408647978, 'lr': 0.004622589001020831, 'weight_decay': 2.6587543983272695e-05}
  Focal Loss: gamma=2.0, alpha=0.75
  Epoch  10 | Train Loss: 0.0605 | Val Loss: 0.0995 | Val F1: 0.0755 | Val MCC: 0.1143 | Val PR-AUC: 0.2756                                                 Train matrix:  67%|██████▋   | 8/12 [04:35<02:34]                                                 Train matrix:  67%|██████▋   | 8/12 [04:35<02:34]                                                 Train matrix:  67%|██████▋   | 8/12 [04:35<02:34]                                                 Train matrix:  67%|██████▋   | 8/12 [04:35<02:34]Train matrix:  75%|███████▌  | 9/12 [04:35<01:55]Train matrix:  75%|███████▌  | 9/12 [04:35<01:55]                                                 Train matrix:  75%|███████▌  | 9/12 [04:35<01:55]                                                 Train matrix:  75%|███████▌  | 9/12 [04:35<01:55][I 2026-09-28 23:36:32,983] A new study created in memory with name: GraphSAGE_none_pr_auc
[I 2026-09-28 23:36:37,376] Trial 0 finished with value: 0.36613632280252006 and parameters: {'hidden_dim': 148, 'num_layers': 2, 'dropout': 0.1135, 'lr': 0.0005302, 'weight_decay': 0.0005}. Best is trial 0 with value: 0.36613632280252006.
[I 2026-09-28 23:36:42,795] Trial 1 finished with value: 0.04650008475366024 and parameters: {'hidden_dim': 128, 'num_layers': 3, 'dropout': 0.1624074561769746, 'lr': 0.00020511104188433984, 'weight_decay': 1.3066739238053272e-05}. Best is trial 0 with value: 0.36613632280252006.
[I 2026-09-28 23:36:44,779] Trial 2 finished with value: 0.37790637308262365 and parameters: {'hidden_dim': 64, 'num_layers': 2, 'dropout': 0.4879639408647978, 'lr': 0.004622589001020831, 'weight_decay': 2.6587543983272695e-05}. Best is trial 2 with value: 0.37790637308262365.
[I 2026-09-28 23:36:50,880] Trial 3 finished with value: 0.24171983370464278 and parameters: {'hidden_dim': 148, 'num_layers': 3, 'dropout': 0.2727780074568463, 'lr': 0.0003823475224675188, 'weight_decay': 0.00016738085788752134}. Best is trial 2 with value: 0.37790637308262365.
[I 2026-09-28 23:36:55,274] Trial 4 finished with value: 0.1694726444938292 and parameters: {'hidden_dim': 148, 'num_layers': 2, 'dropout': 0.41407038455720546, 'lr': 0.00025081156860452336, 'weight_decay': 0.00010677482709481354}. Best is trial 2 with value: 0.37790637308262365.
[I 2026-09-28 23:36:56,877] Trial 5 finished with value: 0.22486263635455825 and parameters: {'hidden_dim': 148, 'num_layers': 2, 'dropout': 0.12602063719411183, 'lr': 0.007902619549708232, 'weight_decay': 0.0008536189862866829}. Best is trial 2 with value: 0.37790637308262365.
[I 2026-09-28 23:37:00,942] Trial 6 finished with value: 0.03496496728883902 and parameters: {'hidden_dim': 64, 'num_layers': 3, 'dropout': 0.27606099749584057, 'lr': 0.00017541893487450815, 'weight_decay': 9.7803370166594e-05}. Best is trial 2 with value: 0.37790637308262365.
[I 2026-09-28 23:37:06,354] Trial 7 finished with value: 0.26334151192307487 and parameters: {'hidden_dim': 128, 'num_layers': 3, 'dropout': 0.2246844304357644, 'lr': 0.001096821720752952, 'weight_decay': 0.00012399967836846095}. Best is trial 2 with value: 0.37790637308262365.
                                                 Train matrix:  75%|███████▌  | 9/12 [05:08<01:55]                                                 Train matrix:  75%|███████▌  | 9/12 [05:13<01:55]                                                 Train matrix:  75%|███████▌  | 9/12 [05:13<01:55]                                                 Train matrix:  75%|███████▌  | 9/12 [05:13<01:55]                                                 Train matrix:  75%|███████▌  | 9/12 [05:13<01:55]Train matrix:  83%|████████▎ | 10/12 [05:14<01:17]Train matrix:  83%|████████▎ | 10/12 [05:14<01:17]                                                  Train matrix:  83%|████████▎ | 10/12 [05:14<01:17]                                                  Train matrix:  83%|████████▎ | 10/12 [05:14<01:17][I 2026-09-28 23:37:11,504] A new study created in memory with name: GraphSAGE_class_weighting_pr_auc
[I 2026-09-28 23:37:15,899] Trial 0 finished with value: 0.4037116568336042 and parameters: {'hidden_dim': 148, 'num_layers': 2, 'dropout': 0.1135, 'lr': 0.0005302, 'weight_decay': 0.0005}. Best is trial 0 with value: 0.4037116568336042.
[I 2026-09-28 23:37:21,331] Trial 1 finished with value: 0.1842310614823193 and parameters: {'hidden_dim': 128, 'num_layers': 3, 'dropout': 0.1624074561769746, 'lr': 0.00020511104188433984, 'weight_decay': 1.3066739238053272e-05}. Best is trial 0 with value: 0.4037116568336042.
[I 2026-09-28 23:37:23,323] Trial 2 finished with value: 0.4362945278410122 and parameters: {'hidden_dim': 64, 'num_layers': 2, 'dropout': 0.4879639408647978, 'lr': 0.004622589001020831, 'weight_decay': 2.6587543983272695e-05}. Best is trial 2 with value: 0.4362945278410122.
[I 2026-09-28 23:37:29,438] Trial 3 finished with value: 0.33279159691250726 and parameters: {'hidden_dim': 148, 'num_layers': 3, 'dropout': 0.2727780074568463, 'lr': 0.0003823475224675188, 'weight_decay': 0.00016738085788752134}. Best is trial 2 with value: 0.4362945278410122.
[I 2026-09-28 23:37:33,843] Trial 4 finished with value: 0.25581265649446167 and parameters: {'hidden_dim': 148, 'num_layers': 2, 'dropout': 0.41407038455720546, 'lr': 0.00025081156860452336, 'weight_decay': 0.00010677482709481354}. Best is trial 2 with value: 0.4362945278410122.
[I 2026-09-28 23:37:37,197] Trial 5 finished with value: 0.40407298994924645 and parameters: {'hidden_dim': 148, 'num_layers': 2, 'dropout': 0.12602063719411183, 'lr': 0.007902619549708232, 'weight_decay': 0.0008536189862866829}. Best is trial 2 with value: 0.4362945278410122.
[I 2026-09-28 23:37:41,278] Trial 6 finished with value: 0.14915920319725326 and parameters: {'hidden_dim': 64, 'num_layers': 3, 'dropout': 0.27606099749584057, 'lr': 0.00017541893487450815, 'weight_decay': 9.7803370166594e-05}. Best is trial 2 with value: 0.4362945278410122.
[I 2026-09-28 23:37:46,707] Trial 7 finished with value: 0.38682220100646747 and parameters: {'hidden_dim': 128, 'num_layers': 3, 'dropout': 0.2246844304357644, 'lr': 0.001096821720752952, 'weight_decay': 0.00012399967836846095}. Best is trial 2 with value: 0.4362945278410122.
                                                  Train matrix:  83%|████████▎ | 10/12 [05:49<01:17]                                                  Train matrix:  83%|████████▎ | 10/12 [06:03<01:17]                                                  Train matrix:  83%|████████▎ | 10/12 [06:03<01:17]                                                  Train matrix:  83%|████████▎ | 10/12 [06:03<01:17]                                                  Train matrix:  83%|████████▎ | 10/12 [06:03<01:17]Train matrix:  92%|█████████▏| 11/12 [06:03<00:41]Train matrix:  92%|█████████▏| 11/12 [06:03<00:41]                                                  Train matrix:  92%|█████████▏| 11/12 [06:03<00:41]                                                  Train matrix:  92%|█████████▏| 11/12 [06:03<00:41][I 2026-09-28 23:38:01,218] A new study created in memory with name: GraphSAGE_focal_loss_pr_auc
