[I 2026-09-28 23:30:35,173] Trial 7 finished with value: 0.10658198399861969 and parameters: {'hidden_dim': 128, 'num_layers': 3, 'dropout': 0.2246844304357644, 'lr': 0.001096821720752952, 'weight_decay': 0.00012399967836846095}. Best is trial 5 with value: 0.11884058410646683.
                                                 
  Best Optuna val pr_auc=0.1571: {'hidden_dim': 64, 'num_layers': 2, 'dropout': 0.4879639408647978, 'lr': 0.004622589001020831, 'weight_decay': 2.6587543983272695e-05}
  Epoch  10 | Train Loss: 0.7539 | Val Loss: 2.2931 | Val F1: 0.0613 | Val MCC: 0.0809 | Val PR-AUC: 0.0713
  Epoch  20 | Train Loss: 0.5213 | Val Loss: 1.2323 | Val F1: 0.0632 | Val MCC: 0.0833 | Val PR-AUC: 0.0853
  Epoch  30 | Train Loss: 0.4429 | Val Loss: 0.8801 | Val F1: 0.0707 | Val MCC: 0.0995 | Val PR-AUC: 0.0918
  Epoch  40 | Train Loss: 0.3869 | Val Loss: 0.7900 | Val F1: 0.0756 | Val MCC: 0.1105 | Val PR-AUC: 0.1211
  Epoch  50 | Train Loss: 0.3569 | Val Loss: 0.7796 | Val F1: 0.0781 | Val MCC: 0.1147 | Val PR-AUC: 0.1372
  Epoch  60 | Train Loss: 0.3400 | Val Loss: 0.7463 | Val F1: 0.0847 | Val MCC: 0.1280 | Val PR-AUC: 0.1411
  Epoch  70 | Train Loss: 0.3223 | Val Loss: 0.6870 | Val F1: 0.0949 | Val MCC: 0.1441 | Val PR-AUC: 0.1469
  Epoch  80 | Train Loss: 0.3119 | Val Loss: 0.6394 | Val F1: 0.1034 | Val MCC: 0.1550 | Val PR-AUC: 0.1529
  Epoch  90 | Train Loss: 0.2985 | Val Loss: 0.6063 | Val F1: 0.1147 | Val MCC: 0.1716 | Val PR-AUC: 0.1595
  Epoch 100 | Train Loss: 0.2912 | Val Loss: 0.5783 | Val F1: 0.1230 | Val MCC: 0.1809 | Val PR-AUC: 0.1674
  Epoch 110 | Train Loss: 0.2759 | Val Loss: 0.5383 | Val F1: 0.1354 | Val MCC: 0.1948 | Val PR-AUC: 0.1688
  Epoch 120 | Train Loss: 0.2823 | Val Loss: 0.4996 | Val F1: 0.1462 | Val MCC: 0.2025 | Val PR-AUC: 0.1677
  Epoch 130 | Train Loss: 0.2664 | Val Loss: 0.4939 | Val F1: 0.1503 | Val MCC: 0.2093 | Val PR-AUC: 0.1696
  Epoch 140 | Train Loss: 0.2644 | Val Loss: 0.4799 | Val F1: 0.1573 | Val MCC: 0.2171 | Val PR-AUC: 0.1708
  Epoch 150 | Train Loss: 0.2605 | Val Loss: 0.4527 | Val F1: 0.1654 | Val MCC: 0.2240 | Val PR-AUC: 0.1759
  Val (argmax): F1=0.1654 MCC=0.2240 PR-AUC=0.1759 | Test PR-AUC=0.0080
  Calibrated on val (t=0.80): val F1=0.2542 | test F1=0.0147 MCC=0.0071
  Cross-label test PR-AUC: vs licit=0.0377 vs unknown=0.0100 vs all=0.0080 | unknown flagged=2.879%
  Quality gate (val F1>=0.3, val MCC>=0.15): FAILED
  Saved metadata: results_models_v4/1-1_GCN_none_meta.json (44s)

======================================================================
CONFIG: 1:1_GCN_class_weighting
======================================================================
  [v4 scenario 1:1 | licit_unknown] illicit=3,462 negatives=3,462 {'licit': 689, 'unknown': 2773} ratio=1:1.0 (subsample_seed=2026, idx sha1=9138b6a816)
  Optuna: 8 trials x <= 50 epochs, metric=pr_auc, warm_start=True
  Warm-start hidden_dim snapped 211→148 (config limited to [64, 128, 148])
  Warm-start trial enqueued for GCN: {'hidden_dim': 148, 'num_layers': 2, 'dropout': 0.2361, 'lr': 0.0008475, 'weight_decay': 0.0005}
  Class weights: [1.0, 1.0]
  Class weights: [1.0, 1.0]
  Class weights: [1.0, 1.0]
  Class weights: [1.0, 1.0]
  Class weights: [1.0, 1.0]
  Class weights: [1.0, 1.0]
  Class weights: [1.0, 1.0]
  Class weights: [1.0, 1.0]

  Best trial (val pr_auc=0.1571):
    hidden_dim: 64
    num_layers: 2
    dropout: 0.4879639408647978
    lr: 0.004622589001020831
    weight_decay: 2.6587543983272695e-05
  Best Optuna val pr_auc=0.1571: {'hidden_dim': 64, 'num_layers': 2, 'dropout': 0.4879639408647978, 'lr': 0.004622589001020831, 'weight_decay': 2.6587543983272695e-05}
  Class weights: [1.0, 1.0]
  Epoch  10 | Train Loss: 0.7539 | Val Loss: 2.2931 | Val F1: 0.0613 | Val MCC: 0.0809 | Val PR-AUC: 0.0713
  Epoch  20 | Train Loss: 0.5213 | Val Loss: 1.2323 | Val F1: 0.0632 | Val MCC: 0.0833 | Val PR-AUC: 0.0853
  Epoch  30 | Train Loss: 0.4429 | Val Loss: 0.8801 | Val F1: 0.0707 | Val MCC: 0.0995 | Val PR-AUC: 0.0918
  Epoch  40 | Train Loss: 0.3869 | Val Loss: 0.7900 | Val F1: 0.0756 | Val MCC: 0.1105 | Val PR-AUC: 0.1211
  Epoch  50 | Train Loss: 0.3569 | Val Loss: 0.7796 | Val F1: 0.0781 | Val MCC: 0.1147 | Val PR-AUC: 0.1372
  Epoch  60 | Train Loss: 0.3400 | Val Loss: 0.7463 | Val F1: 0.0847 | Val MCC: 0.1280 | Val PR-AUC: 0.1411
  Epoch  70 | Train Loss: 0.3223 | Val Loss: 0.6870 | Val F1: 0.0949 | Val MCC: 0.1441 | Val PR-AUC: 0.1469
  Epoch  80 | Train Loss: 0.3119 | Val Loss: 0.6394 | Val F1: 0.1034 | Val MCC: 0.1550 | Val PR-AUC: 0.1529
  Epoch  90 | Train Loss: 0.2985 | Val Loss: 0.6063 | Val F1: 0.1147 | Val MCC: 0.1716 | Val PR-AUC: 0.1595
  Epoch 100 | Train Loss: 0.2912 | Val Loss: 0.5783 | Val F1: 0.1230 | Val MCC: 0.1809 | Val PR-AUC: 0.1674
  Epoch 110 | Train Loss: 0.2759 | Val Loss: 0.5383 | Val F1: 0.1354 | Val MCC: 0.1948 | Val PR-AUC: 0.1688
  Epoch 120 | Train Loss: 0.2823 | Val Loss: 0.4997 | Val F1: 0.1464 | Val MCC: 0.2029 | Val PR-AUC: 0.1677
  Epoch 130 | Train Loss: 0.2664 | Val Loss: 0.4942 | Val F1: 0.1501 | Val MCC: 0.2091 | Val PR-AUC: 0.1695
  Epoch 140 | Train Loss: 0.2644 | Val Loss: 0.4811 | Val F1: 0.1569 | Val MCC: 0.2167 | Val PR-AUC: 0.1710
  Epoch 150 | Train Loss: 0.2606 | Val Loss: 0.4520 | Val F1: 0.1654 | Val MCC: 0.2236 | Val PR-AUC: 0.1759
  Val (argmax): F1=0.1654 MCC=0.2236 PR-AUC=0.1759 | Test PR-AUC=0.0080
  Calibrated on val (t=0.80): val F1=0.2541 | test F1=0.0147 MCC=0.0071
  Cross-label test PR-AUC: vs licit=0.0378 vs unknown=0.0101 vs all=0.0080 | unknown flagged=2.879%
  Quality gate (val F1>=0.3, val MCC>=0.15): FAILED
  Saved metadata: results_models_v4/1-1_GCN_class_weighting_meta.json (44s)

======================================================================
CONFIG: 1:1_GCN_focal_loss
======================================================================
  [v4 scenario 1:1 | licit_unknown] illicit=3,462 negatives=3,462 {'licit': 689, 'unknown': 2773} ratio=1:1.0 (subsample_seed=2026, idx sha1=9138b6a816)
  Optuna: 8 trials x <= 50 epochs, metric=pr_auc, warm_start=True
  Warm-start hidden_dim snapped 211→148 (config limited to [64, 128, 148])
  Warm-start trial enqueued for GCN: {'hidden_dim': 148, 'num_layers': 2, 'dropout': 0.2361, 'lr': 0.0008475, 'weight_decay': 0.0005}
  Focal Loss: gamma=2.0, alpha=0.75
  Focal Loss: gamma=2.0, alpha=0.75
  Focal Loss: gamma=2.0, alpha=0.75
  Focal Loss: gamma=2.0, alpha=0.75
  Focal Loss: gamma=2.0, alpha=0.75
  Focal Loss: gamma=2.0, alpha=0.75
  Focal Loss: gamma=2.0, alpha=0.75
  Focal Loss: gamma=2.0, alpha=0.75

  Best trial (val pr_auc=0.1243):
    hidden_dim: 148
    num_layers: 2
    dropout: 0.12602063719411183
    lr: 0.007902619549708232
    weight_decay: 0.0008536189862866829
  Best Optuna val pr_auc=0.1243: {'hidden_dim': 148, 'num_layers': 2, 'dropout': 0.12602063719411183, 'lr': 0.007902619549708232, 'weight_decay': 0.0008536189862866829}
  Focal Loss: gamma=2.0, alpha=0.75
  Epoch  10 | Train Loss: 0.1512 | Val Loss: 0.3656 | Val F1: 0.0739 | Val MCC: 0.1077 | Val PR-AUC: 0.0916
  Epoch  20 | Train Loss: 0.1143 | Val Loss: 0.4283 | Val F1: 0.0543 | Val MCC: 0.0581 | Val PR-AUC: 0.0799
  Early stopping at epoch 22 (best: 2)
  Val (argmax): F1=0.0991 MCC=0.0767 PR-AUC=0.0453 | Test PR-AUC=0.0101
  Calibrated on val (t=0.58): val F1=0.1021 | test F1=0.0280 MCC=0.0362
  Cross-label test PR-AUC: vs licit=0.0739 vs unknown=0.0116 vs all=0.0101 | unknown flagged=8.832%
  Quality gate (val F1>=0.3, val MCC>=0.15): FAILED
  Saved metadata: results_models_v4/1-1_GCN_focal_loss_meta.json (24s)

======================================================================
CONFIG: 1:10_os_GCN_none
======================================================================
  [v4 scenario 1:10_os | licit_unknown] illicit=6,924 (+3,462 SMOTE) negatives=69,240 {'licit': 13781, 'unknown': 55459} ratio=1:10.0 (subsample_seed=2026, idx sha1=07027587ad)
  Optuna: 8 trials x <= 50 epochs, metric=pr_auc, warm_start=True
  Warm-start hidden_dim snapped 211→148 (config limited to [64, 128, 148])
  Warm-start trial enqueued for GCN: {'hidden_dim': 148, 'num_layers': 2, 'dropout': 0.2361, 'lr': 0.0008475, 'weight_decay': 0.0005}

  Best trial (val pr_auc=0.1188):
    hidden_dim: 148
    num_layers: 2
    dropout: 0.12602063719411183
    lr: 0.007902619549708232
    weight_decay: 0.0008536189862866829
  Best Optuna val pr_auc=0.1188: {'hidden_dim': 148, 'num_layers': 2, 'dropout': 0.12602063719411183, 'lr': 0.007902619549708232, 'weight_decay': 0.0008536189862866829}Train matrix:  75%|███████▌  | 9/12 [04:07<01:29]                                                 Train matrix:  75%|███████▌  | 9/12 [04:13<01:29]                                                 Train matrix:  75%|███████▌  | 9/12 [04:13<01:29]                                                 Train matrix:  75%|███████▌  | 9/12 [04:13<01:29]                                                 Train matrix:  75%|███████▌  | 9/12 [04:13<01:29]Train matrix:  83%|████████▎ | 10/12 [04:13<01:01]Train matrix:  83%|████████▎ | 10/12 [04:13<01:01]                                                  Train matrix:  83%|████████▎ | 10/12 [04:13<01:01]                                                  Train matrix:  83%|████████▎ | 10/12 [04:13<01:01][I 2026-09-28 23:30:40,982] A new study created in memory with name: GCN_class_weighting_pr_auc
[I 2026-09-28 23:30:45,061] Trial 0 finished with value: 0.11685999160702795 and parameters: {'hidden_dim': 148, 'num_layers': 2, 'dropout': 0.2361, 'lr': 0.0008475, 'weight_decay': 0.0005}. Best is trial 0 with value: 0.11685999160702795.
[I 2026-09-28 23:30:48,600] Trial 1 finished with value: 0.04249017238504311 and parameters: {'hidden_dim': 128, 'num_layers': 3, 'dropout': 0.1624074561769746, 'lr': 0.00020511104188433984, 'weight_decay': 1.3066739238053272e-05}. Best is trial 0 with value: 0.11685999160702795.
[I 2026-09-28 23:30:51,609] Trial 2 finished with value: 0.1726555438202612 and parameters: {'hidden_dim': 64, 'num_layers': 2, 'dropout': 0.4879639408647978, 'lr': 0.004622589001020831, 'weight_decay': 2.6587543983272695e-05}. Best is trial 2 with value: 0.1726555438202612.
[I 2026-09-28 23:30:57,536] Trial 3 finished with value: 0.10155841305074464 and parameters: {'hidden_dim': 148, 'num_layers': 3, 'dropout': 0.2727780074568463, 'lr': 0.0003823475224675188, 'weight_decay': 0.00016738085788752134}. Best is trial 2 with value: 0.1726555438202612.
[I 2026-09-28 23:31:01,595] Trial 4 finished with value: 0.08135065899064506 and parameters: {'hidden_dim': 148, 'num_layers': 2, 'dropout': 0.41407038455720546, 'lr': 0.00025081156860452336, 'weight_decay': 0.00010677482709481354}. Best is trial 2 with value: 0.1726555438202612.
[I 2026-09-28 23:31:02,841] Trial 5 finished with value: 0.10889343335391803 and parameters: {'hidden_dim': 148, 'num_layers': 2, 'dropout': 0.12602063719411183, 'lr': 0.007902619549708232, 'weight_decay': 0.0008536189862866829}. Best is trial 2 with value: 0.1726555438202612.
[I 2026-09-28 23:31:06,632] Trial 6 finished with value: 0.06257019538301307 and parameters: {'hidden_dim': 64, 'num_layers': 3, 'dropout': 0.27606099749584057, 'lr': 0.00017541893487450815, 'weight_decay': 9.7803370166594e-05}. Best is trial 2 with value: 0.1726555438202612.
[I 2026-09-28 23:31:09,642] Trial 7 finished with value: 0.08646782477600169 and parameters: {'hidden_dim': 128, 'num_layers': 3, 'dropout': 0.2246844304357644, 'lr': 0.001096821720752952, 'weight_decay': 0.00012399967836846095}. Best is trial 2 with value: 0.1726555438202612.
                                                  Train matrix:  83%|████████▎ | 10/12 [04:42<01:01]                                                  Train matrix:  83%|████████▎ | 10/12 [04:55<01:01]                                                  Train matrix:  83%|████████▎ | 10/12 [04:55<01:01]                                                  Train matrix:  83%|████████▎ | 10/12 [04:55<01:01]                                                  Train matrix:  83%|████████▎ | 10/12 [04:55<01:01]Train matrix:  92%|█████████▏| 11/12 [04:55<00:34]Train matrix:  92%|█████████▏| 11/12 [04:55<00:34]                                                  Train matrix:  92%|█████████▏| 11/12 [04:55<00:34]                                                  Train matrix:  92%|█████████▏| 11/12 [04:55<00:34][I 2026-09-28 23:31:22,983] A new study created in memory with name: GCN_focal_loss_pr_auc
[I 2026-09-28 23:31:27,005] Trial 0 finished with value: 0.10570404108966294 and parameters: {'hidden_dim': 148, 'num_layers': 2, 'dropout': 0.2361, 'lr': 0.0008475, 'weight_decay': 0.0005}. Best is trial 0 with value: 0.10570404108966294.
[I 2026-09-28 23:31:29,251] Trial 1 finished with value: 0.03469280282986274 and parameters: {'hidden_dim': 128, 'num_layers': 3, 'dropout': 0.1624074561769746, 'lr': 0.00020511104188433984, 'weight_decay': 1.3066739238053272e-05}. Best is trial 0 with value: 0.10570404108966294.
[I 2026-09-28 23:31:31,103] Trial 2 finished with value: 0.10587818357211093 and parameters: {'hidden_dim': 64, 'num_layers': 2, 'dropout': 0.4879639408647978, 'lr': 0.004622589001020831, 'weight_decay': 2.6587543983272695e-05}. Best is trial 2 with value: 0.10587818357211093.
[I 2026-09-28 23:31:35,589] Trial 3 finished with value: 0.08475229854816273 and parameters: {'hidden_dim': 148, 'num_layers': 3, 'dropout': 0.2727780074568463, 'lr': 0.0003823475224675188, 'weight_decay': 0.00016738085788752134}. Best is trial 2 with value: 0.10587818357211093.
[I 2026-09-28 23:31:39,612] Trial 4 finished with value: 0.06722566672848072 and parameters: {'hidden_dim': 148, 'num_layers': 2, 'dropout': 0.41407038455720546, 'lr': 0.00025081156860452336, 'weight_decay': 0.00010677482709481354}. Best is trial 2 with value: 0.10587818357211093.
[I 2026-09-28 23:31:40,924] Trial 5 finished with value: 0.11593499384559684 and parameters: {'hidden_dim': 148, 'num_layers': 2, 'dropout': 0.12602063719411183, 'lr': 0.007902619549708232, 'weight_decay': 0.0008536189862866829}. Best is trial 5 with value: 0.11593499384559684.
[I 2026-09-28 23:31:43,035] Trial 6 finished with value: 0.05858846284923888 and parameters: {'hidden_dim': 64, 'num_layers': 3, 'dropout': 0.27606099749584057, 'lr': 0.00017541893487450815, 'weight_decay': 9.7803370166594e-05}. Best is trial 5 with value: 0.11593499384559684.
