Device: cuda | config configs/experiment_v4.yaml (version v4, sha256 7441cc42d796)
  MLflow experiment: xai-gnn-stability-v4
  Tracking URI: sqlite:///mlruns.db

======================================================================
LOADING ELLIPTIC DATASET
======================================================================
============================================================
Elliptic Bitcoin Dataset Statistics
============================================================
Total nodes:      203,769
Total edges:      234,355
Node features:    165
Labeled nodes:    46,564
  Licit (0):      42,019
  Illicit (1):    4,545
  Unknown (-1):   157,205
Illicit ratio:    0.0976
============================================================
  Label mode: licit_unknown (negatives = licit + unknown)
Preprocessing Elliptic dataset...
Creating time-based splits:
  Train: 136,265 nodes (3,462 illicit, 132,803 licit, ratio 1:38.4)
  Val  : 37,820 nodes (914 illicit, 36,906 licit, ratio 1:40.4)
  Test : 29,684 nodes (169 illicit, 29,515 licit, ratio 1:174.6)
  Split counts validated against the official Elliptic release.
Normalizing features (fit on every node of the train timesteps):
  Features normalized (RobustScaler + clip[-10,10]): mean~0.7023, std~2.3916, clipped=4.69% of values
Preprocessing complete.
  Data loaded + validated in 2.2s: {'train': {'illicit': 3462, 'licit': 132803}, 'val': {'illicit': 914, 'licit': 36906}, 'test': {'illicit': 169, 'licit': 29515}}

Training matrix: 12 configs (1 seed(s): 42)
Train matrix:   0%|          | 0/12 [00:00<?]Train matrix:   0%|          | 0/12 [00:00<?]                                             Train matrix:   0%|          | 0/12 [00:00<?]Train matrix:   0%|          | 0/12 [00:00<?]                                             Train matrix:   0%|          | 0/12 [00:00<?]Train matrix:   0%|          | 0/12 [00:00<?]                                             Train matrix:   0%|          | 0/12 [00:00<?]Train matrix:   0%|          | 0/12 [00:00<?]                                             Train matrix:   0%|          | 0/12 [00:00<?]                                             Train matrix:   0%|          | 0/12 [00:00<?][I 2026-09-28 23:26:27,481] A new study created in memory with name: GCN_none_pr_auc
[I 2026-09-28 23:26:31,948] Trial 0 finished with value: 0.1014941808660098 and parameters: {'hidden_dim': 148, 'num_layers': 2, 'dropout': 0.2361, 'lr': 0.0008475, 'weight_decay': 0.0005}. Best is trial 0 with value: 0.1014941808660098.
[I 2026-09-28 23:26:34,289] Trial 1 finished with value: 0.034683287765953114 and parameters: {'hidden_dim': 128, 'num_layers': 3, 'dropout': 0.1624074561769746, 'lr': 0.00020511104188433984, 'weight_decay': 1.3066739238053272e-05}. Best is trial 0 with value: 0.1014941808660098.
[I 2026-09-28 23:26:35,951] Trial 2 finished with value: 0.09139804783926703 and parameters: {'hidden_dim': 64, 'num_layers': 2, 'dropout': 0.4879639408647978, 'lr': 0.004622589001020831, 'weight_decay': 2.6587543983272695e-05}. Best is trial 0 with value: 0.1014941808660098.
[I 2026-09-28 23:26:42,093] Trial 3 finished with value: 0.09302245804386967 and parameters: {'hidden_dim': 148, 'num_layers': 3, 'dropout': 0.2727780074568463, 'lr': 0.0003823475224675188, 'weight_decay': 0.00016738085788752134}. Best is trial 0 with value: 0.1014941808660098.
[I 2026-09-28 23:26:46,271] Trial 4 finished with value: 0.052220895952957896 and parameters: {'hidden_dim': 148, 'num_layers': 2, 'dropout': 0.41407038455720546, 'lr': 0.00025081156860452336, 'weight_decay': 0.00010677482709481354}. Best is trial 0 with value: 0.1014941808660098.
[I 2026-09-28 23:26:47,965] Trial 5 finished with value: 0.11724737019319625 and parameters: {'hidden_dim': 148, 'num_layers': 2, 'dropout': 0.12602063719411183, 'lr': 0.007902619549708232, 'weight_decay': 0.0008536189862866829}. Best is trial 5 with value: 0.11724737019319625.
[I 2026-09-28 23:26:50,009] Trial 6 finished with value: 0.05858113064964905 and parameters: {'hidden_dim': 64, 'num_layers': 3, 'dropout': 0.27606099749584057, 'lr': 0.00017541893487450815, 'weight_decay': 9.7803370166594e-05}. Best is trial 5 with value: 0.11724737019319625.
[I 2026-09-28 23:26:55,573] Trial 7 finished with value: 0.10508980811797357 and parameters: {'hidden_dim': 128, 'num_layers': 3, 'dropout': 0.2246844304357644, 'lr': 0.001096821720752952, 'weight_decay': 0.00012399967836846095}. Best is trial 5 with value: 0.11724737019319625.
                                             Train matrix:   0%|          | 0/12 [00:28<?]                                             Train matrix:   0%|          | 0/12 [00:33<?]                                             Train matrix:   0%|          | 0/12 [00:33<?]                                             Train matrix:   0%|          | 0/12 [00:33<?]                                             Train matrix:   0%|          | 0/12 [00:33<?]Train matrix:  33%|███▎      | 4/12 [00:34<01:08]Train matrix:  33%|███▎      | 4/12 [00:34<01:08]                                                 Train matrix:  33%|███▎      | 4/12 [00:34<01:08]                                                 Train matrix:  33%|███▎      | 4/12 [00:34<01:08][I 2026-09-28 23:27:01,536] A new study created in memory with name: GCN_class_weighting_pr_auc
[I 2026-09-28 23:27:05,785] Trial 0 finished with value: 0.1155204952313917 and parameters: {'hidden_dim': 148, 'num_layers': 2, 'dropout': 0.2361, 'lr': 0.0008475, 'weight_decay': 0.0005}. Best is trial 0 with value: 0.1155204952313917.
[I 2026-09-28 23:27:09,483] Trial 1 finished with value: 0.04260046070816733 and parameters: {'hidden_dim': 128, 'num_layers': 3, 'dropout': 0.1624074561769746, 'lr': 0.00020511104188433984, 'weight_decay': 1.3066739238053272e-05}. Best is trial 0 with value: 0.1155204952313917.
[I 2026-09-28 23:27:12,607] Trial 2 finished with value: 0.1705116589101526 and parameters: {'hidden_dim': 64, 'num_layers': 2, 'dropout': 0.4879639408647978, 'lr': 0.004622589001020831, 'weight_decay': 2.6587543983272695e-05}. Best is trial 2 with value: 0.1705116589101526.
[I 2026-09-28 23:27:18,760] Trial 3 finished with value: 0.1019124557468949 and parameters: {'hidden_dim': 148, 'num_layers': 3, 'dropout': 0.2727780074568463, 'lr': 0.0003823475224675188, 'weight_decay': 0.00016738085788752134}. Best is trial 2 with value: 0.1705116589101526.
[I 2026-09-28 23:27:22,942] Trial 4 finished with value: 0.07987833112638391 and parameters: {'hidden_dim': 148, 'num_layers': 2, 'dropout': 0.41407038455720546, 'lr': 0.00025081156860452336, 'weight_decay': 0.00010677482709481354}. Best is trial 2 with value: 0.1705116589101526.
[I 2026-09-28 23:27:24,224] Trial 5 finished with value: 0.1079631622930851 and parameters: {'hidden_dim': 148, 'num_layers': 2, 'dropout': 0.12602063719411183, 'lr': 0.007902619549708232, 'weight_decay': 0.0008536189862866829}. Best is trial 2 with value: 0.1705116589101526.
[I 2026-09-28 23:27:28,119] Trial 6 finished with value: 0.06273609425598461 and parameters: {'hidden_dim': 64, 'num_layers': 3, 'dropout': 0.27606099749584057, 'lr': 0.00017541893487450815, 'weight_decay': 9.7803370166594e-05}. Best is trial 2 with value: 0.1705116589101526.
[I 2026-09-28 23:27:33,644] Trial 7 finished with value: 0.10074110504762378 and parameters: {'hidden_dim': 128, 'num_layers': 3, 'dropout': 0.2246844304357644, 'lr': 0.001096821720752952, 'weight_decay': 0.00012399967836846095}. Best is trial 2 with value: 0.1705116589101526.
                                                 Train matrix:  33%|███▎      | 4/12 [01:06<01:08]                                                 Train matrix:  33%|███▎      | 4/12 [01:19<01:08]                                                 Train matrix:  33%|███▎      | 4/12 [01:19<01:08]                                                 Train matrix:  33%|███▎      | 4/12 [01:19<01:08]                                                 Train matrix:  33%|███▎      | 4/12 [01:19<01:08]Train matrix:  42%|████▏     | 5/12 [01:19<02:07]Train matrix:  42%|████▏     | 5/12 [01:19<02:07]                                                 Train matrix:  42%|████▏     | 5/12 [01:19<02:07]                                                 Train matrix:  42%|████▏     | 5/12 [01:19<02:07][I 2026-09-28 23:27:47,157] A new study created in memory with name: GCN_focal_loss_pr_auc
[I 2026-09-28 23:27:50,192] Trial 0 finished with value: 0.08456864911201388 and parameters: {'hidden_dim': 148, 'num_layers': 2, 'dropout': 0.2361, 'lr': 0.0008475, 'weight_decay': 0.0005}. Best is trial 0 with value: 0.08456864911201388.
[I 2026-09-28 23:27:52,523] Trial 1 finished with value: 0.034632194796141776 and parameters: {'hidden_dim': 128, 'num_layers': 3, 'dropout': 0.1624074561769746, 'lr': 0.00020511104188433984, 'weight_decay': 1.3066739238053272e-05}. Best is trial 0 with value: 0.08456864911201388.
[I 2026-09-28 23:27:54,356] Trial 2 finished with value: 0.11276840541297992 and parameters: {'hidden_dim': 64, 'num_layers': 2, 'dropout': 0.4879639408647978, 'lr': 0.004622589001020831, 'weight_decay': 2.6587543983272695e-05}. Best is trial 2 with value: 0.11276840541297992.
[I 2026-09-28 23:27:58,790] Trial 3 finished with value: 0.08361991317681047 and parameters: {'hidden_dim': 148, 'num_layers': 3, 'dropout': 0.2727780074568463, 'lr': 0.0003823475224675188, 'weight_decay': 0.00016738085788752134}. Best is trial 2 with value: 0.11276840541297992.
[I 2026-09-28 23:28:02,962] Trial 4 finished with value: 0.06725703546885156 and parameters: {'hidden_dim': 148, 'num_layers': 2, 'dropout': 0.41407038455720546, 'lr': 0.00025081156860452336, 'weight_decay': 0.00010677482709481354}. Best is trial 2 with value: 0.11276840541297992.
[I 2026-09-28 23:28:04,320] Trial 5 finished with value: 0.11732671294117863 and parameters: {'hidden_dim': 148, 'num_layers': 2, 'dropout': 0.12602063719411183, 'lr': 0.007902619549708232, 'weight_decay': 0.0008536189862866829}. Best is trial 5 with value: 0.11732671294117863.
[I 2026-09-28 23:28:06,501] Trial 6 finished with value: 0.05859361308489895 and parameters: {'hidden_dim': 64, 'num_layers': 3, 'dropout': 0.27606099749584057, 'lr': 0.00017541893487450815, 'weight_decay': 9.7803370166594e-05}. Best is trial 5 with value: 0.11732671294117863.
[I 2026-09-28 23:28:10,687] Trial 7 finished with value: 0.08430080365243382 and parameters: {'hidden_dim': 128, 'num_layers': 3, 'dropout': 0.2246844304357644, 'lr': 0.001096821720752952, 'weight_decay': 0.00012399967836846095}. Best is trial 5 with value: 0.11732671294117863.
                                                 Train matrix:  42%|████▏     | 5/12 [01:43<02:07]                                                 Train matrix:  42%|████▏     | 5/12 [01:48<02:07]                                                 Train matrix:  42%|████▏     | 5/12 [01:48<02:07]                                                 Train matrix:  42%|████▏     | 5/12 [01:48<02:07]                                                 Train matrix:  42%|████▏     | 5/12 [01:48<02:07]Train matrix:  50%|█████     | 6/12 [01:48<02:06]Train matrix:  50%|█████     | 6/12 [01:48<02:06]                                                 Train matrix:  50%|█████     | 6/12 [01:48<02:06]                                                 Train matrix:  50%|█████     | 6/12 [01:48<02:06][I 2026-09-28 23:28:15,948] A new study created in memory with name: GCN_none_pr_auc
[I 2026-09-28 23:28:20,108] Trial 0 finished with value: 0.11792269411782146 and parameters: {'hidden_dim': 148, 'num_layers': 2, 'dropout': 0.2361, 'lr': 0.0008475, 'weight_decay': 0.0005}. Best is trial 0 with value: 0.11792269411782146.
[I 2026-09-28 23:28:23,750] Trial 1 finished with value: 0.042757627869155185 and parameters: {'hidden_dim': 128, 'num_layers': 3, 'dropout': 0.1624074561769746, 'lr': 0.00020511104188433984, 'weight_decay': 1.3066739238053272e-05}. Best is trial 0 with value: 0.11792269411782146.
[I 2026-09-28 23:28:26,793] Trial 2 finished with value: 0.1570781183278976 and parameters: {'hidden_dim': 64, 'num_layers': 2, 'dropout': 0.4879639408647978, 'lr': 0.004622589001020831, 'weight_decay': 2.6587543983272695e-05}. Best is trial 2 with value: 0.1570781183278976.
[I 2026-09-28 23:28:32,923] Trial 3 finished with value: 0.10631229137042186 and parameters: {'hidden_dim': 148, 'num_layers': 3, 'dropout': 0.2727780074568463, 'lr': 0.0003823475224675188, 'weight_decay': 0.00016738085788752134}. Best is trial 2 with value: 0.1570781183278976.
[I 2026-09-28 23:28:37,078] Trial 4 finished with value: 0.08010207314734319 and parameters: {'hidden_dim': 148, 'num_layers': 2, 'dropout': 0.41407038455720546, 'lr': 0.00025081156860452336, 'weight_decay': 0.00010677482709481354}. Best is trial 2 with value: 0.1570781183278976.
[I 2026-09-28 23:28:39,334] Trial 5 finished with value: 0.11520995200278802 and parameters: {'hidden_dim': 148, 'num_layers': 2, 'dropout': 0.12602063719411183, 'lr': 0.007902619549708232, 'weight_decay': 0.0008536189862866829}. Best is trial 2 with value: 0.1570781183278976.
[I 2026-09-28 23:28:43,211] Trial 6 finished with value: 0.06310192884431355 and parameters: {'hidden_dim': 64, 'num_layers': 3, 'dropout': 0.27606099749584057, 'lr': 0.00017541893487450815, 'weight_decay': 9.7803370166594e-05}. Best is trial 2 with value: 0.1570781183278976.
