[I 2026-09-28 23:31:47,066] Trial 7 finished with value: 0.08595734771858189 and parameters: {'hidden_dim': 128, 'num_layers': 3, 'dropout': 0.2246844304357644, 'lr': 0.001096821720752952, 'weight_decay': 0.00012399967836846095}. Best is trial 5 with value: 0.11593499384559684.
                                                  Train matrix:  92%|█████████▏| 11/12 [05:19<00:34]                                                  Train matrix:  92%|█████████▏| 11/12 [05:24<00:34]                                                  Train matrix:  92%|█████████▏| 11/12 [05:24<00:34]                                                  Train matrix:  92%|█████████▏| 11/12 [05:24<00:34]                                                  Train matrix:  92%|█████████▏| 11/12 [05:24<00:34]Train matrix: 100%|██████████| 12/12 [05:24<00:00]Train matrix: 100%|██████████| 12/12 [05:24<00:00]

  Epoch  10 | Train Loss: 1.2053 | Val Loss: 0.2967 | Val F1: 0.1327 | Val MCC: 0.1200 | Val PR-AUC: 0.0682
  Epoch  20 | Train Loss: 0.4256 | Val Loss: 0.4943 | Val F1: 0.0953 | Val MCC: 0.1143 | Val PR-AUC: 0.0879
  Epoch  30 | Train Loss: 0.3000 | Val Loss: 0.3859 | Val F1: 0.1504 | Val MCC: 0.1403 | Val PR-AUC: 0.0838
  Epoch  40 | Train Loss: 0.2419 | Val Loss: 0.1502 | Val F1: 0.0173 | Val MCC: 0.0822 | Val PR-AUC: 0.0736
  Early stopping at epoch 49 (best: 29)
  Val (argmax): F1=0.1570 MCC=0.1598 PR-AUC=0.0876 | Test PR-AUC=0.0266
  Calibrated on val (t=0.54): val F1=0.1654 | test F1=0.0583 MCC=0.0924
  Cross-label test PR-AUC: vs licit=0.1714 vs unknown=0.0304 vs all=0.0266 | unknown flagged=6.644%
  Quality gate (val F1>=0.3, val MCC>=0.15): FAILED
  Saved metadata: results_models_v4/1-10_os_GCN_none_meta.json (33s)

======================================================================
CONFIG: 1:10_os_GCN_class_weighting
======================================================================
  [v4 scenario 1:10_os | licit_unknown] illicit=6,924 (+3,462 SMOTE) negatives=69,240 {'licit': 13781, 'unknown': 55459} ratio=1:10.0 (subsample_seed=2026, idx sha1=07027587ad)
  Optuna: 8 trials x <= 50 epochs, metric=pr_auc, warm_start=True
  Warm-start hidden_dim snapped 211→148 (config limited to [64, 128, 148])
  Warm-start trial enqueued for GCN: {'hidden_dim': 148, 'num_layers': 2, 'dropout': 0.2361, 'lr': 0.0008475, 'weight_decay': 0.0005}
  Class weights: [0.550000011920929, 5.5]
  Class weights: [0.550000011920929, 5.5]
  Class weights: [0.550000011920929, 5.5]
  Class weights: [0.550000011920929, 5.5]
  Class weights: [0.550000011920929, 5.5]
  Class weights: [0.550000011920929, 5.5]
  Class weights: [0.550000011920929, 5.5]
  Class weights: [0.550000011920929, 5.5]

  Best trial (val pr_auc=0.1727):
    hidden_dim: 64
    num_layers: 2
    dropout: 0.4879639408647978
    lr: 0.004622589001020831
    weight_decay: 2.6587543983272695e-05
  Best Optuna val pr_auc=0.1727: {'hidden_dim': 64, 'num_layers': 2, 'dropout': 0.4879639408647978, 'lr': 0.004622589001020831, 'weight_decay': 2.6587543983272695e-05}
  Class weights: [0.550000011920929, 5.5]
  Epoch  10 | Train Loss: 0.7383 | Val Loss: 1.9236 | Val F1: 0.0613 | Val MCC: 0.0810 | Val PR-AUC: 0.0700
  Epoch  20 | Train Loss: 0.5223 | Val Loss: 1.0234 | Val F1: 0.0629 | Val MCC: 0.0797 | Val PR-AUC: 0.0856
  Epoch  30 | Train Loss: 0.4450 | Val Loss: 0.7531 | Val F1: 0.0708 | Val MCC: 0.0990 | Val PR-AUC: 0.0936
  Epoch  40 | Train Loss: 0.4004 | Val Loss: 0.6881 | Val F1: 0.0750 | Val MCC: 0.1084 | Val PR-AUC: 0.1255
  Epoch  50 | Train Loss: 0.3727 | Val Loss: 0.6607 | Val F1: 0.0796 | Val MCC: 0.1156 | Val PR-AUC: 0.1494
  Epoch  60 | Train Loss: 0.3576 | Val Loss: 0.6184 | Val F1: 0.0895 | Val MCC: 0.1329 | Val PR-AUC: 0.1611
  Epoch  70 | Train Loss: 0.3396 | Val Loss: 0.5752 | Val F1: 0.1026 | Val MCC: 0.1524 | Val PR-AUC: 0.1798
  Epoch  80 | Train Loss: 0.3269 | Val Loss: 0.5462 | Val F1: 0.1136 | Val MCC: 0.1646 | Val PR-AUC: 0.1902
  Epoch  90 | Train Loss: 0.3124 | Val Loss: 0.5087 | Val F1: 0.1341 | Val MCC: 0.1877 | Val PR-AUC: 0.1997
  Epoch 100 | Train Loss: 0.3086 | Val Loss: 0.4885 | Val F1: 0.1470 | Val MCC: 0.2022 | Val PR-AUC: 0.2088
  Epoch 110 | Train Loss: 0.2981 | Val Loss: 0.4657 | Val F1: 0.1600 | Val MCC: 0.2133 | Val PR-AUC: 0.2141
  Epoch 120 | Train Loss: 0.2899 | Val Loss: 0.4468 | Val F1: 0.1724 | Val MCC: 0.2246 | Val PR-AUC: 0.2193
  Epoch 130 | Train Loss: 0.2882 | Val Loss: 0.4272 | Val F1: 0.1870 | Val MCC: 0.2335 | Val PR-AUC: 0.2200
  Epoch 140 | Train Loss: 0.2806 | Val Loss: 0.4218 | Val F1: 0.1906 | Val MCC: 0.2404 | Val PR-AUC: 0.2259
  Epoch 150 | Train Loss: 0.2742 | Val Loss: 0.4065 | Val F1: 0.2006 | Val MCC: 0.2444 | Val PR-AUC: 0.2259
  Val (argmax): F1=0.2006 MCC=0.2444 PR-AUC=0.2259 | Test PR-AUC=0.0055
  Calibrated on val (t=0.84): val F1=0.2864 | test F1=0.0052 MCC=-0.0013
  Cross-label test PR-AUC: vs licit=0.0284 vs unknown=0.0068 vs all=0.0055 | unknown flagged=0.752%
  Quality gate (val F1>=0.3, val MCC>=0.15): FAILED
  Saved metadata: results_models_v4/1-10_os_GCN_class_weighting_meta.json (42s)

======================================================================
CONFIG: 1:10_os_GCN_focal_loss
======================================================================
  [v4 scenario 1:10_os | licit_unknown] illicit=6,924 (+3,462 SMOTE) negatives=69,240 {'licit': 13781, 'unknown': 55459} ratio=1:10.0 (subsample_seed=2026, idx sha1=07027587ad)
  Optuna: 8 trials x <= 50 epochs, metric=pr_auc, warm_start=True
  Warm-start hidden_dim snapped 211→148 (config limited to [64, 128, 148])
  Warm-start trial enqueued for GCN: {'hidden_dim': 148, 'num_layers': 2, 'dropout': 0.2361, 'lr': 0.0008475, 'weight_decay': 0.0005}
  Focal Loss: gamma=2.0, alpha=0.75
  Focal Loss: gamma=2.0, alpha=0.75
  Focal Loss: gamma=2.0, alpha=0.75
  Focal Loss: gamma=2.0, alpha=0.75
  Focal Loss: gamma=2.0, alpha=0.75
  Focal Loss: gamma=2.0, alpha=0.75
  Focal Loss: gamma=2.0, alpha=0.75
  Focal Loss: gamma=2.0, alpha=0.75

  Best trial (val pr_auc=0.1159):
    hidden_dim: 148
    num_layers: 2
    dropout: 0.12602063719411183
    lr: 0.007902619549708232
    weight_decay: 0.0008536189862866829
  Best Optuna val pr_auc=0.1159: {'hidden_dim': 148, 'num_layers': 2, 'dropout': 0.12602063719411183, 'lr': 0.007902619549708232, 'weight_decay': 0.0008536189862866829}
  Focal Loss: gamma=2.0, alpha=0.75
  Epoch  10 | Train Loss: 0.1740 | Val Loss: 0.2884 | Val F1: 0.0732 | Val MCC: 0.1063 | Val PR-AUC: 0.0821
  Epoch  20 | Train Loss: 0.0565 | Val Loss: 0.0319 | Val F1: 0.1677 | Val MCC: 0.1811 | Val PR-AUC: 0.1157
  Epoch  30 | Train Loss: 0.0326 | Val Loss: 0.0324 | Val F1: 0.1067 | Val MCC: 0.1058 | Val PR-AUC: 0.0563
  Epoch  40 | Train Loss: 0.0293 | Val Loss: 0.0241 | Val F1: 0.1381 | Val MCC: 0.1241 | Val PR-AUC: 0.0704
  Early stopping at epoch 42 (best: 22)
  Val (argmax): F1=0.2067 MCC=0.1942 PR-AUC=0.1163 | Test PR-AUC=0.0117
  Calibrated on val (t=0.50): val F1=0.2067 | test F1=0.0414 MCC=0.0522
  Cross-label test PR-AUC: vs licit=0.1015 vs unknown=0.0131 vs all=0.0117 | unknown flagged=5.457%
  Quality gate (val F1>=0.3, val MCC>=0.15): FAILED
  Saved metadata: results_models_v4/1-10_os_GCN_focal_loss_meta.json (29s)

======================================================================
TRAIN MATRIX SUMMARY
======================================================================
  Passed (val F1>=0.3, MCC>=0.15): 0
  Failed quality gate:                        9
    - 1:10_GCN_none
    - 1:10_GCN_class_weighting
    - 1:10_GCN_focal_loss
    - 1:1_GCN_none
    - 1:1_GCN_class_weighting
    - 1:1_GCN_focal_loss
    - 1:10_os_GCN_none
    - 1:10_os_GCN_class_weighting
    - 1:10_os_GCN_focal_loss
  Errors (OOM / timeout / exception):         0
  Skipped (resume):                           3

  Total time: 0.09 h
  Checkpoints + metadata in: results_models_v4
  Progress log: runs_v4/progress.jsonl
