[I 2026-09-28 23:38:03,771] Trial 0 finished with value: 0.3621265980112574 and parameters: {'hidden_dim': 148, 'num_layers': 2, 'dropout': 0.1135, 'lr': 0.0005302, 'weight_decay': 0.0005}. Best is trial 0 with value: 0.3621265980112574.
[I 2026-09-28 23:38:09,161] Trial 1 finished with value: 0.1511750445582074 and parameters: {'hidden_dim': 128, 'num_layers': 3, 'dropout': 0.1624074561769746, 'lr': 0.00020511104188433984, 'weight_decay': 1.3066739238053272e-05}. Best is trial 0 with value: 0.3621265980112574.
[I 2026-09-28 23:38:10,999] Trial 2 finished with value: 0.39160316241539533 and parameters: {'hidden_dim': 64, 'num_layers': 2, 'dropout': 0.4879639408647978, 'lr': 0.004622589001020831, 'weight_decay': 2.6587543983272695e-05}. Best is trial 2 with value: 0.39160316241539533.
[I 2026-09-28 23:38:17,071] Trial 3 finished with value: 0.37539706765135666 and parameters: {'hidden_dim': 148, 'num_layers': 3, 'dropout': 0.2727780074568463, 'lr': 0.0003823475224675188, 'weight_decay': 0.00016738085788752134}. Best is trial 2 with value: 0.39160316241539533.
[I 2026-09-28 23:38:21,440] Trial 4 finished with value: 0.2757200363152384 and parameters: {'hidden_dim': 148, 'num_layers': 2, 'dropout': 0.41407038455720546, 'lr': 0.00025081156860452336, 'weight_decay': 0.00010677482709481354}. Best is trial 2 with value: 0.39160316241539533.
[I 2026-09-28 23:38:22,869] Trial 5 finished with value: 0.28147351802233334 and parameters: {'hidden_dim': 148, 'num_layers': 2, 'dropout': 0.12602063719411183, 'lr': 0.007902619549708232, 'weight_decay': 0.0008536189862866829}. Best is trial 2 with value: 0.39160316241539533.
[I 2026-09-28 23:38:26,908] Trial 6 finished with value: 0.14625521851334802 and parameters: {'hidden_dim': 64, 'num_layers': 3, 'dropout': 0.27606099749584057, 'lr': 0.00017541893487450815, 'weight_decay': 9.7803370166594e-05}. Best is trial 2 with value: 0.39160316241539533.
[I 2026-09-28 23:38:32,296] Trial 7 finished with value: 0.3588868568453378 and parameters: {'hidden_dim': 128, 'num_layers': 3, 'dropout': 0.2246844304357644, 'lr': 0.001096821720752952, 'weight_decay': 0.00012399967836846095}. Best is trial 2 with value: 0.39160316241539533.
                                                  Train matrix:  92%|█████████▏| 11/12 [06:34<00:41]
  Epoch  20 | Train Loss: 0.0409 | Val Loss: 0.0714 | Val F1: 0.0728 | Val MCC: 0.1138 | Val PR-AUC: 0.3902
  Early stopping at epoch 26 (best: 6)
  Val (argmax): F1=0.0774 MCC=0.1188 PR-AUC=0.2191 | Test PR-AUC=0.0049
  Calibrated on val (t=0.95): val F1=0.3071 | test F1=0.0000 MCC=-0.0134
  Cross-label test PR-AUC: vs licit=0.0277 vs unknown=0.0059 vs all=0.0049 | unknown flagged=3.392%
  Quality gate (val F1>=0.3, val MCC>=0.15): FAILED
  Saved metadata: results_models_v4/1-1_GraphSAGE_focal_loss_meta.json (38s)

======================================================================
CONFIG: 1:10_os_GraphSAGE_none
======================================================================
  [v4 scenario 1:10_os | licit_unknown] illicit=6,924 (+3,462 SMOTE) negatives=69,240 {'licit': 13781, 'unknown': 55459} ratio=1:10.0 (subsample_seed=2026, idx sha1=07027587ad)
  Optuna: 8 trials x <= 50 epochs, metric=pr_auc, warm_start=True
  Warm-start hidden_dim snapped 140→148 (config limited to [64, 128, 148])
  Warm-start trial enqueued for GraphSAGE: {'hidden_dim': 148, 'num_layers': 2, 'dropout': 0.1135, 'lr': 0.0005302, 'weight_decay': 0.0005}

  Best trial (val pr_auc=0.3779):
    hidden_dim: 64
    num_layers: 2
    dropout: 0.4879639408647978
    lr: 0.004622589001020831
    weight_decay: 2.6587543983272695e-05
  Best Optuna val pr_auc=0.3779: {'hidden_dim': 64, 'num_layers': 2, 'dropout': 0.4879639408647978, 'lr': 0.004622589001020831, 'weight_decay': 2.6587543983272695e-05}
  Epoch  10 | Train Loss: 0.2753 | Val Loss: 0.3223 | Val F1: 0.2044 | Val MCC: 0.2592 | Val PR-AUC: 0.2818
  Epoch  20 | Train Loss: 0.2098 | Val Loss: 0.1287 | Val F1: 0.3220 | Val MCC: 0.3371 | Val PR-AUC: 0.2553
  Epoch  30 | Train Loss: 0.1727 | Val Loss: 0.1311 | Val F1: 0.4476 | Val MCC: 0.4369 | Val PR-AUC: 0.3770
  Epoch  40 | Train Loss: 0.1565 | Val Loss: 0.0970 | Val F1: 0.3559 | Val MCC: 0.3771 | Val PR-AUC: 0.3625
  Early stopping at epoch 49 (best: 29)
  Val (argmax): F1=0.4493 MCC=0.4400 PR-AUC=0.3770 | Test PR-AUC=0.0047
  Calibrated on val (t=0.50): val F1=0.4493 | test F1=0.0000 MCC=-0.0079
  Cross-label test PR-AUC: vs licit=0.0261 vs unknown=0.0058 vs all=0.0047 | unknown flagged=1.339%
  Quality gate (val F1>=0.3, val MCC>=0.15): PASSED
  Saved metadata: results_models_v4/1-10_os_GraphSAGE_none_meta.json (38s)

======================================================================
CONFIG: 1:10_os_GraphSAGE_class_weighting
======================================================================
  [v4 scenario 1:10_os | licit_unknown] illicit=6,924 (+3,462 SMOTE) negatives=69,240 {'licit': 13781, 'unknown': 55459} ratio=1:10.0 (subsample_seed=2026, idx sha1=07027587ad)
  Optuna: 8 trials x <= 50 epochs, metric=pr_auc, warm_start=True
  Warm-start hidden_dim snapped 140→148 (config limited to [64, 128, 148])
  Warm-start trial enqueued for GraphSAGE: {'hidden_dim': 148, 'num_layers': 2, 'dropout': 0.1135, 'lr': 0.0005302, 'weight_decay': 0.0005}
  Class weights: [0.550000011920929, 5.5]
  Class weights: [0.550000011920929, 5.5]
  Class weights: [0.550000011920929, 5.5]
  Class weights: [0.550000011920929, 5.5]
  Class weights: [0.550000011920929, 5.5]
  Class weights: [0.550000011920929, 5.5]
  Class weights: [0.550000011920929, 5.5]
  Class weights: [0.550000011920929, 5.5]

  Best trial (val pr_auc=0.4363):
    hidden_dim: 64
    num_layers: 2
    dropout: 0.4879639408647978
    lr: 0.004622589001020831
    weight_decay: 2.6587543983272695e-05
  Best Optuna val pr_auc=0.4363: {'hidden_dim': 64, 'num_layers': 2, 'dropout': 0.4879639408647978, 'lr': 0.004622589001020831, 'weight_decay': 2.6587543983272695e-05}
  Class weights: [0.550000011920929, 5.5]
  Epoch  10 | Train Loss: 0.3781 | Val Loss: 0.5329 | Val F1: 0.1237 | Val MCC: 0.1892 | Val PR-AUC: 0.3787
  Epoch  20 | Train Loss: 0.2975 | Val Loss: 0.3923 | Val F1: 0.1780 | Val MCC: 0.2467 | Val PR-AUC: 0.4229
  Epoch  30 | Train Loss: 0.2608 | Val Loss: 0.3690 | Val F1: 0.2037 | Val MCC: 0.2760 | Val PR-AUC: 0.4220
  Epoch  40 | Train Loss: 0.2370 | Val Loss: 0.3534 | Val F1: 0.2211 | Val MCC: 0.2944 | Val PR-AUC: 0.4335
  Epoch  50 | Train Loss: 0.2165 | Val Loss: 0.3330 | Val F1: 0.2443 | Val MCC: 0.3137 | Val PR-AUC: 0.4299
  Epoch  60 | Train Loss: 0.1992 | Val Loss: 0.3121 | Val F1: 0.2720 | Val MCC: 0.3355 | Val PR-AUC: 0.4309
  Epoch  70 | Train Loss: 0.1861 | Val Loss: 0.3026 | Val F1: 0.2876 | Val MCC: 0.3469 | Val PR-AUC: 0.4545
  Epoch  80 | Train Loss: 0.1767 | Val Loss: 0.2957 | Val F1: 0.3055 | Val MCC: 0.3583 | Val PR-AUC: 0.4486
  Epoch  90 | Train Loss: 0.1672 | Val Loss: 0.2922 | Val F1: 0.3196 | Val MCC: 0.3660 | Val PR-AUC: 0.4474
  Epoch 100 | Train Loss: 0.1593 | Val Loss: 0.2895 | Val F1: 0.3408 | Val MCC: 0.3842 | Val PR-AUC: 0.4482
  Epoch 110 | Train Loss: 0.1501 | Val Loss: 0.2940 | Val F1: 0.3620 | Val MCC: 0.3946 | Val PR-AUC: 0.4383
  Epoch 120 | Train Loss: 0.1453 | Val Loss: 0.2974 | Val F1: 0.3709 | Val MCC: 0.4014 | Val PR-AUC: 0.4406
  Epoch 130 | Train Loss: 0.1382 | Val Loss: 0.3076 | Val F1: 0.3852 | Val MCC: 0.4067 | Val PR-AUC: 0.4301
  Epoch 140 | Train Loss: 0.1330 | Val Loss: 0.3189 | Val F1: 0.3897 | Val MCC: 0.4059 | Val PR-AUC: 0.4224
  Epoch 150 | Train Loss: 0.1288 | Val Loss: 0.3225 | Val F1: 0.4026 | Val MCC: 0.4159 | Val PR-AUC: 0.4215
  Val (argmax): F1=0.4026 MCC=0.4159 PR-AUC=0.4215 | Test PR-AUC=0.0110
  Calibrated on val (t=0.77): val F1=0.4460 | test F1=0.0105 MCC=0.0042
  Cross-label test PR-AUC: vs licit=0.0516 vs unknown=0.0139 vs all=0.0110 | unknown flagged=0.561%
  Quality gate (val F1>=0.3, val MCC>=0.15): PASSED
  Saved metadata: results_models_v4/1-10_os_GraphSAGE_class_weighting_meta.json (50s)

======================================================================
CONFIG: 1:10_os_GraphSAGE_focal_loss
======================================================================
  [v4 scenario 1:10_os | licit_unknown] illicit=6,924 (+3,462 SMOTE) negatives=69,240 {'licit': 13781, 'unknown': 55459} ratio=1:10.0 (subsample_seed=2026, idx sha1=07027587ad)
  Optuna: 8 trials x <= 50 epochs, metric=pr_auc, warm_start=True
  Warm-start hidden_dim snapped 140→148 (config limited to [64, 128, 148])
  Warm-start trial enqueued for GraphSAGE: {'hidden_dim': 148, 'num_layers': 2, 'dropout': 0.1135, 'lr': 0.0005302, 'weight_decay': 0.0005}
  Focal Loss: gamma=2.0, alpha=0.75
  Focal Loss: gamma=2.0, alpha=0.75
  Focal Loss: gamma=2.0, alpha=0.75
  Focal Loss: gamma=2.0, alpha=0.75
  Focal Loss: gamma=2.0, alpha=0.75
  Focal Loss: gamma=2.0, alpha=0.75
  Focal Loss: gamma=2.0, alpha=0.75
  Focal Loss: gamma=2.0, alpha=0.75

  Best trial (val pr_auc=0.3916):
    hidden_dim: 64
    num_layers: 2
    dropout: 0.4879639408647978
    lr: 0.004622589001020831
    weight_decay: 2.6587543983272695e-05
  Best Optuna val pr_auc=0.3916: {'hidden_dim': 64, 'num_layers': 2, 'dropout': 0.4879639408647978, 'lr': 0.004622589001020831, 'weight_decay': 2.6587543983272695e-05}
  Focal Loss: gamma=2.0, alpha=0.75
  Epoch  10 | Train Loss: 0.0283 | Val Loss: 0.0189 | Val F1: 0.2928 | Val MCC: 0.2997 | Val PR-AUC: 0.3117
  Epoch  20 | Train Loss: 0.0246 | Val Loss: 0.0189 | Val F1: 0.3701 | Val MCC: 0.3604 | Val PR-AUC: 0.3387
  Epoch  30 | Train Loss: 0.0212 | Val Loss: 0.0151 | Val F1: 0.4209 | Val MCC: 0.4139 | Val PR-AUC: 0.3951
  Epoch  40 | Train Loss: 0.0197 | Val Loss: 0.0154 | Val F1: 0.4142 | Val MCC: 0.4274 | Val PR-AUC: 0.4451
  Epoch  50 | Train Loss: 0.0185 | Val Loss: 0.0146 | Val F1: 0.4315 | Val MCC: 0.4431 | Val PR-AUC: 0.4605
  Epoch  60 | Train Loss: 0.0174 | Val Loss: 0.0137 | Val F1: 0.4405 | Val MCC: 0.4483 | Val PR-AUC: 0.4691
  Epoch  70 | Train Loss: 0.0167 | Val Loss: 0.0131 | Val F1: 0.4491 | Val MCC: 0.4521 | Val PR-AUC: 0.4693
  Epoch  80 | Train Loss: 0.0159 | Val Loss: 0.0126 | Val F1: 0.4488 | Val MCC: 0.4475 | Val PR-AUC: 0.4631
  Epoch  90 | Train Loss: 0.0153 | Val Loss: 0.0122 | Val F1: 0.4546 | Val MCC: 0.4527 | Val PR-AUC: 0.4675
  Epoch 100 | Train Loss: 0.0149 | Val Loss: 0.0119 | Val F1: 0.4643 | Val MCC: 0.4613 | Val PR-AUC: 0.4608
  Epoch 110 | Train Loss: 0.0143 | Val Loss: 0.0121 | Val F1: 0.4525 | Val MCC: 0.4434 | Val PR-AUC: 0.4388                                                  Train matrix:  92%|█████████▏| 11/12 [06:46<00:41]                                                  Train matrix:  92%|█████████▏| 11/12 [06:46<00:41]                                                  Train matrix:  92%|█████████▏| 11/12 [06:46<00:41]                                                  Train matrix:  92%|█████████▏| 11/12 [06:46<00:41]Train matrix: 100%|██████████| 12/12 [06:46<00:00]Train matrix: 100%|██████████| 12/12 [06:46<00:00]

  Epoch 120 | Train Loss: 0.0138 | Val Loss: 0.0120 | Val F1: 0.4525 | Val MCC: 0.4442 | Val PR-AUC: 0.4443
  Early stopping at epoch 120 (best: 100)
  Val (argmax): F1=0.4643 MCC=0.4613 PR-AUC=0.4608 | Test PR-AUC=0.0097
  Calibrated on val (t=0.55): val F1=0.4864 | test F1=0.0067 MCC=0.0019
  Cross-label test PR-AUC: vs licit=0.0557 vs unknown=0.0116 vs all=0.0097 | unknown flagged=0.522%
  Quality gate (val F1>=0.3, val MCC>=0.15): PASSED
  Saved metadata: results_models_v4/1-10_os_GraphSAGE_focal_loss_meta.json (43s)

======================================================================
TRAIN MATRIX SUMMARY
======================================================================
  Passed (val F1>=0.3, MCC>=0.15): 6
    + 1:10_GraphSAGE_none
    + 1:10_GraphSAGE_class_weighting
    + 1:10_GraphSAGE_focal_loss
    + 1:10_os_GraphSAGE_none
    + 1:10_os_GraphSAGE_class_weighting
    + 1:10_os_GraphSAGE_focal_loss
  Failed quality gate:                        3
    - 1:1_GraphSAGE_none
    - 1:1_GraphSAGE_class_weighting
    - 1:1_GraphSAGE_focal_loss
  Errors (OOM / timeout / exception):         0
  Skipped (resume):                           3

  Total time: 0.11 h
  Checkpoints + metadata in: results_models_v4
  Progress log: runs_v4/progress.jsonl
