Device: cuda | config configs/experiment_v4.yaml (version v4, sha256 7441cc42d796)
  MLflow experiment: xai-gnn-stability-v4
  Tracking URI: sqlite:///mlruns.db

======================================================================
LOADING ELLIPTIC DATASET
======================================================================
============================================================
Elliptic Bitcoin Dataset Statistics
============================================================
Total nodes:      203,769
Total edges:      234,355
Node features:    165
Labeled nodes:    46,564
  Licit (0):      42,019
  Illicit (1):    4,545
  Unknown (-1):   157,205
Illicit ratio:    0.0976
============================================================
  Label mode: licit_unknown (negatives = licit + unknown)
Preprocessing Elliptic dataset...
Creating time-based splits:
  Train: 136,265 nodes (3,462 illicit, 132,803 licit, ratio 1:38.4)
  Val  : 37,820 nodes (914 illicit, 36,906 licit, ratio 1:40.4)
  Test : 29,684 nodes (169 illicit, 29,515 licit, ratio 1:174.6)
  Split counts validated against the official Elliptic release.
Normalizing features (fit on every node of the train timesteps):
  Features normalized (RobustScaler + clip[-10,10]): mean~0.7023, std~2.3916, clipped=4.69% of values
Preprocessing complete.
  Data loaded + validated in 2.2s: {'train': {'illicit': 3462, 'licit': 132803}, 'val': {'illicit': 914, 'licit': 36906}, 'test': {'illicit': 169, 'licit': 29515}}

Training matrix: 12 configs (1 seed(s): 42)
Train matrix:   0%|          | 0/12 [00:00<?]Train matrix:   0%|          | 0/12 [00:00<?]                                             Train matrix:   0%|          | 0/12 [00:00<?]Train matrix:   0%|          | 0/12 [00:00<?]                                             Train matrix:   0%|          | 0/12 [00:00<?]Train matrix:   0%|          | 0/12 [00:00<?]                                             Train matrix:   0%|          | 0/12 [00:00<?]Train matrix:   0%|          | 0/12 [00:00<?]                                             Train matrix:   0%|          | 0/12 [00:00<?]                                             Train matrix:   0%|          | 0/12 [00:00<?][I 2026-09-28 23:31:57,409] A new study created in memory with name: GraphSAGE_none_pr_auc
[I 2026-09-28 23:32:00,817] Trial 0 finished with value: 0.30413301585231395 and parameters: {'hidden_dim': 148, 'num_layers': 2, 'dropout': 0.1135, 'lr': 0.0005302, 'weight_decay': 0.0005}. Best is trial 0 with value: 0.30413301585231395.
[I 2026-09-28 23:32:06,310] Trial 1 finished with value: 0.04602438040213518 and parameters: {'hidden_dim': 128, 'num_layers': 3, 'dropout': 0.1624074561769746, 'lr': 0.00020511104188433984, 'weight_decay': 1.3066739238053272e-05}. Best is trial 0 with value: 0.30413301585231395.
[I 2026-09-28 23:32:08,373] Trial 2 finished with value: 0.372042539659196 and parameters: {'hidden_dim': 64, 'num_layers': 2, 'dropout': 0.4879639408647978, 'lr': 0.004622589001020831, 'weight_decay': 2.6587543983272695e-05}. Best is trial 2 with value: 0.372042539659196.
[I 2026-09-28 23:32:14,533] Trial 3 finished with value: 0.23574542909244506 and parameters: {'hidden_dim': 148, 'num_layers': 3, 'dropout': 0.2727780074568463, 'lr': 0.0003823475224675188, 'weight_decay': 0.00016738085788752134}. Best is trial 2 with value: 0.372042539659196.
[I 2026-09-28 23:32:19,026] Trial 4 finished with value: 0.16588249783530193 and parameters: {'hidden_dim': 148, 'num_layers': 2, 'dropout': 0.41407038455720546, 'lr': 0.00025081156860452336, 'weight_decay': 0.00010677482709481354}. Best is trial 2 with value: 0.372042539659196.
[I 2026-09-28 23:32:20,774] Trial 5 finished with value: 0.22856993864637767 and parameters: {'hidden_dim': 148, 'num_layers': 2, 'dropout': 0.12602063719411183, 'lr': 0.007902619549708232, 'weight_decay': 0.0008536189862866829}. Best is trial 2 with value: 0.372042539659196.
[I 2026-09-28 23:32:24,960] Trial 6 finished with value: 0.034722176955199746 and parameters: {'hidden_dim': 64, 'num_layers': 3, 'dropout': 0.27606099749584057, 'lr': 0.00017541893487450815, 'weight_decay': 9.7803370166594e-05}. Best is trial 2 with value: 0.372042539659196.
[I 2026-09-28 23:32:30,459] Trial 7 finished with value: 0.267139523686301 and parameters: {'hidden_dim': 128, 'num_layers': 3, 'dropout': 0.2246844304357644, 'lr': 0.001096821720752952, 'weight_decay': 0.00012399967836846095}. Best is trial 2 with value: 0.372042539659196.
                                             Train matrix:   0%|          | 0/12 [00:33<?]                                             Train matrix:   0%|          | 0/12 [00:39<?]                                             Train matrix:   0%|          | 0/12 [00:39<?]                                             Train matrix:   0%|          | 0/12 [00:39<?]                                             Train matrix:   0%|          | 0/12 [00:39<?]Train matrix:  33%|███▎      | 4/12 [00:40<01:20]Train matrix:  33%|███▎      | 4/12 [00:40<01:20]                                                 Train matrix:  33%|███▎      | 4/12 [00:40<01:20]                                                 Train matrix:  33%|███▎      | 4/12 [00:40<01:20][I 2026-09-28 23:32:37,516] A new study created in memory with name: GraphSAGE_class_weighting_pr_auc
[I 2026-09-28 23:32:42,027] Trial 0 finished with value: 0.39937156207921964 and parameters: {'hidden_dim': 148, 'num_layers': 2, 'dropout': 0.1135, 'lr': 0.0005302, 'weight_decay': 0.0005}. Best is trial 0 with value: 0.39937156207921964.
[I 2026-09-28 23:32:47,523] Trial 1 finished with value: 0.18228228522588671 and parameters: {'hidden_dim': 128, 'num_layers': 3, 'dropout': 0.1624074561769746, 'lr': 0.00020511104188433984, 'weight_decay': 1.3066739238053272e-05}. Best is trial 0 with value: 0.39937156207921964.
[I 2026-09-28 23:32:49,657] Trial 2 finished with value: 0.44492984060711543 and parameters: {'hidden_dim': 64, 'num_layers': 2, 'dropout': 0.4879639408647978, 'lr': 0.004622589001020831, 'weight_decay': 2.6587543983272695e-05}. Best is trial 2 with value: 0.44492984060711543.
[I 2026-09-28 23:32:55,845] Trial 3 finished with value: 0.3255958595565744 and parameters: {'hidden_dim': 148, 'num_layers': 3, 'dropout': 0.2727780074568463, 'lr': 0.0003823475224675188, 'weight_decay': 0.00016738085788752134}. Best is trial 2 with value: 0.44492984060711543.
[I 2026-09-28 23:33:00,350] Trial 4 finished with value: 0.2539091057798512 and parameters: {'hidden_dim': 148, 'num_layers': 2, 'dropout': 0.41407038455720546, 'lr': 0.00025081156860452336, 'weight_decay': 0.00010677482709481354}. Best is trial 2 with value: 0.44492984060711543.
[I 2026-09-28 23:33:03,607] Trial 5 finished with value: 0.4174632732133154 and parameters: {'hidden_dim': 148, 'num_layers': 2, 'dropout': 0.12602063719411183, 'lr': 0.007902619549708232, 'weight_decay': 0.0008536189862866829}. Best is trial 2 with value: 0.44492984060711543.
[I 2026-09-28 23:33:07,798] Trial 6 finished with value: 0.14611028380732755 and parameters: {'hidden_dim': 64, 'num_layers': 3, 'dropout': 0.27606099749584057, 'lr': 0.00017541893487450815, 'weight_decay': 9.7803370166594e-05}. Best is trial 2 with value: 0.44492984060711543.
[I 2026-09-28 23:33:13,312] Trial 7 finished with value: 0.39690747234377116 and parameters: {'hidden_dim': 128, 'num_layers': 3, 'dropout': 0.2246844304357644, 'lr': 0.001096821720752952, 'weight_decay': 0.00012399967836846095}. Best is trial 2 with value: 0.44492984060711543.
                                                 Train matrix:  33%|███▎      | 4/12 [01:15<01:20]                                                 Train matrix:  33%|███▎      | 4/12 [01:30<01:20]                                                 Train matrix:  33%|███▎      | 4/12 [01:30<01:20]                                                 Train matrix:  33%|███▎      | 4/12 [01:30<01:20]                                                 Train matrix:  33%|███▎      | 4/12 [01:30<01:20]Train matrix:  42%|████▏     | 5/12 [01:30<02:24]Train matrix:  42%|████▏     | 5/12 [01:30<02:24]                                                 Train matrix:  42%|████▏     | 5/12 [01:30<02:24]                                                 Train matrix:  42%|████▏     | 5/12 [01:30<02:24][I 2026-09-28 23:33:28,139] A new study created in memory with name: GraphSAGE_focal_loss_pr_auc
[I 2026-09-28 23:33:30,781] Trial 0 finished with value: 0.35214126968619175 and parameters: {'hidden_dim': 148, 'num_layers': 2, 'dropout': 0.1135, 'lr': 0.0005302, 'weight_decay': 0.0005}. Best is trial 0 with value: 0.35214126968619175.
[I 2026-09-28 23:33:36,260] Trial 1 finished with value: 0.14931399393890735 and parameters: {'hidden_dim': 128, 'num_layers': 3, 'dropout': 0.1624074561769746, 'lr': 0.00020511104188433984, 'weight_decay': 1.3066739238053272e-05}. Best is trial 0 with value: 0.35214126968619175.
[I 2026-09-28 23:33:38,105] Trial 2 finished with value: 0.38554340559503647 and parameters: {'hidden_dim': 64, 'num_layers': 2, 'dropout': 0.4879639408647978, 'lr': 0.004622589001020831, 'weight_decay': 2.6587543983272695e-05}. Best is trial 2 with value: 0.38554340559503647.
[I 2026-09-28 23:33:44,256] Trial 3 finished with value: 0.37138988358994185 and parameters: {'hidden_dim': 148, 'num_layers': 3, 'dropout': 0.2727780074568463, 'lr': 0.0003823475224675188, 'weight_decay': 0.00016738085788752134}. Best is trial 2 with value: 0.38554340559503647.
[I 2026-09-28 23:33:48,751] Trial 4 finished with value: 0.2703339264445162 and parameters: {'hidden_dim': 148, 'num_layers': 2, 'dropout': 0.41407038455720546, 'lr': 0.00025081156860452336, 'weight_decay': 0.00010677482709481354}. Best is trial 2 with value: 0.38554340559503647.
[I 2026-09-28 23:33:50,213] Trial 5 finished with value: 0.28491414163962525 and parameters: {'hidden_dim': 148, 'num_layers': 2, 'dropout': 0.12602063719411183, 'lr': 0.007902619549708232, 'weight_decay': 0.0008536189862866829}. Best is trial 2 with value: 0.38554340559503647.
[I 2026-09-28 23:33:54,394] Trial 6 finished with value: 0.13997711559711049 and parameters: {'hidden_dim': 64, 'num_layers': 3, 'dropout': 0.27606099749584057, 'lr': 0.00017541893487450815, 'weight_decay': 9.7803370166594e-05}. Best is trial 2 with value: 0.38554340559503647.
[I 2026-09-28 23:33:59,873] Trial 7 finished with value: 0.3497392337339556 and parameters: {'hidden_dim': 128, 'num_layers': 3, 'dropout': 0.2246844304357644, 'lr': 0.001096821720752952, 'weight_decay': 0.00012399967836846095}. Best is trial 2 with value: 0.38554340559503647.
                                                 Train matrix:  42%|████▏     | 5/12 [02:02<02:24]  SKIP (resume — native_GraphSAGE_none_meta.json exists): native_GraphSAGE_none
  SKIP (resume — native_GraphSAGE_class_weighting_meta.json exists): native_GraphSAGE_class_weighting
  SKIP (resume — native_GraphSAGE_focal_loss_meta.json exists): native_GraphSAGE_focal_loss

======================================================================
CONFIG: 1:10_GraphSAGE_none
======================================================================
  [v4 scenario 1:10 | licit_unknown] illicit=3,462 negatives=34,620 {'licit': 6890, 'unknown': 27730} ratio=1:10.0 (subsample_seed=2026, idx sha1=c5923cc170)
  Optuna: 8 trials x <= 50 epochs, metric=pr_auc, warm_start=True
  Warm-start hidden_dim snapped 140→148 (config limited to [64, 128, 148])
  Warm-start trial enqueued for GraphSAGE: {'hidden_dim': 148, 'num_layers': 2, 'dropout': 0.1135, 'lr': 0.0005302, 'weight_decay': 0.0005}

  Best trial (val pr_auc=0.3720):
    hidden_dim: 64
    num_layers: 2
    dropout: 0.4879639408647978
    lr: 0.004622589001020831
    weight_decay: 2.6587543983272695e-05
  Best Optuna val pr_auc=0.3720: {'hidden_dim': 64, 'num_layers': 2, 'dropout': 0.4879639408647978, 'lr': 0.004622589001020831, 'weight_decay': 2.6587543983272695e-05}
  Epoch  10 | Train Loss: 0.2750 | Val Loss: 0.3225 | Val F1: 0.2085 | Val MCC: 0.2628 | Val PR-AUC: 0.2812
  Epoch  20 | Train Loss: 0.2106 | Val Loss: 0.1310 | Val F1: 0.3286 | Val MCC: 0.3446 | Val PR-AUC: 0.2663
  Epoch  30 | Train Loss: 0.1781 | Val Loss: 0.1440 | Val F1: 0.4530 | Val MCC: 0.4499 | Val PR-AUC: 0.4057
  Epoch  40 | Train Loss: 0.1607 | Val Loss: 0.0993 | Val F1: 0.3681 | Val MCC: 0.3832 | Val PR-AUC: 0.3821
  Epoch  50 | Train Loss: 0.1479 | Val Loss: 0.0988 | Val F1: 0.4712 | Val MCC: 0.4604 | Val PR-AUC: 0.4476
  Epoch  60 | Train Loss: 0.1391 | Val Loss: 0.0895 | Val F1: 0.4569 | Val MCC: 0.4489 | Val PR-AUC: 0.4422
  Early stopping at epoch 68 (best: 48)
  Val (argmax): F1=0.4767 MCC=0.4651 PR-AUC=0.4466 | Test PR-AUC=0.0062
  Calibrated on val (t=0.49): val F1=0.4794 | test F1=0.0000 MCC=-0.0051
  Cross-label test PR-AUC: vs licit=0.0326 vs unknown=0.0077 vs all=0.0062 | unknown flagged=0.574%
  Quality gate (val F1>=0.3, val MCC>=0.15): PASSED
  Saved metadata: results_models_v4/1-10_GraphSAGE_none_meta.json (40s)

======================================================================
CONFIG: 1:10_GraphSAGE_class_weighting
======================================================================
  [v4 scenario 1:10 | licit_unknown] illicit=3,462 negatives=34,620 {'licit': 6890, 'unknown': 27730} ratio=1:10.0 (subsample_seed=2026, idx sha1=c5923cc170)
  Optuna: 8 trials x <= 50 epochs, metric=pr_auc, warm_start=True
  Warm-start hidden_dim snapped 140→148 (config limited to [64, 128, 148])
  Warm-start trial enqueued for GraphSAGE: {'hidden_dim': 148, 'num_layers': 2, 'dropout': 0.1135, 'lr': 0.0005302, 'weight_decay': 0.0005}
  Class weights: [0.550000011920929, 5.5]
  Class weights: [0.550000011920929, 5.5]
  Class weights: [0.550000011920929, 5.5]
  Class weights: [0.550000011920929, 5.5]
  Class weights: [0.550000011920929, 5.5]
  Class weights: [0.550000011920929, 5.5]
  Class weights: [0.550000011920929, 5.5]
  Class weights: [0.550000011920929, 5.5]

  Best trial (val pr_auc=0.4449):
    hidden_dim: 64
    num_layers: 2
    dropout: 0.4879639408647978
    lr: 0.004622589001020831
    weight_decay: 2.6587543983272695e-05
  Best Optuna val pr_auc=0.4449: {'hidden_dim': 64, 'num_layers': 2, 'dropout': 0.4879639408647978, 'lr': 0.004622589001020831, 'weight_decay': 2.6587543983272695e-05}
  Class weights: [0.550000011920929, 5.5]
  Epoch  10 | Train Loss: 0.3840 | Val Loss: 0.5416 | Val F1: 0.1214 | Val MCC: 0.1865 | Val PR-AUC: 0.3811
  Epoch  20 | Train Loss: 0.3065 | Val Loss: 0.3956 | Val F1: 0.1772 | Val MCC: 0.2478 | Val PR-AUC: 0.4254
  Epoch  30 | Train Loss: 0.2674 | Val Loss: 0.3922 | Val F1: 0.1905 | Val MCC: 0.2658 | Val PR-AUC: 0.4085
  Epoch  40 | Train Loss: 0.2430 | Val Loss: 0.3740 | Val F1: 0.2045 | Val MCC: 0.2815 | Val PR-AUC: 0.4423
  Epoch  50 | Train Loss: 0.2215 | Val Loss: 0.3402 | Val F1: 0.2321 | Val MCC: 0.3063 | Val PR-AUC: 0.4515
  Epoch  60 | Train Loss: 0.2049 | Val Loss: 0.3087 | Val F1: 0.2704 | Val MCC: 0.3376 | Val PR-AUC: 0.4610
  Epoch  70 | Train Loss: 0.1881 | Val Loss: 0.3052 | Val F1: 0.2731 | Val MCC: 0.3393 | Val PR-AUC: 0.4715
  Epoch  80 | Train Loss: 0.1839 | Val Loss: 0.2899 | Val F1: 0.2959 | Val MCC: 0.3583 | Val PR-AUC: 0.4744
  Epoch  90 | Train Loss: 0.1714 | Val Loss: 0.2813 | Val F1: 0.3187 | Val MCC: 0.3732 | Val PR-AUC: 0.4617
  Epoch 100 | Train Loss: 0.1637 | Val Loss: 0.2777 | Val F1: 0.3397 | Val MCC: 0.3900 | Val PR-AUC: 0.4641
  Epoch 110 | Train Loss: 0.1543 | Val Loss: 0.2799 | Val F1: 0.3410 | Val MCC: 0.3913 | Val PR-AUC: 0.4626
  Epoch 120 | Train Loss: 0.1473 | Val Loss: 0.2792 | Val F1: 0.3547 | Val MCC: 0.3984 | Val PR-AUC: 0.4532
  Epoch 130 | Train Loss: 0.1450 | Val Loss: 0.2733 | Val F1: 0.3624 | Val MCC: 0.4100 | Val PR-AUC: 0.4674
  Epoch 140 | Train Loss: 0.1379 | Val Loss: 0.2834 | Val F1: 0.3769 | Val MCC: 0.4093 | Val PR-AUC: 0.4540
  Epoch 150 | Train Loss: 0.1308 | Val Loss: 0.2767 | Val F1: 0.3813 | Val MCC: 0.4196 | Val PR-AUC: 0.4671
  Val (argmax): F1=0.3857 MCC=0.4222 PR-AUC=0.4636 | Test PR-AUC=0.0106
  Calibrated on val (t=0.87): val F1=0.5080 | test F1=0.0162 MCC=0.0101
  Cross-label test PR-AUC: vs licit=0.0493 vs unknown=0.0134 vs all=0.0106 | unknown flagged=0.548%
  Quality gate (val F1>=0.3, val MCC>=0.15): PASSED
  Saved metadata: results_models_v4/1-10_GraphSAGE_class_weighting_meta.json (50s)

======================================================================
CONFIG: 1:10_GraphSAGE_focal_loss
======================================================================
  [v4 scenario 1:10 | licit_unknown] illicit=3,462 negatives=34,620 {'licit': 6890, 'unknown': 27730} ratio=1:10.0 (subsample_seed=2026, idx sha1=c5923cc170)
  Optuna: 8 trials x <= 50 epochs, metric=pr_auc, warm_start=True
  Warm-start hidden_dim snapped 140→148 (config limited to [64, 128, 148])
  Warm-start trial enqueued for GraphSAGE: {'hidden_dim': 148, 'num_layers': 2, 'dropout': 0.1135, 'lr': 0.0005302, 'weight_decay': 0.0005}
  Focal Loss: gamma=2.0, alpha=0.75
  Focal Loss: gamma=2.0, alpha=0.75
  Focal Loss: gamma=2.0, alpha=0.75
  Focal Loss: gamma=2.0, alpha=0.75
  Focal Loss: gamma=2.0, alpha=0.75
  Focal Loss: gamma=2.0, alpha=0.75
  Focal Loss: gamma=2.0, alpha=0.75
  Focal Loss: gamma=2.0, alpha=0.75

  Best trial (val pr_auc=0.3855):
    hidden_dim: 64
    num_layers: 2
    dropout: 0.4879639408647978
    lr: 0.004622589001020831
    weight_decay: 2.6587543983272695e-05
  Best Optuna val pr_auc=0.3855: {'hidden_dim': 64, 'num_layers': 2, 'dropout': 0.4879639408647978, 'lr': 0.004622589001020831, 'weight_decay': 2.6587543983272695e-05}
  Focal Loss: gamma=2.0, alpha=0.75
  Epoch  10 | Train Loss: 0.0287 | Val Loss: 0.0185 | Val F1: 0.2973 | Val MCC: 0.3065 | Val PR-AUC: 0.3175
  Epoch  20 | Train Loss: 0.0248 | Val Loss: 0.0198 | Val F1: 0.3667 | Val MCC: 0.3559 | Val PR-AUC: 0.3233
  Epoch  30 | Train Loss: 0.0218 | Val Loss: 0.0152 | Val F1: 0.4315 | Val MCC: 0.4308 | Val PR-AUC: 0.4116
  Epoch  40 | Train Loss: 0.0200 | Val Loss: 0.0153 | Val F1: 0.4425 | Val MCC: 0.4491 | Val PR-AUC: 0.4397
  Epoch  50 | Train Loss: 0.0188 | Val Loss: 0.0149 | Val F1: 0.4302 | Val MCC: 0.4441 | Val PR-AUC: 0.4575
  Epoch  60 | Train Loss: 0.0180 | Val Loss: 0.0141 | Val F1: 0.4430 | Val MCC: 0.4569 | Val PR-AUC: 0.4833
  Epoch  70 | Train Loss: 0.0172 | Val Loss: 0.0140 | Val F1: 0.4345 | Val MCC: 0.4538 | Val PR-AUC: 0.4946
  Epoch  80 | Train Loss: 0.0165 | Val Loss: 0.0136 | Val F1: 0.4365 | Val MCC: 0.4574 | Val PR-AUC: 0.5027
  Epoch  90 | Train Loss: 0.0158 | Val Loss: 0.0127 | Val F1: 0.4554 | Val MCC: 0.4699 | Val PR-AUC: 0.5062
  Epoch 100 | Train Loss: 0.0155 | Val Loss: 0.0123 | Val F1: 0.4563 | Val MCC: 0.4686 | Val PR-AUC: 0.5052
  Epoch 110 | Train Loss: 0.0148 | Val Loss: 0.0119 | Val F1: 0.4661 | Val MCC: 0.4778 | Val PR-AUC: 0.5122
  Epoch 120 | Train Loss: 0.0143 | Val Loss: 0.0116 | Val F1: 0.4749 | Val MCC: 0.4869 | Val PR-AUC: 0.5085                                                 Train matrix:  42%|████▏     | 5/12 [02:17<02:24]                                                 Train matrix:  42%|████▏     | 5/12 [02:17<02:24]                                                 Train matrix:  42%|████▏     | 5/12 [02:17<02:24]                                                 Train matrix:  42%|████▏     | 5/12 [02:17<02:24]Train matrix:  50%|█████     | 6/12 [02:17<02:46]Train matrix:  50%|█████     | 6/12 [02:17<02:46]                                                 Train matrix:  50%|█████     | 6/12 [02:17<02:46]                                                 Train matrix:  50%|█████     | 6/12 [02:17<02:46][I 2026-09-28 23:34:14,678] A new study created in memory with name: GraphSAGE_none_pr_auc
[I 2026-09-28 23:34:19,181] Trial 0 finished with value: 0.39142794272894205 and parameters: {'hidden_dim': 148, 'num_layers': 2, 'dropout': 0.1135, 'lr': 0.0005302, 'weight_decay': 0.0005}. Best is trial 0 with value: 0.39142794272894205.
[I 2026-09-28 23:34:24,668] Trial 1 finished with value: 0.1793814999180111 and parameters: {'hidden_dim': 128, 'num_layers': 3, 'dropout': 0.1624074561769746, 'lr': 0.00020511104188433984, 'weight_decay': 1.3066739238053272e-05}. Best is trial 0 with value: 0.39142794272894205.
[I 2026-09-28 23:34:26,659] Trial 2 finished with value: 0.4213722216157071 and parameters: {'hidden_dim': 64, 'num_layers': 2, 'dropout': 0.4879639408647978, 'lr': 0.004622589001020831, 'weight_decay': 2.6587543983272695e-05}. Best is trial 2 with value: 0.4213722216157071.
[I 2026-09-28 23:34:32,826] Trial 3 finished with value: 0.319185965860865 and parameters: {'hidden_dim': 148, 'num_layers': 3, 'dropout': 0.2727780074568463, 'lr': 0.0003823475224675188, 'weight_decay': 0.00016738085788752134}. Best is trial 2 with value: 0.4213722216157071.
[I 2026-09-28 23:34:37,323] Trial 4 finished with value: 0.23677372733324478 and parameters: {'hidden_dim': 148, 'num_layers': 2, 'dropout': 0.41407038455720546, 'lr': 0.00025081156860452336, 'weight_decay': 0.00010677482709481354}. Best is trial 2 with value: 0.4213722216157071.
[I 2026-09-28 23:34:40,657] Trial 5 finished with value: 0.3875016188644344 and parameters: {'hidden_dim': 148, 'num_layers': 2, 'dropout': 0.12602063719411183, 'lr': 0.007902619549708232, 'weight_decay': 0.0008536189862866829}. Best is trial 2 with value: 0.4213722216157071.
[I 2026-09-28 23:34:44,842] Trial 6 finished with value: 0.16073438542523483 and parameters: {'hidden_dim': 64, 'num_layers': 3, 'dropout': 0.27606099749584057, 'lr': 0.00017541893487450815, 'weight_decay': 9.7803370166594e-05}. Best is trial 2 with value: 0.4213722216157071.
