Device: cuda | config configs/experiment_v4.yaml (version v4, sha256 7441cc42d796)
  MLflow experiment: xai-gnn-stability-v4
  Tracking URI: sqlite:///mlruns.db

======================================================================
LOADING ELLIPTIC DATASET
======================================================================
============================================================
Elliptic Bitcoin Dataset Statistics
============================================================
Total nodes:      203,769
Total edges:      234,355
Node features:    165
Labeled nodes:    46,564
  Licit (0):      42,019
  Illicit (1):    4,545
  Unknown (-1):   157,205
Illicit ratio:    0.0976
============================================================
  Label mode: licit_unknown (negatives = licit + unknown)
Preprocessing Elliptic dataset...
Creating time-based splits:
  Train: 136,265 nodes (3,462 illicit, 132,803 licit, ratio 1:38.4)
  Val  : 37,820 nodes (914 illicit, 36,906 licit, ratio 1:40.4)
  Test : 29,684 nodes (169 illicit, 29,515 licit, ratio 1:174.6)
  Split counts validated against the official Elliptic release.
Normalizing features (fit on every node of the train timesteps):
  Features normalized (RobustScaler + clip[-10,10]): mean~0.7023, std~2.3916, clipped=4.69% of values
Preprocessing complete.
  Data loaded + validated in 2.2s: {'train': {'illicit': 3462, 'licit': 132803}, 'val': {'illicit': 914, 'licit': 36906}, 'test': {'illicit': 169, 'licit': 29515}}

Training matrix: 12 configs (1 seed(s): 42)
Train matrix:   0%|          | 0/12 [00:00<?]Train matrix:   0%|          | 0/12 [00:00<?]                                             Train matrix:   0%|          | 0/12 [00:00<?]                                             Train matrix:   0%|          | 0/12 [00:00<?][I 2026-09-28 23:57:43,519] A new study created in memory with name: GAT_none_pr_auc
[W 2026-09-28 23:57:44,050] Trial 0 failed with parameters: {'hidden_dim': 148, 'num_layers': 2, 'dropout': 0.2522, 'lr': 0.0006999, 'weight_decay': 0.0005, 'heads': 8} because of the following error: OutOfMemoryError('CUDA out of memory. Tried to allocate 1.93 GiB. GPU 0 has a total capacity of 7.62 GiB of which 1.62 GiB is free. Process 6266 has 96.00 MiB memory in use. Process 11793 has 13.41 MiB memory in use. Process 12049 has 87.91 MiB memory in use. Process 359874 has 55.91 MiB memory in use. Including non-PyTorch memory, this process has 5.16 GiB memory in use. Of the allocated memory 4.97 GiB is allocated by PyTorch, and 75.44 MiB is reserved by PyTorch but unallocated. If reserved but unallocated memory is large try setting PYTORCH_CUDA_ALLOC_CONF=expandable_segments:True to avoid fragmentation.  See documentation for Memory Management  (https://pytorch.org/docs/stable/notes/cuda.html#environment-variables)').
Traceback (most recent call last):
  File "/home/juan/Escritorio/gnn_thesis/gnns_thesis/.venv/lib/python3.12/site-packages/optuna/study/_optimize.py", line 206, in _run_trial
    value_or_values = func(trial)
                      ^^^^^^^^^^^
  File "/home/juan/Escritorio/gnn_thesis/gnns_thesis/src/training/hyperopt.py", line 260, in <lambda>
    lambda trial: objective(
                  ^^^^^^^^^^
  File "/home/juan/Escritorio/gnn_thesis/gnns_thesis/src/training/hyperopt.py", line 175, in objective
    results = trainer.train(
              ^^^^^^^^^^^^^^
  File "/home/juan/Escritorio/gnn_thesis/gnns_thesis/src/training/trainer.py", line 270, in train
    train_loss = self.train_epoch(data)
                 ^^^^^^^^^^^^^^^^^^^^^^
  File "/home/juan/Escritorio/gnn_thesis/gnns_thesis/src/training/trainer.py", line 121, in train_epoch
    loss.backward()
  File "/home/juan/Escritorio/gnn_thesis/gnns_thesis/.venv/lib/python3.12/site-packages/torch/_tensor.py", line 626, in backward
    torch.autograd.backward(
  File "/home/juan/Escritorio/gnn_thesis/gnns_thesis/.venv/lib/python3.12/site-packages/torch/autograd/__init__.py", line 347, in backward
    _engine_run_backward(
  File "/home/juan/Escritorio/gnn_thesis/gnns_thesis/.venv/lib/python3.12/site-packages/torch/autograd/graph.py", line 823, in _engine_run_backward
    return Variable._execution_engine.run_backward(  # Calls into the C++ engine to run the backward pass
           ^^^^^^^^^^^^^^^^^^^^^^^^^^^^^^^^^^^^^^^^^^^^^^^^^^^^^^^^^^^^^^^^^^^^^^^^^^^^^^^^^^^^^^^^^^^^^^
torch.OutOfMemoryError: CUDA out of memory. Tried to allocate 1.93 GiB. GPU 0 has a total capacity of 7.62 GiB of which 1.62 GiB is free. Process 6266 has 96.00 MiB memory in use. Process 11793 has 13.41 MiB memory in use. Process 12049 has 87.91 MiB memory in use. Process 359874 has 55.91 MiB memory in use. Including non-PyTorch memory, this process has 5.16 GiB memory in use. Of the allocated memory 4.97 GiB is allocated by PyTorch, and 75.44 MiB is reserved by PyTorch but unallocated. If reserved but unallocated memory is large try setting PYTORCH_CUDA_ALLOC_CONF=expandable_segments:True to avoid fragmentation.  See documentation for Memory Management  (https://pytorch.org/docs/stable/notes/cuda.html#environment-variables)
[W 2026-09-28 23:57:44,051] Trial 0 failed with value None.
                                             Train matrix:   0%|          | 0/12 [00:00<?]Train matrix:   8%|▊         | 1/12 [00:00<00:09]Train matrix:   8%|▊         | 1/12 [00:00<00:09]                                                 Train matrix:   8%|▊         | 1/12 [00:00<00:09]                                                 Train matrix:   8%|▊         | 1/12 [00:00<00:09][I 2026-09-28 23:57:44,376] A new study created in memory with name: GAT_class_weighting_pr_auc
[W 2026-09-28 23:57:44,635] Trial 0 failed with parameters: {'hidden_dim': 148, 'num_layers': 2, 'dropout': 0.2522, 'lr': 0.0006999, 'weight_decay': 0.0005, 'heads': 8} because of the following error: OutOfMemoryError('CUDA out of memory. Tried to allocate 1.93 GiB. GPU 0 has a total capacity of 7.62 GiB of which 1.62 GiB is free. Process 6266 has 96.00 MiB memory in use. Process 11793 has 13.41 MiB memory in use. Process 12049 has 87.91 MiB memory in use. Process 359874 has 55.91 MiB memory in use. Including non-PyTorch memory, this process has 5.16 GiB memory in use. Of the allocated memory 4.97 GiB is allocated by PyTorch, and 75.44 MiB is reserved by PyTorch but unallocated. If reserved but unallocated memory is large try setting PYTORCH_CUDA_ALLOC_CONF=expandable_segments:True to avoid fragmentation.  See documentation for Memory Management  (https://pytorch.org/docs/stable/notes/cuda.html#environment-variables)').
Traceback (most recent call last):
  File "/home/juan/Escritorio/gnn_thesis/gnns_thesis/.venv/lib/python3.12/site-packages/optuna/study/_optimize.py", line 206, in _run_trial
    value_or_values = func(trial)
                      ^^^^^^^^^^^
  File "/home/juan/Escritorio/gnn_thesis/gnns_thesis/src/training/hyperopt.py", line 260, in <lambda>
    lambda trial: objective(
                  ^^^^^^^^^^
  File "/home/juan/Escritorio/gnn_thesis/gnns_thesis/src/training/hyperopt.py", line 175, in objective
    results = trainer.train(
              ^^^^^^^^^^^^^^
  File "/home/juan/Escritorio/gnn_thesis/gnns_thesis/src/training/trainer.py", line 270, in train
    train_loss = self.train_epoch(data)
                 ^^^^^^^^^^^^^^^^^^^^^^
  File "/home/juan/Escritorio/gnn_thesis/gnns_thesis/src/training/trainer.py", line 121, in train_epoch
    loss.backward()
  File "/home/juan/Escritorio/gnn_thesis/gnns_thesis/.venv/lib/python3.12/site-packages/torch/_tensor.py", line 626, in backward
    torch.autograd.backward(
  File "/home/juan/Escritorio/gnn_thesis/gnns_thesis/.venv/lib/python3.12/site-packages/torch/autograd/__init__.py", line 347, in backward
    _engine_run_backward(
  File "/home/juan/Escritorio/gnn_thesis/gnns_thesis/.venv/lib/python3.12/site-packages/torch/autograd/graph.py", line 823, in _engine_run_backward
    return Variable._execution_engine.run_backward(  # Calls into the C++ engine to run the backward pass
           ^^^^^^^^^^^^^^^^^^^^^^^^^^^^^^^^^^^^^^^^^^^^^^^^^^^^^^^^^^^^^^^^^^^^^^^^^^^^^^^^^^^^^^^^^^^^^^
torch.OutOfMemoryError: CUDA out of memory. Tried to allocate 1.93 GiB. GPU 0 has a total capacity of 7.62 GiB of which 1.62 GiB is free. Process 6266 has 96.00 MiB memory in use. Process 11793 has 13.41 MiB memory in use. Process 12049 has 87.91 MiB memory in use. Process 359874 has 55.91 MiB memory in use. Including non-PyTorch memory, this process has 5.16 GiB memory in use. Of the allocated memory 4.97 GiB is allocated by PyTorch, and 75.44 MiB is reserved by PyTorch but unallocated. If reserved but unallocated memory is large try setting PYTORCH_CUDA_ALLOC_CONF=expandable_segments:True to avoid fragmentation.  See documentation for Memory Management  (https://pytorch.org/docs/stable/notes/cuda.html#environment-variables)
[W 2026-09-28 23:57:44,635] Trial 0 failed with value None.
                                                 Train matrix:   8%|▊         | 1/12 [00:01<00:09]Train matrix:  17%|█▋        | 2/12 [00:01<00:06]Train matrix:  17%|█▋        | 2/12 [00:01<00:06]                                                 Train matrix:  17%|█▋        | 2/12 [00:01<00:06]                                                 Train matrix:  17%|█▋        | 2/12 [00:01<00:06][I 2026-09-28 23:57:44,959] A new study created in memory with name: GAT_focal_loss_pr_auc
[W 2026-09-28 23:57:45,225] Trial 0 failed with parameters: {'hidden_dim': 148, 'num_layers': 2, 'dropout': 0.2522, 'lr': 0.0006999, 'weight_decay': 0.0005, 'heads': 8} because of the following error: OutOfMemoryError('CUDA out of memory. Tried to allocate 1.93 GiB. GPU 0 has a total capacity of 7.62 GiB of which 1.62 GiB is free. Process 6266 has 96.00 MiB memory in use. Process 11793 has 13.41 MiB memory in use. Process 12049 has 87.91 MiB memory in use. Process 359874 has 55.91 MiB memory in use. Including non-PyTorch memory, this process has 5.16 GiB memory in use. Of the allocated memory 4.97 GiB is allocated by PyTorch, and 75.44 MiB is reserved by PyTorch but unallocated. If reserved but unallocated memory is large try setting PYTORCH_CUDA_ALLOC_CONF=expandable_segments:True to avoid fragmentation.  See documentation for Memory Management  (https://pytorch.org/docs/stable/notes/cuda.html#environment-variables)').
Traceback (most recent call last):
  File "/home/juan/Escritorio/gnn_thesis/gnns_thesis/.venv/lib/python3.12/site-packages/optuna/study/_optimize.py", line 206, in _run_trial
    value_or_values = func(trial)
                      ^^^^^^^^^^^
  File "/home/juan/Escritorio/gnn_thesis/gnns_thesis/src/training/hyperopt.py", line 260, in <lambda>
    lambda trial: objective(
                  ^^^^^^^^^^
  File "/home/juan/Escritorio/gnn_thesis/gnns_thesis/src/training/hyperopt.py", line 175, in objective
    results = trainer.train(
              ^^^^^^^^^^^^^^
  File "/home/juan/Escritorio/gnn_thesis/gnns_thesis/src/training/trainer.py", line 270, in train
    train_loss = self.train_epoch(data)
                 ^^^^^^^^^^^^^^^^^^^^^^
  File "/home/juan/Escritorio/gnn_thesis/gnns_thesis/src/training/trainer.py", line 121, in train_epoch
    loss.backward()
  File "/home/juan/Escritorio/gnn_thesis/gnns_thesis/.venv/lib/python3.12/site-packages/torch/_tensor.py", line 626, in backward
    torch.autograd.backward(
  File "/home/juan/Escritorio/gnn_thesis/gnns_thesis/.venv/lib/python3.12/site-packages/torch/autograd/__init__.py", line 347, in backward
    _engine_run_backward(
  File "/home/juan/Escritorio/gnn_thesis/gnns_thesis/.venv/lib/python3.12/site-packages/torch/autograd/graph.py", line 823, in _engine_run_backward
    return Variable._execution_engine.run_backward(  # Calls into the C++ engine to run the backward pass
           ^^^^^^^^^^^^^^^^^^^^^^^^^^^^^^^^^^^^^^^^^^^^^^^^^^^^^^^^^^^^^^^^^^^^^^^^^^^^^^^^^^^^^^^^^^^^^^
torch.OutOfMemoryError: CUDA out of memory. Tried to allocate 1.93 GiB. GPU 0 has a total capacity of 7.62 GiB of which 1.62 GiB is free. Process 6266 has 96.00 MiB memory in use. Process 11793 has 13.41 MiB memory in use. Process 12049 has 87.91 MiB memory in use. Process 359874 has 55.91 MiB memory in use. Including non-PyTorch memory, this process has 5.16 GiB memory in use. Of the allocated memory 4.97 GiB is allocated by PyTorch, and 75.44 MiB is reserved by PyTorch but unallocated. If reserved but unallocated memory is large try setting PYTORCH_CUDA_ALLOC_CONF=expandable_segments:True to avoid fragmentation.  See documentation for Memory Management  (https://pytorch.org/docs/stable/notes/cuda.html#environment-variables)
[W 2026-09-28 23:57:45,225] Trial 0 failed with value None.
                                                 Train matrix:  17%|█▋        | 2/12 [00:01<00:06]Train matrix:  25%|██▌       | 3/12 [00:02<00:05]Train matrix:  25%|██▌       | 3/12 [00:02<00:05]                                                 Train matrix:  25%|██▌       | 3/12 [00:02<00:05]                                                 Train matrix:  25%|██▌       | 3/12 [00:02<00:05][I 2026-09-28 23:57:45,551] A new study created in memory with name: GAT_none_pr_auc
[W 2026-09-28 23:57:45,807] Trial 0 failed with parameters: {'hidden_dim': 148, 'num_layers': 2, 'dropout': 0.2522, 'lr': 0.0006999, 'weight_decay': 0.0005, 'heads': 8} because of the following error: OutOfMemoryError('CUDA out of memory. Tried to allocate 1.93 GiB. GPU 0 has a total capacity of 7.62 GiB of which 1.62 GiB is free. Process 6266 has 96.00 MiB memory in use. Process 11793 has 13.41 MiB memory in use. Process 12049 has 87.91 MiB memory in use. Process 359874 has 55.91 MiB memory in use. Including non-PyTorch memory, this process has 5.16 GiB memory in use. Of the allocated memory 4.97 GiB is allocated by PyTorch, and 73.44 MiB is reserved by PyTorch but unallocated. If reserved but unallocated memory is large try setting PYTORCH_CUDA_ALLOC_CONF=expandable_segments:True to avoid fragmentation.  See documentation for Memory Management  (https://pytorch.org/docs/stable/notes/cuda.html#environment-variables)').
Traceback (most recent call last):
  File "/home/juan/Escritorio/gnn_thesis/gnns_thesis/.venv/lib/python3.12/site-packages/optuna/study/_optimize.py", line 206, in _run_trial
    value_or_values = func(trial)
                      ^^^^^^^^^^^
  File "/home/juan/Escritorio/gnn_thesis/gnns_thesis/src/training/hyperopt.py", line 260, in <lambda>
    lambda trial: objective(
                  ^^^^^^^^^^
  File "/home/juan/Escritorio/gnn_thesis/gnns_thesis/src/training/hyperopt.py", line 175, in objective
    results = trainer.train(
              ^^^^^^^^^^^^^^
  File "/home/juan/Escritorio/gnn_thesis/gnns_thesis/src/training/trainer.py", line 270, in train
    train_loss = self.train_epoch(data)
                 ^^^^^^^^^^^^^^^^^^^^^^
  File "/home/juan/Escritorio/gnn_thesis/gnns_thesis/src/training/trainer.py", line 121, in train_epoch
    loss.backward()
  File "/home/juan/Escritorio/gnn_thesis/gnns_thesis/.venv/lib/python3.12/site-packages/torch/_tensor.py", line 626, in backward
    torch.autograd.backward(
  File "/home/juan/Escritorio/gnn_thesis/gnns_thesis/.venv/lib/python3.12/site-packages/torch/autograd/__init__.py", line 347, in backward
    _engine_run_backward(
  File "/home/juan/Escritorio/gnn_thesis/gnns_thesis/.venv/lib/python3.12/site-packages/torch/autograd/graph.py", line 823, in _engine_run_backward
    return Variable._execution_engine.run_backward(  # Calls into the C++ engine to run the backward pass
           ^^^^^^^^^^^^^^^^^^^^^^^^^^^^^^^^^^^^^^^^^^^^^^^^^^^^^^^^^^^^^^^^^^^^^^^^^^^^^^^^^^^^^^^^^^^^^^
torch.OutOfMemoryError: CUDA out of memory. Tried to allocate 1.93 GiB. GPU 0 has a total capacity of 7.62 GiB of which 1.62 GiB is free. Process 6266 has 96.00 MiB memory in use. Process 11793 has 13.41 MiB memory in use. Process 12049 has 87.91 MiB memory in use. Process 359874 has 55.91 MiB memory in use. Including non-PyTorch memory, this process has 5.16 GiB memory in use. Of the allocated memory 4.97 GiB is allocated by PyTorch, and 73.44 MiB is reserved by PyTorch but unallocated. If reserved but unallocated memory is large try setting PYTORCH_CUDA_ALLOC_CONF=expandable_segments:True to avoid fragmentation.  See documentation for Memory Management  (https://pytorch.org/docs/stable/notes/cuda.html#environment-variables)
[W 2026-09-28 23:57:45,807] Trial 0 failed with value None.
                                                 Train matrix:  25%|██▌       | 3/12 [00:02<00:05]Train matrix:  33%|███▎      | 4/12 [00:02<00:04]Train matrix:  33%|███▎      | 4/12 [00:02<00:04]                                                 Train matrix:  33%|███▎      | 4/12 [00:02<00:04]                                                 Train matrix:  33%|███▎      | 4/12 [00:02<00:04][I 2026-09-28 23:57:46,134] A new study created in memory with name: GAT_class_weighting_pr_auc
[W 2026-09-28 23:57:46,391] Trial 0 failed with parameters: {'hidden_dim': 148, 'num_layers': 2, 'dropout': 0.2522, 'lr': 0.0006999, 'weight_decay': 0.0005, 'heads': 8} because of the following error: OutOfMemoryError('CUDA out of memory. Tried to allocate 1.93 GiB. GPU 0 has a total capacity of 7.62 GiB of which 1.62 GiB is free. Process 6266 has 96.00 MiB memory in use. Process 11793 has 13.41 MiB memory in use. Process 12049 has 87.91 MiB memory in use. Process 359874 has 55.91 MiB memory in use. Including non-PyTorch memory, this process has 5.16 GiB memory in use. Of the allocated memory 4.97 GiB is allocated by PyTorch, and 73.44 MiB is reserved by PyTorch but unallocated. If reserved but unallocated memory is large try setting PYTORCH_CUDA_ALLOC_CONF=expandable_segments:True to avoid fragmentation.  See documentation for Memory Management  (https://pytorch.org/docs/stable/notes/cuda.html#environment-variables)').
Traceback (most recent call last):
  File "/home/juan/Escritorio/gnn_thesis/gnns_thesis/.venv/lib/python3.12/site-packages/optuna/study/_optimize.py", line 206, in _run_trial
    value_or_values = func(trial)
                      ^^^^^^^^^^^
  File "/home/juan/Escritorio/gnn_thesis/gnns_thesis/src/training/hyperopt.py", line 260, in <lambda>
    lambda trial: objective(
                  ^^^^^^^^^^
  File "/home/juan/Escritorio/gnn_thesis/gnns_thesis/src/training/hyperopt.py", line 175, in objective
    results = trainer.train(
              ^^^^^^^^^^^^^^
  File "/home/juan/Escritorio/gnn_thesis/gnns_thesis/src/training/trainer.py", line 270, in train
    train_loss = self.train_epoch(data)
                 ^^^^^^^^^^^^^^^^^^^^^^
  File "/home/juan/Escritorio/gnn_thesis/gnns_thesis/src/training/trainer.py", line 121, in train_epoch
    loss.backward()
  File "/home/juan/Escritorio/gnn_thesis/gnns_thesis/.venv/lib/python3.12/site-packages/torch/_tensor.py", line 626, in backward
    torch.autograd.backward(
  File "/home/juan/Escritorio/gnn_thesis/gnns_thesis/.venv/lib/python3.12/site-packages/torch/autograd/__init__.py", line 347, in backward
    _engine_run_backward(
  File "/home/juan/Escritorio/gnn_thesis/gnns_thesis/.venv/lib/python3.12/site-packages/torch/autograd/graph.py", line 823, in _engine_run_backward
    return Variable._execution_engine.run_backward(  # Calls into the C++ engine to run the backward pass
           ^^^^^^^^^^^^^^^^^^^^^^^^^^^^^^^^^^^^^^^^^^^^^^^^^^^^^^^^^^^^^^^^^^^^^^^^^^^^^^^^^^^^^^^^^^^^^^
torch.OutOfMemoryError: CUDA out of memory. Tried to allocate 1.93 GiB. GPU 0 has a total capacity of 7.62 GiB of which 1.62 GiB is free. Process 6266 has 96.00 MiB memory in use. Process 11793 has 13.41 MiB memory in use. Process 12049 has 87.91 MiB memory in use. Process 359874 has 55.91 MiB memory in use. Including non-PyTorch memory, this process has 5.16 GiB memory in use. Of the allocated memory 4.97 GiB is allocated by PyTorch, and 73.44 MiB is reserved by PyTorch but unallocated. If reserved but unallocated memory is large try setting PYTORCH_CUDA_ALLOC_CONF=expandable_segments:True to avoid fragmentation.  See documentation for Memory Management  (https://pytorch.org/docs/stable/notes/cuda.html#environment-variables)
[W 2026-09-28 23:57:46,391] Trial 0 failed with value None.
                                                 Train matrix:  33%|███▎      | 4/12 [00:03<00:04]Train matrix:  42%|████▏     | 5/12 [00:03<00:04]Train matrix:  42%|████▏     | 5/12 [00:03<00:04]                                                 Train matrix:  42%|████▏     | 5/12 [00:03<00:04]                                                 Train matrix:  42%|████▏     | 5/12 [00:03<00:04][I 2026-09-28 23:57:46,710] A new study created in memory with name: GAT_focal_loss_pr_auc
[W 2026-09-28 23:57:46,968] Trial 0 failed with parameters: {'hidden_dim': 148, 'num_layers': 2, 'dropout': 0.2522, 'lr': 0.0006999, 'weight_decay': 0.0005, 'heads': 8} because of the following error: OutOfMemoryError('CUDA out of memory. Tried to allocate 1.93 GiB. GPU 0 has a total capacity of 7.62 GiB of which 1.62 GiB is free. Process 6266 has 96.00 MiB memory in use. Process 11793 has 13.41 MiB memory in use. Process 12049 has 87.91 MiB memory in use. Process 359874 has 55.91 MiB memory in use. Including non-PyTorch memory, this process has 5.16 GiB memory in use. Of the allocated memory 4.97 GiB is allocated by PyTorch, and 75.44 MiB is reserved by PyTorch but unallocated. If reserved but unallocated memory is large try setting PYTORCH_CUDA_ALLOC_CONF=expandable_segments:True to avoid fragmentation.  See documentation for Memory Management  (https://pytorch.org/docs/stable/notes/cuda.html#environment-variables)').
Traceback (most recent call last):
  File "/home/juan/Escritorio/gnn_thesis/gnns_thesis/.venv/lib/python3.12/site-packages/optuna/study/_optimize.py", line 206, in _run_trial
    value_or_values = func(trial)
                      ^^^^^^^^^^^
  File "/home/juan/Escritorio/gnn_thesis/gnns_thesis/src/training/hyper