[I 2026-09-29 20:35:08,245] Trial 0 finished with value: 0.2830441187132061 and parameters: {'hidden_dim': 148, 'num_layers': 2, 'dropout': 0.2522, 'lr': 0.0006999, 'weight_decay': 0.0005, 'heads': 4}. Best is trial 0 with value: 0.2830441187132061.
[I 2026-09-29 20:35:13,527] Trial 1 finished with value: 0.07498258745443574 and parameters: {'hidden_dim': 128, 'num_layers': 3, 'dropout': 0.1624074561769746, 'lr': 0.00020511104188433984, 'weight_decay': 1.3066739238053272e-05, 'heads': 2}. Best is trial 0 with value: 0.2830441187132061.
[W 2026-09-29 20:35:13,738] Trial 2 failed with parameters: {'hidden_dim': 148, 'num_layers': 3, 'dropout': 0.18493564427131048, 'lr': 0.0002310201887845295, 'weight_decay': 2.3270677083837777e-05, 'heads': 4} because of the following error: OutOfMemoryError('CUDA out of memory. Tried to allocate 990.00 MiB. GPU 0 has a total capacity of 7.62 GiB of which 417.62 MiB is free. Process 6565 has 96.00 MiB memory in use. Process 54556 has 162.97 MiB memory in use. Process 320424 has 63.72 MiB memory in use. Process 368139 has 13.41 MiB memory in use. Including non-PyTorch memory, this process has 6.18 GiB memory in use. Of the allocated memory 5.99 GiB is allocated by PyTorch, and 70.41 MiB is reserved by PyTorch but unallocated. If reserved but unallocated memory is large try setting PYTORCH_CUDA_ALLOC_CONF=expandable_segments:True to avoid fragmentation.  See documentation for Memory Management  (https://pytorch.org/docs/stable/notes/cuda.html#environment-variables)').
Traceback (most recent call last):
  File "/home/juan/Escritorio/gnn_thesis/gnns_thesis/.venv/lib/python3.12/site-packages/optuna/study/_optimize.py", line 206, in _run_trial
    value_or_values = func(trial)
                      ^^^^^^^^^^^
  File "/home/juan/Escritorio/gnn_thesis/gnns_thesis/src/training/hyperopt.py", line 265, in <lambda>
    lambda trial: objective(
                  ^^^^^^^^^^
  File "/home/juan/Escritorio/gnn_thesis/gnns_thesis/src/training/hyperopt.py", line 180, in objective
    results = trainer.train(
              ^^^^^^^^^^^^^^
  File "/home/juan/Escritorio/gnn_thesis/gnns_thesis/src/training/trainer.py", line 270, in train
    train_loss = self.train_epoch(data)
                 ^^^^^^^^^^^^^^^^^^^^^^
  File "/home/juan/Escritorio/gnn_thesis/gnns_thesis/src/training/trainer.py", line 121, in train_epoch
    loss.backward()
  File "/home/juan/Escritorio/gnn_thesis/gnns_thesis/.venv/lib/python3.12/site-packages/torch/_tensor.py", line 626, in backward
    torch.autograd.backward(
  File "/home/juan/Escritorio/gnn_thesis/gnns_thesis/.venv/lib/python3.12/site-packages/torch/autograd/__init__.py", line 347, in backward
    _engine_run_backward(
  File "/home/juan/Escritorio/gnn_thesis/gnns_thesis/.venv/lib/python3.12/site-packages/torch/autograd/graph.py", line 823, in _engine_run_backward
    return Variable._execution_engine.run_backward(  # Calls into the C++ engine to run the backward pass
           ^^^^^^^^^^^^^^^^^^^^^^^^^^^^^^^^^^^^^^^^^^^^^^^^^^^^^^^^^^^^^^^^^^^^^^^^^^^^^^^^^^^^^^^^^^^^^^
torch.OutOfMemoryError: CUDA out of memory. Tried to allocate 990.00 MiB. GPU 0 has a total capacity of 7.62 GiB of which 417.62 MiB is free. Process 6565 has 96.00 MiB memory in use. Process 54556 has 162.97 MiB memory in use. Process 320424 has 63.72 MiB memory in use. Process 368139 has 13.41 MiB memory in use. Including non-PyTorch memory, this process has 6.18 GiB memory in use. Of the allocated memory 5.99 GiB is allocated by PyTorch, and 70.41 MiB is reserved by PyTorch but unallocated. If reserved but unallocated memory is large try setting PYTORCH_CUDA_ALLOC_CONF=expandable_segments:True to avoid fragmentation.  See documentation for Memory Management  (https://pytorch.org/docs/stable/notes/cuda.html#environment-variables)
[W 2026-09-29 20:35:13,739] Trial 2 failed with value None.
                                                 Train matrix:  42%|████▏     | 5/12 [02:01<02:38]Train matrix:  50%|█████     | 6/12 [02:01<02:02]Train matrix:  50%|█████     | 6/12 [02:01<02:02]                                                 Train matrix:  50%|█████     | 6/12 [02:01<02:02]                                                 Train matrix:  50%|█████     | 6/12 [02:01<02:02][I 2026-09-29 20:35:14,068] A new study created in memory with name: GAT_none_pr_auc
[I 2026-09-29 20:35:25,999] Trial 0 finished with value: 0.3478609971993468 and parameters: {'hidden_dim': 148, 'num_layers': 2, 'dropout': 0.2522, 'lr': 0.0006999, 'weight_decay': 0.0005, 'heads': 4}. Best is trial 0 with value: 0.3478609971993468.
[I 2026-09-29 20:35:38,241] Trial 1 finished with value: 0.2649298734844503 and parameters: {'hidden_dim': 128, 'num_layers': 3, 'dropout': 0.1624074561769746, 'lr': 0.00020511104188433984, 'weight_decay': 1.3066739238053272e-05, 'heads': 2}. Best is trial 0 with value: 0.3478609971993468.
[W 2026-09-29 20:35:38,463] Trial 2 failed with parameters: {'hidden_dim': 148, 'num_layers': 3, 'dropout': 0.18493564427131048, 'lr': 0.0002310201887845295, 'weight_decay': 2.3270677083837777e-05, 'heads': 4} because of the following error: OutOfMemoryError('CUDA out of memory. Tried to allocate 990.00 MiB. GPU 0 has a total capacity of 7.62 GiB of which 424.94 MiB is free. Process 6565 has 96.00 MiB memory in use. Process 54556 has 162.97 MiB memory in use. Process 320424 has 56.41 MiB memory in use. Process 368139 has 13.41 MiB memory in use. Including non-PyTorch memory, this process has 6.18 GiB memory in use. Of the allocated memory 5.99 GiB is allocated by PyTorch, and 70.41 MiB is reserved by PyTorch but unallocated. If reserved but unallocated memory is large try setting PYTORCH_CUDA_ALLOC_CONF=expandable_segments:True to avoid fragmentation.  See documentation for Memory Management  (https://pytorch.org/docs/stable/notes/cuda.html#environment-variables)').
Traceback (most recent call last):
  File "/home/juan/Escritorio/gnn_thesis/gnns_thesis/.venv/lib/python3.12/site-packages/optuna/study/_optimize.py", line 206, in _run_trial
    value_or_values = func(trial)
                      ^^^^^^^^^^^
  File "/home/juan/Escritorio/gnn_thesis/gnns_thesis/src/training/hyperopt.py", line 265, in <lambda>
    lambda trial: objective(
                  ^^^^^^^^^^
  File "/home/juan/Escritorio/gnn_thesis/gnns_thesis/src/training/hyperopt.py", line 180, in objective
    results = trainer.train(
              ^^^^^^^^^^^^^^
  File "/home/juan/Escritorio/gnn_thesis/gnns_thesis/src/training/trainer.py", line 270, in train
    train_loss = self.train_epoch(data)
                 ^^^^^^^^^^^^^^^^^^^^^^
  File "/home/juan/Escritorio/gnn_thesis/gnns_thesis/src/training/trainer.py", line 121, in train_epoch
    loss.backward()
  File "/home/juan/Escritorio/gnn_thesis/gnns_thesis/.venv/lib/python3.12/site-packages/torch/_tensor.py", line 626, in backward
    torch.autograd.backward(
  File "/home/juan/Escritorio/gnn_thesis/gnns_thesis/.venv/lib/python3.12/site-packages/torch/autograd/__init__.py", line 347, in backward
    _engine_run_backward(
  File "/home/juan/Escritorio/gnn_thesis/gnns_thesis/.venv/lib/python3.12/site-packages/torch/autograd/graph.py", line 823, in _engine_run_backward
    return Variable._execution_engine.run_backward(  # Calls into the C++ engine to run the backward pass
           ^^^^^^^^^^^^^^^^^^^^^^^^^^^^^^^^^^^^^^^^^^^^^^^^^^^^^^^^^^^^^^^^^^^^^^^^^^^^^^^^^^^^^^^^^^^^^^
torch.OutOfMemoryError: CUDA out of memory. Tried to allocate 990.00 MiB. GPU 0 has a total capacity of 7.62 GiB of which 424.94 MiB is free. Process 6565 has 96.00 MiB memory in use. Process 54556 has 162.97 MiB memory in use. Process 320424 has 56.41 MiB memory in use. Process 368139 has 13.41 MiB memory in use. Including non-PyTorch memory, this process has 6.18 GiB memory in use. Of the allocated memory 5.99 GiB is allocated by PyTorch, and 70.41 MiB is reserved by PyTorch but unallocated. If reserved but unallocated memory is large try setting PYTORCH_CUDA_ALLOC_CONF=expandable_segments:True to avoid fragmentation.  See documentation for Memory Management  (https://pytorch.org/docs/stable/notes/cuda.html#environment-variables)
[W 2026-09-29 20:35:38,463] Trial 2 failed with value None.
                                                 Train matrix:  50%|█████     | 6/12 [02:25<02:02]Train matrix:  58%|█████▊    | 7/12 [02:26<01:48]Train matrix:  58%|█████▊    | 7/12 [02:26<01:48]                                                 Train matrix:  58%|█████▊    | 7/12 [02:26<01:48]                                                 Train matrix:  58%|█████▊    | 7/12 [02:26<01:48][I 2026-09-29 20:35:38,824] A new study created in memory with name: GAT_class_weighting_pr_auc
[I 2026-09-29 20:35:51,155] Trial 0 finished with value: 0.3478609971993469 and parameters: {'hidden_dim': 148, 'num_layers': 2, 'dropout': 0.2522, 'lr': 0.0006999, 'weight_decay': 0.0005, 'heads': 4}. Best is trial 0 with value: 0.3478609971993469.
[I 2026-09-29 20:36:03,384] Trial 1 finished with value: 0.26492990089067625 and parameters: {'hidden_dim': 128, 'num_layers': 3, 'dropout': 0.1624074561769746, 'lr': 0.00020511104188433984, 'weight_decay': 1.3066739238053272e-05, 'heads': 2}. Best is trial 0 with value: 0.3478609971993469.
[W 2026-09-29 20:36:03,606] Trial 2 failed with parameters: {'hidden_dim': 148, 'num_layers': 3, 'dropout': 0.18493564427131048, 'lr': 0.0002310201887845295, 'weight_decay': 2.3270677083837777e-05, 'heads': 4} because of the following error: OutOfMemoryError('CUDA out of memory. Tried to allocate 990.00 MiB. GPU 0 has a total capacity of 7.62 GiB of which 424.44 MiB is free. Process 6565 has 96.00 MiB memory in use. Process 54556 has 162.97 MiB memory in use. Process 320424 has 56.91 MiB memory in use. Process 368139 has 13.41 MiB memory in use. Including non-PyTorch memory, this process has 6.18 GiB memory in use. Of the allocated memory 5.99 GiB is allocated by PyTorch, and 70.41 MiB is reserved by PyTorch but unallocated. If reserved but unallocated memory is large try setting PYTORCH_CUDA_ALLOC_CONF=expandable_segments:True to avoid fragmentation.  See documentation for Memory Management  (https://pytorch.org/docs/stable/notes/cuda.html#environment-variables)').
Traceback (most recent call last):
  File "/home/juan/Escritorio/gnn_thesis/gnns_thesis/.venv/lib/python3.12/site-packages/optuna/study/_optimize.py", line 206, in _run_trial
    value_or_values = func(trial)
                      ^^^^^^^^^^^
  File "/home/juan/Escritorio/gnn_thesis/gnns_thesis/src/training/hyperopt.py", line 265, in <lambda>
    lambda trial: objective(
                  ^^^^^^^^^^
  File "/home/juan/Escritorio/gnn_thesis/gnns_thesis/src/training/hyperopt.py", line 180, in objective
    results = trainer.train(
              ^^^^^^^^^^^^^^
  File "/home/juan/Escritorio/gnn_thesis/gnns_thesis/src/training/trainer.py", line 270, in train
    train_loss = self.train_epoch(data)
                 ^^^^^^^^^^^^^^^^^^^^^^
  File "/home/juan/Escritorio/gnn_thesis/gnns_thesis/src/training/trainer.py", line 121, in train_epoch
    loss.backward()
  File "/home/juan/Escritorio/gnn_thesis/gnns_thesis/.venv/lib/python3.12/site-packages/torch/_tensor.py", line 626, in backward
    torch.autograd.backward(
  File "/home/juan/Escritorio/gnn_thesis/gnns_thesis/.venv/lib/python3.12/site-packages/torch/autograd/__init__.py", line 347, in backward
    _engine_run_backward(
  File "/home/juan/Escritorio/gnn_thesis/gnns_thesis/.venv/lib/python3.12/site-packages/torch/autograd/graph.py", line 823, in _engine_run_backward
    return Variable._execution_engine.run_backward(  # Calls into the C++ engine to run the backward pass
           ^^^^^^^^^^^^^^^^^^^^^^^^^^^^^^^^^^^^^^^^^^^^^^^^^^^^^^^^^^^^^^^^^^^^^^^^^^^^^^^^^^^^^^^^^^^^^^
torch.OutOfMemoryError: CUDA out of memory. Tried to allocate 990.00 MiB. GPU 0 has a total capacity of 7.62 GiB of which 424.44 MiB is free. Process 6565 has 96.00 MiB memory in use. Process 54556 has 162.97 MiB memory in use. Process 320424 has 56.91 MiB memory in use. Process 368139 has 13.41 MiB memory in use. Including non-PyTorch memory, this process has 6.18 GiB memory in use. Of the allocated memory 5.99 GiB is allocated by PyTorch, and 70.41 MiB is reserved by PyTorch but unallocated. If reserved but unallocated memory is large try setting PYTORCH_CUDA_ALLOC_CONF=expandable_segments:True to avoid fragmentation.  See documentation for Memory Management  (https://pytorch.org/docs/stable/notes/cuda.html#environment-variables)
[W 2026-09-29 20:36:03,606] Trial 2 failed with value None.
                                                 Train matrix:  58%|█████▊    | 7/12 [02:51<01:48]Train matrix:  67%|██████▋   | 8/12 [02:51<01:31]Train matrix:  67%|██████▋   | 8/12 [02:51<01:31]                                                 Train matrix:  67%|██████▋   | 8/12 [02:51<01:31]                                                 Train matrix:  67%|██████▋   | 8/12 [02:51<01:31][I 2026-09-29 20:36:03,964] A new study created in memory with name: GAT_focal_loss_pr_auc
[I 2026-09-29 20:36:13,305] Trial 0 finished with value: 0.24765443740169665 and parameters: {'hidden_dim': 148, 'num_layers': 2, 'dropout': 0.2522, 'lr': 0.0006999, 'weight_decay': 0.0005, 'heads': 4}. Best is trial 0 with value: 0.24765443740169665.
