[I 2026-09-29 20:36:21,957] Trial 1 finished with value: 0.09021646535676042 and parameters: {'hidden_dim': 128, 'num_layers': 3, 'dropout': 0.1624074561769746, 'lr': 0.00020511104188433984, 'weight_decay': 1.3066739238053272e-05, 'heads': 2}. Best is trial 0 with value: 0.24765443740169665.
[W 2026-09-29 20:36:22,180] Trial 2 failed with parameters: {'hidden_dim': 148, 'num_layers': 3, 'dropout': 0.18493564427131048, 'lr': 0.0002310201887845295, 'weight_decay': 2.3270677083837777e-05, 'heads': 4} because of the following error: OutOfMemoryError('CUDA out of memory. Tried to allocate 990.00 MiB. GPU 0 has a total capacity of 7.62 GiB of which 397.81 MiB is free. Process 6565 has 96.00 MiB memory in use. Process 54556 has 162.97 MiB memory in use. Process 320424 has 79.28 MiB memory in use. Process 368139 has 13.41 MiB memory in use. Including non-PyTorch memory, this process has 6.18 GiB memory in use. Of the allocated memory 5.99 GiB is allocated by PyTorch, and 70.41 MiB is reserved by PyTorch but unallocated. If reserved but unallocated memory is large try setting PYTORCH_CUDA_ALLOC_CONF=expandable_segments:True to avoid fragmentation.  See documentation for Memory Management  (https://pytorch.org/docs/stable/notes/cuda.html#environment-variables)').
Traceback (most recent call last):
  File "/home/juan/Escritorio/gnn_thesis/gnns_thesis/.venv/lib/python3.12/site-packages/optuna/study/_optimize.py", line 206, in _run_trial
    value_or_values = func(trial)
                      ^^^^^^^^^^^
  File "/home/juan/Escritorio/gnn_thesis/gnns_thesis/src/training/hyperopt.py", line 265, in <lambda>
    lambda trial: objective(
                  ^^^^^^^^^^
  File "/home/juan/Escritorio/gnn_thesis/gnns_thesis/src/training/hyperopt.py", line 180, in objective
    results = trainer.train(
              ^^^^^^^^^^^^^^
  File "/home/juan/Escritorio/gnn_thesis/gnns_thesis/src/training/trainer.py", line 270, in train
    train_loss = self.train_epoch(data)
                 ^^^^^^^^^^^^^^^^^^^^^^
  File "/home/juan/Escritorio/gnn_thesis/gnns_thesis/src/training/trainer.py", line 121, in train_epoch
    loss.backward()
  File "/home/juan/Escritorio/gnn_thesis/gnns_thesis/.venv/lib/python3.12/site-packages/torch/_tensor.py", line 626, in backward
    torch.autograd.backward(
  File "/home/juan/Escritorio/gnn_thesis/gnns_thesis/.venv/lib/python3.12/site-packages/torch/autograd/__init__.py", line 347, in backward
    _engine_run_backward(
  File "/home/juan/Escritorio/gnn_thesis/gnns_thesis/.venv/lib/python3.12/site-packages/torch/autograd/graph.py", line 823, in _engine_run_backward
    return Variable._execution_engine.run_backward(  # Calls into the C++ engine to run the backward pass
           ^^^^^^^^^^^^^^^^^^^^^^^^^^^^^^^^^^^^^^^^^^^^^^^^^^^^^^^^^^^^^^^^^^^^^^^^^^^^^^^^^^^^^^^^^^^^^^
torch.OutOfMemoryError: CUDA out of memory. Tried to allocate 990.00 MiB. GPU 0 has a total capacity of 7.62 GiB of which 397.81 MiB is free. Process 6565 has 96.00 MiB memory in use. Process 54556 has 162.97 MiB memory in use. Process 320424 has 79.28 MiB memory in use. Process 368139 has 13.41 MiB memory in use. Including non-PyTorch memory, this process has 6.18 GiB memory in use. Of the allocated memory 5.99 GiB is allocated by PyTorch, and 70.41 MiB is reserved by PyTorch but unallocated. If reserved but unallocated memory is large try setting PYTORCH_CUDA_ALLOC_CONF=expandable_segments:True to avoid fragmentation.  See documentation for Memory Management  (https://pytorch.org/docs/stable/notes/cuda.html#environment-variables)
[W 2026-09-29 20:36:22,181] Trial 2 failed with value None.
                                                 Train matrix:  67%|██████▋   | 8/12 [03:09<01:31]Train matrix:  75%|███████▌  | 9/12 [03:09<01:04]Train matrix:  75%|███████▌  | 9/12 [03:09<01:04]                                                 Train matrix:  75%|███████▌  | 9/12 [03:09<01:04]
======================================================================
CONFIG: native_GAT_none
======================================================================
  [v4 scenario native | licit_unknown] illicit=3,462 negatives=132,803 {'licit': 26432, 'unknown': 106371} ratio=1:38.4 (subsample_seed=2026, idx sha1=a8f788619e)
  Optuna: 8 trials x <= 50 epochs, metric=pr_auc, warm_start=True
  Warm-start trial enqueued for GAT: {'hidden_dim': 148, 'num_layers': 2, 'dropout': 0.2522, 'lr': 0.0006999, 'weight_decay': 0.0005, 'heads': 4}
  ERROR in native_GAT_none — OOM: CUDA out of memory. Tried to allocate 990.00 MiB. GPU 0 has a total capacity of 7.62 GiB of which 464.94 MiB is free. Process 6565 has 96.00 MiB memory in use. Process 54556 has 165.59 MiB memory in u. Continuing with next config.

======================================================================
CONFIG: native_GAT_class_weighting
======================================================================
  [v4 scenario native | licit_unknown] illicit=3,462 negatives=132,803 {'licit': 26432, 'unknown': 106371} ratio=1:38.4 (subsample_seed=2026, idx sha1=a8f788619e)
  Optuna: 8 trials x <= 50 epochs, metric=pr_auc, warm_start=True
  Warm-start trial enqueued for GAT: {'hidden_dim': 148, 'num_layers': 2, 'dropout': 0.2522, 'lr': 0.0006999, 'weight_decay': 0.0005, 'heads': 4}
  Class weights: [0.5130343437194824, 19.680097579956055]
  Class weights: [0.5130343437194824, 19.680097579956055]
  Class weights: [0.5130343437194824, 19.680097579956055]
  ERROR in native_GAT_class_weighting — OOM: CUDA out of memory. Tried to allocate 990.00 MiB. GPU 0 has a total capacity of 7.62 GiB of which 460.19 MiB is free. Process 6565 has 96.00 MiB memory in use. Process 54556 has 160.53 MiB memory in u. Continuing with next config.

======================================================================
CONFIG: native_GAT_focal_loss
======================================================================
  [v4 scenario native | licit_unknown] illicit=3,462 negatives=132,803 {'licit': 26432, 'unknown': 106371} ratio=1:38.4 (subsample_seed=2026, idx sha1=a8f788619e)
  Optuna: 8 trials x <= 50 epochs, metric=pr_auc, warm_start=True
  Warm-start trial enqueued for GAT: {'hidden_dim': 148, 'num_layers': 2, 'dropout': 0.2522, 'lr': 0.0006999, 'weight_decay': 0.0005, 'heads': 4}
  Focal Loss: gamma=2.0, alpha=0.75
  Focal Loss: gamma=2.0, alpha=0.75
  Focal Loss: gamma=2.0, alpha=0.75
  ERROR in native_GAT_focal_loss — OOM: CUDA out of memory. Tried to allocate 990.00 MiB. GPU 0 has a total capacity of 7.62 GiB of which 462.19 MiB is free. Process 6565 has 96.00 MiB memory in use. Process 54556 has 160.53 MiB memory in u. Continuing with next config.

======================================================================
CONFIG: 1:10_GAT_none
======================================================================
  [v4 scenario 1:10 | licit_unknown] illicit=3,462 negatives=34,620 {'licit': 6890, 'unknown': 27730} ratio=1:10.0 (subsample_seed=2026, idx sha1=c5923cc170)
  Optuna: 8 trials x <= 50 epochs, metric=pr_auc, warm_start=True
  Warm-start trial enqueued for GAT: {'hidden_dim': 148, 'num_layers': 2, 'dropout': 0.2522, 'lr': 0.0006999, 'weight_decay': 0.0005, 'heads': 4}
  ERROR in 1:10_GAT_none — OOM: CUDA out of memory. Tried to allocate 990.00 MiB. GPU 0 has a total capacity of 7.62 GiB of which 460.94 MiB is free. Process 6565 has 96.00 MiB memory in use. Process 54556 has 161.78 MiB memory in u. Continuing with next config.

======================================================================
CONFIG: 1:10_GAT_class_weighting
======================================================================
  [v4 scenario 1:10 | licit_unknown] illicit=3,462 negatives=34,620 {'licit': 6890, 'unknown': 27730} ratio=1:10.0 (subsample_seed=2026, idx sha1=c5923cc170)
  Optuna: 8 trials x <= 50 epochs, metric=pr_auc, warm_start=True
  Warm-start trial enqueued for GAT: {'hidden_dim': 148, 'num_layers': 2, 'dropout': 0.2522, 'lr': 0.0006999, 'weight_decay': 0.0005, 'heads': 4}
  Class weights: [0.550000011920929, 5.5]
  Class weights: [0.550000011920929, 5.5]
  Class weights: [0.550000011920929, 5.5]
  ERROR in 1:10_GAT_class_weighting — OOM: CUDA out of memory. Tried to allocate 990.00 MiB. GPU 0 has a total capacity of 7.62 GiB of which 447.81 MiB is free. Process 6565 has 96.00 MiB memory in use. Process 54556 has 168.84 MiB memory in u. Continuing with next config.

======================================================================
CONFIG: 1:10_GAT_focal_loss
======================================================================
  [v4 scenario 1:10 | licit_unknown] illicit=3,462 negatives=34,620 {'licit': 6890, 'unknown': 27730} ratio=1:10.0 (subsample_seed=2026, idx sha1=c5923cc170)
  Optuna: 8 trials x <= 50 epochs, metric=pr_auc, warm_start=True
  Warm-start trial enqueued for GAT: {'hidden_dim': 148, 'num_layers': 2, 'dropout': 0.2522, 'lr': 0.0006999, 'weight_decay': 0.0005, 'heads': 4}
  Focal Loss: gamma=2.0, alpha=0.75
  Focal Loss: gamma=2.0, alpha=0.75
  Focal Loss: gamma=2.0, alpha=0.75
  ERROR in 1:10_GAT_focal_loss — OOM: CUDA out of memory. Tried to allocate 990.00 MiB. GPU 0 has a total capacity of 7.62 GiB of which 417.62 MiB is free. Process 6565 has 96.00 MiB memory in use. Process 54556 has 162.97 MiB memory in u. Continuing with next config.

======================================================================
CONFIG: 1:1_GAT_none
======================================================================
  [v4 scenario 1:1 | licit_unknown] illicit=3,462 negatives=3,462 {'licit': 689, 'unknown': 2773} ratio=1:1.0 (subsample_seed=2026, idx sha1=9138b6a816)
  Optuna: 8 trials x <= 50 epochs, metric=pr_auc, warm_start=True
  Warm-start trial enqueued for GAT: {'hidden_dim': 148, 'num_layers': 2, 'dropout': 0.2522, 'lr': 0.0006999, 'weight_decay': 0.0005, 'heads': 4}
  ERROR in 1:1_GAT_none — OOM: CUDA out of memory. Tried to allocate 990.00 MiB. GPU 0 has a total capacity of 7.62 GiB of which 424.94 MiB is free. Process 6565 has 96.00 MiB memory in use. Process 54556 has 162.97 MiB memory in u. Continuing with next config.

======================================================================
CONFIG: 1:1_GAT_class_weighting
======================================================================
  [v4 scenario 1:1 | licit_unknown] illicit=3,462 negatives=3,462 {'licit': 689, 'unknown': 2773} ratio=1:1.0 (subsample_seed=2026, idx sha1=9138b6a816)
  Optuna: 8 trials x <= 50 epochs, metric=pr_auc, warm_start=True
  Warm-start trial enqueued for GAT: {'hidden_dim': 148, 'num_layers': 2, 'dropout': 0.2522, 'lr': 0.0006999, 'weight_decay': 0.0005, 'heads': 4}
  Class weights: [1.0, 1.0]
  Class weights: [1.0, 1.0]
  Class weights: [1.0, 1.0]
  ERROR in 1:1_GAT_class_weighting — OOM: CUDA out of memory. Tried to allocate 990.00 MiB. GPU 0 has a total capacity of 7.62 GiB of which 424.44 MiB is free. Process 6565 has 96.00 MiB memory in use. Process 54556 has 162.97 MiB memory in u. Continuing with next config.

======================================================================
CONFIG: 1:1_GAT_focal_loss
======================================================================
  [v4 scenario 1:1 | licit_unknown] illicit=3,462 negatives=3,462 {'licit': 689, 'unknown': 2773} ratio=1:1.0 (subsample_seed=2026, idx sha1=9138b6a816)
  Optuna: 8 trials x <= 50 epochs, metric=pr_auc, warm_start=True
  Warm-start trial enqueued for GAT: {'hidden_dim': 148, 'num_layers': 2, 'dropout': 0.2522, 'lr': 0.0006999, 'weight_decay': 0.0005, 'heads': 4}
  Focal Loss: gamma=2.0, alpha=0.75
  Focal Loss: gamma=2.0, alpha=0.75
  Focal Loss: gamma=2.0, alpha=0.75
  ERROR in 1:1_GAT_focal_loss — OOM: CUDA out of memory. Tried to allocate 990.00 MiB. GPU 0 has a total capacity of 7.62 GiB of which 397.81 MiB is free. Process 6565 has 96.00 MiB memory in use. Process 54556 has 162.97 MiB memory in u. Continuing with next config.

======================================================================
CONFIG: 1:10_os_GAT_none
======================================================================
  [v4 scenario 1:10_os | licit_unknown] illicit=6,924 (+3,462 SMOTE) negatives=69,240 {'licit': 13781, 'unknown': 55459} ratio=1:10.0 (subsample_seed=2026, idx sha1=07027587ad)                                                 Train matrix:  75%|███████▌  | 9/12 [03:09<01:04][I 2026-09-29 20:36:22,603] A new study created in memory with name: GAT_none_pr_auc
[I 2026-09-29 20:36:36,768] Trial 0 finished with value: 0.37354380348597765 and parameters: {'hidden_dim': 148, 'num_layers': 2, 'dropout': 0.2522, 'lr': 0.0006999, 'weight_decay': 0.0005, 'heads': 4}. Best is trial 0 with value: 0.37354380348597765.
[I 2026-09-29 20:36:49,295] Trial 1 finished with value: 0.16033902685418921 and parameters: {'hidden_dim': 128, 'num_layers': 3, 'dropout': 0.1624074561769746, 'lr': 0.00020511104188433984, 'weight_decay': 1.3066739238053272e-05, 'heads': 2}. Best is trial 0 with value: 0.37354380348597765.
[W 2026-09-29 20:36:49,523] Trial 2 failed with parameters: {'hidden_dim': 148, 'num_layers': 3, 'dropout': 0.18493564427131048, 'lr': 0.0002310201887845295, 'weight_decay': 2.3270677083837777e-05, 'heads': 4} because of the following error: OutOfMemoryError('CUDA out of memory. Tried to allocate 1014.00 MiB. GPU 0 has a total capacity of 7.62 GiB of which 303.38 MiB is free. Process 6565 has 96.00 MiB memory in use. Process 54556 has 162.97 MiB memory in use. Process 320424 has 81.09 MiB memory in use. Process 368139 has 13.41 MiB memory in use. Including non-PyTorch memory, this process has 6.29 GiB memory in use. Of the allocated memory 6.12 GiB is allocated by PyTorch, and 58.53 MiB is reserved by PyTorch but unallocated. If reserved but unallocated memory is large try setting PYTORCH_CUDA_ALLOC_CONF=expandable_segments:True to avoid fragmentation.  See documentation for Memory Management  (https://pytorch.org/docs/stable/notes/cuda.html#environment-variables)').
Traceback (most recent call last):
  File "/home/juan/Escritorio/gnn_thesis/gnns_thesis/.venv/lib/python3.12/site-packages/optuna/study/_optimize.py", line 206, in _run_trial
    value_or_values = func(trial)
                      ^^^^^^^^^^^
  File "/home/juan/Escritorio/gnn_thesis/gnns_thesis/src/training/hyperopt.py", line 265, in <lambda>
    lambda trial: objective(
                  ^^^^^^^^^^
  File "/home/juan/Escritorio/gnn_thesis/gnns_thesis/src/training/hyperopt.py", line 180, in objective
    results = trainer.train(
              ^^^^^^^^^^^^^^
  File "/home/juan/Escritorio/gnn_thesis/gnns_thesis/src/training/trainer.py", line 270, in train
    train_loss = self.train_epoch(data)
                 ^^^^^^^^^^^^^^^^^^^^^^
  File "/home/juan/Escritorio/gnn_thesis/gnns_thesis/src/training/trainer.py", line 121, in train_epoch
    loss.backward()
  File "/home/juan/Escritorio/gnn_thesis/gnns_thesis/.venv/lib/python3.12/site-packages/torch/_tensor.py", line 626, in backward
    torch.autograd.backward(
  File "/home/juan/Escritorio/gnn_thesis/gnns_thesis/.venv/lib/python3.12/site-packages/torch/autograd/__init__.py", line 347, in backward
    _engine_run_backward(
  File "/home/juan/Escritorio/gnn_thesis/gnns_thesis/.venv/lib/python3.12/site-packages/torch/autograd/graph.py", line 823, in _engine_run_backward
    return Variable._execution_engine.run_backward(  # Calls into the C++ engine to run the backward pass
           ^^^^^^^^^^^^^^^^^^^^^^^^^^^^^^^^^^^^^^^^^^^^^^^^^^^^^^^^^^^^^^^^^^^^^^^^^^^^^^^^^^^^^^^^^^^^^^
torch.OutOfMemoryError: CUDA out of memory. Tried to allocate 1014.00 MiB. GPU 0 has a total capacity of 7.62 GiB of which 303.38 MiB is free. Process 6565 has 96.00 MiB memory in use. Process 54556 has 162.97 MiB memory in use. Process 320424 has 81.09 MiB memory in use. Process 368139 has 13.41 MiB memory in use. Including non-PyTorch memory, this process has 6.29 GiB memory in use. Of the allocated memory 6.12 GiB is allocated by PyTorch, and 58.53 MiB is reserved by PyTorch but unallocated. If reserved but unallocated memory is large try setting PYTORCH_CUDA_ALLOC_CONF=expandable_segments:True to avoid fragmentation.  See documentation for Memory Management  (https://pytorch.org/docs/stable/notes/cuda.html#environment-variables)
[W 2026-09-29 20:36:49,523] Trial 2 failed with value None.
                                                 Train matrix:  75%|███████▌  | 9/12 [03:36<01:04]Train matrix:  83%|████████▎ | 10/12 [03:37<00:46]Train matrix:  83%|████████▎ | 10/12 [03:37<00:46]                                                  Train matrix:  83%|████████▎ | 10/12 [03:37<00:46]                                                  Train matrix:  83%|████████▎ | 10/12 [03:37<00:46][I 2026-09-29 20:36:49,910] A new study created in memory with name: GAT_class_weighting_pr_auc
[I 2026-09-29 20:37:00,070] Trial 0 finished with value: 0.3349050640916344 and parameters: {'hidden_dim': 148, 'num_layers': 2, 'dropout': 0.2522, 'lr': 0.0006999, 'weight_decay': 0.0005, 'heads': 4}. Best is trial 0 with value: 0.3349050640916344.
[I 2026-09-29 20:37:12,744] Trial 1 finished with value: 0.2746827855379461 and parameters: {'hidden_dim': 128, 'num_layers': 3, 'dropout': 0.1624074561769746, 'lr': 0.00020511104188433984, 'weight_decay': 1.3066739238053272e-05, 'heads': 2}. Best is trial 0 with value: 0.3349050640916344.
[W 2026-09-29 20:37:12,969] Trial 2 failed with parameters: {'hidden_dim': 148, 'num_layers': 3, 'dropout': 0.18493564427131048, 'lr': 0.0002310201887845295, 'weight_decay': 2.3270677083837777e-05, 'heads': 4} because of the following error: OutOfMemoryError('CUDA out of memory. Tried to allocate 1014.00 MiB. GPU 0 has a total capacity of 7.62 GiB of which 261.69 MiB is free. Process 6565 has 96.00 MiB memory in use. Process 54556 has 162.97 MiB memory in use. Process 320424 has 80.72 MiB memory in use. Process 368139 has 13.41 MiB memory in use. Including non-PyTorch memory, this process has 6.29 GiB memory in use. Of the allocated memory 6.12 GiB is allocated by PyTorch, and 58.53 MiB is reserved by PyTorch but unallocated. If reserved but unallocated memory is large try setting PYTORCH_CUDA_ALLOC_CONF=expandable_segments:True to avoid fragmentation.  See documentation for Memory Management  (https://pytorch.org/docs/stable/notes/cuda.html#environment-variables)').
Traceback (most recent call last):
  File "/home/juan/Escritorio/gnn_thesis/gnns_thesis/.venv/lib/python3.12/site-packages/optuna/study/_optimize.py", line 206, in _run_trial
    value_or_values = func(trial)
                      ^^^^^^^^^^^
  File "/home/juan/Escritorio/gnn_thesis/gnns_thesis/src/training/hyperopt.py", line 265, in <lambda>
    lambda trial: objective(
                  ^^^^^^^^^^
  File "/home/juan/Escritorio/gnn_thesis/gnns_thesis/src/training/hyperopt.py", line 180, in objective
    results = trainer.train(
              ^^^^^^^^^^^^^^
  File "/home/juan/Escritorio/gnn_thesis/gnns_thesis/src/training/trainer.py", line 270, in train
    train_loss = self.train_epoch(data)
                 ^^^^^^^^^^^^^^^^^^^^^^
  File "/home/juan/Escritorio/gnn_thesis/gnns_thesis/src/training/trainer.py", line 121, in train_epoch
    loss.backward()
  File "/home/juan/Escritorio/gnn_thesis/gnns_thesis/.venv/lib/python3.12/site-packages/torch/_tensor.py", line 626, in backward
    torch.autograd.backward(
  File "/home/juan/Escritorio/gnn_thesis/gnns_thesis/.venv/lib/python3.12/site-packages/torch/autograd/__init__.py", line 347, in backward
    _engine_run_backward(
  File "/home/juan/Escritorio/gnn_thesis/gnns_thesis/.venv/lib/python3.12/site-packages/torch/autograd/graph.py", line 823, in _engine_run_backward
    return Variable._execution_engine.run_backward(  # Calls into the C++ engine to run the backward pass
           ^^^^^^^^^^^^^^^^^^^^^^^^^^^^^^^^^^^^^^^^^^^^^^^^^^^^^^^^^^^^^^^^^^^^^^^^^^^^^^^^^^^^^^^^^^^^^^
torch.OutOfMemoryError: CUDA out of memory. Tried to allocate 1014.00 MiB. GPU 0 has a total capacity of 7.62 GiB of which 261.69 MiB is free. Process 6565 has 96.00 MiB memory in use. Process 54556 has 162.97 MiB memory in use. Process 320424 has 80.72 MiB memory in use. Process 368139 has 13.41 MiB memory in use. Including non-PyTorch memory, this process has 6.29 GiB memory in use. Of the allocated memory 6.12 GiB is allocated by PyTorch, and 58.53 MiB is reserved by PyTorch but unallocated. If reserved but unallocated memory is large try setting PYTORCH_CUDA_ALLOC_CONF=expandable_segments:True to avoid fragmentation.  See documentation for Memory Management  (https://pytorch.org/docs/stable/notes/cuda.html#environment-variables)
[W 2026-09-29 20:37:12,970] Trial 2 failed with value None.
                                                  Train matrix:  83%|████████▎ | 10/12 [04:00<00:46]Train matrix:  92%|█████████▏| 11/12 [04:00<00:23]Train matrix:  92%|█████████▏| 11/12 [04:00<00:23]                                                  Train matrix:  92%|█████████▏| 11/12 [04:00<00:23]                                                  Train matrix:  92%|█████████▏| 11/12 [04:00<00:23][I 2026-09-29 20:37:13,373] A new study created in memory with name: GAT_focal_loss_pr_auc
[I 2026-09-29 20:37:23,756] Trial 0 finished with value: 0.28874634073176414 and parameters: {'hidden_dim': 148, 'num_layers': 2, 'dropout': 0.2522, 'lr': 0.0006999, 'weight_decay': 0.0005, 'heads': 4}. Best is trial 0 with value: 0.28874634073176414.
