[I 2026-09-29 20:37:29,315] Trial 1 finished with value: 0.07289167137174495 and parameters: {'hidden_dim': 128, 'num_layers': 3, 'dropout': 0.1624074561769746, 'lr': 0.00020511104188433984, 'weight_decay': 1.3066739238053272e-05, 'heads': 2}. Best is trial 0 with value: 0.28874634073176414.
[W 2026-09-29 20:37:29,541] Trial 2 failed with parameters: {'hidden_dim': 148, 'num_layers': 3, 'dropout': 0.18493564427131048, 'lr': 0.0002310201887845295, 'weight_decay': 2.3270677083837777e-05, 'heads': 4} because of the following error: OutOfMemoryError('CUDA out of memory. Tried to allocate 1014.00 MiB. GPU 0 has a total capacity of 7.62 GiB of which 272.06 MiB is free. Process 6565 has 96.00 MiB memory in use. Process 54556 has 162.97 MiB memory in use. Process 320424 has 78.34 MiB memory in use. Process 368139 has 13.41 MiB memory in use. Including non-PyTorch memory, this process has 6.29 GiB memory in use. Of the allocated memory 6.12 GiB is allocated by PyTorch, and 58.53 MiB is reserved by PyTorch but unallocated. If reserved but unallocated memory is large try setting PYTORCH_CUDA_ALLOC_CONF=expandable_segments:True to avoid fragmentation.  See documentation for Memory Management  (https://pytorch.org/docs/stable/notes/cuda.html#environment-variables)').
Traceback (most recent call last):
  File "/home/juan/Escritorio/gnn_thesis/gnns_thesis/.venv/lib/python3.12/site-packages/optuna/study/_optimize.py", line 206, in _run_trial
    value_or_values = func(trial)
                      ^^^^^^^^^^^
  File "/home/juan/Escritorio/gnn_thesis/gnns_thesis/src/training/hyperopt.py", line 265, in <lambda>
    lambda trial: objective(
                  ^^^^^^^^^^
  File "/home/juan/Escritorio/gnn_thesis/gnns_thesis/src/training/hyperopt.py", line 180, in objective
    results = trainer.train(
              ^^^^^^^^^^^^^^
  File "/home/juan/Escritorio/gnn_thesis/gnns_thesis/src/training/trainer.py", line 270, in train
    train_loss = self.train_epoch(data)
                 ^^^^^^^^^^^^^^^^^^^^^^
  File "/home/juan/Escritorio/gnn_thesis/gnns_thesis/src/training/trainer.py", line 121, in train_epoch
    loss.backward()
  File "/home/juan/Escritorio/gnn_thesis/gnns_thesis/.venv/lib/python3.12/site-packages/torch/_tensor.py", line 626, in backward
    torch.autograd.backward(
  File "/home/juan/Escritorio/gnn_thesis/gnns_thesis/.venv/lib/python3.12/site-packages/torch/autograd/__init__.py", line 347, in backward
    _engine_run_backward(
  File "/home/juan/Escritorio/gnn_thesis/gnns_thesis/.venv/lib/python3.12/site-packages/torch/autograd/graph.py", line 823, in _engine_run_backward
    return Variable._execution_engine.run_backward(  # Calls into the C++ engine to run the backward pass
           ^^^^^^^^^^^^^^^^^^^^^^^^^^^^^^^^^^^^^^^^^^^^^^^^^^^^^^^^^^^^^^^^^^^^^^^^^^^^^^^^^^^^^^^^^^^^^^
torch.OutOfMemoryError: CUDA out of memory. Tried to allocate 1014.00 MiB. GPU 0 has a total capacity of 7.62 GiB of which 272.06 MiB is free. Process 6565 has 96.00 MiB memory in use. Process 54556 has 162.97 MiB memory in use. Process 320424 has 78.34 MiB memory in use. Process 368139 has 13.41 MiB memory in use. Including non-PyTorch memory, this process has 6.29 GiB memory in use. Of the allocated memory 6.12 GiB is allocated by PyTorch, and 58.53 MiB is reserved by PyTorch but unallocated. If reserved but unallocated memory is large try setting PYTORCH_CUDA_ALLOC_CONF=expandable_segments:True to avoid fragmentation.  See documentation for Memory Management  (https://pytorch.org/docs/stable/notes/cuda.html#environment-variables)
[W 2026-09-29 20:37:29,542] Trial 2 failed with value None.
                                                  Train matrix:  92%|█████████▏| 11/12 [04:16<00:23]Train matrix: 100%|██████████| 12/12 [04:17<00:00]Train matrix: 100%|██████████| 12/12 [04:17<00:00]

  Optuna: 8 trials x <= 50 epochs, metric=pr_auc, warm_start=True
  Warm-start trial enqueued for GAT: {'hidden_dim': 148, 'num_layers': 2, 'dropout': 0.2522, 'lr': 0.0006999, 'weight_decay': 0.0005, 'heads': 4}
  ERROR in 1:10_os_GAT_none — OOM: CUDA out of memory. Tried to allocate 1014.00 MiB. GPU 0 has a total capacity of 7.62 GiB of which 303.38 MiB is free. Process 6565 has 96.00 MiB memory in use. Process 54556 has 162.97 MiB memory in . Continuing with next config.

======================================================================
CONFIG: 1:10_os_GAT_class_weighting
======================================================================
  [v4 scenario 1:10_os | licit_unknown] illicit=6,924 (+3,462 SMOTE) negatives=69,240 {'licit': 13781, 'unknown': 55459} ratio=1:10.0 (subsample_seed=2026, idx sha1=07027587ad)
  Optuna: 8 trials x <= 50 epochs, metric=pr_auc, warm_start=True
  Warm-start trial enqueued for GAT: {'hidden_dim': 148, 'num_layers': 2, 'dropout': 0.2522, 'lr': 0.0006999, 'weight_decay': 0.0005, 'heads': 4}
  Class weights: [0.550000011920929, 5.5]
  Class weights: [0.550000011920929, 5.5]
  Class weights: [0.550000011920929, 5.5]
  ERROR in 1:10_os_GAT_class_weighting — OOM: CUDA out of memory. Tried to allocate 1014.00 MiB. GPU 0 has a total capacity of 7.62 GiB of which 261.69 MiB is free. Process 6565 has 96.00 MiB memory in use. Process 54556 has 162.97 MiB memory in . Continuing with next config.

======================================================================
CONFIG: 1:10_os_GAT_focal_loss
======================================================================
  [v4 scenario 1:10_os | licit_unknown] illicit=6,924 (+3,462 SMOTE) negatives=69,240 {'licit': 13781, 'unknown': 55459} ratio=1:10.0 (subsample_seed=2026, idx sha1=07027587ad)
  Optuna: 8 trials x <= 50 epochs, metric=pr_auc, warm_start=True
  Warm-start trial enqueued for GAT: {'hidden_dim': 148, 'num_layers': 2, 'dropout': 0.2522, 'lr': 0.0006999, 'weight_decay': 0.0005, 'heads': 4}
  Focal Loss: gamma=2.0, alpha=0.75
  Focal Loss: gamma=2.0, alpha=0.75
  Focal Loss: gamma=2.0, alpha=0.75
  ERROR in 1:10_os_GAT_focal_loss — OOM: CUDA out of memory. Tried to allocate 1014.00 MiB. GPU 0 has a total capacity of 7.62 GiB of which 272.06 MiB is free. Process 6565 has 96.00 MiB memory in use. Process 54556 has 162.97 MiB memory in . Continuing with next config.

======================================================================
TRAIN MATRIX SUMMARY
======================================================================
  Passed (val F1>=0.3, MCC>=0.15): 0
  Failed quality gate:                        0
  Errors (OOM / timeout / exception):         12
    ! native_GAT_none (OOM)
    ! native_GAT_class_weighting (OOM)
    ! native_GAT_focal_loss (OOM)
    ! 1:10_GAT_none (OOM)
    ! 1:10_GAT_class_weighting (OOM)
    ! 1:10_GAT_focal_loss (OOM)
    ! 1:1_GAT_none (OOM)
    ! 1:1_GAT_class_weighting (OOM)
    ! 1:1_GAT_focal_loss (OOM)
    ! 1:10_os_GAT_none (OOM)
    ! 1:10_os_GAT_class_weighting (OOM)
    ! 1:10_os_GAT_focal_loss (OOM)

  Total time: 0.07 h
  Checkpoints + metadata in: results_models_v4
  Progress log: runs_v4/progress.jsonl
Device: cuda | config configs/experiment_v4.yaml (version v4, sha256 7441cc42d796)
  MLflow experiment: xai-gnn-stability-v4
  Tracking URI: sqlite:///mlruns.db

======================================================================
LOADING ELLIPTIC DATASET
======================================================================
============================================================
Elliptic Bitcoin Dataset Statistics
============================================================
Total nodes:      203,769
Total edges:      234,355
Node features:    165
Labeled nodes:    46,564
  Licit (0):      42,019
  Illicit (1):    4,545
  Unknown (-1):   157,205
Illicit ratio:    0.0976
============================================================
  Label mode: licit_unknown (negatives = licit + unknown)
Preprocessing Elliptic dataset...
Creating time-based splits:
  Train: 136,265 nodes (3,462 illicit, 132,803 licit, ratio 1:38.4)
  Val  : 37,820 nodes (914 illicit, 36,906 licit, ratio 1:40.4)
  Test : 29,684 nodes (169 illicit, 29,515 licit, ratio 1:174.6)
  Split counts validated against the official Elliptic release.
Normalizing features (fit on every node of the train timesteps):
  Features normalized (RobustScaler + clip[-10,10]): mean~0.7023, std~2.3916, clipped=4.69% of values
Preprocessing complete.
  Data loaded + validated in 2.3s: {'train': {'illicit': 3462, 'licit': 132803}, 'val': {'illicit': 914, 'licit': 36906}, 'test': {'illicit': 169, 'licit': 29515}}

Training matrix: 12 configs (1 seed(s): 42)
Train matrix:   0%|          | 0/12 [00:00<?]Train matrix:   0%|          | 0/12 [00:00<?]                                             Train matrix:   0%|          | 0/12 [00:00<?]                                             Train matrix:   0%|          | 0/12 [00:00<?][I 2026-09-29 20:47:30,063] A new study created in memory with name: GAT_none_pr_auc
[I 2026-09-29 20:47:41,290] Trial 0 finished with value: 0.20123932148294216 and parameters: {'hidden_dim': 148, 'num_layers': 2, 'dropout': 0.2522, 'lr': 0.0006999, 'weight_decay': 0.0005, 'heads': 4}. Best is trial 0 with value: 0.20123932148294216.
[I 2026-09-29 20:47:53,596] Trial 1 finished with value: 0.048701922209552787 and parameters: {'hidden_dim': 128, 'num_layers': 2, 'dropout': 0.3394633936788146, 'lr': 0.0002051338263087451, 'weight_decay': 2.0511104188433963e-05, 'heads': 4}. Best is trial 0 with value: 0.20123932148294216.
[I 2026-09-29 20:48:00,878] Trial 2 finished with value: 0.1163664216813349 and parameters: {'hidden_dim': 128, 'num_layers': 2, 'dropout': 0.4879639408647978, 'lr': 0.004622589001020831, 'weight_decay': 2.6587543983272695e-05, 'heads': 4}. Best is trial 0 with value: 0.20123932148294216.
[I 2026-09-29 20:48:10,073] Trial 3 finished with value: 0.27648481182426893 and parameters: {'hidden_dim': 128, 'num_layers': 2, 'dropout': 0.21649165607921678, 'lr': 0.0016738085788752138, 'weight_decay': 1.9010245319870364e-05, 'heads': 4}. Best is trial 3 with value: 0.27648481182426893.
[I 2026-09-29 20:48:16,211] Trial 4 finished with value: 0.10598172182632244 and parameters: {'hidden_dim': 128, 'num_layers': 2, 'dropout': 0.3056937753654446, 'lr': 0.0015304852121831463, 'weight_decay': 1.2385137298860926e-05, 'heads': 2}. Best is trial 3 with value: 0.27648481182426893.
[I 2026-09-29 20:48:24,447] Trial 5 finished with value: 0.07490760386205034 and parameters: {'hidden_dim': 148, 'num_layers': 2, 'dropout': 0.4233589392465845, 'lr': 0.0004066563313514797, 'weight_decay': 1.5679933916722995e-05, 'heads': 2}. Best is trial 3 with value: 0.27648481182426893.
[I 2026-09-29 20:48:27,623] Trial 6 finished with value: 0.04176382969844967 and parameters: {'hidden_dim': 128, 'num_layers': 2, 'dropout': 0.4637281608315128, 'lr': 0.00032927591344236165, 'weight_decay': 0.00021137059440645722, 'heads': 4}. Best is trial 3 with value: 0.27648481182426893.
[I 2026-09-29 20:48:33,644] Trial 7 finished with value: 0.31818211505320526 and parameters: {'hidden_dim': 148, 'num_layers': 2, 'dropout': 0.4100531293444458, 'lr': 0.007568292060167618, 'weight_decay': 0.0006161049539380963, 'heads': 4}. Best is trial 7 with value: 0.31818211505320526.
                                             Train matrix:   0%|          | 0/12 [01:03<?]                                             Train matrix:   0%|          | 0/12 [01:18<?]                                             Train matrix:   0%|          | 0/12 [01:18<?]                                             Train matrix:   0%|          | 0/12 [01:18<?]                                             Train matrix:   0%|          | 0/12 [01:18<?]Train matrix:   8%|▊         | 1/12 [01:18<14:23]Train matrix:   8%|▊         | 1/12 [01:18<14:23]                                                 Train matrix:   8%|▊         | 1/12 [01:18<14:23]                                                 Train matrix:   8%|▊         | 1/12 [01:18<14:23][I 2026-09-29 20:48:48,546] A new study created in memory with name: GAT_class_weighting_pr_auc
[I 2026-09-29 20:49:01,108] Trial 0 finished with value: 0.33520739670757593 and parameters: {'hidden_dim': 148, 'num_layers': 2, 'dropout': 0.2522, 'lr': 0.0006999, 'weight_decay': 0.0005, 'heads': 4}. Best is trial 0 with value: 0.33520739670757593.
[I 2026-09-29 20:49:13,451] Trial 1 finished with value: 0.29918680420627 and parameters: {'hidden_dim': 128, 'num_layers': 2, 'dropout': 0.3394633936788146, 'lr': 0.0002051338263087451, 'weight_decay': 2.0511104188433963e-05, 'heads': 4}. Best is trial 0 with value: 0.33520739670757593.
[I 2026-09-29 20:49:21,753] Trial 2 finished with value: 0.2228809260844468 and parameters: {'hidden_dim': 128, 'num_layers': 2, 'dropout': 0.4879639408647978, 'lr': 0.004622589001020831, 'weight_decay': 2.6587543983272695e-05, 'heads': 4}. Best is trial 0 with value: 0.33520739670757593.
[I 2026-09-29 20:49:28,962] Trial 3 finished with value: 0.3510641221337138 and parameters: {'hidden_dim': 128, 'num_layers': 2, 'dropout': 0.21649165607921678, 'lr': 0.0016738085788752138, 'weight_decay': 1.9010245319870364e-05, 'heads': 4}. Best is trial 3 with value: 0.3510641221337138.
[I 2026-09-29 20:49:36,368] Trial 4 finished with value: 0.2992210867045706 and parameters: {'hidden_dim': 128, 'num_layers': 2, 'dropout': 0.3056937753654446, 'lr': 0.0015304852121831463, 'weight_decay': 1.2385137298860926e-05, 'heads': 2}. Best is trial 3 with value: 0.3510641221337138.
[I 2026-09-29 20:49:42,676] Trial 5 finished with value: 0.33403954127309143 and parameters: {'hidden_dim': 148, 'num_layers': 2, 'dropout': 0.4233589392465845, 'lr': 0.0004066563313514797, 'weight_decay': 1.5679933916722995e-05, 'heads': 2}. Best is trial 3 with value: 0.3510641221337138.
[I 2026-09-29 20:49:54,801] Trial 6 finished with value: 0.3128669822783928 and parameters: {'hidden_dim': 128, 'num_layers': 2, 'dropout': 0.4637281608315128, 'lr': 0.00032927591344236165, 'weight_decay': 0.00021137059440645722, 'heads': 4}. Best is trial 3 with value: 0.3510641221337138.
[I 2026-09-29 20:49:59,020] Trial 7 finished with value: 0.3499624896011848 and parameters: {'hidden_dim': 148, 'num_layers': 2, 'dropout': 0.4100531293444458, 'lr': 0.007568292060167618, 'weight_decay': 0.0006161049539380963, 'heads': 4}. Best is trial 3 with value: 0.3510641221337138.
                                                 Train matrix:   8%|▊         | 1/12 [02:28<14:23]                                                 Train matrix:   8%|▊         | 1/12 [03:11<14:23]                                                 Train matrix:   8%|▊         | 1/12 [03:12<14:23]                                                 Train matrix:   8%|▊         | 1/12 [03:12<14:23]                                                 Train matrix:   8%|▊         | 1/12 [03:12<14:23]Train matrix:  17%|█▋        | 2/12 [03:12<16:32]Train matrix:  17%|█▋        | 2/12 [03:12<16:32]                                                 Train matrix:  17%|█▋        | 2/12 [03:12<16:32]                                                 Train matrix:  17%|█▋        | 2/12 [03:12<16:32][I 2026-09-29 20:50:42,289] A new study created in memory with name: GAT_focal_loss_pr_auc
[I 2026-09-29 20:50:48,681] Trial 0 finished with value: 0.2281703422255389 and parameters: {'hidden_dim': 148, 'num_layers': 2, 'dropout': 0.2522, 'lr': 0.0006999, 'weight_decay': 0.0005, 'heads': 4}. Best is trial 0 with value: 0.2281703422255389.
[I 2026-09-29 20:51:00,694] Trial 1 finished with value: 0.15296419878919335 and parameters: {'hidden_dim': 128, 'num_layers': 2, 'dropout': 0.3394633936788146, 'lr': 0.0002051338263087451, 'weight_decay': 2.0511104188433963e-05, 'heads': 4}. Best is trial 0 with value: 0.2281703422255389.
[I 2026-09-29 20:51:06,575] Trial 2 finished with value: 0.13164384644733887 and parameters: {'hidden_dim': 128, 'num_layers': 2, 'dropout': 0.4879639408647978, 'lr': 0.004622589001020831, 'weight_decay': 2.6587543983272695e-05, 'heads': 4}. Best is trial 0 with value: 0.2281703422255389.
[I 2026-09-29 20:51:12,843] Trial 3 finished with value: 0.3938505767076378 and parameters: {'hidden_dim': 128, 'num_layers': 2, 'dropout': 0.21649165607921678, 'lr': 0.0016738085788752138, 'weight_decay': 1.9010245319870364e-05, 'heads': 4}. Best is trial 3 with value: 0.3938505767076378.
[I 2026-09-29 20:51:18,746] Trial 4 finished with value: 0.2267849583256919 and parameters: {'hidden_dim': 128, 'num_layers': 2, 'dropout': 0.3056937753654446, 'lr': 0.0015304852121831463, 'weight_decay': 1.2385137298860926e-05, 'heads': 2}. Best is trial 3 with value: 0.3938505767076378.
[I 2026-09-29 20:51:26,602] Trial 5 finished with value: 0.21531913235741865 and parameters: {'hidden_dim': 148, 'num_layers': 2, 'dropout': 0.4233589392465845, 'lr': 0.0004066563313514797, 'weight_decay': 1.5679933916722995e-05, 'heads': 2}. Best is trial 3 with value: 0.3938505767076378.
[I 2026-09-29 20:51:29,621] Trial 6 finished with value: 0.041906964508693176 and parameters: {'hidden_dim': 128, 'num_layers': 2, 'dropout': 0.4637281608315128, 'lr': 0.00032927591344236165, 'weight_decay': 0.00021137059440645722, 'heads': 4}. Best is trial 3 with value: 0.3938505767076378.
