Device: cuda | config configs/experiment_v4.yaml (version v4, sha256 7441cc42d796)
  MLflow experiment: xai-gnn-stability-v4
  Tracking URI: sqlite:///mlruns.db

======================================================================
LOADING ELLIPTIC DATASET
======================================================================
============================================================
Elliptic Bitcoin Dataset Statistics
============================================================
Total nodes:      203,769
Total edges:      234,355
Node features:    165
Labeled nodes:    46,564
  Licit (0):      42,019
  Illicit (1):    4,545
  Unknown (-1):   157,205
Illicit ratio:    0.0976
============================================================
  Label mode: licit_unknown (negatives = licit + unknown)
Preprocessing Elliptic dataset...
Creating time-based splits:
  Train: 136,265 nodes (3,462 illicit, 132,803 licit, ratio 1:38.4)
  Val  : 37,820 nodes (914 illicit, 36,906 licit, ratio 1:40.4)
  Test : 29,684 nodes (169 illicit, 29,515 licit, ratio 1:174.6)
  Split counts validated against the official Elliptic release.
Normalizing features (fit on every node of the train timesteps):
  Features normalized (RobustScaler + clip[-10,10]): mean~0.7023, std~2.3916, clipped=4.69% of values
Preprocessing complete.
  Data loaded + validated in 2.2s: {'train': {'illicit': 3462, 'licit': 132803}, 'val': {'illicit': 914, 'licit': 36906}, 'test': {'illicit': 169, 'licit': 29515}}

Training matrix: 12 configs (1 seed(s): 42)
Train matrix:   0%|          | 0/12 [00:00<?]Train matrix:   0%|          | 0/12 [00:00<?]                                             Train matrix:   0%|          | 0/12 [00:00<?]Train matrix:   0%|          | 0/12 [00:00<?]                                             Train matrix:   0%|          | 0/12 [00:00<?]Train matrix:   0%|          | 0/12 [00:00<?]                                             Train matrix:   0%|          | 0/12 [00:00<?]Train matrix:   0%|          | 0/12 [00:00<?]                                             Train matrix:   0%|          | 0/12 [00:00<?]                                             Train matrix:   0%|          | 0/12 [00:00<?][I 2026-09-28 23:57:56,473] A new study created in memory with name: TAGCN_none_pr_auc
[I 2026-09-28 23:58:04,377] Trial 0 finished with value: 0.28050236183610916 and parameters: {'hidden_dim': 148, 'num_layers': 2, 'dropout': 0.3, 'lr': 0.0008475, 'weight_decay': 0.0005, 'K': 3}. Best is trial 0 with value: 0.28050236183610916.
[I 2026-09-28 23:58:16,965] Trial 1 finished with value: 0.0710176684001416 and parameters: {'hidden_dim': 128, 'num_layers': 3, 'dropout': 0.1624074561769746, 'lr': 0.00020511104188433984, 'weight_decay': 1.3066739238053272e-05, 'K': 4}. Best is trial 0 with value: 0.28050236183610916.
[I 2026-09-28 23:58:24,956] Trial 2 finished with value: 0.1097522908149205 and parameters: {'hidden_dim': 128, 'num_layers': 3, 'dropout': 0.4329770563201687, 'lr': 0.00026587543983272726, 'weight_decay': 2.3102018878452926e-05, 'K': 2}. Best is trial 0 with value: 0.28050236183610916.
[I 2026-09-28 23:58:32,101] Trial 3 finished with value: 0.10028739513546317 and parameters: {'hidden_dim': 128, 'num_layers': 2, 'dropout': 0.34474115788895177, 'lr': 0.00019010245319870352, 'weight_decay': 3.8396292998041685e-05, 'K': 3}. Best is trial 0 with value: 0.28050236183610916.
[I 2026-09-28 23:58:34,860] Trial 4 finished with value: 0.04673685198176682 and parameters: {'hidden_dim': 128, 'num_layers': 3, 'dropout': 0.33696582754481696, 'lr': 0.0001238513729886094, 'weight_decay': 0.000164092867306479, 'K': 2}. Best is trial 0 with value: 0.28050236183610916.
[I 2026-09-28 23:58:38,222] Trial 5 finished with value: 0.04237536887263457 and parameters: {'hidden_dim': 148, 'num_layers': 3, 'dropout': 0.2218455076693483, 'lr': 0.0001567993391672301, 'weight_decay': 0.000233596350262616, 'K': 3}. Best is trial 0 with value: 0.28050236183610916.
[I 2026-09-28 23:58:48,516] Trial 6 finished with value: 0.36643618054886135 and parameters: {'hidden_dim': 128, 'num_layers': 3, 'dropout': 0.20351199264000677, 'lr': 0.0021137059440645744, 'weight_decay': 4.201672054372529e-05, 'K': 3}. Best is trial 6 with value: 0.36643618054886135.
[I 2026-09-28 23:59:02,977] Trial 7 finished with value: 0.3612678771580776 and parameters: {'hidden_dim': 148, 'num_layers': 3, 'dropout': 0.4757995766256756, 'lr': 0.006161049539380964, 'weight_decay': 0.0001569639638866114, 'K': 4}. Best is trial 6 with value: 0.36643618054886135.
                                             Train matrix:   0%|          | 0/12 [01:06<?]                                             Train matrix:   0%|          | 0/12 [01:25<?]                                             Train matrix:   0%|          | 0/12 [01:25<?]                                             Train matrix:   0%|          | 0/12 [01:25<?]                                             Train matrix:   0%|          | 0/12 [01:25<?]Train matrix:  33%|███▎      | 4/12 [01:25<02:51]Train matrix:  33%|███▎      | 4/12 [01:25<02:51]                                                 Train matrix:  33%|███▎      | 4/12 [01:25<02:51]                                                 Train matrix:  33%|███▎      | 4/12 [01:25<02:51][I 2026-09-28 23:59:22,252] A new study created in memory with name: TAGCN_class_weighting_pr_auc
[I 2026-09-28 23:59:30,058] Trial 0 finished with value: 0.32243882698877535 and parameters: {'hidden_dim': 148, 'num_layers': 2, 'dropout': 0.3, 'lr': 0.0008475, 'weight_decay': 0.0005, 'K': 3}. Best is trial 0 with value: 0.32243882698877535.
[I 2026-09-28 23:59:42,686] Trial 1 finished with value: 0.12159516196077445 and parameters: {'hidden_dim': 128, 'num_layers': 3, 'dropout': 0.1624074561769746, 'lr': 0.00020511104188433984, 'weight_decay': 1.3066739238053272e-05, 'K': 4}. Best is trial 0 with value: 0.32243882698877535.
[I 2026-09-28 23:59:50,708] Trial 2 finished with value: 0.18213851115686783 and parameters: {'hidden_dim': 128, 'num_layers': 3, 'dropout': 0.4329770563201687, 'lr': 0.00026587543983272726, 'weight_decay': 2.3102018878452926e-05, 'K': 2}. Best is trial 0 with value: 0.32243882698877535.
[I 2026-09-28 23:59:57,868] Trial 3 finished with value: 0.168083854018767 and parameters: {'hidden_dim': 128, 'num_layers': 2, 'dropout': 0.34474115788895177, 'lr': 0.00019010245319870352, 'weight_decay': 3.8396292998041685e-05, 'K': 3}. Best is trial 0 with value: 0.32243882698877535.
[I 2026-09-29 00:00:05,894] Trial 4 finished with value: 0.08698097384968748 and parameters: {'hidden_dim': 128, 'num_layers': 3, 'dropout': 0.33696582754481696, 'lr': 0.0001238513729886094, 'weight_decay': 0.000164092867306479, 'K': 2}. Best is trial 0 with value: 0.32243882698877535.
[I 2026-09-29 00:00:14,175] Trial 5 finished with value: 0.1091474808723407 and parameters: {'hidden_dim': 148, 'num_layers': 3, 'dropout': 0.2218455076693483, 'lr': 0.0001567993391672301, 'weight_decay': 0.000233596350262616, 'K': 3}. Best is trial 0 with value: 0.32243882698877535.
[I 2026-09-29 00:00:20,390] Trial 6 finished with value: 0.3931332515226103 and parameters: {'hidden_dim': 128, 'num_layers': 3, 'dropout': 0.20351199264000677, 'lr': 0.0021137059440645744, 'weight_decay': 4.201672054372529e-05, 'K': 3}. Best is trial 6 with value: 0.3931332515226103.
[I 2026-09-29 00:00:26,532] Trial 7 finished with value: 0.33058188321129445 and parameters: {'hidden_dim': 148, 'num_layers': 3, 'dropout': 0.4757995766256756, 'lr': 0.006161049539380964, 'weight_decay': 0.0001569639638866114, 'K': 4}. Best is trial 6 with value: 0.3931332515226103.
                                                 Train matrix:  33%|███▎      | 4/12 [02:30<02:51]                                                 Train matrix:  33%|███▎      | 4/12 [03:05<02:51]                                                 Train matrix:  33%|███▎      | 4/12 [03:05<02:51]                                                 Train matrix:  33%|███▎      | 4/12 [03:05<02:51]                                                 Train matrix:  33%|███▎      | 4/12 [03:05<02:51]Train matrix:  42%|████▏     | 5/12 [03:05<04:54]Train matrix:  42%|████▏     | 5/12 [03:05<04:54]                                                 Train matrix:  42%|████▏     | 5/12 [03:05<04:54]                                                 Train matrix:  42%|████▏     | 5/12 [03:05<04:54][I 2026-09-29 00:01:02,285] A new study created in memory with name: TAGCN_focal_loss_pr_auc
[I 2026-09-29 00:01:06,077] Trial 0 finished with value: 0.20668580697216116 and parameters: {'hidden_dim': 148, 'num_layers': 2, 'dropout': 0.3, 'lr': 0.0008475, 'weight_decay': 0.0005, 'K': 3}. Best is trial 0 with value: 0.20668580697216116.
[I 2026-09-29 00:01:18,660] Trial 1 finished with value: 0.10801899471926493 and parameters: {'hidden_dim': 128, 'num_layers': 3, 'dropout': 0.1624074561769746, 'lr': 0.00020511104188433984, 'weight_decay': 1.3066739238053272e-05, 'K': 4}. Best is trial 0 with value: 0.20668580697216116.
[I 2026-09-29 00:01:26,644] Trial 2 finished with value: 0.19077227555821497 and parameters: {'hidden_dim': 128, 'num_layers': 3, 'dropout': 0.4329770563201687, 'lr': 0.00026587543983272726, 'weight_decay': 2.3102018878452926e-05, 'K': 2}. Best is trial 0 with value: 0.20668580697216116.
[I 2026-09-29 00:01:33,758] Trial 3 finished with value: 0.15001842526047449 and parameters: {'hidden_dim': 128, 'num_layers': 2, 'dropout': 0.34474115788895177, 'lr': 0.00019010245319870352, 'weight_decay': 3.8396292998041685e-05, 'K': 3}. Best is trial 0 with value: 0.20668580697216116.
[I 2026-09-29 00:01:37,305] Trial 4 finished with value: 0.05283904369542793 and parameters: {'hidden_dim': 128, 'num_layers': 3, 'dropout': 0.33696582754481696, 'lr': 0.0001238513729886094, 'weight_decay': 0.000164092867306479, 'K': 2}. Best is trial 0 with value: 0.20668580697216116.
[I 2026-09-29 00:01:42,767] Trial 5 finished with value: 0.0842030113672838 and parameters: {'hidden_dim': 148, 'num_layers': 3, 'dropout': 0.2218455076693483, 'lr': 0.0001567993391672301, 'weight_decay': 0.000233596350262616, 'K': 3}. Best is trial 0 with value: 0.20668580697216116.
[I 2026-09-29 00:01:45,297] Trial 6 finished with value: 0.17236167929775947 and parameters: {'hidden_dim': 128, 'num_layers': 3, 'dropout': 0.20351199264000677, 'lr': 0.0021137059440645744, 'weight_decay': 4.201672054372529e-05, 'K': 3}. Best is trial 0 with value: 0.20668580697216116.
[I 2026-09-29 00:01:59,730] Trial 7 finished with value: 0.3946965386298936 and parameters: {'hidden_dim': 148, 'num_layers': 3, 'dropout': 0.4757995766256756, 'lr': 0.006161049539380964, 'weight_decay': 0.0001569639638866114, 'K': 4}. Best is trial 7 with value: 0.3946965386298936.
                                                 Train matrix:  42%|████▏     | 5/12 [04:03<04:54]                                                 Train matrix:  42%|████▏     | 5/12 [04:17<04:54]                                                 Train matrix:  42%|████▏     | 5/12 [04:17<04:54]                                                 Train matrix:  42%|████▏     | 5/12 [04:17<04:54]                                                 Train matrix:  42%|████▏     | 5/12 [04:17<04:54]Train matrix:  50%|█████     | 6/12 [04:17<05:01]Train matrix:  50%|█████     | 6/12 [04:17<05:01]                                                 Train matrix:  50%|█████     | 6/12 [04:17<05:01]  SKIP (resume — native_TAGCN_none_meta.json exists): native_TAGCN_none
  SKIP (resume — native_TAGCN_class_weighting_meta.json exists): native_TAGCN_class_weighting
  SKIP (resume — native_TAGCN_focal_loss_meta.json exists): native_TAGCN_focal_loss

======================================================================
CONFIG: 1:10_TAGCN_none
======================================================================
  [v4 scenario 1:10 | licit_unknown] illicit=3,462 negatives=34,620 {'licit': 6890, 'unknown': 27730} ratio=1:10.0 (subsample_seed=2026, idx sha1=c5923cc170)
  Optuna: 8 trials x <= 50 epochs, metric=pr_auc, warm_start=True
  Warm-start hidden_dim snapped 211→148 (config limited to [64, 128, 148])
  Warm-start trial enqueued for TAGCN: {'hidden_dim': 148, 'num_layers': 2, 'dropout': 0.3, 'lr': 0.0008475, 'weight_decay': 0.0005, 'K': 3}

  Best trial (val pr_auc=0.3664):
    hidden_dim: 128
    num_layers: 3
    dropout: 0.20351199264000677
    lr: 0.0021137059440645744
    weight_decay: 4.201672054372529e-05
    K: 3
  Best Optuna val pr_auc=0.3664: {'hidden_dim': 128, 'num_layers': 3, 'dropout': 0.20351199264000677, 'lr': 0.0021137059440645744, 'weight_decay': 4.201672054372529e-05, 'K': 3}
  Epoch  10 | Train Loss: 0.2369 | Val Loss: 0.1773 | Val F1: 0.0151 | Val MCC: 0.0001 | Val PR-AUC: 0.0860
  Epoch  20 | Train Loss: 0.1825 | Val Loss: 0.1702 | Val F1: 0.3044 | Val MCC: 0.2868 | Val PR-AUC: 0.1536
  Epoch  30 | Train Loss: 0.1529 | Val Loss: 0.1637 | Val F1: 0.3238 | Val MCC: 0.3251 | Val PR-AUC: 0.2635
  Epoch  40 | Train Loss: 0.1345 | Val Loss: 0.1164 | Val F1: 0.3834 | Val MCC: 0.3678 | Val PR-AUC: 0.2885
  Epoch  50 | Train Loss: 0.1198 | Val Loss: 0.1004 | Val F1: 0.4157 | Val MCC: 0.4022 | Val PR-AUC: 0.3345
  Epoch  60 | Train Loss: 0.1071 | Val Loss: 0.0946 | Val F1: 0.4282 | Val MCC: 0.4143 | Val PR-AUC: 0.3794
  Epoch  70 | Train Loss: 0.0966 | Val Loss: 0.0906 | Val F1: 0.4270 | Val MCC: 0.4130 | Val PR-AUC: 0.3669
  Early stopping at epoch 79 (best: 59)
  Val (argmax): F1=0.4335 MCC=0.4197 PR-AUC=0.3809 | Test PR-AUC=0.0091
  Calibrated on val (t=0.48): val F1=0.4353 | test F1=0.0078 MCC=0.0002
  Cross-label test PR-AUC: vs licit=0.0438 vs unknown=0.0113 vs all=0.0091 | unknown flagged=1.100%
  Quality gate (val F1>=0.3, val MCC>=0.15): PASSED
  Saved metadata: results_models_v4/1-10_TAGCN_none_meta.json (86s)

======================================================================
CONFIG: 1:10_TAGCN_class_weighting
======================================================================
  [v4 scenario 1:10 | licit_unknown] illicit=3,462 negatives=34,620 {'licit': 6890, 'unknown': 27730} ratio=1:10.0 (subsample_seed=2026, idx sha1=c5923cc170)
  Optuna: 8 trials x <= 50 epochs, metric=pr_auc, warm_start=True
  Warm-start hidden_dim snapped 211→148 (config limited to [64, 128, 148])
  Warm-start trial enqueued for TAGCN: {'hidden_dim': 148, 'num_layers': 2, 'dropout': 0.3, 'lr': 0.0008475, 'weight_decay': 0.0005, 'K': 3}
  Class weights: [0.550000011920929, 5.5]
  Class weights: [0.550000011920929, 5.5]
  Class weights: [0.550000011920929, 5.5]
  Class weights: [0.550000011920929, 5.5]
  Class weights: [0.550000011920929, 5.5]
  Class weights: [0.550000011920929, 5.5]
  Class weights: [0.550000011920929, 5.5]
  Class weights: [0.550000011920929, 5.5]

  Best trial (val pr_auc=0.3931):
    hidden_dim: 128
    num_layers: 3
    dropout: 0.20351199264000677
    lr: 0.0021137059440645744
    weight_decay: 4.201672054372529e-05
    K: 3
  Best Optuna val pr_auc=0.3931: {'hidden_dim': 128, 'num_layers': 3, 'dropout': 0.20351199264000677, 'lr': 0.0021137059440645744, 'weight_decay': 4.201672054372529e-05, 'K': 3}
  Class weights: [0.550000011920929, 5.5]
  Epoch  10 | Train Loss: 0.4290 | Val Loss: 0.5134 | Val F1: 0.1245 | Val MCC: 0.1846 | Val PR-AUC: 0.2641
  Epoch  20 | Train Loss: 0.3085 | Val Loss: 0.4708 | Val F1: 0.1460 | Val MCC: 0.2133 | Val PR-AUC: 0.3572
  Epoch  30 | Train Loss: 0.2565 | Val Loss: 0.4260 | Val F1: 0.1660 | Val MCC: 0.2334 | Val PR-AUC: 0.3142
  Epoch  40 | Train Loss: 0.2229 | Val Loss: 0.3983 | Val F1: 0.1831 | Val MCC: 0.2517 | Val PR-AUC: 0.3128
  Epoch  50 | Train Loss: 0.1912 | Val Loss: 0.3758 | Val F1: 0.1995 | Val MCC: 0.2683 | Val PR-AUC: 0.3396
  Epoch  60 | Train Loss: 0.1665 | Val Loss: 0.3505 | Val F1: 0.2317 | Val MCC: 0.2982 | Val PR-AUC: 0.3403
  Epoch  70 | Train Loss: 0.1433 | Val Loss: 0.3263 | Val F1: 0.2656 | Val MCC: 0.3275 | Val PR-AUC: 0.3604
  Epoch  80 | Train Loss: 0.1274 | Val Loss: 0.3230 | Val F1: 0.2823 | Val MCC: 0.3387 | Val PR-AUC: 0.3779
  Epoch  90 | Train Loss: 0.1149 | Val Loss: 0.3270 | Val F1: 0.3025 | Val MCC: 0.3514 | Val PR-AUC: 0.3712
  Epoch 100 | Train Loss: 0.1017 | Val Loss: 0.3358 | Val F1: 0.3383 | Val MCC: 0.3752 | Val PR-AUC: 0.3728
  Epoch 110 | Train Loss: 0.0934 | Val Loss: 0.3411 | Val F1: 0.3682 | Val MCC: 0.3979 | Val PR-AUC: 0.3785
  Epoch 120 | Train Loss: 0.0826 | Val Loss: 0.3799 | Val F1: 0.3803 | Val MCC: 0.4002 | Val PR-AUC: 0.3583
  Epoch 130 | Train Loss: 0.0733 | Val Loss: 0.4014 | Val F1: 0.3940 | Val MCC: 0.4095 | Val PR-AUC: 0.3681
  Epoch 140 | Train Loss: 0.0681 | Val Loss: 0.4366 | Val F1: 0.4269 | Val MCC: 0.4354 | Val PR-AUC: 0.3734
  Epoch 150 | Train Loss: 0.0645 | Val Loss: 0.4659 | Val F1: 0.4084 | Val MCC: 0.4204 | Val PR-AUC: 0.3661
  Val (argmax): F1=0.4269 MCC=0.4354 PR-AUC=0.3734 | Test PR-AUC=0.0093
  Calibrated on val (t=0.85): val F1=0.4739 | test F1=0.0049 MCC=-0.0019
  Cross-label test PR-AUC: vs licit=0.0452 vs unknown=0.0117 vs all=0.0093 | unknown flagged=0.657%
  Quality gate (val F1>=0.3, val MCC>=0.15): PASSED
  Saved metadata: results_models_v4/1-10_TAGCN_class_weighting_meta.json (100s)

======================================================================
CONFIG: 1:10_TAGCN_focal_loss
======================================================================
  [v4 scenario 1:10 | licit_unknown] illicit=3,462 negatives=34,620 {'licit': 6890, 'unknown': 27730} ratio=1:10.0 (subsample_seed=2026, idx sha1=c5923cc170)
  Optuna: 8 trials x <= 50 epochs, metric=pr_auc, warm_start=True
  Warm-start hidden_dim snapped 211→148 (config limited to [64, 128, 148])
  Warm-start trial enqueued for TAGCN: {'hidden_dim': 148, 'num_layers': 2, 'dropout': 0.3, 'lr': 0.0008475, 'weight_decay': 0.0005, 'K': 3}
  Focal Loss: gamma=2.0, alpha=0.75
  Focal Loss: gamma=2.0, alpha=0.75
  Focal Loss: gamma=2.0, alpha=0.75
  Focal Loss: gamma=2.0, alpha=0.75
  Focal Loss: gamma=2.0, alpha=0.75
  Focal Loss: gamma=2.0, alpha=0.75
  Focal Loss: gamma=2.0, alpha=0.75
  Focal Loss: gamma=2.0, alpha=0.75

  Best trial (val pr_auc=0.3947):
    hidden_dim: 148
    num_layers: 3
    dropout: 0.4757995766256756
    lr: 0.006161049539380964
    weight_decay: 0.0001569639638866114
    K: 4
  Best Optuna val pr_auc=0.3947: {'hidden_dim': 148, 'num_layers': 3, 'dropout': 0.4757995766256756, 'lr': 0.006161049539380964, 'weight_decay': 0.0001569639638866114, 'K': 4}
  Focal Loss: gamma=2.0, alpha=0.75
  Epoch  10 | Train Loss: 0.0422 | Val Loss: 0.0416 | Val F1: 0.1507 | Val MCC: 0.2023 | Val PR-AUC: 0.2767
  Epoch  20 | Train Loss: 0.0304 | Val Loss: 0.0231 | Val F1: 0.4193 | Val MCC: 0.4181 | Val PR-AUC: 0.3644
  Epoch  30 | Train Loss: 0.0251 | Val Loss: 0.0188 | Val F1: 0.4085 | Val MCC: 0.4173 | Val PR-AUC: 0.3847
  Epoch  40 | Train Loss: 0.0219 | Val Loss: 0.0183 | Val F1: 0.3694 | Val MCC: 0.3921 | Val PR-AUC: 0.3869
  Early stopping at epoch 43 (best: 23)
  Val (argmax): F1=0.4479 MCC=0.4455 PR-AUC=0.3891 | Test PR-AUC=0.0040
  Calibrated on val (t=0.54): val F1=0.4885 | test F1=0.0000 MCC=-0.0065
  Cross-label test PR-AUC: vs licit=0.0210 vs unknown=0.0049 vs all=0.0040 | unknown flagged=0.918%
  Quality gate (val F1>=0.3, val MCC>=0.15): PASSED
  Saved metadata: results_models_v4/1-10_TAGCN_focal_loss_meta.json (72s)

======================================================================
CONFIG: 1:1_TAGCN_none
======================================================================
  [v4 scenario 1:1 | licit_unknown] illicit=3,462 negatives=3,462 {'licit': 689, 'unknown': 2773} ratio=1:1.0 (subsample_seed=2026, idx sha1=9138b6a816)                                                 Train matrix:  50%|█████     | 6/12 [04:17<05:01][I 2026-09-29 00:02:14,328] A new study created in memory with name: TAGCN_none_pr_auc
[I 2026-09-29 00:02:22,115] Trial 0 finished with value: 0.2859196750524909 and parameters: {'hidden_dim': 148, 'num_layers': 2, 'dropout': 0.3, 'lr': 0.0008475, 'weight_decay': 0.0005, 'K': 3}. Best is trial 0 with value: 0.2859196750524909.
[I 2026-09-29 00:02:34,696] Trial 1 finished with value: 0.1234842258774241 and parameters: {'hidden_dim': 128, 'num_layers': 3, 'dropout': 0.1624074561769746, 'lr': 0.00020511104188433984, 'weight_decay': 1.3066739238053272e-05, 'K': 4}. Best is trial 0 with value: 0.2859196750524909.
[I 2026-09-29 00:02:42,682] Trial 2 finished with value: 0.18040462804518484 and parameters: {'hidden_dim': 128, 'num_layers': 3, 'dropout': 0.4329770563201687, 'lr': 0.00026587543983272726, 'weight_decay': 2.3102018878452926e-05, 'K': 2}. Best is trial 0 with value: 0.2859196750524909.
[I 2026-09-29 00:02:49,805] Trial 3 finished with value: 0.1727746631083355 and parameters: {'hidden_dim': 128, 'num_layers': 2, 'dropout': 0.34474115788895177, 'lr': 0.00019010245319870352, 'weight_decay': 3.8396292998041685e-05, 'K': 3}. Best is trial 0 with value: 0.2859196750524909.
[I 2026-09-29 00:02:57,795] Trial 4 finished with value: 0.08941555471276627 and parameters: {'hidden_dim': 128, 'num_layers': 3, 'dropout': 0.33696582754481696, 'lr': 0.0001238513729886094, 'weight_decay': 0.000164092867306479, 'K': 2}. Best is trial 0 with value: 0.2859196750524909.
[I 2026-09-29 00:03:06,061] Trial 5 finished with value: 0.10934578922619868 and parameters: {'hidden_dim': 148, 'num_layers': 3, 'dropout': 0.2218455076693483, 'lr': 0.0001567993391672301, 'weight_decay': 0.000233596350262616, 'K': 3}. Best is trial 0 with value: 0.2859196750524909.
[I 2026-09-29 00:03:12,489] Trial 6 finished with value: 0.38758626873373103 and parameters: {'hidden_dim': 128, 'num_layers': 3, 'dropout': 0.20351199264000677, 'lr': 0.0021137059440645744, 'weight_decay': 4.201672054372529e-05, 'K': 3}. Best is trial 6 with value: 0.38758626873373103.
