[I 2026-09-29 20:56:23,039] Trial 7 finished with value: 0.28258705119979766 and parameters: {'hidden_dim': 148, 'num_layers': 2, 'dropout': 0.4100531293444458, 'lr': 0.007568292060167618, 'weight_decay': 0.0006161049539380963, 'heads': 4}. Best is trial 5 with value: 0.3028141569441704.
                                                 Train matrix:  42%|████▏     | 5/12 [08:53<11:23]                                                 Train matrix:  42%|████▏     | 5/12 [09:04<11:23]                                                 Train matrix:  42%|████▏     | 5/12 [09:04<11:23]                                                 Train matrix:  42%|████▏     | 5/12 [09:05<11:23]                                                 Train matrix:  42%|████▏     | 5/12 [09:05<11:23]Train matrix:  50%|█████     | 6/12 [09:05<08:50]Train matrix:  50%|█████     | 6/12 [09:05<08:50]                                                 Train matrix:  50%|█████     | 6/12 [09:05<08:50]Train matrix:  50%|█████     | 6/12 [09:05<08:50]                                                 Train matrix:  50%|█████     | 6/12 [09:05<08:50]Train matrix:  50%|█████     | 6/12 [09:05<08:50]                                                 Train matrix:  50%|█████     | 6/12 [09:05<08:50]Train matrix:  50%|█████     | 6/12 [09:05<08:50]                                                 Train matrix:  50%|█████     | 6/12 [09:05<08:50]                                                 
  Warm-start trial enqueued for GAT: {'hidden_dim': 148, 'num_layers': 2, 'dropout': 0.2522, 'lr': 0.0006999, 'weight_decay': 0.0005, 'heads': 4}

  Best trial (val pr_auc=0.4032):
    hidden_dim: 128
    num_layers: 2
    dropout: 0.21649165607921678
    lr: 0.0016738085788752138
    weight_decay: 1.9010245319870364e-05
    heads: 4
  Best Optuna val pr_auc=0.4032: {'hidden_dim': 128, 'num_layers': 2, 'dropout': 0.21649165607921678, 'lr': 0.0016738085788752138, 'weight_decay': 1.9010245319870364e-05, 'heads': 4}
  Epoch  10 | Train Loss: 0.6240 | Val Loss: 0.9421 | Val F1: 0.0816 | Val MCC: 0.1061 | Val PR-AUC: 0.1023
  Epoch  20 | Train Loss: 0.3521 | Val Loss: 0.1247 | Val F1: 0.0076 | Val MCC: 0.0014 | Val PR-AUC: 0.0472
  Epoch  30 | Train Loss: 0.2715 | Val Loss: 0.2070 | Val F1: 0.3042 | Val MCC: 0.3217 | Val PR-AUC: 0.3032
  Epoch  40 | Train Loss: 0.2405 | Val Loss: 0.1265 | Val F1: 0.3736 | Val MCC: 0.3579 | Val PR-AUC: 0.3383
  Epoch  50 | Train Loss: 0.2223 | Val Loss: 0.1201 | Val F1: 0.3864 | Val MCC: 0.3733 | Val PR-AUC: 0.3264
  Epoch  60 | Train Loss: 0.2128 | Val Loss: 0.1236 | Val F1: 0.4165 | Val MCC: 0.4022 | Val PR-AUC: 0.3866
  Epoch  70 | Train Loss: 0.2060 | Val Loss: 0.1324 | Val F1: 0.4362 | Val MCC: 0.4248 | Val PR-AUC: 0.4111
  Epoch  80 | Train Loss: 0.2013 | Val Loss: 0.1164 | Val F1: 0.4475 | Val MCC: 0.4336 | Val PR-AUC: 0.4121
  Epoch  90 | Train Loss: 0.1939 | Val Loss: 0.1154 | Val F1: 0.4570 | Val MCC: 0.4435 | Val PR-AUC: 0.4182
  Epoch 100 | Train Loss: 0.1900 | Val Loss: 0.1157 | Val F1: 0.4599 | Val MCC: 0.4471 | Val PR-AUC: 0.4172
  Early stopping at epoch 107 (best: 87)
  Val (argmax): F1=0.4607 MCC=0.4474 PR-AUC=0.4187 | Test PR-AUC=0.0070
  Calibrated on val (t=0.50): val F1=0.4607 | test F1=0.0043 MCC=-0.0030
  Cross-label test PR-AUC: vs licit=0.0410 vs unknown=0.0083 vs all=0.0070 | unknown flagged=1.048%
  Quality gate (val F1>=0.3, val MCC>=0.15): PASSED
  Saved metadata: results_models_v4/1-10_GAT_none_meta.json (99s)

======================================================================
CONFIG: 1:10_GAT_class_weighting
======================================================================
  [v4 scenario 1:10 | licit_unknown] illicit=3,462 negatives=34,620 {'licit': 6890, 'unknown': 27730} ratio=1:10.0 (subsample_seed=2026, idx sha1=c5923cc170)
  Optuna: 8 trials x <= 50 epochs, metric=pr_auc, warm_start=True
  Warm-start trial enqueued for GAT: {'hidden_dim': 148, 'num_layers': 2, 'dropout': 0.2522, 'lr': 0.0006999, 'weight_decay': 0.0005, 'heads': 4}
  Class weights: [0.550000011920929, 5.5]
  Class weights: [0.550000011920929, 5.5]
  Class weights: [0.550000011920929, 5.5]
  Class weights: [0.550000011920929, 5.5]
  Class weights: [0.550000011920929, 5.5]
  Class weights: [0.550000011920929, 5.5]
  Class weights: [0.550000011920929, 5.5]
  Class weights: [0.550000011920929, 5.5]

  Best trial (val pr_auc=0.3589):
    hidden_dim: 128
    num_layers: 2
    dropout: 0.21649165607921678
    lr: 0.0016738085788752138
    weight_decay: 1.9010245319870364e-05
    heads: 4
  Best Optuna val pr_auc=0.3589: {'hidden_dim': 128, 'num_layers': 2, 'dropout': 0.21649165607921678, 'lr': 0.0016738085788752138, 'weight_decay': 1.9010245319870364e-05, 'heads': 4}
  Class weights: [0.550000011920929, 5.5]
  Epoch  10 | Train Loss: 0.5554 | Val Loss: 1.7061 | Val F1: 0.0609 | Val MCC: 0.0823 | Val PR-AUC: 0.1273
  Epoch  20 | Train Loss: 0.4299 | Val Loss: 0.6224 | Val F1: 0.0987 | Val MCC: 0.1557 | Val PR-AUC: 0.2354
  Epoch  30 | Train Loss: 0.3976 | Val Loss: 0.4744 | Val F1: 0.1311 | Val MCC: 0.1959 | Val PR-AUC: 0.3130
  Epoch  40 | Train Loss: 0.3630 | Val Loss: 0.4294 | Val F1: 0.1525 | Val MCC: 0.2191 | Val PR-AUC: 0.3287
  Epoch  50 | Train Loss: 0.3462 | Val Loss: 0.4607 | Val F1: 0.1398 | Val MCC: 0.2125 | Val PR-AUC: 0.3653
  Epoch  60 | Train Loss: 0.3272 | Val Loss: 0.4355 | Val F1: 0.1545 | Val MCC: 0.2305 | Val PR-AUC: 0.3747
  Epoch  70 | Train Loss: 0.3206 | Val Loss: 0.4019 | Val F1: 0.1741 | Val MCC: 0.2521 | Val PR-AUC: 0.3880
  Epoch  80 | Train Loss: 0.3105 | Val Loss: 0.3882 | Val F1: 0.1827 | Val MCC: 0.2585 | Val PR-AUC: 0.3814
  Epoch  90 | Train Loss: 0.2936 | Val Loss: 0.3863 | Val F1: 0.1843 | Val MCC: 0.2607 | Val PR-AUC: 0.3903
  Epoch 100 | Train Loss: 0.2919 | Val Loss: 0.3555 | Val F1: 0.2092 | Val MCC: 0.2835 | Val PR-AUC: 0.3869
  Epoch 110 | Train Loss: 0.2808 | Val Loss: 0.3524 | Val F1: 0.2132 | Val MCC: 0.2874 | Val PR-AUC: 0.3827
  Epoch 120 | Train Loss: 0.2851 | Val Loss: 0.3432 | Val F1: 0.2240 | Val MCC: 0.2979 | Val PR-AUC: 0.3804
  Epoch 130 | Train Loss: 0.2746 | Val Loss: 0.3469 | Val F1: 0.2238 | Val MCC: 0.2966 | Val PR-AUC: 0.3693
  Epoch 140 | Train Loss: 0.2714 | Val Loss: 0.3228 | Val F1: 0.2536 | Val MCC: 0.3194 | Val PR-AUC: 0.3647
  Epoch 150 | Train Loss: 0.2583 | Val Loss: 0.3270 | Val F1: 0.2459 | Val MCC: 0.3147 | Val PR-AUC: 0.3735
  Val (argmax): F1=0.2536 MCC=0.3194 PR-AUC=0.3647 | Test PR-AUC=0.0081
  Calibrated on val (t=0.89): val F1=0.4513 | test F1=0.0000 MCC=-0.0067
  Cross-label test PR-AUC: vs licit=0.0418 vs unknown=0.0100 vs all=0.0081 | unknown flagged=0.683%
  Quality gate (val F1>=0.3, val MCC>=0.15): FAILED
  Saved metadata: results_models_v4/1-10_GAT_class_weighting_meta.json (105s)

======================================================================
CONFIG: 1:10_GAT_focal_loss
======================================================================
  [v4 scenario 1:10 | licit_unknown] illicit=3,462 negatives=34,620 {'licit': 6890, 'unknown': 27730} ratio=1:10.0 (subsample_seed=2026, idx sha1=c5923cc170)
  Optuna: 8 trials x <= 50 epochs, metric=pr_auc, warm_start=True
  Warm-start trial enqueued for GAT: {'hidden_dim': 148, 'num_layers': 2, 'dropout': 0.2522, 'lr': 0.0006999, 'weight_decay': 0.0005, 'heads': 4}
  Focal Loss: gamma=2.0, alpha=0.75
  Focal Loss: gamma=2.0, alpha=0.75
  Focal Loss: gamma=2.0, alpha=0.75
  Focal Loss: gamma=2.0, alpha=0.75
  Focal Loss: gamma=2.0, alpha=0.75
  Focal Loss: gamma=2.0, alpha=0.75
  Focal Loss: gamma=2.0, alpha=0.75
  Focal Loss: gamma=2.0, alpha=0.75

  Best trial (val pr_auc=0.3028):
    hidden_dim: 148
    num_layers: 2
    dropout: 0.4233589392465845
    lr: 0.0004066563313514797
    weight_decay: 1.5679933916722995e-05
    heads: 2
  Best Optuna val pr_auc=0.3028: {'hidden_dim': 148, 'num_layers': 2, 'dropout': 0.4233589392465845, 'lr': 0.0004066563313514797, 'weight_decay': 1.5679933916722995e-05, 'heads': 2}
  Focal Loss: gamma=2.0, alpha=0.75
  Epoch  10 | Train Loss: 0.1464 | Val Loss: 0.0726 | Val F1: 0.0970 | Val MCC: 0.1419 | Val PR-AUC: 0.1015
  Epoch  20 | Train Loss: 0.1091 | Val Loss: 0.0496 | Val F1: 0.1333 | Val MCC: 0.1942 | Val PR-AUC: 0.2044
  Epoch  30 | Train Loss: 0.0919 | Val Loss: 0.0309 | Val F1: 0.1711 | Val MCC: 0.2343 | Val PR-AUC: 0.2759
  Epoch  40 | Train Loss: 0.0811 | Val Loss: 0.0204 | Val F1: 0.2437 | Val MCC: 0.2911 | Val PR-AUC: 0.2785
  Epoch  50 | Train Loss: 0.0712 | Val Loss: 0.0220 | Val F1: 0.2173 | Val MCC: 0.2729 | Val PR-AUC: 0.2887
  Epoch  60 | Train Loss: 0.0641 | Val Loss: 0.0237 | Val F1: 0.1985 | Val MCC: 0.2604 | Val PR-AUC: 0.3017
  Early stopping at epoch 60 (best: 40)
  Val (argmax): F1=0.2437 MCC=0.2911 PR-AUC=0.2785 | Test PR-AUC=0.0053
  Calibrated on val (t=0.64): val F1=0.3715 | test F1=0.0122 MCC=0.0039
  Cross-label test PR-AUC: vs licit=0.0297 vs unknown=0.0064 vs all=0.0053 | unknown flagged=2.331%
  Quality gate (val F1>=0.3, val MCC>=0.15): FAILED
  Saved metadata: results_models_v4/1-10_GAT_focal_loss_meta.json (71s)
  SKIP (resume — 1-1_GAT_none_meta.json exists): 1:1_GAT_none
  SKIP (resume — 1-1_GAT_class_weighting_meta.json exists): 1:1_GAT_class_weighting
  SKIP (resume — 1-1_GAT_focal_loss_meta.json exists): 1:1_GAT_focal_loss

======================================================================
CONFIG: 1:10_os_GAT_none
======================================================================
  [v4 scenario 1:10_os | licit_unknown] illicit=6,924 (+3,462 SMOTE) negatives=69,240 {'licit': 13781, 'unknown': 55459} ratio=1:10.0 (subsample_seed=2026, idx sha1=07027587ad)
  Optuna: 8 trials x <= 50 epochs, metric=pr_auc, warm_start=TrueTrain matrix:  50%|█████     | 6/12 [09:05<08:50][I 2026-09-29 20:56:35,278] A new study created in memory with name: GAT_none_pr_auc
[I 2026-09-29 20:56:48,969] Trial 0 finished with value: 0.3735437693211054 and parameters: {'hidden_dim': 148, 'num_layers': 2, 'dropout': 0.2522, 'lr': 0.0006999, 'weight_decay': 0.0005, 'heads': 4}. Best is trial 0 with value: 0.3735437693211054.
[I 2026-09-29 20:57:01,055] Trial 1 finished with value: 0.169952621703285 and parameters: {'hidden_dim': 128, 'num_layers': 2, 'dropout': 0.3394633936788146, 'lr': 0.0002051338263087451, 'weight_decay': 2.0511104188433963e-05, 'heads': 4}. Best is trial 0 with value: 0.3735437693211054.
[I 2026-09-29 20:57:06,754] Trial 2 finished with value: 0.12766949648406078 and parameters: {'hidden_dim': 128, 'num_layers': 2, 'dropout': 0.4879639408647978, 'lr': 0.004622589001020831, 'weight_decay': 2.6587543983272695e-05, 'heads': 4}. Best is trial 0 with value: 0.3735437693211054.
[I 2026-09-29 20:57:13,173] Trial 3 finished with value: 0.4070335362276952 and parameters: {'hidden_dim': 128, 'num_layers': 2, 'dropout': 0.21649165607921678, 'lr': 0.0016738085788752138, 'weight_decay': 1.9010245319870364e-05, 'heads': 4}. Best is trial 3 with value: 0.4070335362276952.
[I 2026-09-29 20:57:20,434] Trial 4 finished with value: 0.29050222456558766 and parameters: {'hidden_dim': 128, 'num_layers': 2, 'dropout': 0.3056937753654446, 'lr': 0.0015304852121831463, 'weight_decay': 1.2385137298860926e-05, 'heads': 2}. Best is trial 3 with value: 0.4070335362276952.
[I 2026-09-29 20:57:28,186] Trial 5 finished with value: 0.26155494438157645 and parameters: {'hidden_dim': 148, 'num_layers': 2, 'dropout': 0.4233589392465845, 'lr': 0.0004066563313514797, 'weight_decay': 1.5679933916722995e-05, 'heads': 2}. Best is trial 3 with value: 0.4070335362276952.
[I 2026-09-29 20:57:40,275] Trial 6 finished with value: 0.19083479968643216 and parameters: {'hidden_dim': 128, 'num_layers': 2, 'dropout': 0.4637281608315128, 'lr': 0.00032927591344236165, 'weight_decay': 0.00021137059440645722, 'heads': 4}. Best is trial 3 with value: 0.4070335362276952.
[I 2026-09-29 20:57:44,857] Trial 7 finished with value: 0.3576490534163083 and parameters: {'hidden_dim': 148, 'num_layers': 2, 'dropout': 0.4100531293444458, 'lr': 0.007568292060167618, 'weight_decay': 0.0006161049539380963, 'heads': 4}. Best is trial 3 with value: 0.4070335362276952.
                                                 Train matrix:  50%|█████     | 6/12 [10:14<08:50]                                                 Train matrix:  50%|█████     | 6/12 [10:44<08:50]                                                 Train matrix:  50%|█████     | 6/12 [10:45<08:50]                                                 Train matrix:  50%|█████     | 6/12 [10:45<08:50]                                                 Train matrix:  50%|█████     | 6/12 [10:45<08:50]Train matrix:  83%|████████▎ | 10/12 [10:45<01:33]Train matrix:  83%|████████▎ | 10/12 [10:45<01:33]                                                  Train matrix:  83%|████████▎ | 10/12 [10:45<01:33]                                                  Train matrix:  83%|████████▎ | 10/12 [10:45<01:33][I 2026-09-29 20:58:15,383] A new study created in memory with name: GAT_class_weighting_pr_auc
[I 2026-09-29 20:58:25,361] Trial 0 finished with value: 0.3349050429475541 and parameters: {'hidden_dim': 148, 'num_layers': 2, 'dropout': 0.2522, 'lr': 0.0006999, 'weight_decay': 0.0005, 'heads': 4}. Best is trial 0 with value: 0.3349050429475541.
[I 2026-09-29 20:58:37,460] Trial 1 finished with value: 0.30542511610912737 and parameters: {'hidden_dim': 128, 'num_layers': 2, 'dropout': 0.3394633936788146, 'lr': 0.0002051338263087451, 'weight_decay': 2.0511104188433963e-05, 'heads': 4}. Best is trial 0 with value: 0.3349050429475541.
[I 2026-09-29 20:58:41,764] Trial 2 finished with value: 0.12441725210330487 and parameters: {'hidden_dim': 128, 'num_layers': 2, 'dropout': 0.4879639408647978, 'lr': 0.004622589001020831, 'weight_decay': 2.6587543983272695e-05, 'heads': 4}. Best is trial 0 with value: 0.3349050429475541.
[I 2026-09-29 20:58:48,665] Trial 3 finished with value: 0.350473667058449 and parameters: {'hidden_dim': 128, 'num_layers': 2, 'dropout': 0.21649165607921678, 'lr': 0.0016738085788752138, 'weight_decay': 1.9010245319870364e-05, 'heads': 4}. Best is trial 3 with value: 0.350473667058449.
[I 2026-09-29 20:58:55,931] Trial 4 finished with value: 0.2997119236021378 and parameters: {'hidden_dim': 128, 'num_layers': 2, 'dropout': 0.3056937753654446, 'lr': 0.0015304852121831463, 'weight_decay': 1.2385137298860926e-05, 'heads': 2}. Best is trial 3 with value: 0.350473667058449.
[I 2026-09-29 20:59:02,453] Trial 5 finished with value: 0.34148013881264017 and parameters: {'hidden_dim': 148, 'num_layers': 2, 'dropout': 0.4233589392465845, 'lr': 0.0004066563313514797, 'weight_decay': 1.5679933916722995e-05, 'heads': 2}. Best is trial 3 with value: 0.350473667058449.
[I 2026-09-29 20:59:14,558] Trial 6 finished with value: 0.31746935619962235 and parameters: {'hidden_dim': 128, 'num_layers': 2, 'dropout': 0.4637281608315128, 'lr': 0.00032927591344236165, 'weight_decay': 0.00021137059440645722, 'heads': 4}. Best is trial 3 with value: 0.350473667058449.
[I 2026-09-29 20:59:18,863] Trial 7 finished with value: 0.3364136065754113 and parameters: {'hidden_dim': 148, 'num_layers': 2, 'dropout': 0.4100531293444458, 'lr': 0.007568292060167618, 'weight_decay': 0.0006161049539380963, 'heads': 4}. Best is trial 3 with value: 0.350473667058449.
                                                  Train matrix:  83%|████████▎ | 10/12 [11:48<01:33]                                                  Train matrix:  83%|████████▎ | 10/12 [12:30<01:33]                                                  Train matrix:  83%|████████▎ | 10/12 [12:30<01:33]                                                  Train matrix:  83%|████████▎ | 10/12 [12:30<01:33]                                                  Train matrix:  83%|████████▎ | 10/12 [12:30<01:33]Train matrix:  92%|█████████▏| 11/12 [12:30<00:57]Train matrix:  92%|█████████▏| 11/12 [12:30<00:57]                                                  Train matrix:  92%|█████████▏| 11/12 [12:30<00:57]                                                  Train matrix:  92%|█████████▏| 11/12 [12:30<00:57][I 2026-09-29 21:00:00,920] A new study created in memory with name: GAT_focal_loss_pr_auc
[I 2026-09-29 21:00:11,430] Trial 0 finished with value: 0.2887464199388434 and parameters: {'hidden_dim': 148, 'num_layers': 2, 'dropout': 0.2522, 'lr': 0.0006999, 'weight_decay': 0.0005, 'heads': 4}. Best is trial 0 with value: 0.2887464199388434.
[I 2026-09-29 21:00:23,911] Trial 1 finished with value: 0.2661316136766382 and parameters: {'hidden_dim': 128, 'num_layers': 2, 'dropout': 0.3394633936788146, 'lr': 0.0002051338263087451, 'weight_decay': 2.0511104188433963e-05, 'heads': 4}. Best is trial 0 with value: 0.2887464199388434.
[I 2026-09-29 21:00:29,180] Trial 2 finished with value: 0.13537940132555615 and parameters: {'hidden_dim': 128, 'num_layers': 2, 'dropout': 0.4879639408647978, 'lr': 0.004622589001020831, 'weight_decay': 2.6587543983272695e-05, 'heads': 4}. Best is trial 0 with value: 0.2887464199388434.
[I 2026-09-29 21:00:33,772] Trial 3 finished with value: 0.29623364961930815 and parameters: {'hidden_dim': 128, 'num_layers': 2, 'dropout': 0.21649165607921678, 'lr': 0.0016738085788752138, 'weight_decay': 1.9010245319870364e-05, 'heads': 4}. Best is trial 3 with value: 0.29623364961930815.
[I 2026-09-29 21:00:37,682] Trial 4 finished with value: 0.19069665183782628 and parameters: {'hidden_dim': 128, 'num_layers': 2, 'dropout': 0.3056937753654446, 'lr': 0.0015304852121831463, 'weight_decay': 1.2385137298860926e-05, 'heads': 2}. Best is trial 3 with value: 0.29623364961930815.
[I 2026-09-29 21:00:46,141] Trial 5 finished with value: 0.30373032604463235 and parameters: {'hidden_dim': 148, 'num_layers': 2, 'dropout': 0.4233589392465845, 'lr': 0.0004066563313514797, 'weight_decay': 1.5679933916722995e-05, 'heads': 2}. Best is trial 5 with value: 0.30373032604463235.
[I 2026-09-29 21:00:58,053] Trial 6 finished with value: 0.28825994770542 and parameters: {'hidden_dim': 128, 'num_layers': 2, 'dropout': 0.4637281608315128, 'lr': 0.00032927591344236165, 'weight_decay': 0.00021137059440645722, 'heads': 4}. Best is trial 5 with value: 0.30373032604463235.
