[I 2026-09-29 21:01:04,992] Trial 7 finished with value: 0.3265901162190564 and parameters: {'hidden_dim': 148, 'num_layers': 2, 'dropout': 0.4100531293444458, 'lr': 0.007568292060167618, 'weight_decay': 0.0006161049539380963, 'heads': 4}. Best is trial 7 with value: 0.3265901162190564.
                                                  Train matrix:  92%|█████████▏| 11/12 [13:34<00:57]                                                  Train matrix:  92%|█████████▏| 11/12 [13:55<00:57]                                                  Train matrix:  92%|█████████▏| 11/12 [13:55<00:57]                                                  Train matrix:  92%|█████████▏| 11/12 [13:55<00:57]                                                  Train matrix:  92%|█████████▏| 11/12 [13:55<00:57]Train matrix: 100%|██████████| 12/12 [13:55<00:00]Train matrix: 100%|██████████| 12/12 [13:55<00:00]

  Warm-start trial enqueued for GAT: {'hidden_dim': 148, 'num_layers': 2, 'dropout': 0.2522, 'lr': 0.0006999, 'weight_decay': 0.0005, 'heads': 4}

  Best trial (val pr_auc=0.4070):
    hidden_dim: 128
    num_layers: 2
    dropout: 0.21649165607921678
    lr: 0.0016738085788752138
    weight_decay: 1.9010245319870364e-05
    heads: 4
  Best Optuna val pr_auc=0.4070: {'hidden_dim': 128, 'num_layers': 2, 'dropout': 0.21649165607921678, 'lr': 0.0016738085788752138, 'weight_decay': 1.9010245319870364e-05, 'heads': 4}
  Epoch  10 | Train Loss: 0.6140 | Val Loss: 0.9504 | Val F1: 0.0817 | Val MCC: 0.1076 | Val PR-AUC: 0.1080
  Epoch  20 | Train Loss: 0.3427 | Val Loss: 0.1255 | Val F1: 0.0115 | Val MCC: 0.0087 | Val PR-AUC: 0.0484
  Epoch  30 | Train Loss: 0.2645 | Val Loss: 0.1905 | Val F1: 0.3206 | Val MCC: 0.3320 | Val PR-AUC: 0.3048
  Epoch  40 | Train Loss: 0.2353 | Val Loss: 0.1298 | Val F1: 0.3672 | Val MCC: 0.3522 | Val PR-AUC: 0.3488
  Epoch  50 | Train Loss: 0.2201 | Val Loss: 0.1166 | Val F1: 0.3803 | Val MCC: 0.3683 | Val PR-AUC: 0.3248
  Epoch  60 | Train Loss: 0.2094 | Val Loss: 0.1244 | Val F1: 0.4154 | Val MCC: 0.4012 | Val PR-AUC: 0.3903
  Epoch  70 | Train Loss: 0.2038 | Val Loss: 0.1316 | Val F1: 0.4255 | Val MCC: 0.4147 | Val PR-AUC: 0.4065
  Epoch  80 | Train Loss: 0.1971 | Val Loss: 0.1168 | Val F1: 0.4315 | Val MCC: 0.4172 | Val PR-AUC: 0.4009
  Epoch  90 | Train Loss: 0.1926 | Val Loss: 0.1142 | Val F1: 0.4490 | Val MCC: 0.4352 | Val PR-AUC: 0.4127
  Epoch 100 | Train Loss: 0.1876 | Val Loss: 0.1134 | Val F1: 0.4469 | Val MCC: 0.4335 | Val PR-AUC: 0.4143
  Early stopping at epoch 106 (best: 86)
  Val (argmax): F1=0.4563 MCC=0.4434 PR-AUC=0.4220 | Test PR-AUC=0.0074
  Calibrated on val (t=0.54): val F1=0.4591 | test F1=0.0000 MCC=-0.0070
  Cross-label test PR-AUC: vs licit=0.0442 vs unknown=0.0088 vs all=0.0074 | unknown flagged=0.918%
  Quality gate (val F1>=0.3, val MCC>=0.15): PASSED
  Saved metadata: results_models_v4/1-10_os_GAT_none_meta.json (100s)

======================================================================
CONFIG: 1:10_os_GAT_class_weighting
======================================================================
  [v4 scenario 1:10_os | licit_unknown] illicit=6,924 (+3,462 SMOTE) negatives=69,240 {'licit': 13781, 'unknown': 55459} ratio=1:10.0 (subsample_seed=2026, idx sha1=07027587ad)
  Optuna: 8 trials x <= 50 epochs, metric=pr_auc, warm_start=True
  Warm-start trial enqueued for GAT: {'hidden_dim': 148, 'num_layers': 2, 'dropout': 0.2522, 'lr': 0.0006999, 'weight_decay': 0.0005, 'heads': 4}
  Class weights: [0.550000011920929, 5.5]
  Class weights: [0.550000011920929, 5.5]
  Class weights: [0.550000011920929, 5.5]
  Class weights: [0.550000011920929, 5.5]
  Class weights: [0.550000011920929, 5.5]
  Class weights: [0.550000011920929, 5.5]
  Class weights: [0.550000011920929, 5.5]
  Class weights: [0.550000011920929, 5.5]

  Best trial (val pr_auc=0.3505):
    hidden_dim: 128
    num_layers: 2
    dropout: 0.21649165607921678
    lr: 0.0016738085788752138
    weight_decay: 1.9010245319870364e-05
    heads: 4
  Best Optuna val pr_auc=0.3505: {'hidden_dim': 128, 'num_layers': 2, 'dropout': 0.21649165607921678, 'lr': 0.0016738085788752138, 'weight_decay': 1.9010245319870364e-05, 'heads': 4}
  Class weights: [0.550000011920929, 5.5]
  Epoch  10 | Train Loss: 0.5572 | Val Loss: 1.6797 | Val F1: 0.0610 | Val MCC: 0.0824 | Val PR-AUC: 0.1433
  Epoch  20 | Train Loss: 0.4310 | Val Loss: 0.5696 | Val F1: 0.1074 | Val MCC: 0.1651 | Val PR-AUC: 0.2418
  Epoch  30 | Train Loss: 0.3874 | Val Loss: 0.4559 | Val F1: 0.1355 | Val MCC: 0.1988 | Val PR-AUC: 0.3230
  Epoch  40 | Train Loss: 0.3547 | Val Loss: 0.4335 | Val F1: 0.1502 | Val MCC: 0.2158 | Val PR-AUC: 0.3249
  Epoch  50 | Train Loss: 0.3379 | Val Loss: 0.4624 | Val F1: 0.1396 | Val MCC: 0.2131 | Val PR-AUC: 0.3657
  Epoch  60 | Train Loss: 0.3210 | Val Loss: 0.4197 | Val F1: 0.1601 | Val MCC: 0.2360 | Val PR-AUC: 0.3837
  Epoch  70 | Train Loss: 0.3166 | Val Loss: 0.3939 | Val F1: 0.1752 | Val MCC: 0.2500 | Val PR-AUC: 0.3824
  Epoch  80 | Train Loss: 0.3036 | Val Loss: 0.3744 | Val F1: 0.1910 | Val MCC: 0.2662 | Val PR-AUC: 0.3792
  Epoch  90 | Train Loss: 0.2980 | Val Loss: 0.3581 | Val F1: 0.2055 | Val MCC: 0.2793 | Val PR-AUC: 0.3832
  Epoch 100 | Train Loss: 0.2891 | Val Loss: 0.3538 | Val F1: 0.2106 | Val MCC: 0.2846 | Val PR-AUC: 0.3782
  Epoch 110 | Train Loss: 0.2781 | Val Loss: 0.3498 | Val F1: 0.2172 | Val MCC: 0.2918 | Val PR-AUC: 0.3780
  Epoch 120 | Train Loss: 0.2719 | Val Loss: 0.3359 | Val F1: 0.2335 | Val MCC: 0.3059 | Val PR-AUC: 0.3834
  Epoch 130 | Train Loss: 0.2674 | Val Loss: 0.3364 | Val F1: 0.2409 | Val MCC: 0.3113 | Val PR-AUC: 0.3671
  Epoch 140 | Train Loss: 0.2610 | Val Loss: 0.3270 | Val F1: 0.2546 | Val MCC: 0.3221 | Val PR-AUC: 0.3722
  Epoch 150 | Train Loss: 0.2564 | Val Loss: 0.3280 | Val F1: 0.2553 | Val MCC: 0.3239 | Val PR-AUC: 0.3599
  Val (argmax): F1=0.2561 MCC=0.3238 PR-AUC=0.3736 | Test PR-AUC=0.0100
  Calibrated on val (t=0.89): val F1=0.4653 | test F1=0.0000 MCC=-0.0067
  Cross-label test PR-AUC: vs licit=0.0533 vs unknown=0.0121 vs all=0.0100 | unknown flagged=0.774%
  Quality gate (val F1>=0.3, val MCC>=0.15): FAILED
  Saved metadata: results_models_v4/1-10_os_GAT_class_weighting_meta.json (105s)

======================================================================
CONFIG: 1:10_os_GAT_focal_loss
======================================================================
  [v4 scenario 1:10_os | licit_unknown] illicit=6,924 (+3,462 SMOTE) negatives=69,240 {'licit': 13781, 'unknown': 55459} ratio=1:10.0 (subsample_seed=2026, idx sha1=07027587ad)
  Optuna: 8 trials x <= 50 epochs, metric=pr_auc, warm_start=True
  Warm-start trial enqueued for GAT: {'hidden_dim': 148, 'num_layers': 2, 'dropout': 0.2522, 'lr': 0.0006999, 'weight_decay': 0.0005, 'heads': 4}
  Focal Loss: gamma=2.0, alpha=0.75
  Focal Loss: gamma=2.0, alpha=0.75
  Focal Loss: gamma=2.0, alpha=0.75
  Focal Loss: gamma=2.0, alpha=0.75
  Focal Loss: gamma=2.0, alpha=0.75
  Focal Loss: gamma=2.0, alpha=0.75
  Focal Loss: gamma=2.0, alpha=0.75
  Focal Loss: gamma=2.0, alpha=0.75

  Best trial (val pr_auc=0.3266):
    hidden_dim: 148
    num_layers: 2
    dropout: 0.4100531293444458
    lr: 0.007568292060167618
    weight_decay: 0.0006161049539380963
    heads: 4
  Best Optuna val pr_auc=0.3266: {'hidden_dim': 148, 'num_layers': 2, 'dropout': 0.4100531293444458, 'lr': 0.007568292060167618, 'weight_decay': 0.0006161049539380963, 'heads': 4}
  Focal Loss: gamma=2.0, alpha=0.75
  Epoch  10 | Train Loss: 0.0939 | Val Loss: 0.1706 | Val F1: 0.0839 | Val MCC: 0.1355 | Val PR-AUC: 0.1853
  Epoch  20 | Train Loss: 0.0421 | Val Loss: 0.0286 | Val F1: 0.1634 | Val MCC: 0.2372 | Val PR-AUC: 0.3698
  Epoch  30 | Train Loss: 0.0309 | Val Loss: 0.0260 | Val F1: 0.1729 | Val MCC: 0.2464 | Val PR-AUC: 0.3940
  Epoch  40 | Train Loss: 0.0279 | Val Loss: 0.0174 | Val F1: 0.3629 | Val MCC: 0.3887 | Val PR-AUC: 0.3812
  Epoch  50 | Train Loss: 0.0265 | Val Loss: 0.0180 | Val F1: 0.3435 | Val MCC: 0.3750 | Val PR-AUC: 0.3782
  Epoch  60 | Train Loss: 0.0263 | Val Loss: 0.0178 | Val F1: 0.3639 | Val MCC: 0.3913 | Val PR-AUC: 0.3822
  Early stopping at epoch 66 (best: 46)
  Val (argmax): F1=0.4051 MCC=0.4163 PR-AUC=0.4097 | Test PR-AUC=0.0080
  Calibrated on val (t=0.54): val F1=0.4685 | test F1=0.0000 MCC=-0.0078
  Cross-label test PR-AUC: vs licit=0.0427 vs unknown=0.0098 vs all=0.0080 | unknown flagged=1.122%
  Quality gate (val F1>=0.3, val MCC>=0.15): PASSED
  Saved metadata: results_models_v4/1-10_os_GAT_focal_loss_meta.json (85s)

======================================================================
TRAIN MATRIX SUMMARY
======================================================================
  Passed (val F1>=0.3, MCC>=0.15): 5
    + native_GAT_none
    + native_GAT_focal_loss
    + 1:10_GAT_none
    + 1:10_os_GAT_none
    + 1:10_os_GAT_focal_loss
  Failed quality gate:                        4
    - native_GAT_class_weighting
    - 1:10_GAT_class_weighting
    - 1:10_GAT_focal_loss
    - 1:10_os_GAT_class_weighting
  Errors (OOM / timeout / exception):         0
  Skipped (resume):                           3

  Total time: 0.23 h
  Checkpoints + metadata in: results_models_v4
  Progress log: runs_v4/progress.jsonl
