[I 2026-09-29 00:03:19,199] Trial 7 finished with value: 0.3309530694424633 and parameters: {'hidden_dim': 148, 'num_layers': 3, 'dropout': 0.4757995766256756, 'lr': 0.006161049539380964, 'weight_decay': 0.0001569639638866114, 'K': 4}. Best is trial 6 with value: 0.38758626873373103.
                                                 Train matrix:  50%|█████     | 6/12 [05:22<05:01]                                                 Train matrix:  50%|█████     | 6/12 [05:58<05:01]                                                 Train matrix:  50%|█████     | 6/12 [05:58<05:01]                                                 Train matrix:  50%|█████     | 6/12 [05:58<05:01]                                                 Train matrix:  50%|█████     | 6/12 [05:58<05:01]Train matrix:  58%|█████▊    | 7/12 [05:58<05:22]Train matrix:  58%|█████▊    | 7/12 [05:58<05:22]                                                 Train matrix:  58%|█████▊    | 7/12 [05:58<05:22]                                                 Train matrix:  58%|█████▊    | 7/12 [05:58<05:22][I 2026-09-29 00:03:54,948] A new study created in memory with name: TAGCN_class_weighting_pr_auc
[I 2026-09-29 00:04:02,736] Trial 0 finished with value: 0.2859196907560347 and parameters: {'hidden_dim': 148, 'num_layers': 2, 'dropout': 0.3, 'lr': 0.0008475, 'weight_decay': 0.0005, 'K': 3}. Best is trial 0 with value: 0.2859196907560347.
[I 2026-09-29 00:04:15,325] Trial 1 finished with value: 0.12348477504286835 and parameters: {'hidden_dim': 128, 'num_layers': 3, 'dropout': 0.1624074561769746, 'lr': 0.00020511104188433984, 'weight_decay': 1.3066739238053272e-05, 'K': 4}. Best is trial 0 with value: 0.2859196907560347.
[I 2026-09-29 00:04:23,326] Trial 2 finished with value: 0.18040462804518484 and parameters: {'hidden_dim': 128, 'num_layers': 3, 'dropout': 0.4329770563201687, 'lr': 0.00026587543983272726, 'weight_decay': 2.3102018878452926e-05, 'K': 2}. Best is trial 0 with value: 0.2859196907560347.
[I 2026-09-29 00:04:30,445] Trial 3 finished with value: 0.1727742828241337 and parameters: {'hidden_dim': 128, 'num_layers': 2, 'dropout': 0.34474115788895177, 'lr': 0.00019010245319870352, 'weight_decay': 3.8396292998041685e-05, 'K': 3}. Best is trial 0 with value: 0.2859196907560347.
[I 2026-09-29 00:04:38,437] Trial 4 finished with value: 0.08941567104531718 and parameters: {'hidden_dim': 128, 'num_layers': 3, 'dropout': 0.33696582754481696, 'lr': 0.0001238513729886094, 'weight_decay': 0.000164092867306479, 'K': 2}. Best is trial 0 with value: 0.2859196907560347.
[I 2026-09-29 00:04:46,696] Trial 5 finished with value: 0.10934578922619868 and parameters: {'hidden_dim': 148, 'num_layers': 3, 'dropout': 0.2218455076693483, 'lr': 0.0001567993391672301, 'weight_decay': 0.000233596350262616, 'K': 3}. Best is trial 0 with value: 0.2859196907560347.
[I 2026-09-29 00:04:53,100] Trial 6 finished with value: 0.387548653522161 and parameters: {'hidden_dim': 128, 'num_layers': 3, 'dropout': 0.20351199264000677, 'lr': 0.0021137059440645744, 'weight_decay': 4.201672054372529e-05, 'K': 3}. Best is trial 6 with value: 0.387548653522161.
[I 2026-09-29 00:04:59,808] Trial 7 finished with value: 0.32995391116053685 and parameters: {'hidden_dim': 148, 'num_layers': 3, 'dropout': 0.4757995766256756, 'lr': 0.006161049539380964, 'weight_decay': 0.0001569639638866114, 'K': 4}. Best is trial 6 with value: 0.387548653522161.
                                                 Train matrix:  58%|█████▊    | 7/12 [07:03<05:22]                                                 Train matrix:  58%|█████▊    | 7/12 [07:34<05:22]                                                 Train matrix:  58%|█████▊    | 7/12 [07:35<05:22]                                                 Train matrix:  58%|█████▊    | 7/12 [07:35<05:22]                                                 Train matrix:  58%|█████▊    | 7/12 [07:35<05:22]Train matrix:  67%|██████▋   | 8/12 [07:35<04:54]Train matrix:  67%|██████▋   | 8/12 [07:35<04:54]                                                 Train matrix:  67%|██████▋   | 8/12 [07:35<04:54]                                                 Train matrix:  67%|██████▋   | 8/12 [07:35<04:54][I 2026-09-29 00:05:31,734] A new study created in memory with name: TAGCN_focal_loss_pr_auc
[I 2026-09-29 00:05:39,525] Trial 0 finished with value: 0.2106942630206448 and parameters: {'hidden_dim': 148, 'num_layers': 2, 'dropout': 0.3, 'lr': 0.0008475, 'weight_decay': 0.0005, 'K': 3}. Best is trial 0 with value: 0.2106942630206448.
[I 2026-09-29 00:05:52,111] Trial 1 finished with value: 0.08827931384078333 and parameters: {'hidden_dim': 128, 'num_layers': 3, 'dropout': 0.1624074561769746, 'lr': 0.00020511104188433984, 'weight_decay': 1.3066739238053272e-05, 'K': 4}. Best is trial 0 with value: 0.2106942630206448.
[I 2026-09-29 00:05:56,773] Trial 2 finished with value: 0.08025038716045728 and parameters: {'hidden_dim': 128, 'num_layers': 3, 'dropout': 0.4329770563201687, 'lr': 0.00026587543983272726, 'weight_decay': 2.3102018878452926e-05, 'K': 2}. Best is trial 0 with value: 0.2106942630206448.
[I 2026-09-29 00:06:03,889] Trial 3 finished with value: 0.1338115101455019 and parameters: {'hidden_dim': 128, 'num_layers': 2, 'dropout': 0.34474115788895177, 'lr': 0.00019010245319870352, 'weight_decay': 3.8396292998041685e-05, 'K': 3}. Best is trial 0 with value: 0.2106942630206448.
[I 2026-09-29 00:06:11,878] Trial 4 finished with value: 0.07817697472541266 and parameters: {'hidden_dim': 128, 'num_layers': 3, 'dropout': 0.33696582754481696, 'lr': 0.0001238513729886094, 'weight_decay': 0.000164092867306479, 'K': 2}. Best is trial 0 with value: 0.2106942630206448.
[I 2026-09-29 00:06:23,651] Trial 5 finished with value: 0.10990334226622292 and parameters: {'hidden_dim': 148, 'num_layers': 3, 'dropout': 0.2218455076693483, 'lr': 0.0001567993391672301, 'weight_decay': 0.000233596350262616, 'K': 3}. Best is trial 0 with value: 0.2106942630206448.
[I 2026-09-29 00:06:31,483] Trial 6 finished with value: 0.33930743596197765 and parameters: {'hidden_dim': 128, 'num_layers': 3, 'dropout': 0.20351199264000677, 'lr': 0.0021137059440645744, 'weight_decay': 4.201672054372529e-05, 'K': 3}. Best is trial 6 with value: 0.33930743596197765.
[I 2026-09-29 00:06:39,627] Trial 7 finished with value: 0.39380032326189607 and parameters: {'hidden_dim': 148, 'num_layers': 3, 'dropout': 0.4757995766256756, 'lr': 0.006161049539380964, 'weight_decay': 0.0001569639638866114, 'K': 4}. Best is trial 7 with value: 0.39380032326189607.
                                                 Train matrix:  67%|██████▋   | 8/12 [08:43<04:54]                                                 Train matrix:  67%|██████▋   | 8/12 [08:52<04:54]                                                 Train matrix:  67%|██████▋   | 8/12 [08:52<04:54]                                                 Train matrix:  67%|██████▋   | 8/12 [08:52<04:54]                                                 Train matrix:  67%|██████▋   | 8/12 [08:52<04:54]Train matrix:  75%|███████▌  | 9/12 [08:52<03:44]Train matrix:  75%|███████▌  | 9/12 [08:52<03:44]                                                 Train matrix:  75%|███████▌  | 9/12 [08:52<03:44]                                                 Train matrix:  75%|███████▌  | 9/12 [08:52<03:44][I 2026-09-29 00:06:49,230] A new study created in memory with name: TAGCN_none_pr_auc

  Optuna: 8 trials x <= 50 epochs, metric=pr_auc, warm_start=True
  Warm-start hidden_dim snapped 211→148 (config limited to [64, 128, 148])
  Warm-start trial enqueued for TAGCN: {'hidden_dim': 148, 'num_layers': 2, 'dropout': 0.3, 'lr': 0.0008475, 'weight_decay': 0.0005, 'K': 3}

  Best trial (val pr_auc=0.3876):
    hidden_dim: 128
    num_layers: 3
    dropout: 0.20351199264000677
    lr: 0.0021137059440645744
    weight_decay: 4.201672054372529e-05
    K: 3
  Best Optuna val pr_auc=0.3876: {'hidden_dim': 128, 'num_layers': 3, 'dropout': 0.20351199264000677, 'lr': 0.0021137059440645744, 'weight_decay': 4.201672054372529e-05, 'K': 3}
  Epoch  10 | Train Loss: 0.4006 | Val Loss: 0.5339 | Val F1: 0.1252 | Val MCC: 0.1866 | Val PR-AUC: 0.2592
  Epoch  20 | Train Loss: 0.3061 | Val Loss: 0.5570 | Val F1: 0.1382 | Val MCC: 0.2069 | Val PR-AUC: 0.3309
  Epoch  30 | Train Loss: 0.2525 | Val Loss: 0.5102 | Val F1: 0.1517 | Val MCC: 0.2206 | Val PR-AUC: 0.2592
  Epoch  40 | Train Loss: 0.2122 | Val Loss: 0.4938 | Val F1: 0.1624 | Val MCC: 0.2345 | Val PR-AUC: 0.2955
  Epoch  50 | Train Loss: 0.1737 | Val Loss: 0.4807 | Val F1: 0.1707 | Val MCC: 0.2453 | Val PR-AUC: 0.2934
  Epoch  60 | Train Loss: 0.1456 | Val Loss: 0.5054 | Val F1: 0.1742 | Val MCC: 0.2517 | Val PR-AUC: 0.2894
  Epoch  70 | Train Loss: 0.1216 | Val Loss: 0.4807 | Val F1: 0.1880 | Val MCC: 0.2635 | Val PR-AUC: 0.2785
  Epoch  80 | Train Loss: 0.1045 | Val Loss: 0.4974 | Val F1: 0.1946 | Val MCC: 0.2687 | Val PR-AUC: 0.2638
  Epoch  90 | Train Loss: 0.0895 | Val Loss: 0.4747 | Val F1: 0.2063 | Val MCC: 0.2790 | Val PR-AUC: 0.2532
  Epoch 100 | Train Loss: 0.0763 | Val Loss: 0.5415 | Val F1: 0.2004 | Val MCC: 0.2742 | Val PR-AUC: 0.2430
  Epoch 110 | Train Loss: 0.0685 | Val Loss: 0.4974 | Val F1: 0.2182 | Val MCC: 0.2896 | Val PR-AUC: 0.2428
  Epoch 120 | Train Loss: 0.0598 | Val Loss: 0.5815 | Val F1: 0.2089 | Val MCC: 0.2832 | Val PR-AUC: 0.2364
  Epoch 130 | Train Loss: 0.0506 | Val Loss: 0.5651 | Val F1: 0.2226 | Val MCC: 0.2953 | Val PR-AUC: 0.2356
  Epoch 140 | Train Loss: 0.0445 | Val Loss: 0.5807 | Val F1: 0.2260 | Val MCC: 0.2967 | Val PR-AUC: 0.2349
  Epoch 150 | Train Loss: 0.0418 | Val Loss: 0.6316 | Val F1: 0.2232 | Val MCC: 0.2958 | Val PR-AUC: 0.2355
  Val (argmax): F1=0.2260 MCC=0.2967 PR-AUC=0.2349 | Test PR-AUC=0.0095
  Calibrated on val (t=0.99): val F1=0.3451 | test F1=0.0112 MCC=0.0026
  Cross-label test PR-AUC: vs licit=0.0423 vs unknown=0.0121 vs all=0.0095 | unknown flagged=2.122%
  Quality gate (val F1>=0.3, val MCC>=0.15): FAILED
  Saved metadata: results_models_v4/1-1_TAGCN_none_meta.json (100s)

======================================================================
CONFIG: 1:1_TAGCN_class_weighting
======================================================================
  [v4 scenario 1:1 | licit_unknown] illicit=3,462 negatives=3,462 {'licit': 689, 'unknown': 2773} ratio=1:1.0 (subsample_seed=2026, idx sha1=9138b6a816)
  Optuna: 8 trials x <= 50 epochs, metric=pr_auc, warm_start=True
  Warm-start hidden_dim snapped 211→148 (config limited to [64, 128, 148])
  Warm-start trial enqueued for TAGCN: {'hidden_dim': 148, 'num_layers': 2, 'dropout': 0.3, 'lr': 0.0008475, 'weight_decay': 0.0005, 'K': 3}
  Class weights: [1.0, 1.0]
  Class weights: [1.0, 1.0]
  Class weights: [1.0, 1.0]
  Class weights: [1.0, 1.0]
  Class weights: [1.0, 1.0]
  Class weights: [1.0, 1.0]
  Class weights: [1.0, 1.0]
  Class weights: [1.0, 1.0]

  Best trial (val pr_auc=0.3875):
    hidden_dim: 128
    num_layers: 3
    dropout: 0.20351199264000677
    lr: 0.0021137059440645744
    weight_decay: 4.201672054372529e-05
    K: 3
  Best Optuna val pr_auc=0.3875: {'hidden_dim': 128, 'num_layers': 3, 'dropout': 0.20351199264000677, 'lr': 0.0021137059440645744, 'weight_decay': 4.201672054372529e-05, 'K': 3}
  Class weights: [1.0, 1.0]
  Epoch  10 | Train Loss: 0.4006 | Val Loss: 0.5339 | Val F1: 0.1252 | Val MCC: 0.1866 | Val PR-AUC: 0.2592
  Epoch  20 | Train Loss: 0.3061 | Val Loss: 0.5570 | Val F1: 0.1382 | Val MCC: 0.2069 | Val PR-AUC: 0.3309
  Epoch  30 | Train Loss: 0.2525 | Val Loss: 0.5103 | Val F1: 0.1516 | Val MCC: 0.2205 | Val PR-AUC: 0.2592
  Epoch  40 | Train Loss: 0.2122 | Val Loss: 0.4935 | Val F1: 0.1626 | Val MCC: 0.2347 | Val PR-AUC: 0.2959
  Epoch  50 | Train Loss: 0.1738 | Val Loss: 0.4811 | Val F1: 0.1703 | Val MCC: 0.2448 | Val PR-AUC: 0.2933
  Epoch  60 | Train Loss: 0.1457 | Val Loss: 0.5060 | Val F1: 0.1745 | Val MCC: 0.2521 | Val PR-AUC: 0.2891
  Epoch  70 | Train Loss: 0.1216 | Val Loss: 0.4845 | Val F1: 0.1869 | Val MCC: 0.2625 | Val PR-AUC: 0.2773
  Epoch  80 | Train Loss: 0.1042 | Val Loss: 0.4986 | Val F1: 0.1943 | Val MCC: 0.2685 | Val PR-AUC: 0.2619
  Epoch  90 | Train Loss: 0.0894 | Val Loss: 0.4762 | Val F1: 0.2057 | Val MCC: 0.2785 | Val PR-AUC: 0.2528
  Epoch 100 | Train Loss: 0.0762 | Val Loss: 0.5483 | Val F1: 0.2001 | Val MCC: 0.2740 | Val PR-AUC: 0.2443
  Epoch 110 | Train Loss: 0.0688 | Val Loss: 0.4840 | Val F1: 0.2200 | Val MCC: 0.2907 | Val PR-AUC: 0.2499
  Epoch 120 | Train Loss: 0.0605 | Val Loss: 0.5734 | Val F1: 0.2113 | Val MCC: 0.2860 | Val PR-AUC: 0.2348
  Epoch 130 | Train Loss: 0.0511 | Val Loss: 0.5881 | Val F1: 0.2173 | Val MCC: 0.2902 | Val PR-AUC: 0.2369
  Early stopping at epoch 130 (best: 110)
  Val (argmax): F1=0.2200 MCC=0.2907 PR-AUC=0.2499 | Test PR-AUC=0.0104
  Calibrated on val (t=0.98): val F1=0.3497 | test F1=0.0119 MCC=0.0036
  Cross-label test PR-AUC: vs licit=0.0461 vs unknown=0.0134 vs all=0.0104 | unknown flagged=1.818%
  Quality gate (val F1>=0.3, val MCC>=0.15): FAILED
  Saved metadata: results_models_v4/1-1_TAGCN_class_weighting_meta.json (97s)

======================================================================
CONFIG: 1:1_TAGCN_focal_loss
======================================================================
  [v4 scenario 1:1 | licit_unknown] illicit=3,462 negatives=3,462 {'licit': 689, 'unknown': 2773} ratio=1:1.0 (subsample_seed=2026, idx sha1=9138b6a816)
  Optuna: 8 trials x <= 50 epochs, metric=pr_auc, warm_start=True
  Warm-start hidden_dim snapped 211→148 (config limited to [64, 128, 148])
  Warm-start trial enqueued for TAGCN: {'hidden_dim': 148, 'num_layers': 2, 'dropout': 0.3, 'lr': 0.0008475, 'weight_decay': 0.0005, 'K': 3}
  Focal Loss: gamma=2.0, alpha=0.75
  Focal Loss: gamma=2.0, alpha=0.75
  Focal Loss: gamma=2.0, alpha=0.75
  Focal Loss: gamma=2.0, alpha=0.75
  Focal Loss: gamma=2.0, alpha=0.75
  Focal Loss: gamma=2.0, alpha=0.75
  Focal Loss: gamma=2.0, alpha=0.75
  Focal Loss: gamma=2.0, alpha=0.75

  Best trial (val pr_auc=0.3938):
    hidden_dim: 148
    num_layers: 3
    dropout: 0.4757995766256756
    lr: 0.006161049539380964
    weight_decay: 0.0001569639638866114
    K: 4
  Best Optuna val pr_auc=0.3938: {'hidden_dim': 148, 'num_layers': 3, 'dropout': 0.4757995766256756, 'lr': 0.006161049539380964, 'weight_decay': 0.0001569639638866114, 'K': 4}
  Focal Loss: gamma=2.0, alpha=0.75
  Epoch  10 | Train Loss: 0.0612 | Val Loss: 0.0577 | Val F1: 0.0781 | Val MCC: 0.1216 | Val PR-AUC: 0.2357
  Epoch  20 | Train Loss: 0.0382 | Val Loss: 0.0576 | Val F1: 0.0797 | Val MCC: 0.1257 | Val PR-AUC: 0.3788
  Early stopping at epoch 27 (best: 7)
  Val (argmax): F1=0.0878 MCC=0.1348 PR-AUC=0.1576 | Test PR-AUC=0.0068
  Calibrated on val (t=0.64): val F1=0.2858 | test F1=0.0000 MCC=-0.0143
  Cross-label test PR-AUC: vs licit=0.0396 vs unknown=0.0082 vs all=0.0068 | unknown flagged=3.744%
  Quality gate (val F1>=0.3, val MCC>=0.15): FAILED
  Saved metadata: results_models_v4/1-1_TAGCN_focal_loss_meta.json (77s)

======================================================================
CONFIG: 1:10_os_TAGCN_none
======================================================================
  [v4 scenario 1:10_os | licit_unknown] illicit=6,924 (+3,462 SMOTE) negatives=69,240 {'licit': 13781, 'unknown': 55459} ratio=1:10.0 (subsample_seed=2026, idx sha1=07027587ad)
  Optuna: 8 trials x <= 50 epochs, metric=pr_auc, warm_start=True
  Warm-start hidden_dim snapped 211→148 (config limited to [64, 128, 148])
  Warm-start trial enqueued for TAGCN: {'hidden_dim': 148, 'num_layers': 2, 'dropout': 0.3, 'lr': 0.0008475, 'weight_decay': 0.0005, 'K': 3}[I 2026-09-29 00:06:56,990] Trial 0 finished with value: 0.3082132140284145 and parameters: {'hidden_dim': 148, 'num_layers': 2, 'dropout': 0.3, 'lr': 0.0008475, 'weight_decay': 0.0005, 'K': 3}. Best is trial 0 with value: 0.3082132140284145.
[I 2026-09-29 00:07:09,699] Trial 1 finished with value: 0.07157928345562564 and parameters: {'hidden_dim': 128, 'num_layers': 3, 'dropout': 0.1624074561769746, 'lr': 0.00020511104188433984, 'weight_decay': 1.3066739238053272e-05, 'K': 4}. Best is trial 0 with value: 0.3082132140284145.
[I 2026-09-29 00:07:17,681] Trial 2 finished with value: 0.10704642305373241 and parameters: {'hidden_dim': 128, 'num_layers': 3, 'dropout': 0.4329770563201687, 'lr': 0.00026587543983272726, 'weight_decay': 2.3102018878452926e-05, 'K': 2}. Best is trial 0 with value: 0.3082132140284145.
[I 2026-09-29 00:07:24,785] Trial 3 finished with value: 0.10427827182046372 and parameters: {'hidden_dim': 128, 'num_layers': 2, 'dropout': 0.34474115788895177, 'lr': 0.00019010245319870352, 'weight_decay': 3.8396292998041685e-05, 'K': 3}. Best is trial 0 with value: 0.3082132140284145.
[I 2026-09-29 00:07:27,551] Trial 4 finished with value: 0.04691956570698158 and parameters: {'hidden_dim': 128, 'num_layers': 3, 'dropout': 0.33696582754481696, 'lr': 0.0001238513729886094, 'weight_decay': 0.000164092867306479, 'K': 2}. Best is trial 0 with value: 0.3082132140284145.
[I 2026-09-29 00:07:30,935] Trial 5 finished with value: 0.04253709219295185 and parameters: {'hidden_dim': 148, 'num_layers': 3, 'dropout': 0.2218455076693483, 'lr': 0.0001567993391672301, 'weight_decay': 0.000233596350262616, 'K': 3}. Best is trial 0 with value: 0.3082132140284145.
[I 2026-09-29 00:07:41,293] Trial 6 finished with value: 0.3587593615276224 and parameters: {'hidden_dim': 128, 'num_layers': 3, 'dropout': 0.20351199264000677, 'lr': 0.0021137059440645744, 'weight_decay': 4.201672054372529e-05, 'K': 3}. Best is trial 6 with value: 0.3587593615276224.
[I 2026-09-29 00:07:55,886] Trial 7 finished with value: 0.3593098773351982 and parameters: {'hidden_dim': 148, 'num_layers': 3, 'dropout': 0.4757995766256756, 'lr': 0.006161049539380964, 'weight_decay': 0.0001569639638866114, 'K': 4}. Best is trial 7 with value: 0.3593098773351982.
                                                 Train matrix:  75%|███████▌  | 9/12 [09:59<03:44]                                                 Train matrix:  75%|███████▌  | 9/12 [10:31<03:44]                                                 Train matrix:  75%|███████▌  | 9/12 [10:31<03:44]                                                 Train matrix:  75%|███████▌  | 9/12 [10:31<03:44]                                                 Train matrix:  75%|███████▌  | 9/12 [10:31<03:44]Train matrix:  83%|████████▎ | 10/12 [10:31<02:43]Train matrix:  83%|████████▎ | 10/12 [10:31<02:43]                                                  Train matrix:  83%|████████▎ | 10/12 [10:31<02:43]                                                  Train matrix:  83%|████████▎ | 10/12 [10:32<02:43][I 2026-09-29 00:08:28,435] A new study created in memory with name: TAGCN_class_weighting_pr_auc
[I 2026-09-29 00:08:36,208] Trial 0 finished with value: 0.3349709539063605 and parameters: {'hidden_dim': 148, 'num_layers': 2, 'dropout': 0.3, 'lr': 0.0008475, 'weight_decay': 0.0005, 'K': 3}. Best is trial 0 with value: 0.3349709539063605.
[I 2026-09-29 00:08:48,935] Trial 1 finished with value: 0.12382775233465342 and parameters: {'hidden_dim': 128, 'num_layers': 3, 'dropout': 0.1624074561769746, 'lr': 0.00020511104188433984, 'weight_decay': 1.3066739238053272e-05, 'K': 4}. Best is trial 0 with value: 0.3349709539063605.
[I 2026-09-29 00:08:52,502] Trial 2 finished with value: 0.09322588262379643 and parameters: {'hidden_dim': 128, 'num_layers': 3, 'dropout': 0.4329770563201687, 'lr': 0.00026587543983272726, 'weight_decay': 2.3102018878452926e-05, 'K': 2}. Best is trial 0 with value: 0.3349709539063605.
[I 2026-09-29 00:08:59,618] Trial 3 finished with value: 0.17296545199911015 and parameters: {'hidden_dim': 128, 'num_layers': 2, 'dropout': 0.34474115788895177, 'lr': 0.00019010245319870352, 'weight_decay': 3.8396292998041685e-05, 'K': 3}. Best is trial 0 with value: 0.3349709539063605.
[I 2026-09-29 00:09:07,626] Trial 4 finished with value: 0.0848163621860047 and parameters: {'hidden_dim': 128, 'num_layers': 3, 'dropout': 0.33696582754481696, 'lr': 0.0001238513729886094, 'weight_decay': 0.000164092867306479, 'K': 2}. Best is trial 0 with value: 0.3349709539063605.
[I 2026-09-29 00:09:15,953] Trial 5 finished with value: 0.10826246143125877 and parameters: {'hidden_dim': 148, 'num_layers': 3, 'dropout': 0.2218455076693483, 'lr': 0.0001567993391672301, 'weight_decay': 0.000233596350262616, 'K': 3}. Best is trial 0 with value: 0.3349709539063605.
[I 2026-09-29 00:09:22,413] Trial 6 finished with value: 0.37748031604718885 and parameters: {'hidden_dim': 128, 'num_layers': 3, 'dropout': 0.20351199264000677, 'lr': 0.0021137059440645744, 'weight_decay': 4.201672054372529e-05, 'K': 3}. Best is trial 6 with value: 0.37748031604718885.
