[I 2026-09-29 20:51:34,564] Trial 7 finished with value: 0.3459301089511424 and parameters: {'hidden_dim': 148, 'num_layers': 2, 'dropout': 0.4100531293444458, 'lr': 0.007568292060167618, 'weight_decay': 0.0006161049539380963, 'heads': 4}. Best is trial 3 with value: 0.3938505767076378.
                                                 Train matrix:  17%|█▋        | 2/12 [04:04<16:32]                                                 Train matrix:  17%|█▋        | 2/12 [04:29<16:32]                                                 Train matrix:  17%|█▋        | 2/12 [04:29<16:32]                                                 Train matrix:  17%|█▋        | 2/12 [04:29<16:32]                                                 Train matrix:  17%|█▋        | 2/12 [04:29<16:32]Train matrix:  25%|██▌       | 3/12 [04:29<13:24]Train matrix:  25%|██▌       | 3/12 [04:29<13:24]                                                 Train matrix:  25%|██▌       | 3/12 [04:29<13:24]                                                 
======================================================================
CONFIG: native_GAT_none
======================================================================
  [v4 scenario native | licit_unknown] illicit=3,462 negatives=132,803 {'licit': 26432, 'unknown': 106371} ratio=1:38.4 (subsample_seed=2026, idx sha1=a8f788619e)
  Optuna: 8 trials x <= 50 epochs, metric=pr_auc, warm_start=True
  Warm-start trial enqueued for GAT: {'hidden_dim': 148, 'num_layers': 2, 'dropout': 0.2522, 'lr': 0.0006999, 'weight_decay': 0.0005, 'heads': 4}

  Best trial (val pr_auc=0.3182):
    hidden_dim: 148
    num_layers: 2
    dropout: 0.4100531293444458
    lr: 0.007568292060167618
    weight_decay: 0.0006161049539380963
    heads: 4
  Best Optuna val pr_auc=0.3182: {'hidden_dim': 148, 'num_layers': 2, 'dropout': 0.4100531293444458, 'lr': 0.007568292060167618, 'weight_decay': 0.0006161049539380963, 'heads': 4}
  Epoch  10 | Train Loss: 0.4961 | Val Loss: 0.4683 | Val F1: 0.1663 | Val MCC: 0.2203 | Val PR-AUC: 0.2442
  Epoch  20 | Train Loss: 0.3370 | Val Loss: 0.1128 | Val F1: 0.2159 | Val MCC: 0.2131 | Val PR-AUC: 0.1661
  Epoch  30 | Train Loss: 0.2507 | Val Loss: 0.1181 | Val F1: 0.2170 | Val MCC: 0.2388 | Val PR-AUC: 0.2075
  Epoch  40 | Train Loss: 0.1973 | Val Loss: 0.0961 | Val F1: 0.2669 | Val MCC: 0.3004 | Val PR-AUC: 0.3163
  Early stopping at epoch 44 (best: 24)
  Val (argmax): F1=0.3364 MCC=0.3219 PR-AUC=0.2835 | Test PR-AUC=0.0049
  Calibrated on val (t=0.38): val F1=0.3398 | test F1=0.0000 MCC=-0.0096
  Cross-label test PR-AUC: vs licit=0.0274 vs unknown=0.0059 vs all=0.0049 | unknown flagged=1.770%
  Quality gate (val F1>=0.3, val MCC>=0.15): PASSED
  Saved metadata: results_models_v4/native_GAT_none_meta.json (78s)

======================================================================
CONFIG: native_GAT_class_weighting
======================================================================
  [v4 scenario native | licit_unknown] illicit=3,462 negatives=132,803 {'licit': 26432, 'unknown': 106371} ratio=1:38.4 (subsample_seed=2026, idx sha1=a8f788619e)
  Optuna: 8 trials x <= 50 epochs, metric=pr_auc, warm_start=True
  Warm-start trial enqueued for GAT: {'hidden_dim': 148, 'num_layers': 2, 'dropout': 0.2522, 'lr': 0.0006999, 'weight_decay': 0.0005, 'heads': 4}
  Class weights: [0.5130343437194824, 19.680097579956055]
  Class weights: [0.5130343437194824, 19.680097579956055]
  Class weights: [0.5130343437194824, 19.680097579956055]
  Class weights: [0.5130343437194824, 19.680097579956055]
  Class weights: [0.5130343437194824, 19.680097579956055]
  Class weights: [0.5130343437194824, 19.680097579956055]
  Class weights: [0.5130343437194824, 19.680097579956055]
  Class weights: [0.5130343437194824, 19.680097579956055]

  Best trial (val pr_auc=0.3511):
    hidden_dim: 128
    num_layers: 2
    dropout: 0.21649165607921678
    lr: 0.0016738085788752138
    weight_decay: 1.9010245319870364e-05
    heads: 4
  Best Optuna val pr_auc=0.3511: {'hidden_dim': 128, 'num_layers': 2, 'dropout': 0.21649165607921678, 'lr': 0.0016738085788752138, 'weight_decay': 1.9010245319870364e-05, 'heads': 4}
  Class weights: [0.5130343437194824, 19.680097579956055]
  Epoch  10 | Train Loss: 0.5557 | Val Loss: 1.0936 | Val F1: 0.0613 | Val MCC: 0.0830 | Val PR-AUC: 0.1298
  Epoch  20 | Train Loss: 0.4286 | Val Loss: 0.4907 | Val F1: 0.1010 | Val MCC: 0.1593 | Val PR-AUC: 0.2380
  Epoch  30 | Train Loss: 0.3969 | Val Loss: 0.4407 | Val F1: 0.1334 | Val MCC: 0.1978 | Val PR-AUC: 0.3097
  Epoch  40 | Train Loss: 0.3601 | Val Loss: 0.4263 | Val F1: 0.1554 | Val MCC: 0.2219 | Val PR-AUC: 0.3258
  Epoch  50 | Train Loss: 0.3464 | Val Loss: 0.4060 | Val F1: 0.1392 | Val MCC: 0.2119 | Val PR-AUC: 0.3672
  Epoch  60 | Train Loss: 0.3279 | Val Loss: 0.3905 | Val F1: 0.1562 | Val MCC: 0.2318 | Val PR-AUC: 0.3735
  Epoch  70 | Train Loss: 0.3207 | Val Loss: 0.3769 | Val F1: 0.1734 | Val MCC: 0.2502 | Val PR-AUC: 0.3856
  Epoch  80 | Train Loss: 0.3108 | Val Loss: 0.3789 | Val F1: 0.1823 | Val MCC: 0.2576 | Val PR-AUC: 0.3754
  Epoch  90 | Train Loss: 0.2937 | Val Loss: 0.3718 | Val F1: 0.1856 | Val MCC: 0.2612 | Val PR-AUC: 0.3896
  Epoch 100 | Train Loss: 0.2919 | Val Loss: 0.3710 | Val F1: 0.2132 | Val MCC: 0.2869 | Val PR-AUC: 0.3813
  Epoch 110 | Train Loss: 0.2839 | Val Loss: 0.3699 | Val F1: 0.2173 | Val MCC: 0.2907 | Val PR-AUC: 0.3730
  Epoch 120 | Train Loss: 0.2850 | Val Loss: 0.3706 | Val F1: 0.2247 | Val MCC: 0.2973 | Val PR-AUC: 0.3739
  Epoch 130 | Train Loss: 0.2745 | Val Loss: 0.3745 | Val F1: 0.2305 | Val MCC: 0.3011 | Val PR-AUC: 0.3645
  Epoch 140 | Train Loss: 0.2705 | Val Loss: 0.3974 | Val F1: 0.2577 | Val MCC: 0.3230 | Val PR-AUC: 0.3602
  Epoch 150 | Train Loss: 0.2580 | Val Loss: 0.3875 | Val F1: 0.2455 | Val MCC: 0.3137 | Val PR-AUC: 0.3740
  Val (argmax): F1=0.2577 MCC=0.3230 PR-AUC=0.3602 | Test PR-AUC=0.0081
  Calibrated on val (t=0.86): val F1=0.4466 | test F1=0.0000 MCC=-0.0078
  Cross-label test PR-AUC: vs licit=0.0415 vs unknown=0.0099 vs all=0.0081 | unknown flagged=0.918%
  Quality gate (val F1>=0.3, val MCC>=0.15): FAILED
  Saved metadata: results_models_v4/native_GAT_class_weighting_meta.json (114s)

======================================================================
CONFIG: native_GAT_focal_loss
======================================================================
  [v4 scenario native | licit_unknown] illicit=3,462 negatives=132,803 {'licit': 26432, 'unknown': 106371} ratio=1:38.4 (subsample_seed=2026, idx sha1=a8f788619e)
  Optuna: 8 trials x <= 50 epochs, metric=pr_auc, warm_start=True
  Warm-start trial enqueued for GAT: {'hidden_dim': 148, 'num_layers': 2, 'dropout': 0.2522, 'lr': 0.0006999, 'weight_decay': 0.0005, 'heads': 4}
  Focal Loss: gamma=2.0, alpha=0.75
  Focal Loss: gamma=2.0, alpha=0.75
  Focal Loss: gamma=2.0, alpha=0.75
  Focal Loss: gamma=2.0, alpha=0.75
  Focal Loss: gamma=2.0, alpha=0.75
  Focal Loss: gamma=2.0, alpha=0.75
  Focal Loss: gamma=2.0, alpha=0.75
  Focal Loss: gamma=2.0, alpha=0.75

  Best trial (val pr_auc=0.3939):
    hidden_dim: 128
    num_layers: 2
    dropout: 0.21649165607921678
    lr: 0.0016738085788752138
    weight_decay: 1.9010245319870364e-05
    heads: 4
  Best Optuna val pr_auc=0.3939: {'hidden_dim': 128, 'num_layers': 2, 'dropout': 0.21649165607921678, 'lr': 0.0016738085788752138, 'weight_decay': 1.9010245319870364e-05, 'heads': 4}
  Focal Loss: gamma=2.0, alpha=0.75
  Epoch  10 | Train Loss: 0.1189 | Val Loss: 0.1637 | Val F1: 0.0807 | Val MCC: 0.1039 | Val PR-AUC: 0.1030
  Epoch  20 | Train Loss: 0.0461 | Val Loss: 0.0453 | Val F1: 0.0035 | Val MCC: -0.0272 | Val PR-AUC: 0.0287
  Epoch  30 | Train Loss: 0.0293 | Val Loss: 0.0217 | Val F1: 0.2094 | Val MCC: 0.2446 | Val PR-AUC: 0.2590
  Epoch  40 | Train Loss: 0.0200 | Val Loss: 0.0163 | Val F1: 0.3049 | Val MCC: 0.2936 | Val PR-AUC: 0.2264
  Epoch  50 | Train Loss: 0.0187 | Val Loss: 0.0185 | Val F1: 0.1791 | Val MCC: 0.1748 | Val PR-AUC: 0.1341
  Epoch  60 | Train Loss: 0.0167 | Val Loss: 0.0135 | Val F1: 0.3866 | Val MCC: 0.3712 | Val PR-AUC: 0.3330
  Epoch  70 | Train Loss: 0.0159 | Val Loss: 0.0126 | Val F1: 0.4011 | Val MCC: 0.3869 | Val PR-AUC: 0.3465
  Epoch  80 | Train Loss: 0.0152 | Val Loss: 0.0127 | Val F1: 0.3755 | Val MCC: 0.3663 | Val PR-AUC: 0.3256
  Epoch  90 | Train Loss: 0.0142 | Val Loss: 0.0124 | Val F1: 0.3950 | Val MCC: 0.3834 | Val PR-AUC: 0.3392
  Early stopping at epoch 90 (best: 70)
  Val (argmax): F1=0.4011 MCC=0.3869 PR-AUC=0.3465 | Test PR-AUC=0.0068
  Calibrated on val (t=0.47): val F1=0.4015 | test F1=0.0193 MCC=0.0125
  Cross-label test PR-AUC: vs licit=0.0432 vs unknown=0.0080 vs all=0.0068 | unknown flagged=1.696%
  Quality gate (val F1>=0.3, val MCC>=0.15): PASSED
  Saved metadata: results_models_v4/native_GAT_focal_loss_meta.json (77s)

======================================================================
CONFIG: 1:10_GAT_none
======================================================================
  [v4 scenario 1:10 | licit_unknown] illicit=3,462 negatives=34,620 {'licit': 6890, 'unknown': 27730} ratio=1:10.0 (subsample_seed=2026, idx sha1=c5923cc170)
  Optuna: 8 trials x <= 50 epochs, metric=pr_auc, warm_start=TrueTrain matrix:  25%|██▌       | 3/12 [04:29<13:24][I 2026-09-29 20:51:59,936] A new study created in memory with name: GAT_none_pr_auc
[I 2026-09-29 20:52:13,883] Trial 0 finished with value: 0.37501400438193316 and parameters: {'hidden_dim': 148, 'num_layers': 2, 'dropout': 0.2522, 'lr': 0.0006999, 'weight_decay': 0.0005, 'heads': 4}. Best is trial 0 with value: 0.37501400438193316.
[I 2026-09-29 20:52:26,263] Trial 1 finished with value: 0.16942329758801875 and parameters: {'hidden_dim': 128, 'num_layers': 2, 'dropout': 0.3394633936788146, 'lr': 0.0002051338263087451, 'weight_decay': 2.0511104188433963e-05, 'heads': 4}. Best is trial 0 with value: 0.37501400438193316.
[I 2026-09-29 20:52:32,306] Trial 2 finished with value: 0.1375521714975377 and parameters: {'hidden_dim': 128, 'num_layers': 2, 'dropout': 0.4879639408647978, 'lr': 0.004622589001020831, 'weight_decay': 2.6587543983272695e-05, 'heads': 4}. Best is trial 0 with value: 0.37501400438193316.
[I 2026-09-29 20:52:38,660] Trial 3 finished with value: 0.40321319550826845 and parameters: {'hidden_dim': 128, 'num_layers': 2, 'dropout': 0.21649165607921678, 'lr': 0.0016738085788752138, 'weight_decay': 1.9010245319870364e-05, 'heads': 4}. Best is trial 3 with value: 0.40321319550826845.
[I 2026-09-29 20:52:45,754] Trial 4 finished with value: 0.2663993476006046 and parameters: {'hidden_dim': 128, 'num_layers': 2, 'dropout': 0.3056937753654446, 'lr': 0.0015304852121831463, 'weight_decay': 1.2385137298860926e-05, 'heads': 2}. Best is trial 3 with value: 0.40321319550826845.
[I 2026-09-29 20:52:53,383] Trial 5 finished with value: 0.25880289798667866 and parameters: {'hidden_dim': 148, 'num_layers': 2, 'dropout': 0.4233589392465845, 'lr': 0.0004066563313514797, 'weight_decay': 1.5679933916722995e-05, 'heads': 2}. Best is trial 3 with value: 0.40321319550826845.
[I 2026-09-29 20:53:05,319] Trial 6 finished with value: 0.19318492314381552 and parameters: {'hidden_dim': 128, 'num_layers': 2, 'dropout': 0.4637281608315128, 'lr': 0.00032927591344236165, 'weight_decay': 0.00021137059440645722, 'heads': 4}. Best is trial 3 with value: 0.40321319550826845.
[I 2026-09-29 20:53:09,792] Trial 7 finished with value: 0.3542817437919327 and parameters: {'hidden_dim': 148, 'num_layers': 2, 'dropout': 0.4100531293444458, 'lr': 0.007568292060167618, 'weight_decay': 0.0006161049539380963, 'heads': 4}. Best is trial 3 with value: 0.40321319550826845.
                                                 Train matrix:  25%|██▌       | 3/12 [05:39<13:24]                                                 Train matrix:  25%|██▌       | 3/12 [06:08<13:24]                                                 Train matrix:  25%|██▌       | 3/12 [06:08<13:24]                                                 Train matrix:  25%|██▌       | 3/12 [06:08<13:24]                                                 Train matrix:  25%|██▌       | 3/12 [06:08<13:24]Train matrix:  33%|███▎      | 4/12 [06:08<12:25]Train matrix:  33%|███▎      | 4/12 [06:08<12:25]                                                 Train matrix:  33%|███▎      | 4/12 [06:08<12:25]                                                 Train matrix:  33%|███▎      | 4/12 [06:08<12:25][I 2026-09-29 20:53:38,956] A new study created in memory with name: GAT_class_weighting_pr_auc
[I 2026-09-29 20:53:51,282] Trial 0 finished with value: 0.33650113611672966 and parameters: {'hidden_dim': 148, 'num_layers': 2, 'dropout': 0.2522, 'lr': 0.0006999, 'weight_decay': 0.0005, 'heads': 4}. Best is trial 0 with value: 0.33650113611672966.
[I 2026-09-29 20:54:03,130] Trial 1 finished with value: 0.2968180614690097 and parameters: {'hidden_dim': 128, 'num_layers': 2, 'dropout': 0.3394633936788146, 'lr': 0.0002051338263087451, 'weight_decay': 2.0511104188433963e-05, 'heads': 4}. Best is trial 0 with value: 0.33650113611672966.
[I 2026-09-29 20:54:07,102] Trial 2 finished with value: 0.11440408337176597 and parameters: {'hidden_dim': 128, 'num_layers': 2, 'dropout': 0.4879639408647978, 'lr': 0.004622589001020831, 'weight_decay': 2.6587543983272695e-05, 'heads': 4}. Best is trial 0 with value: 0.33650113611672966.
[I 2026-09-29 20:54:13,845] Trial 3 finished with value: 0.358923899652802 and parameters: {'hidden_dim': 128, 'num_layers': 2, 'dropout': 0.21649165607921678, 'lr': 0.0016738085788752138, 'weight_decay': 1.9010245319870364e-05, 'heads': 4}. Best is trial 3 with value: 0.358923899652802.
[I 2026-09-29 20:54:20,954] Trial 4 finished with value: 0.3092737585700712 and parameters: {'hidden_dim': 128, 'num_layers': 2, 'dropout': 0.3056937753654446, 'lr': 0.0015304852121831463, 'weight_decay': 1.2385137298860926e-05, 'heads': 2}. Best is trial 3 with value: 0.358923899652802.
[I 2026-09-29 20:54:27,290] Trial 5 finished with value: 0.33660257116032083 and parameters: {'hidden_dim': 148, 'num_layers': 2, 'dropout': 0.4233589392465845, 'lr': 0.0004066563313514797, 'weight_decay': 1.5679933916722995e-05, 'heads': 2}. Best is trial 3 with value: 0.358923899652802.
[I 2026-09-29 20:54:39,187] Trial 6 finished with value: 0.31911320969180845 and parameters: {'hidden_dim': 128, 'num_layers': 2, 'dropout': 0.4637281608315128, 'lr': 0.00032927591344236165, 'weight_decay': 0.00021137059440645722, 'heads': 4}. Best is trial 3 with value: 0.358923899652802.
[I 2026-09-29 20:54:43,578] Trial 7 finished with value: 0.33057355557471435 and parameters: {'hidden_dim': 148, 'num_layers': 2, 'dropout': 0.4100531293444458, 'lr': 0.007568292060167618, 'weight_decay': 0.0006161049539380963, 'heads': 4}. Best is trial 3 with value: 0.358923899652802.
                                                 Train matrix:  33%|███▎      | 4/12 [07:13<12:25]                                                 Train matrix:  33%|███▎      | 4/12 [07:54<12:25]                                                 Train matrix:  33%|███▎      | 4/12 [07:54<12:25]                                                 Train matrix:  33%|███▎      | 4/12 [07:54<12:25]                                                 Train matrix:  33%|███▎      | 4/12 [07:54<12:25]Train matrix:  42%|████▏     | 5/12 [07:54<11:23]Train matrix:  42%|████▏     | 5/12 [07:54<11:23]                                                 Train matrix:  42%|████▏     | 5/12 [07:54<11:23]                                                 Train matrix:  42%|████▏     | 5/12 [07:54<11:23][I 2026-09-29 20:55:24,437] A new study created in memory with name: GAT_focal_loss_pr_auc
[I 2026-09-29 20:55:34,180] Trial 0 finished with value: 0.2830440557386505 and parameters: {'hidden_dim': 148, 'num_layers': 2, 'dropout': 0.2522, 'lr': 0.0006999, 'weight_decay': 0.0005, 'heads': 4}. Best is trial 0 with value: 0.2830440557386505.
[I 2026-09-29 20:55:46,042] Trial 1 finished with value: 0.26536121745030056 and parameters: {'hidden_dim': 128, 'num_layers': 2, 'dropout': 0.3394633936788146, 'lr': 0.0002051338263087451, 'weight_decay': 2.0511104188433963e-05, 'heads': 4}. Best is trial 0 with value: 0.2830440557386505.
[I 2026-09-29 20:55:51,102] Trial 2 finished with value: 0.14069502759336228 and parameters: {'hidden_dim': 128, 'num_layers': 2, 'dropout': 0.4879639408647978, 'lr': 0.004622589001020831, 'weight_decay': 2.6587543983272695e-05, 'heads': 4}. Best is trial 0 with value: 0.2830440557386505.
[I 2026-09-29 20:55:55,258] Trial 3 finished with value: 0.2816599373006184 and parameters: {'hidden_dim': 128, 'num_layers': 2, 'dropout': 0.21649165607921678, 'lr': 0.0016738085788752138, 'weight_decay': 1.9010245319870364e-05, 'heads': 4}. Best is trial 0 with value: 0.2830440557386505.
[I 2026-09-29 20:55:59,225] Trial 4 finished with value: 0.19380755370644287 and parameters: {'hidden_dim': 128, 'num_layers': 2, 'dropout': 0.3056937753654446, 'lr': 0.0015304852121831463, 'weight_decay': 1.2385137298860926e-05, 'heads': 2}. Best is trial 0 with value: 0.2830440557386505.
[I 2026-09-29 20:56:07,320] Trial 5 finished with value: 0.3028141569441704 and parameters: {'hidden_dim': 148, 'num_layers': 2, 'dropout': 0.4233589392465845, 'lr': 0.0004066563313514797, 'weight_decay': 1.5679933916722995e-05, 'heads': 2}. Best is trial 5 with value: 0.3028141569441704.
[I 2026-09-29 20:56:19,236] Trial 6 finished with value: 0.2949527721596624 and parameters: {'hidden_dim': 128, 'num_layers': 2, 'dropout': 0.4637281608315128, 'lr': 0.00032927591344236165, 'weight_decay': 0.00021137059440645722, 'heads': 4}. Best is trial 5 with value: 0.3028141569441704.
