[I 2026-09-29 00:09:28,321] Trial 7 finished with value: 0.34879277815202964 and parameters: {'hidden_dim': 148, 'num_layers': 3, 'dropout': 0.4757995766256756, 'lr': 0.006161049539380964, 'weight_decay': 0.0001569639638866114, 'K': 4}. Best is trial 6 with value: 0.37748031604718885.
                                                  Train matrix:  83%|████████▎ | 10/12 [11:31<02:43]                                                  Train matrix:  83%|████████▎ | 10/12 [12:07<02:43]                                                  Train matrix:  83%|████████▎ | 10/12 [12:07<02:43]                                                  Train matrix:  83%|████████▎ | 10/12 [12:07<02:43]                                                  Train matrix:  83%|████████▎ | 10/12 [12:07<02:43]Train matrix:  92%|█████████▏| 11/12 [12:07<01:26]Train matrix:  92%|█████████▏| 11/12 [12:07<01:26]                                                  Train matrix:  92%|█████████▏| 11/12 [12:07<01:26]                                                  Train matrix:  92%|█████████▏| 11/12 [12:07<01:26][I 2026-09-29 00:10:04,302] A new study created in memory with name: TAGCN_focal_loss_pr_auc
[I 2026-09-29 00:10:08,051] Trial 0 finished with value: 0.2220708977219992 and parameters: {'hidden_dim': 148, 'num_layers': 2, 'dropout': 0.3, 'lr': 0.0008475, 'weight_decay': 0.0005, 'K': 3}. Best is trial 0 with value: 0.2220708977219992.
[I 2026-09-29 00:10:20,738] Trial 1 finished with value: 0.10857612100672248 and parameters: {'hidden_dim': 128, 'num_layers': 3, 'dropout': 0.1624074561769746, 'lr': 0.00020511104188433984, 'weight_decay': 1.3066739238053272e-05, 'K': 4}. Best is trial 0 with value: 0.2220708977219992.
[I 2026-09-29 00:10:25,064] Trial 2 finished with value: 0.0997345999837325 and parameters: {'hidden_dim': 128, 'num_layers': 3, 'dropout': 0.4329770563201687, 'lr': 0.00026587543983272726, 'weight_decay': 2.3102018878452926e-05, 'K': 2}. Best is trial 0 with value: 0.2220708977219992.
[I 2026-09-29 00:10:32,130] Trial 3 finished with value: 0.15585833555496348 and parameters: {'hidden_dim': 128, 'num_layers': 2, 'dropout': 0.34474115788895177, 'lr': 0.00019010245319870352, 'weight_decay': 3.8396292998041685e-05, 'K': 3}. Best is trial 0 with value: 0.2220708977219992.
[I 2026-09-29 00:10:35,671] Trial 4 finished with value: 0.05273210327551348 and parameters: {'hidden_dim': 128, 'num_layers': 3, 'dropout': 0.33696582754481696, 'lr': 0.0001238513729886094, 'weight_decay': 0.000164092867306479, 'K': 2}. Best is trial 0 with value: 0.2220708977219992.
[I 2026-09-29 00:10:41,153] Trial 5 finished with value: 0.08533525211752839 and parameters: {'hidden_dim': 148, 'num_layers': 3, 'dropout': 0.2218455076693483, 'lr': 0.0001567993391672301, 'weight_decay': 0.000233596350262616, 'K': 3}. Best is trial 0 with value: 0.2220708977219992.
[I 2026-09-29 00:10:43,693] Trial 6 finished with value: 0.20511787286238914 and parameters: {'hidden_dim': 128, 'num_layers': 3, 'dropout': 0.20351199264000677, 'lr': 0.0021137059440645744, 'weight_decay': 4.201672054372529e-05, 'K': 3}. Best is trial 0 with value: 0.2220708977219992.
[I 2026-09-29 00:10:57,372] Trial 7 finished with value: 0.4057684881964672 and parameters: {'hidden_dim': 148, 'num_layers': 3, 'dropout': 0.4757995766256756, 'lr': 0.006161049539380964, 'weight_decay': 0.0001569639638866114, 'K': 4}. Best is trial 7 with value: 0.4057684881964672.
                                                  Train matrix:  92%|█████████▏| 11/12 [13:00<01:26]                                                  Train matrix:  92%|█████████▏| 11/12 [13:17<01:26]                                                  Train matrix:  92%|█████████▏| 11/12 [13:17<01:26]                                                  Train matrix:  92%|█████████▏| 11/12 [13:17<01:26]                                                  Train matrix:  92%|█████████▏| 11/12 [13:17<01:26]Train matrix: 100%|██████████| 12/12 [13:17<00:00]Train matrix: 100%|██████████| 12/12 [13:17<00:00]


  Best trial (val pr_auc=0.3593):
    hidden_dim: 148
    num_layers: 3
    dropout: 0.4757995766256756
    lr: 0.006161049539380964
    weight_decay: 0.0001569639638866114
    K: 4
  Best Optuna val pr_auc=0.3593: {'hidden_dim': 148, 'num_layers': 3, 'dropout': 0.4757995766256756, 'lr': 0.006161049539380964, 'weight_decay': 0.0001569639638866114, 'K': 4}
  Epoch  10 | Train Loss: 0.2574 | Val Loss: 0.2211 | Val F1: 0.0000 | Val MCC: 0.0000 | Val PR-AUC: 0.0488
  Epoch  20 | Train Loss: 0.1943 | Val Loss: 0.2073 | Val F1: 0.2931 | Val MCC: 0.2876 | Val PR-AUC: 0.1855
  Epoch  30 | Train Loss: 0.1672 | Val Loss: 0.1520 | Val F1: 0.3818 | Val MCC: 0.3679 | Val PR-AUC: 0.2933
  Epoch  40 | Train Loss: 0.1454 | Val Loss: 0.1260 | Val F1: 0.3875 | Val MCC: 0.3786 | Val PR-AUC: 0.3122
  Epoch  50 | Train Loss: 0.1299 | Val Loss: 0.1194 | Val F1: 0.3822 | Val MCC: 0.3666 | Val PR-AUC: 0.3308
  Epoch  60 | Train Loss: 0.1195 | Val Loss: 0.1060 | Val F1: 0.4033 | Val MCC: 0.3886 | Val PR-AUC: 0.3618
  Epoch  70 | Train Loss: 0.1094 | Val Loss: 0.1009 | Val F1: 0.4089 | Val MCC: 0.3940 | Val PR-AUC: 0.3813
  Epoch  80 | Train Loss: 0.1005 | Val Loss: 0.0961 | Val F1: 0.4245 | Val MCC: 0.4101 | Val PR-AUC: 0.3946
  Epoch  90 | Train Loss: 0.0948 | Val Loss: 0.0943 | Val F1: 0.4323 | Val MCC: 0.4187 | Val PR-AUC: 0.3923
  Early stopping at epoch 99 (best: 79)
  Val (argmax): F1=0.4715 MCC=0.4613 PR-AUC=0.4269 | Test PR-AUC=0.0089
  Calibrated on val (t=0.58): val F1=0.4786 | test F1=0.0000 MCC=-0.0036
  Cross-label test PR-AUC: vs licit=0.0449 vs unknown=0.0111 vs all=0.0089 | unknown flagged=0.287%
  Quality gate (val F1>=0.3, val MCC>=0.15): PASSED
  Saved metadata: results_models_v4/1-10_os_TAGCN_none_meta.json (99s)

======================================================================
CONFIG: 1:10_os_TAGCN_class_weighting
======================================================================
  [v4 scenario 1:10_os | licit_unknown] illicit=6,924 (+3,462 SMOTE) negatives=69,240 {'licit': 13781, 'unknown': 55459} ratio=1:10.0 (subsample_seed=2026, idx sha1=07027587ad)
  Optuna: 8 trials x <= 50 epochs, metric=pr_auc, warm_start=True
  Warm-start hidden_dim snapped 211→148 (config limited to [64, 128, 148])
  Warm-start trial enqueued for TAGCN: {'hidden_dim': 148, 'num_layers': 2, 'dropout': 0.3, 'lr': 0.0008475, 'weight_decay': 0.0005, 'K': 3}
  Class weights: [0.550000011920929, 5.5]
  Class weights: [0.550000011920929, 5.5]
  Class weights: [0.550000011920929, 5.5]
  Class weights: [0.550000011920929, 5.5]
  Class weights: [0.550000011920929, 5.5]
  Class weights: [0.550000011920929, 5.5]
  Class weights: [0.550000011920929, 5.5]
  Class weights: [0.550000011920929, 5.5]

  Best trial (val pr_auc=0.3775):
    hidden_dim: 128
    num_layers: 3
    dropout: 0.20351199264000677
    lr: 0.0021137059440645744
    weight_decay: 4.201672054372529e-05
    K: 3
  Best Optuna val pr_auc=0.3775: {'hidden_dim': 128, 'num_layers': 3, 'dropout': 0.20351199264000677, 'lr': 0.0021137059440645744, 'weight_decay': 4.201672054372529e-05, 'K': 3}
  Class weights: [0.550000011920929, 5.5]
  Epoch  10 | Train Loss: 0.4363 | Val Loss: 0.4964 | Val F1: 0.1294 | Val MCC: 0.1902 | Val PR-AUC: 0.2622
  Epoch  20 | Train Loss: 0.3071 | Val Loss: 0.4838 | Val F1: 0.1431 | Val MCC: 0.2122 | Val PR-AUC: 0.3471
  Epoch  30 | Train Loss: 0.2541 | Val Loss: 0.4265 | Val F1: 0.1634 | Val MCC: 0.2284 | Val PR-AUC: 0.2893
  Epoch  40 | Train Loss: 0.2183 | Val Loss: 0.3842 | Val F1: 0.1905 | Val MCC: 0.2565 | Val PR-AUC: 0.3005
  Epoch  50 | Train Loss: 0.1874 | Val Loss: 0.3604 | Val F1: 0.2099 | Val MCC: 0.2753 | Val PR-AUC: 0.3141
  Epoch  60 | Train Loss: 0.1621 | Val Loss: 0.3315 | Val F1: 0.2468 | Val MCC: 0.3020 | Val PR-AUC: 0.3227
  Epoch  70 | Train Loss: 0.1400 | Val Loss: 0.3225 | Val F1: 0.2883 | Val MCC: 0.3299 | Val PR-AUC: 0.3178
  Epoch  80 | Train Loss: 0.1232 | Val Loss: 0.3291 | Val F1: 0.3085 | Val MCC: 0.3453 | Val PR-AUC: 0.3251
  Epoch  90 | Train Loss: 0.1108 | Val Loss: 0.3521 | Val F1: 0.3203 | Val MCC: 0.3446 | Val PR-AUC: 0.3183
  Epoch 100 | Train Loss: 0.0994 | Val Loss: 0.3616 | Val F1: 0.3463 | Val MCC: 0.3634 | Val PR-AUC: 0.3293
  Epoch 110 | Train Loss: 0.0890 | Val Loss: 0.3932 | Val F1: 0.3756 | Val MCC: 0.3829 | Val PR-AUC: 0.3365
  Epoch 120 | Train Loss: 0.0806 | Val Loss: 0.4277 | Val F1: 0.3803 | Val MCC: 0.3843 | Val PR-AUC: 0.3232
  Epoch 130 | Train Loss: 0.0739 | Val Loss: 0.4507 | Val F1: 0.4057 | Val MCC: 0.4038 | Val PR-AUC: 0.3396
  Epoch 140 | Train Loss: 0.0698 | Val Loss: 0.4481 | Val F1: 0.4157 | Val MCC: 0.4133 | Val PR-AUC: 0.3491
  Epoch 150 | Train Loss: 0.0633 | Val Loss: 0.5255 | Val F1: 0.4194 | Val MCC: 0.4104 | Val PR-AUC: 0.3392
  Val (argmax): F1=0.4218 MCC=0.4173 PR-AUC=0.3554 | Test PR-AUC=0.0096
  Calibrated on val (t=0.78): val F1=0.4494 | test F1=0.0046 MCC=-0.0024
  Cross-label test PR-AUC: vs licit=0.0414 vs unknown=0.0124 vs all=0.0096 | unknown flagged=0.526%
  Quality gate (val F1>=0.3, val MCC>=0.15): PASSED
  Saved metadata: results_models_v4/1-10_os_TAGCN_class_weighting_meta.json (96s)

======================================================================
CONFIG: 1:10_os_TAGCN_focal_loss
======================================================================
  [v4 scenario 1:10_os | licit_unknown] illicit=6,924 (+3,462 SMOTE) negatives=69,240 {'licit': 13781, 'unknown': 55459} ratio=1:10.0 (subsample_seed=2026, idx sha1=07027587ad)
  Optuna: 8 trials x <= 50 epochs, metric=pr_auc, warm_start=True
  Warm-start hidden_dim snapped 211→148 (config limited to [64, 128, 148])
  Warm-start trial enqueued for TAGCN: {'hidden_dim': 148, 'num_layers': 2, 'dropout': 0.3, 'lr': 0.0008475, 'weight_decay': 0.0005, 'K': 3}
  Focal Loss: gamma=2.0, alpha=0.75
  Focal Loss: gamma=2.0, alpha=0.75
  Focal Loss: gamma=2.0, alpha=0.75
  Focal Loss: gamma=2.0, alpha=0.75
  Focal Loss: gamma=2.0, alpha=0.75
  Focal Loss: gamma=2.0, alpha=0.75
  Focal Loss: gamma=2.0, alpha=0.75
  Focal Loss: gamma=2.0, alpha=0.75

  Best trial (val pr_auc=0.4058):
    hidden_dim: 148
    num_layers: 3
    dropout: 0.4757995766256756
    lr: 0.006161049539380964
    weight_decay: 0.0001569639638866114
    K: 4
  Best Optuna val pr_auc=0.4058: {'hidden_dim': 148, 'num_layers': 3, 'dropout': 0.4757995766256756, 'lr': 0.006161049539380964, 'weight_decay': 0.0001569639638866114, 'K': 4}
  Focal Loss: gamma=2.0, alpha=0.75
  Epoch  10 | Train Loss: 0.0430 | Val Loss: 0.0419 | Val F1: 0.1413 | Val MCC: 0.1914 | Val PR-AUC: 0.2545
  Epoch  20 | Train Loss: 0.0307 | Val Loss: 0.0247 | Val F1: 0.3474 | Val MCC: 0.3561 | Val PR-AUC: 0.3307
  Epoch  30 | Train Loss: 0.0251 | Val Loss: 0.0196 | Val F1: 0.4206 | Val MCC: 0.4215 | Val PR-AUC: 0.4045
  Epoch  40 | Train Loss: 0.0206 | Val Loss: 0.0175 | Val F1: 0.3345 | Val MCC: 0.3650 | Val PR-AUC: 0.3554
  Early stopping at epoch 48 (best: 28)
  Val (argmax): F1=0.4508 MCC=0.4493 PR-AUC=0.4087 | Test PR-AUC=0.0039
  Calibrated on val (t=0.54): val F1=0.4860 | test F1=0.0000 MCC=-0.0062
  Cross-label test PR-AUC: vs licit=0.0205 vs unknown=0.0048 vs all=0.0039 | unknown flagged=0.835%
  Quality gate (val F1>=0.3, val MCC>=0.15): PASSED
  Saved metadata: results_models_v4/1-10_os_TAGCN_focal_loss_meta.json (70s)

======================================================================
TRAIN MATRIX SUMMARY
======================================================================
  Passed (val F1>=0.3, MCC>=0.15): 6
    + 1:10_TAGCN_none
    + 1:10_TAGCN_class_weighting
    + 1:10_TAGCN_focal_loss
    + 1:10_os_TAGCN_none
    + 1:10_os_TAGCN_class_weighting
    + 1:10_os_TAGCN_focal_loss
  Failed quality gate:                        3
    - 1:1_TAGCN_none
    - 1:1_TAGCN_class_weighting
    - 1:1_TAGCN_focal_loss
  Errors (OOM / timeout / exception):         0
  Skipped (resume):                           3

  Total time: 0.22 h
  Checkpoints + metadata in: results_models_v4
  Progress log: runs_v4/progress.jsonl
Device: cuda | config configs/experiment_v4.yaml (version v4, sha256 7441cc42d796)
  MLflow experiment: xai-gnn-stability-v4
  Tracking URI: sqlite:///mlruns.db

======================================================================
LOADING ELLIPTIC DATASET
======================================================================
============================================================
Elliptic Bitcoin Dataset Statistics
============================================================
Total nodes:      203,769
Total edges:      234,355
Node features:    165
Labeled nodes:    46,564
  Licit (0):      42,019
  Illicit (1):    4,545
  Unknown (-1):   157,205
Illicit ratio:    0.0976
============================================================
  Label mode: licit_unknown (negatives = licit + unknown)
Preprocessing Elliptic dataset...
Creating time-based splits:
  Train: 136,265 nodes (3,462 illicit, 132,803 licit, ratio 1:38.4)
  Val  : 37,820 nodes (914 illicit, 36,906 licit, ratio 1:40.4)
  Test : 29,684 nodes (169 illicit, 29,515 licit, ratio 1:174.6)
  Split counts validated against the official Elliptic release.
Normalizing features (fit on every node of the train timesteps):
  Features normalized (RobustScaler + clip[-10,10]): mean~0.7023, std~2.3916, clipped=4.69% of values
Preprocessing complete.
  Data loaded + validated in 2.4s: {'train': {'illicit': 3462, 'licit': 132803}, 'val': {'illicit': 914, 'licit': 36906}, 'test': {'illicit': 169, 'licit': 29515}}

Training matrix: 12 configs (1 seed(s): 42)
Train matrix:   0%|          | 0/12 [00:00<?]Train matrix:   0%|          | 0/12 [00:00<?]                                             Train matrix:   0%|          | 0/12 [00:00<?]Train matrix:   0%|          | 0/12 [00:00<?]                                             Train matrix:   0%|          | 0/12 [00:00<?]Train matrix:   0%|          | 0/12 [00:00<?]                                             Train matrix:   0%|          | 0/12 [00:00<?]Train matrix:   0%|          | 0/12 [00:00<?]                                             Train matrix:   0%|          | 0/12 [00:00<?]Train matrix:   0%|          | 0/12 [00:00<?]                                             Train matrix:   0%|          | 0/12 [00:00<?]Train matrix:   0%|          | 0/12 [00:00<?]                                             Train matrix:   0%|          | 0/12 [00:00<?]Train matrix:   0%|          | 0/12 [00:00<?]                                             Train matrix:   0%|          | 0/12 [00:00<?]Train matrix:   0%|          | 0/12 [00:00<?]                                             Train matrix:   0%|          | 0/12 [00:00<?]Train matrix:   0%|          | 0/12 [00:00<?]                                             Train matrix:   0%|          | 0/12 [00:00<?]Train matrix:   0%|          | 0/12 [00:00<?]                                             Train matrix:   0%|          | 0/12 [00:00<?]Train matrix:   0%|          | 0/12 [00:00<?]                                             Train matrix:   0%|          | 0/12 [00:00<?]Train matrix:   0%|          | 0/12 [00:00<?]                                             Train matrix:   0%|          | 0/12 [00:00<?]Train matrix: 100%|██████████| 12/12 [00:00<00:00]
  SKIP (resume — native_TAGCN_none_meta.json exists): native_TAGCN_none
  SKIP (resume — native_TAGCN_class_weighting_meta.json exists): native_TAGCN_class_weighting
  SKIP (resume — native_TAGCN_focal_loss_meta.json exists): native_TAGCN_focal_loss
  SKIP (resume — 1-10_TAGCN_none_meta.json exists): 1:10_TAGCN_none
  SKIP (resume — 1-10_TAGCN_class_weighting_meta.json exists): 1:10_TAGCN_class_weighting
  SKIP (resume — 1-10_TAGCN_focal_loss_meta.json exists): 1:10_TAGCN_focal_loss
  SKIP (resume — 1-1_TAGCN_none_meta.json exists): 1:1_TAGCN_none
  SKIP (resume — 1-1_TAGCN_class_weighting_meta.json exists): 1:1_TAGCN_class_weighting
  SKIP (resume — 1-1_TAGCN_focal_loss_meta.json exists): 1:1_TAGCN_focal_loss
  SKIP (resume — 1-10_os_TAGCN_none_meta.json exists): 1:10_os_TAGCN_none
  SKIP (resume — 1-10_os_TAGCN_class_weighting_meta.json exists): 1:10_os_TAGCN_class_weighting
  SKIP (resume — 1-10_os_TAGCN_focal_loss_meta.json exists): 1:10_os_TAGCN_focal_loss

======================================================================
TRAIN MATRIX SUMMARY
======================================================================
  Passed (val F1>=0.3, MCC>=0.15): 0
  Failed quality gate:                        0
  Errors (OOM / timeout / exception):         0
  Skipped (resume):                           12

  Total time: 0.00 h
  Checkpoints + metadata in: results_models_v4
  Progress log: runs_v4/progress.jsonl
Device: cuda | config configs/experiment_v4.yaml (version v4, sha256 7441cc42d796)
  MLflow experiment: xai-gnn-stability-v4
  Tracking URI: sqlite:///mlruns.db

======================================================================
LOADING ELLIPTIC DATASET
======================================================================
============================================================
Elliptic Bitcoin Dataset Statistics
============================================================
Total nodes:      203,769
Total edges:      234,355
Node features:    165
Labeled nodes:    46,564
  Licit (0):      42,019
  Illicit (1):    4,545
  Unknown (-1):   157,205
Illicit ratio:    0.0976
============================================================
  Label mode: licit_unknown (negatives = licit + unknown)
Preprocessing Elliptic dataset...
Creating time-based splits:
  Train: 136,265 nodes (3,462 illicit, 132,803 licit, ratio 1:38.4)
  Val  : 37,820 nodes (914 illicit, 36,906 licit, ratio 1:40.4)
  Test : 29,684 nodes (169 illicit, 29,515 licit, ratio 1:174.6)
  Split counts validated against the official Elliptic release.
Normalizing features (fit on every node of the train timesteps):
  Features normalized (RobustScaler + clip[-10,10]): mean~0.7023, std~2.3916, clipped=4.69% of values
Preprocessing complete.
  Data loaded + validated in 2.2s: {'train': {'illicit': 3462, 'licit': 132803}, 'val': {'illicit': 914, 'licit': 36906}, 'test': {'illicit': 169, 'licit': 29515}}

Training matrix: 12 configs (1 seed(s): 42)
Train matrix:   0%|          | 0/12 [00:00<?]Train matrix:   0%|          | 0/12 [00:00<?]                                             Train matrix:   0%|          | 0/12 [00:00<?]Train matrix:   0%|          | 0/12 [00:00<?]                                             Train matrix:   0%|          | 0/12 [00:00<?]Train matrix:   0%|          | 0/12 [00:00<?]                                             Train matrix:   0%|          | 0/12 [00:00<?]Train matrix:   0%|          | 0/12 [00:00<?]                                             Train matrix:   0%|          | 0/12 [00:00<?]Train matrix:   0%|          | 0/12 [00:00<?]                                             Train matrix:   0%|          | 0/12 [00:00<?]Train matrix:   0%|          | 0/12 [00:00<?]                                             Train matrix:   0%|          | 0/12 [00:00<?]Train matrix:   0%|          | 0/12 [00:00<?]                                             Train matrix:   0%|          | 0/12 [00:00<?]Train matrix:   0%|          | 0/12 [00:00<?]                                             Train matrix:   0%|          | 0/12 [00:00<?]Train matrix:   0%|          | 0/12 [00:00<?]                                             Train matrix:   0%|          | 0/12 [00:00<?]Train matrix:   0%|          | 0/12 [00:00<?]                                             Train matrix:   0%|          | 0/12 [00:00<?]Train matrix:   0%|          | 0/12 [00:00<?]                                             Train matrix:   0%|          | 0/12 [00:00<?]Train matrix:   0%|          | 0/12 [00:00<?]                                             Train matrix:   0%|          | 0/12 [00:00<?]Train matrix: 100%|██████████| 12/12 [00:00<00:00]
  SKIP (resume — native_TAGCN_none_meta.json exists): native_TAGCN_none
  SKIP (resume — native_TAGCN_class_weighting_meta.json exists): native_TAGCN_class_weighting
  SKIP (resume — native_TAGCN_focal_loss_meta.json exists): native_TAGCN_focal_loss
  SKIP (resume — 1-10_TAGCN_none_meta.json exists): 1:10_TAGCN_none
  SKIP (resume — 1-10_TAGCN_class_weighting_meta.json exists): 1:10_TAGCN_class_weighting
  SKIP (resume — 1-10_TAGCN_focal_loss_meta.json exists): 1:10_TAGCN_focal_loss
  SKIP (resume — 1-1_TAGCN_none_meta.json exists): 1:1_TAGCN_none
  SKIP (resume — 1-1_TAGCN_class_weighting_meta.json exists): 1:1_TAGCN_class_weighting
  SKIP (resume — 1-1_TAGCN_focal_loss_meta.json exists): 1:1_TAGCN_focal_loss
  SKIP (resume — 1-10_os_TAGCN_none_meta.json exists): 1:10_os_TAGCN_none
  SKIP (resume — 1-10_os_TAGCN_class_weighting_meta.json exists): 1:10_os_TAGCN_class_weighting
  SKIP (resume — 1-10_os_TAGCN_focal_loss_meta.json exists): 1:10_os_TAGCN_focal_loss

======================================================================
TRAIN MATRIX SUMMARY
======================================================================
  Passed (val F1>=0.3, MCC>=0.15): 0
  Failed quality gate:                        0
  Errors (OOM / timeout / exception):         0
  Skipped (resume):                           12

  Total time: 0.00 h
  Checkpoints + metadata in: results_models_v4
  Progress log: runs_v4/progress.jsonl
