[I 2026-09-29 20:33:24,057] Trial 0 finished with value: 0.20123933325512322 and parameters: {'hidden_dim': 148, 'num_layers': 2, 'dropout': 0.2522, 'lr': 0.0006999, 'weight_decay': 0.0005, 'heads': 4}. Best is trial 0 with value: 0.20123933325512322.
[I 2026-09-29 20:33:27,891] Trial 1 finished with value: 0.04822438140603964 and parameters: {'hidden_dim': 128, 'num_layers': 3, 'dropout': 0.1624074561769746, 'lr': 0.00020511104188433984, 'weight_decay': 1.3066739238053272e-05, 'heads': 2}. Best is trial 0 with value: 0.20123933325512322.
[W 2026-09-29 20:33:28,135] Trial 2 failed with parameters: {'hidden_dim': 148, 'num_layers': 3, 'dropout': 0.18493564427131048, 'lr': 0.0002310201887845295, 'weight_decay': 2.3270677083837777e-05, 'heads': 4} because of the following error: OutOfMemoryError('CUDA out of memory. Tried to allocate 990.00 MiB. GPU 0 has a total capacity of 7.62 GiB of which 464.94 MiB is free. Process 6565 has 96.00 MiB memory in use. Process 54556 has 165.59 MiB memory in use. Process 320424 has 48.34 MiB memory in use. Process 368139 has 13.41 MiB memory in use. Including non-PyTorch memory, this process has 6.18 GiB memory in use. Of the allocated memory 5.99 GiB is allocated by PyTorch, and 72.41 MiB is reserved by PyTorch but unallocated. If reserved but unallocated memory is large try setting PYTORCH_CUDA_ALLOC_CONF=expandable_segments:True to avoid fragmentation.  See documentation for Memory Management  (https://pytorch.org/docs/stable/notes/cuda.html#environment-variables)').
Traceback (most recent call last):
  File "/home/juan/Escritorio/gnn_thesis/gnns_thesis/.venv/lib/python3.12/site-packages/optuna/study/_optimize.py", line 206, in _run_trial
    value_or_values = func(trial)
                      ^^^^^^^^^^^
  File "/home/juan/Escritorio/gnn_thesis/gnns_thesis/src/training/hyperopt.py", line 265, in <lambda>
    lambda trial: objective(
                  ^^^^^^^^^^
  File "/home/juan/Escritorio/gnn_thesis/gnns_thesis/src/training/hyperopt.py", line 180, in objective
    results = trainer.train(
              ^^^^^^^^^^^^^^
  File "/home/juan/Escritorio/gnn_thesis/gnns_thesis/src/training/trainer.py", line 270, in train
    train_loss = self.train_epoch(data)
                 ^^^^^^^^^^^^^^^^^^^^^^
  File "/home/juan/Escritorio/gnn_thesis/gnns_thesis/src/training/trainer.py", line 121, in train_epoch
    loss.backward()
  File "/home/juan/Escritorio/gnn_thesis/gnns_thesis/.venv/lib/python3.12/site-packages/torch/_tensor.py", line 626, in backward
    torch.autograd.backward(
  File "/home/juan/Escritorio/gnn_thesis/gnns_thesis/.venv/lib/python3.12/site-packages/torch/autograd/__init__.py", line 347, in backward
    _engine_run_backward(
  File "/home/juan/Escritorio/gnn_thesis/gnns_thesis/.venv/lib/python3.12/site-packages/torch/autograd/graph.py", line 823, in _engine_run_backward
    return Variable._execution_engine.run_backward(  # Calls into the C++ engine to run the backward pass
           ^^^^^^^^^^^^^^^^^^^^^^^^^^^^^^^^^^^^^^^^^^^^^^^^^^^^^^^^^^^^^^^^^^^^^^^^^^^^^^^^^^^^^^^^^^^^^^
torch.OutOfMemoryError: CUDA out of memory. Tried to allocate 990.00 MiB. GPU 0 has a total capacity of 7.62 GiB of which 464.94 MiB is free. Process 6565 has 96.00 MiB memory in use. Process 54556 has 165.59 MiB memory in use. Process 320424 has 48.34 MiB memory in use. Process 368139 has 13.41 MiB memory in use. Including non-PyTorch memory, this process has 6.18 GiB memory in use. Of the allocated memory 5.99 GiB is allocated by PyTorch, and 72.41 MiB is reserved by PyTorch but unallocated. If reserved but unallocated memory is large try setting PYTORCH_CUDA_ALLOC_CONF=expandable_segments:True to avoid fragmentation.  See documentation for Memory Management  (https://pytorch.org/docs/stable/notes/cuda.html#environment-variables)
[W 2026-09-29 20:33:28,138] Trial 2 failed with value None.
                                             Train matrix:   0%|          | 0/12 [00:15<?]Train matrix:   8%|▊         | 1/12 [00:15<02:52]Train matrix:   8%|▊         | 1/12 [00:15<02:52]                                                 Train matrix:   8%|▊         | 1/12 [00:15<02:52]                                                 Train matrix:   8%|▊         | 1/12 [00:15<02:52][I 2026-09-29 20:33:28,487] A new study created in memory with name: GAT_class_weighting_pr_auc
[I 2026-09-29 20:33:41,206] Trial 0 finished with value: 0.3352073749565958 and parameters: {'hidden_dim': 148, 'num_layers': 2, 'dropout': 0.2522, 'lr': 0.0006999, 'weight_decay': 0.0005, 'heads': 4}. Best is trial 0 with value: 0.3352073749565958.
[I 2026-09-29 20:33:53,667] Trial 1 finished with value: 0.27165256057124954 and parameters: {'hidden_dim': 128, 'num_layers': 3, 'dropout': 0.1624074561769746, 'lr': 0.00020511104188433984, 'weight_decay': 1.3066739238053272e-05, 'heads': 2}. Best is trial 0 with value: 0.3352073749565958.
[W 2026-09-29 20:33:53,896] Trial 2 failed with parameters: {'hidden_dim': 148, 'num_layers': 3, 'dropout': 0.18493564427131048, 'lr': 0.0002310201887845295, 'weight_decay': 2.3270677083837777e-05, 'heads': 4} because of the following error: OutOfMemoryError('CUDA out of memory. Tried to allocate 990.00 MiB. GPU 0 has a total capacity of 7.62 GiB of which 460.19 MiB is free. Process 6565 has 96.00 MiB memory in use. Process 54556 has 160.53 MiB memory in use. Process 320424 has 48.34 MiB memory in use. Process 368139 has 13.41 MiB memory in use. Including non-PyTorch memory, this process has 6.18 GiB memory in use. Of the allocated memory 5.99 GiB is allocated by PyTorch, and 72.41 MiB is reserved by PyTorch but unallocated. If reserved but unallocated memory is large try setting PYTORCH_CUDA_ALLOC_CONF=expandable_segments:True to avoid fragmentation.  See documentation for Memory Management  (https://pytorch.org/docs/stable/notes/cuda.html#environment-variables)').
Traceback (most recent call last):
  File "/home/juan/Escritorio/gnn_thesis/gnns_thesis/.venv/lib/python3.12/site-packages/optuna/study/_optimize.py", line 206, in _run_trial
    value_or_values = func(trial)
                      ^^^^^^^^^^^
  File "/home/juan/Escritorio/gnn_thesis/gnns_thesis/src/training/hyperopt.py", line 265, in <lambda>
    lambda trial: objective(
                  ^^^^^^^^^^
  File "/home/juan/Escritorio/gnn_thesis/gnns_thesis/src/training/hyperopt.py", line 180, in objective
    results = trainer.train(
              ^^^^^^^^^^^^^^
  File "/home/juan/Escritorio/gnn_thesis/gnns_thesis/src/training/trainer.py", line 270, in train
    train_loss = self.train_epoch(data)
                 ^^^^^^^^^^^^^^^^^^^^^^
  File "/home/juan/Escritorio/gnn_thesis/gnns_thesis/src/training/trainer.py", line 121, in train_epoch
    loss.backward()
  File "/home/juan/Escritorio/gnn_thesis/gnns_thesis/.venv/lib/python3.12/site-packages/torch/_tensor.py", line 626, in backward
    torch.autograd.backward(
  File "/home/juan/Escritorio/gnn_thesis/gnns_thesis/.venv/lib/python3.12/site-packages/torch/autograd/__init__.py", line 347, in backward
    _engine_run_backward(
  File "/home/juan/Escritorio/gnn_thesis/gnns_thesis/.venv/lib/python3.12/site-packages/torch/autograd/graph.py", line 823, in _engine_run_backward
    return Variable._execution_engine.run_backward(  # Calls into the C++ engine to run the backward pass
           ^^^^^^^^^^^^^^^^^^^^^^^^^^^^^^^^^^^^^^^^^^^^^^^^^^^^^^^^^^^^^^^^^^^^^^^^^^^^^^^^^^^^^^^^^^^^^^
torch.OutOfMemoryError: CUDA out of memory. Tried to allocate 990.00 MiB. GPU 0 has a total capacity of 7.62 GiB of which 460.19 MiB is free. Process 6565 has 96.00 MiB memory in use. Process 54556 has 160.53 MiB memory in use. Process 320424 has 48.34 MiB memory in use. Process 368139 has 13.41 MiB memory in use. Including non-PyTorch memory, this process has 6.18 GiB memory in use. Of the allocated memory 5.99 GiB is allocated by PyTorch, and 72.41 MiB is reserved by PyTorch but unallocated. If reserved but unallocated memory is large try setting PYTORCH_CUDA_ALLOC_CONF=expandable_segments:True to avoid fragmentation.  See documentation for Memory Management  (https://pytorch.org/docs/stable/notes/cuda.html#environment-variables)
[W 2026-09-29 20:33:53,896] Trial 2 failed with value None.
                                                 Train matrix:   8%|▊         | 1/12 [00:41<02:52]Train matrix:  17%|█▋        | 2/12 [00:41<03:36]Train matrix:  17%|█▋        | 2/12 [00:41<03:36]                                                 Train matrix:  17%|█▋        | 2/12 [00:41<03:36]                                                 Train matrix:  17%|█▋        | 2/12 [00:41<03:36][I 2026-09-29 20:33:54,247] A new study created in memory with name: GAT_focal_loss_pr_auc
[I 2026-09-29 20:34:00,695] Trial 0 finished with value: 0.2281703422255389 and parameters: {'hidden_dim': 148, 'num_layers': 2, 'dropout': 0.2522, 'lr': 0.0006999, 'weight_decay': 0.0005, 'heads': 4}. Best is trial 0 with value: 0.2281703422255389.
[I 2026-09-29 20:34:04,697] Trial 1 finished with value: 0.05022317021053446 and parameters: {'hidden_dim': 128, 'num_layers': 3, 'dropout': 0.1624074561769746, 'lr': 0.00020511104188433984, 'weight_decay': 1.3066739238053272e-05, 'heads': 2}. Best is trial 0 with value: 0.2281703422255389.
[W 2026-09-29 20:34:04,923] Trial 2 failed with parameters: {'hidden_dim': 148, 'num_layers': 3, 'dropout': 0.18493564427131048, 'lr': 0.0002310201887845295, 'weight_decay': 2.3270677083837777e-05, 'heads': 4} because of the following error: OutOfMemoryError('CUDA out of memory. Tried to allocate 990.00 MiB. GPU 0 has a total capacity of 7.62 GiB of which 462.19 MiB is free. Process 6565 has 96.00 MiB memory in use. Process 54556 has 160.53 MiB memory in use. Process 320424 has 48.34 MiB memory in use. Process 368139 has 13.41 MiB memory in use. Including non-PyTorch memory, this process has 6.18 GiB memory in use. Of the allocated memory 5.99 GiB is allocated by PyTorch, and 70.41 MiB is reserved by PyTorch but unallocated. If reserved but unallocated memory is large try setting PYTORCH_CUDA_ALLOC_CONF=expandable_segments:True to avoid fragmentation.  See documentation for Memory Management  (https://pytorch.org/docs/stable/notes/cuda.html#environment-variables)').
Traceback (most recent call last):
  File "/home/juan/Escritorio/gnn_thesis/gnns_thesis/.venv/lib/python3.12/site-packages/optuna/study/_optimize.py", line 206, in _run_trial
    value_or_values = func(trial)
                      ^^^^^^^^^^^
  File "/home/juan/Escritorio/gnn_thesis/gnns_thesis/src/training/hyperopt.py", line 265, in <lambda>
    lambda trial: objective(
                  ^^^^^^^^^^
  File "/home/juan/Escritorio/gnn_thesis/gnns_thesis/src/training/hyperopt.py", line 180, in objective
    results = trainer.train(
              ^^^^^^^^^^^^^^
  File "/home/juan/Escritorio/gnn_thesis/gnns_thesis/src/training/trainer.py", line 270, in train
    train_loss = self.train_epoch(data)
                 ^^^^^^^^^^^^^^^^^^^^^^
  File "/home/juan/Escritorio/gnn_thesis/gnns_thesis/src/training/trainer.py", line 121, in train_epoch
    loss.backward()
  File "/home/juan/Escritorio/gnn_thesis/gnns_thesis/.venv/lib/python3.12/site-packages/torch/_tensor.py", line 626, in backward
    torch.autograd.backward(
  File "/home/juan/Escritorio/gnn_thesis/gnns_thesis/.venv/lib/python3.12/site-packages/torch/autograd/__init__.py", line 347, in backward
    _engine_run_backward(
  File "/home/juan/Escritorio/gnn_thesis/gnns_thesis/.venv/lib/python3.12/site-packages/torch/autograd/graph.py", line 823, in _engine_run_backward
    return Variable._execution_engine.run_backward(  # Calls into the C++ engine to run the backward pass
           ^^^^^^^^^^^^^^^^^^^^^^^^^^^^^^^^^^^^^^^^^^^^^^^^^^^^^^^^^^^^^^^^^^^^^^^^^^^^^^^^^^^^^^^^^^^^^^
torch.OutOfMemoryError: CUDA out of memory. Tried to allocate 990.00 MiB. GPU 0 has a total capacity of 7.62 GiB of which 462.19 MiB is free. Process 6565 has 96.00 MiB memory in use. Process 54556 has 160.53 MiB memory in use. Process 320424 has 48.34 MiB memory in use. Process 368139 has 13.41 MiB memory in use. Including non-PyTorch memory, this process has 6.18 GiB memory in use. Of the allocated memory 5.99 GiB is allocated by PyTorch, and 70.41 MiB is reserved by PyTorch but unallocated. If reserved but unallocated memory is large try setting PYTORCH_CUDA_ALLOC_CONF=expandable_segments:True to avoid fragmentation.  See documentation for Memory Management  (https://pytorch.org/docs/stable/notes/cuda.html#environment-variables)
[W 2026-09-29 20:34:04,924] Trial 2 failed with value None.
                                                 Train matrix:  17%|█▋        | 2/12 [00:52<03:36]Train matrix:  25%|██▌       | 3/12 [00:52<02:30]Train matrix:  25%|██▌       | 3/12 [00:52<02:30]                                                 Train matrix:  25%|██▌       | 3/12 [00:52<02:30]                                                 Train matrix:  25%|██▌       | 3/12 [00:52<02:30][I 2026-09-29 20:34:05,268] A new study created in memory with name: GAT_none_pr_auc
[I 2026-09-29 20:34:19,156] Trial 0 finished with value: 0.37501399816716197 and parameters: {'hidden_dim': 148, 'num_layers': 2, 'dropout': 0.2522, 'lr': 0.0006999, 'weight_decay': 0.0005, 'heads': 4}. Best is trial 0 with value: 0.37501399816716197.
[I 2026-09-29 20:34:31,606] Trial 1 finished with value: 0.16329169719930894 and parameters: {'hidden_dim': 128, 'num_layers': 3, 'dropout': 0.1624074561769746, 'lr': 0.00020511104188433984, 'weight_decay': 1.3066739238053272e-05, 'heads': 2}. Best is trial 0 with value: 0.37501399816716197.
[W 2026-09-29 20:34:31,836] Trial 2 failed with parameters: {'hidden_dim': 148, 'num_layers': 3, 'dropout': 0.18493564427131048, 'lr': 0.0002310201887845295, 'weight_decay': 2.3270677083837777e-05, 'heads': 4} because of the following error: OutOfMemoryError('CUDA out of memory. Tried to allocate 990.00 MiB. GPU 0 has a total capacity of 7.62 GiB of which 460.94 MiB is free. Process 6565 has 96.00 MiB memory in use. Process 54556 has 161.78 MiB memory in use. Process 320424 has 48.34 MiB memory in use. Process 368139 has 13.41 MiB memory in use. Including non-PyTorch memory, this process has 6.18 GiB memory in use. Of the allocated memory 5.99 GiB is allocated by PyTorch, and 70.41 MiB is reserved by PyTorch but unallocated. If reserved but unallocated memory is large try setting PYTORCH_CUDA_ALLOC_CONF=expandable_segments:True to avoid fragmentation.  See documentation for Memory Management  (https://pytorch.org/docs/stable/notes/cuda.html#environment-variables)').
Traceback (most recent call last):
  File "/home/juan/Escritorio/gnn_thesis/gnns_thesis/.venv/lib/python3.12/site-packages/optuna/study/_optimize.py", line 206, in _run_trial
    value_or_values = func(trial)
                      ^^^^^^^^^^^
  File "/home/juan/Escritorio/gnn_thesis/gnns_thesis/src/training/hyperopt.py", line 265, in <lambda>
    lambda trial: objective(
                  ^^^^^^^^^^
  File "/home/juan/Escritorio/gnn_thesis/gnns_thesis/src/training/hyperopt.py", line 180, in objective
    results = trainer.train(
              ^^^^^^^^^^^^^^
  File "/home/juan/Escritorio/gnn_thesis/gnns_thesis/src/training/trainer.py", line 270, in train
    train_loss = self.train_epoch(data)
                 ^^^^^^^^^^^^^^^^^^^^^^
  File "/home/juan/Escritorio/gnn_thesis/gnns_thesis/src/training/trainer.py", line 121, in train_epoch
    loss.backward()
  File "/home/juan/Escritorio/gnn_thesis/gnns_thesis/.venv/lib/python3.12/site-packages/torch/_tensor.py", line 626, in backward
    torch.autograd.backward(
  File "/home/juan/Escritorio/gnn_thesis/gnns_thesis/.venv/lib/python3.12/site-packages/torch/autograd/__init__.py", line 347, in backward
    _engine_run_backward(
  File "/home/juan/Escritorio/gnn_thesis/gnns_thesis/.venv/lib/python3.12/site-packages/torch/autograd/graph.py", line 823, in _engine_run_backward
    return Variable._execution_engine.run_backward(  # Calls into the C++ engine to run the backward pass
           ^^^^^^^^^^^^^^^^^^^^^^^^^^^^^^^^^^^^^^^^^^^^^^^^^^^^^^^^^^^^^^^^^^^^^^^^^^^^^^^^^^^^^^^^^^^^^^
torch.OutOfMemoryError: CUDA out of memory. Tried to allocate 990.00 MiB. GPU 0 has a total capacity of 7.62 GiB of which 460.94 MiB is free. Process 6565 has 96.00 MiB memory in use. Process 54556 has 161.78 MiB memory in use. Process 320424 has 48.34 MiB memory in use. Process 368139 has 13.41 MiB memory in use. Including non-PyTorch memory, this process has 6.18 GiB memory in use. Of the allocated memory 5.99 GiB is allocated by PyTorch, and 70.41 MiB is reserved by PyTorch but unallocated. If reserved but unallocated memory is large try setting PYTORCH_CUDA_ALLOC_CONF=expandable_segments:True to avoid fragmentation.  See documentation for Memory Management  (https://pytorch.org/docs/stable/notes/cuda.html#environment-variables)
[W 2026-09-29 20:34:31,837] Trial 2 failed with value None.
                                                 Train matrix:  25%|██▌       | 3/12 [01:19<02:30]Train matrix:  33%|███▎      | 4/12 [01:19<02:46]Train matrix:  33%|███▎      | 4/12 [01:19<02:46]                                                 Train matrix:  33%|███▎      | 4/12 [01:19<02:46]                                                 Train matrix:  33%|███▎      | 4/12 [01:19<02:46][I 2026-09-29 20:34:32,237] A new study created in memory with name: GAT_class_weighting_pr_auc
[I 2026-09-29 20:34:45,176] Trial 0 finished with value: 0.3365005415207941 and parameters: {'hidden_dim': 148, 'num_layers': 2, 'dropout': 0.2522, 'lr': 0.0006999, 'weight_decay': 0.0005, 'heads': 4}. Best is trial 0 with value: 0.3365005415207941.
[I 2026-09-29 20:34:57,705] Trial 1 finished with value: 0.2661221647225842 and parameters: {'hidden_dim': 128, 'num_layers': 3, 'dropout': 0.1624074561769746, 'lr': 0.00020511104188433984, 'weight_decay': 1.3066739238053272e-05, 'heads': 2}. Best is trial 0 with value: 0.3365005415207941.
[W 2026-09-29 20:34:57,929] Trial 2 failed with parameters: {'hidden_dim': 148, 'num_layers': 3, 'dropout': 0.18493564427131048, 'lr': 0.0002310201887845295, 'weight_decay': 2.3270677083837777e-05, 'heads': 4} because of the following error: OutOfMemoryError('CUDA out of memory. Tried to allocate 990.00 MiB. GPU 0 has a total capacity of 7.62 GiB of which 447.81 MiB is free. Process 6565 has 96.00 MiB memory in use. Process 54556 has 168.84 MiB memory in use. Process 320424 has 55.41 MiB memory in use. Process 368139 has 13.41 MiB memory in use. Including non-PyTorch memory, this process has 6.18 GiB memory in use. Of the allocated memory 5.99 GiB is allocated by PyTorch, and 70.41 MiB is reserved by PyTorch but unallocated. If reserved but unallocated memory is large try setting PYTORCH_CUDA_ALLOC_CONF=expandable_segments:True to avoid fragmentation.  See documentation for Memory Management  (https://pytorch.org/docs/stable/notes/cuda.html#environment-variables)').
Traceback (most recent call last):
  File "/home/juan/Escritorio/gnn_thesis/gnns_thesis/.venv/lib/python3.12/site-packages/optuna/study/_optimize.py", line 206, in _run_trial
    value_or_values = func(trial)
                      ^^^^^^^^^^^
  File "/home/juan/Escritorio/gnn_thesis/gnns_thesis/src/training/hyperopt.py", line 265, in <lambda>
    lambda trial: objective(
                  ^^^^^^^^^^
  File "/home/juan/Escritorio/gnn_thesis/gnns_thesis/src/training/hyperopt.py", line 180, in objective
    results = trainer.train(
              ^^^^^^^^^^^^^^
  File "/home/juan/Escritorio/gnn_thesis/gnns_thesis/src/training/trainer.py", line 270, in train
    train_loss = self.train_epoch(data)
                 ^^^^^^^^^^^^^^^^^^^^^^
  File "/home/juan/Escritorio/gnn_thesis/gnns_thesis/src/training/trainer.py", line 121, in train_epoch
    loss.backward()
  File "/home/juan/Escritorio/gnn_thesis/gnns_thesis/.venv/lib/python3.12/site-packages/torch/_tensor.py", line 626, in backward
    torch.autograd.backward(
  File "/home/juan/Escritorio/gnn_thesis/gnns_thesis/.venv/lib/python3.12/site-packages/torch/autograd/__init__.py", line 347, in backward
    _engine_run_backward(
  File "/home/juan/Escritorio/gnn_thesis/gnns_thesis/.venv/lib/python3.12/site-packages/torch/autograd/graph.py", line 823, in _engine_run_backward
    return Variable._execution_engine.run_backward(  # Calls into the C++ engine to run the backward pass
           ^^^^^^^^^^^^^^^^^^^^^^^^^^^^^^^^^^^^^^^^^^^^^^^^^^^^^^^^^^^^^^^^^^^^^^^^^^^^^^^^^^^^^^^^^^^^^^
torch.OutOfMemoryError: CUDA out of memory. Tried to allocate 990.00 MiB. GPU 0 has a total capacity of 7.62 GiB of which 447.81 MiB is free. Process 6565 has 96.00 MiB memory in use. Process 54556 has 168.84 MiB memory in use. Process 320424 has 55.41 MiB memory in use. Process 368139 has 13.41 MiB memory in use. Including non-PyTorch memory, this process has 6.18 GiB memory in use. Of the allocated memory 5.99 GiB is allocated by PyTorch, and 70.41 MiB is reserved by PyTorch but unallocated. If reserved but unallocated memory is large try setting PYTORCH_CUDA_ALLOC_CONF=expandable_segments:True to avoid fragmentation.  See documentation for Memory Management  (https://pytorch.org/docs/stable/notes/cuda.html#environment-variables)
[W 2026-09-29 20:34:57,930] Trial 2 failed with value None.
                                                 Train matrix:  33%|███▎      | 4/12 [01:45<02:46]Train matrix:  42%|████▏     | 5/12 [01:45<02:38]Train matrix:  42%|████▏     | 5/12 [01:45<02:38]                                                 Train matrix:  42%|████▏     | 5/12 [01:45<02:38]                                                 Train matrix:  42%|████▏     | 5/12 [01:45<02:38][I 2026-09-29 20:34:58,278] A new study created in memory with name: GAT_focal_loss_pr_auc
