[2026-09-29 20:47:19] run_all_v4 · stages=all · config=configs/experiment_v4.yaml · device=cuda · resume=1 · only=P1 · from=P0 · escenarios=native 1:10 1:1 1:10_os
PREFLIGHT v4 — /home/juan/Escritorio/gnn_thesis/gnns_thesis
[1] Elliptic (data/raw)
  OK     conteo directo global {'illicit': 4545, 'licit': 42019, 'unknown': 157205}
  OK     conteo directo por partición {'train': {'illicit': 3462, 'licit': 26432}, 'val': {'illicit': 914, 'licit': 9069}, 'test': {'illicit': 169, 'licit': 6518}}
  Train: 29,894 nodes (3,462 illicit, 26,432 licit, ratio 1:7.6)
  Val  :  9,983 nodes (914 illicit, 9,069 licit, ratio 1:9.9)
  Test :  6,687 nodes (169 illicit, 6,518 licit, ratio 1:38.6)
  OK     loader del pipeline: etiquetas y particiones validadas {'train': {'illicit': 3462, 'licit': 26432}, 'val': {'illicit': 914, 'licit': 9069}, 'test': {'illicit': 169, 'licit': 6518}}
  Train: 136,265 nodes (3,462 illicit, 132,803 licit, ratio 1:38.4)
  Val  : 37,820 nodes (914 illicit, 36,906 licit, ratio 1:40.4)
  Test : 29,684 nodes (169 illicit, 29,515 licit, ratio 1:174.6)
  OK     modo de etiquetas licit_unknown: train {'illicit': 3462, 'licit': 132803} · test {'illicit': 169, 'licit': 29515}
  Train: 29,894 nodes (3,462 illicit, 26,432 licit, ratio 1:7.6)
  Val  :  9,983 nodes (914 illicit, 9,069 licit, ratio 1:9.9)
  Test :  6,687 nodes (169 illicit, 6,518 licit, ratio 1:38.6)
  OK     modo de etiquetas licit: train {'illicit': 3462, 'licit': 26432} · test {'illicit': 169, 'licit': 6518}
  Train: 109,833 nodes (3,462 illicit, 106,371 licit, ratio 1:30.7)
  Val  : 28,751 nodes (914 illicit, 27,837 licit, ratio 1:30.5)
  Test : 23,166 nodes (169 illicit, 22,997 licit, ratio 1:136.1)
  OK     modo de etiquetas unknown: train {'illicit': 3462, 'licit': 106371} · test {'illicit': 169, 'licit': 22997}
[2] Config /home/juan/Escritorio/gnn_thesis/gnns_thesis/configs/experiment_v4.yaml
  OK     4 arquitecturas: ['GAT', 'GCN', 'GraphSAGE', 'TAGCN']
  OK     ninguna arquitectura sobrescribe el presupuesto común
  OK     presupuesto común: trials=8 epochs=150 patience=20 seeds=[42, 43, 44]
[3] Disco
  OK     libre 210.0 GB (mínimo 20.0 GB)
[4] GPU
  OK     cuda:0 NVIDIA GeForce RTX 4060: libre 6.5 / 7.6 GB (mínimo 3.0 GB)
[5] Directorios de salida
  OK     ./results_v4 sin resultados v3
  OK     ./results_models_v4 sin resultados v3
  OK     ./runs_v4 sin resultados v3
  AVISO  ./runs_v4/progress.jsonl ya tiene 351 eventos (¿de un smoke? el monitor los mezclará; muévelo si es una corrida nueva)
  OK     results_phase1_v4 no existe todavía (se creará)

PREFLIGHT OK  (1 avisos)
[2026-09-29 20:47:24] === P1: semilla 42 · GAT + TAGCN ===
[2026-09-29 20:47:24]   $ uv run --frozen python scripts/train_matrix.py --config configs/experiment_v4.yaml --device cuda --arch GAT --seed 42 --resume > ./runs_v4/P1_train_GAT_s42.log
Device: cuda | config configs/experiment_v4.yaml (version v4, sha256 7441cc42d796)
  MLflow experiment: xai-gnn-stability-v4
  Tracking URI: sqlite:///mlruns.db

======================================================================
LOADING ELLIPTIC DATASET
======================================================================
============================================================
Elliptic Bitcoin Dataset Statistics
============================================================
Total nodes:      203,769
Total edges:      234,355
Node features:    165
Labeled nodes:    46,564
  Licit (0):      42,019
  Illicit (1):    4,545
  Unknown (-1):   157,205
Illicit ratio:    0.0976
============================================================
  Label mode: licit_unknown (negatives = licit + unknown)
Preprocessing Elliptic dataset...
Creating time-based splits:
  Train: 136,265 nodes (3,462 illicit, 132,803 licit, ratio 1:38.4)
  Val  : 37,820 nodes (914 illicit, 36,906 licit, ratio 1:40.4)
  Test : 29,684 nodes (169 illicit, 29,515 licit, ratio 1:174.6)
  Split counts validated against the official Elliptic release.
Normalizing features (fit on every node of the train timesteps):
  Features normalized (RobustScaler + clip[-10,10]): mean~0.7023, std~2.3916, clipped=4.69% of values
Preprocessing complete.
  Data loaded + validated in 2.3s: {'train': {'illicit': 3462, 'licit': 132803}, 'val': {'illicit': 914, 'licit': 36906}, 'test': {'illicit': 169, 'licit': 29515}}

Training matrix: 12 configs (1 seed(s): 42)
Train matrix:   0%|          | 0/12 [00:00<?]Train matrix:   0%|          | 0/12 [00:00<?]                                             Train matrix:   0%|          | 0/12 [00:00<?]                                             Train matrix:   0%|          | 0/12 [00:00<?][I 2026-09-29 20:47:30,063] A new study created in memory with name: GAT_none_pr_auc
[I 2026-09-29 20:47:41,290] Trial 0 finished with value: 0.20123932148294216 and parameters: {'hidden_dim': 148, 'num_layers': 2, 'dropout': 0.2522, 'lr': 0.0006999, 'weight_decay': 0.0005, 'heads': 4}. Best is trial 0 with value: 0.20123932148294216.
[I 2026-09-29 20:47:53,596] Trial 1 finished with value: 0.048701922209552787 and parameters: {'hidden_dim': 128, 'num_layers': 2, 'dropout': 0.3394633936788146, 'lr': 0.0002051338263087451, 'weight_decay': 2.0511104188433963e-05, 'heads': 4}. Best is trial 0 with value: 0.20123932148294216.
[I 2026-09-29 20:48:00,878] Trial 2 finished with value: 0.1163664216813349 and parameters: {'hidden_dim': 128, 'num_layers': 2, 'dropout': 0.4879639408647978, 'lr': 0.004622589001020831, 'weight_decay': 2.6587543983272695e-05, 'heads': 4}. Best is trial 0 with value: 0.20123932148294216.
[I 2026-09-29 20:48:10,073] Trial 3 finished with value: 0.27648481182426893 and parameters: {'hidden_dim': 128, 'num_layers': 2, 'dropout': 0.21649165607921678, 'lr': 0.0016738085788752138, 'weight_decay': 1.9010245319870364e-05, 'heads': 4}. Best is trial 3 with value: 0.27648481182426893.
[I 2026-09-29 20:48:16,211] Trial 4 finished with value: 0.10598172182632244 and parameters: {'hidden_dim': 128, 'num_layers': 2, 'dropout': 0.3056937753654446, 'lr': 0.0015304852121831463, 'weight_decay': 1.2385137298860926e-05, 'heads': 2}. Best is trial 3 with value: 0.27648481182426893.
[I 2026-09-29 20:48:24,447] Trial 5 finished with value: 0.07490760386205034 and parameters: {'hidden_dim': 148, 'num_layers': 2, 'dropout': 0.4233589392465845, 'lr': 0.0004066563313514797, 'weight_decay': 1.5679933916722995e-05, 'heads': 2}. Best is trial 3 with value: 0.27648481182426893.
[I 2026-09-29 20:48:27,623] Trial 6 finished with value: 0.04176382969844967 and parameters: {'hidden_dim': 128, 'num_layers': 2, 'dropout': 0.4637281608315128, 'lr': 0.00032927591344236165, 'weight_decay': 0.00021137059440645722, 'heads': 4}. Best is trial 3 with value: 0.27648481182426893.
[I 2026-09-29 20:48:33,644] Trial 7 finished with value: 0.31818211505320526 and parameters: {'hidden_dim': 148, 'num_layers': 2, 'dropout': 0.4100531293444458, 'lr': 0.007568292060167618, 'weight_decay': 0.0006161049539380963, 'heads': 4}. Best is trial 7 with value: 0.31818211505320526.
                                             Train matrix:   0%|          | 0/12 [01:03<?]                                             Train matrix:   0%|          | 0/12 [01:18<?]                                             Train matrix:   0%|          | 0/12 [01:18<?]                                             Train matrix:   0%|          | 0/12 [01:18<?]                                             Train matrix:   0%|          | 0/12 [01:18<?]Train matrix:   8%|▊         | 1/12 [01:18<14:23]Train matrix:   8%|▊         | 1/12 [01:18<14:23]                                                 Train matrix:   8%|▊         | 1/12 [01:18<14:23]                                                 Train matrix:   8%|▊         | 1/12 [01:18<14:23][I 2026-09-29 20:48:48,546] A new study created in memory with name: GAT_class_weighting_pr_auc
[I 2026-09-29 20:49:01,108] Trial 0 finished with value: 0.33520739670757593 and parameters: {'hidden_dim': 148, 'num_layers': 2, 'dropout': 0.2522, 'lr': 0.0006999, 'weight_decay': 0.0005, 'heads': 4}. Best is trial 0 with value: 0.33520739670757593.
[I 2026-09-29 20:49:13,451] Trial 1 finished with value: 0.29918680420627 and parameters: {'hidden_dim': 128, 'num_layers': 2, 'dropout': 0.3394633936788146, 'lr': 0.0002051338263087451, 'weight_decay': 2.0511104188433963e-05, 'heads': 4}. Best is trial 0 with value: 0.33520739670757593.
[I 2026-09-29 20:49:21,753] Trial 2 finished with value: 0.2228809260844468 and parameters: {'hidden_dim': 128, 'num_layers': 2, 'dropout': 0.4879639408647978, 'lr': 0.004622589001020831, 'weight_decay': 2.6587543983272695e-05, 'heads': 4}. Best is trial 0 with value: 0.33520739670757593.
[I 2026-09-29 20:49:28,962] Trial 3 finished with value: 0.3510641221337138 and parameters: {'hidden_dim': 128, 'num_layers': 2, 'dropout': 0.21649165607921678, 'lr': 0.0016738085788752138, 'weight_decay': 1.9010245319870364e-05, 'heads': 4}. Best is trial 3 with value: 0.3510641221337138.
[I 2026-09-29 20:49:36,368] Trial 4 finished with value: 0.2992210867045706 and parameters: {'hidden_dim': 128, 'num_layers': 2, 'dropout': 0.3056937753654446, 'lr': 0.0015304852121831463, 'weight_decay': 1.2385137298860926e-05, 'heads': 2}. Best is trial 3 with value: 0.3510641221337138.
[I 2026-09-29 20:49:42,676] Trial 5 finished with value: 0.33403954127309143 and parameters: {'hidden_dim': 148, 'num_layers': 2, 'dropout': 0.4233589392465845, 'lr': 0.0004066563313514797, 'weight_decay': 1.5679933916722995e-05, 'heads': 2}. Best is trial 3 with value: 0.3510641221337138.
[I 2026-09-29 20:49:54,801] Trial 6 finished with value: 0.3128669822783928 and parameters: {'hidden_dim': 128, 'num_layers': 2, 'dropout': 0.4637281608315128, 'lr': 0.00032927591344236165, 'weight_decay': 0.00021137059440645722, 'heads': 4}. Best is trial 3 with value: 0.3510641221337138.
[I 2026-09-29 20:49:59,020] Trial 7 finished with value: 0.3499624896011848 and parameters: {'hidden_dim': 148, 'num_layers': 2, 'dropout': 0.4100531293444458, 'lr': 0.007568292060167618, 'weight_decay': 0.0006161049539380963, 'heads': 4}. Best is trial 3 with value: 0.3510641221337138.
                                                 Train matrix:   8%|▊         | 1/12 [02:28<14:23]                                                 Train matrix:   8%|▊         | 1/12 [03:11<14:23]                                                 Train matrix:   8%|▊         | 1/12 [03:12<14:23]                                                 Train matrix:   8%|▊         | 1/12 [03:12<14:23]                                                 Train matrix:   8%|▊         | 1/12 [03:12<14:23]Train matrix:  17%|█▋        | 2/12 [03:12<16:32]Train matrix:  17%|█▋        | 2/12 [03:12<16:32]                                                 Train matrix:  17%|█▋        | 2/12 [03:12<16:32]                                                 Train matrix:  17%|█▋        | 2/12 [03:12<16:32][I 2026-09-29 20:50:42,289] A new study created in memory with name: GAT_focal_loss_pr_auc
[I 2026-09-29 20:50:48,681] Trial 0 finished with value: 0.2281703422255389 and parameters: {'hidden_dim': 148, 'num_layers': 2, 'dropout': 0.2522, 'lr': 0.0006999, 'weight_decay': 0.0005, 'heads': 4}. Best is trial 0 with value: 0.2281703422255389.
[I 2026-09-29 20:51:00,694] Trial 1 finished with value: 0.15296419878919335 and parameters: {'hidden_dim': 128, 'num_layers': 2, 'dropout': 0.3394633936788146, 'lr': 0.0002051338263087451, 'weight_decay': 2.0511104188433963e-05, 'heads': 4}. Best is trial 0 with value: 0.2281703422255389.
[I 2026-09-29 20:51:06,575] Trial 2 finished with value: 0.13164384644733887 and parameters: {'hidden_dim': 128, 'num_layers': 2, 'dropout': 0.4879639408647978, 'lr': 0.004622589001020831, 'weight_decay': 2.6587543983272695e-05, 'heads': 4}. Best is trial 0 with value: 0.2281703422255389.
[I 2026-09-29 20:51:12,843] Trial 3 finished with value: 0.3938505767076378 and parameters: {'hidden_dim': 128, 'num_layers': 2, 'dropout': 0.21649165607921678, 'lr': 0.0016738085788752138, 'weight_decay': 1.9010245319870364e-05, 'heads': 4}. Best is trial 3 with value: 0.3938505767076378.
[I 2026-09-29 20:51:18,746] Trial 4 finished with value: 0.2267849583256919 and parameters: {'hidden_dim': 128, 'num_layers': 2, 'dropout': 0.3056937753654446, 'lr': 0.0015304852121831463, 'weight_decay': 1.2385137298860926e-05, 'heads': 2}. Best is trial 3 with value: 0.3938505767076378.
[I 2026-09-29 20:51:26,602] Trial 5 finished with value: 0.21531913235741865 and parameters: {'hidden_dim': 148, 'num_layers': 2, 'dropout': 0.4233589392465845, 'lr': 0.0004066563313514797, 'weight_decay': 1.5679933916722995e-05, 'heads': 2}. Best is trial 3 with value: 0.3938505767076378.
[I 2026-09-29 20:51:29,621] Trial 6 finished with value: 0.041906964508693176 and parameters: {'hidden_dim': 128, 'num_layers': 2, 'dropout': 0.4637281608315128, 'lr': 0.00032927591344236165, 'weight_decay': 0.00021137059440645722, 'heads': 4}. Best is trial 3 with value: 0.3938505767076378.
